[29.058s] Invoking command in '/home/jetson/ros2_ws/src/jetracer_description': PYTHONPATH=/home/jetson/ros2_ws/build/jetracer_description/prefix_override:/home/jetson/ros2_ws/install/jetracer_description/lib/python3.8/site-packages:${PYTHONPATH} /usr/bin/python3 setup.py egg_info --egg-base ../../build/jetracer_description build --build-base /home/jetson/ros2_ws/build/jetracer_description/build install --record /home/jetson/ros2_ws/build/jetracer_description/install.log --install-scripts $base/lib/jetracer_description --single-version-externally-managed
[34.155s] /home/jetson/.local/lib/python3.8/site-packages/setuptools/dist.py:770: UserWarning: Usage of dash-separated 'script-dir' will not be supported in future versions. Please use the underscore name 'script_dir' instead
[34.155s]   warnings.warn(
[36.569s] running egg_info
[37.151s] writing ../../build/jetracer_description/jetracer_description.egg-info/PKG-INFO
[37.181s] writing dependency_links to ../../build/jetracer_description/jetracer_description.egg-info/dependency_links.txt
[37.183s] writing entry points to ../../build/jetracer_description/jetracer_description.egg-info/entry_points.txt
[37.184s] writing requirements to ../../build/jetracer_description/jetracer_description.egg-info/requires.txt
[37.185s] writing top-level names to ../../build/jetracer_description/jetracer_description.egg-info/top_level.txt
[37.952s] reading manifest file '../../build/jetracer_description/jetracer_description.egg-info/SOURCES.txt'
[37.975s] writing manifest file '../../build/jetracer_description/jetracer_description.egg-info/SOURCES.txt'
[37.980s] running build
[37.980s] running build_py
[37.990s] running install
[37.991s] /home/jetson/.local/lib/python3.8/site-packages/setuptools/command/install.py:34: SetuptoolsDeprecationWarning: setup.py install is deprecated. Use build and pip and other standards-based tools.
[37.992s]   warnings.warn(
[38.072s] running install_lib
[38.481s] running install_data
[38.942s] running install_egg_info
[39.473s] removing '/home/jetson/ros2_ws/install/jetracer_description/lib/python3.8/site-packages/jetracer_description-0.0.0-py3.8.egg-info' (and everything under it)
[39.501s] Copying ../../build/jetracer_description/jetracer_description.egg-info to /home/jetson/ros2_ws/install/jetracer_description/lib/python3.8/site-packages/jetracer_description-0.0.0-py3.8.egg-info
[39.523s] running install_scripts
[40.995s] Installing controller script to /home/jetson/ros2_ws/install/jetracer_description/lib/jetracer_description
[41.000s] Installing wheel_steer script to /home/jetson/ros2_ws/install/jetracer_description/lib/jetracer_description
[41.002s] writing list of installed files to '/home/jetson/ros2_ws/build/jetracer_description/install.log'
[41.600s] Invoked command in '/home/jetson/ros2_ws/src/jetracer_description' returned '0': PYTHONPATH=/home/jetson/ros2_ws/build/jetracer_description/prefix_override:/home/jetson/ros2_ws/install/jetracer_description/lib/python3.8/site-packages:${PYTHONPATH} /usr/bin/python3 setup.py egg_info --egg-base ../../build/jetracer_description build --build-base /home/jetson/ros2_ws/build/jetracer_description/build install --record /home/jetson/ros2_ws/build/jetracer_description/install.log --install-scripts $base/lib/jetracer_description --single-version-externally-managed
