[17.786s] Invoking command in '/home/jetson/ros2_ws/src/jetracer_description': PYTHONPATH=/home/jetson/ros2_ws/build/jetracer_description/prefix_override:/home/jetson/ros2_ws/install/jetracer_description/lib/python3.8/site-packages:${PYTHONPATH} /usr/bin/python3 setup.py egg_info --egg-base ../../build/jetracer_description build --build-base /home/jetson/ros2_ws/build/jetracer_description/build install --record /home/jetson/ros2_ws/build/jetracer_description/install.log --install-scripts $base/lib/jetracer_description --single-version-externally-managed
[21.651s] /home/jetson/.local/lib/python3.8/site-packages/setuptools/dist.py:770: UserWarning: Usage of dash-separated 'script-dir' will not be supported in future versions. Please use the underscore name 'script_dir' instead
[21.652s]   warnings.warn(
[23.247s] running egg_info
[23.251s] creating ../../build/jetracer_description/jetracer_description.egg-info
[23.669s] writing ../../build/jetracer_description/jetracer_description.egg-info/PKG-INFO
[23.672s] writing dependency_links to ../../build/jetracer_description/jetracer_description.egg-info/dependency_links.txt
[23.677s] writing entry points to ../../build/jetracer_description/jetracer_description.egg-info/entry_points.txt
[23.679s] writing requirements to ../../build/jetracer_description/jetracer_description.egg-info/requires.txt
[23.685s] writing top-level names to ../../build/jetracer_description/jetracer_description.egg-info/top_level.txt
[23.692s] writing manifest file '../../build/jetracer_description/jetracer_description.egg-info/SOURCES.txt'
[24.425s] reading manifest file '../../build/jetracer_description/jetracer_description.egg-info/SOURCES.txt'
[24.440s] writing manifest file '../../build/jetracer_description/jetracer_description.egg-info/SOURCES.txt'
[24.440s] running build
[24.441s] running build_py
[24.447s] creating /home/jetson/ros2_ws/build/jetracer_description/build
[24.448s] creating /home/jetson/ros2_ws/build/jetracer_description/build/lib
[24.449s] creating /home/jetson/ros2_ws/build/jetracer_description/build/lib/jetracer_description
[24.450s] copying jetracer_description/__init__.py -> /home/jetson/ros2_ws/build/jetracer_description/build/lib/jetracer_description
[24.452s] copying jetracer_description/controller.py -> /home/jetson/ros2_ws/build/jetracer_description/build/lib/jetracer_description
[24.453s] copying jetracer_description/wheel_steer.py -> /home/jetson/ros2_ws/build/jetracer_description/build/lib/jetracer_description
[24.455s] running install
[24.459s] /home/jetson/.local/lib/python3.8/site-packages/setuptools/command/install.py:34: SetuptoolsDeprecationWarning: setup.py install is deprecated. Use build and pip and other standards-based tools.
[24.460s]   warnings.warn(
[24.523s] running install_lib
[24.858s] creating /home/jetson/ros2_ws/install/jetracer_description/lib/python3.8/site-packages/jetracer_description
[24.860s] copying /home/jetson/ros2_ws/build/jetracer_description/build/lib/jetracer_description/__init__.py -> /home/jetson/ros2_ws/install/jetracer_description/lib/python3.8/site-packages/jetracer_description
[24.861s] copying /home/jetson/ros2_ws/build/jetracer_description/build/lib/jetracer_description/controller.py -> /home/jetson/ros2_ws/install/jetracer_description/lib/python3.8/site-packages/jetracer_description
[24.864s] copying /home/jetson/ros2_ws/build/jetracer_description/build/lib/jetracer_description/wheel_steer.py -> /home/jetson/ros2_ws/install/jetracer_description/lib/python3.8/site-packages/jetracer_description
[24.870s] byte-compiling /home/jetson/ros2_ws/install/jetracer_description/lib/python3.8/site-packages/jetracer_description/__init__.py to __init__.cpython-38.pyc
[24.873s] byte-compiling /home/jetson/ros2_ws/install/jetracer_description/lib/python3.8/site-packages/jetracer_description/controller.py to controller.cpython-38.pyc
[24.882s] byte-compiling /home/jetson/ros2_ws/install/jetracer_description/lib/python3.8/site-packages/jetracer_description/wheel_steer.py to wheel_steer.cpython-38.pyc
[24.884s] running install_data
[25.213s] creating /home/jetson/ros2_ws/install/jetracer_description/share/ament_index
[25.214s] creating /home/jetson/ros2_ws/install/jetracer_description/share/ament_index/resource_index
[25.214s] creating /home/jetson/ros2_ws/install/jetracer_description/share/ament_index/resource_index/packages
[25.215s] copying resource/jetracer_description -> /home/jetson/ros2_ws/install/jetracer_description/share/ament_index/resource_index/packages
[25.216s] copying package.xml -> /home/jetson/ros2_ws/install/jetracer_description/share/jetracer_description
[25.217s] creating /home/jetson/ros2_ws/install/jetracer_description/share/jetracer_description/launch
[25.218s] copying launch/steering.launch.py -> /home/jetson/ros2_ws/install/jetracer_description/share/jetracer_description/launch
[25.218s] copying launch/display.launch.py -> /home/jetson/ros2_ws/install/jetracer_description/share/jetracer_description/launch
[25.220s] copying launch/gazebo.launch.py -> /home/jetson/ros2_ws/install/jetracer_description/share/jetracer_description/launch
[25.222s] creating /home/jetson/ros2_ws/install/jetracer_description/share/jetracer_description/urdf
[25.223s] copying urdf/jetracer.xacro -> /home/jetson/ros2_ws/install/jetracer_description/share/jetracer_description/urdf
[25.224s] copying urdf/jetracer.gazebo -> /home/jetson/ros2_ws/install/jetracer_description/share/jetracer_description/urdf
[25.226s] copying urdf/car.urdf -> /home/jetson/ros2_ws/install/jetracer_description/share/jetracer_description/urdf
[25.235s] copying urdf/jetracer.trans -> /home/jetson/ros2_ws/install/jetracer_description/share/jetracer_description/urdf
[25.236s] copying urdf/truck_xacro_ackermann.xacro -> /home/jetson/ros2_ws/install/jetracer_description/share/jetracer_description/urdf
[25.236s] copying urdf/jetracer_control.xacro -> /home/jetson/ros2_ws/install/jetracer_description/share/jetracer_description/urdf
[25.239s] copying urdf/materials.xacro -> /home/jetson/ros2_ws/install/jetracer_description/share/jetracer_description/urdf
[25.239s] creating /home/jetson/ros2_ws/install/jetracer_description/share/jetracer_description/meshes
[25.240s] copying meshes/camera_1.stl -> /home/jetson/ros2_ws/install/jetracer_description/share/jetracer_description/meshes
[25.276s] copying meshes/steering_left_1.stl -> /home/jetson/ros2_ws/install/jetracer_description/share/jetracer_description/meshes
[25.278s] copying meshes/base_link.stl -> /home/jetson/ros2_ws/install/jetracer_description/share/jetracer_description/meshes
[25.292s] copying meshes/right_front_1.stl -> /home/jetson/ros2_ws/install/jetracer_description/share/jetracer_description/meshes
[25.296s] copying meshes/steering_right_1.stl -> /home/jetson/ros2_ws/install/jetracer_description/share/jetracer_description/meshes
[25.298s] copying meshes/right_back_1.stl -> /home/jetson/ros2_ws/install/jetracer_description/share/jetracer_description/meshes
[25.301s] copying meshes/Xsens_1.stl -> /home/jetson/ros2_ws/install/jetracer_description/share/jetracer_description/meshes
[25.303s] copying meshes/left_back_1.stl -> /home/jetson/ros2_ws/install/jetracer_description/share/jetracer_description/meshes
[25.307s] copying meshes/left_front_1.stl -> /home/jetson/ros2_ws/install/jetracer_description/share/jetracer_description/meshes
[25.311s] creating /home/jetson/ros2_ws/install/jetracer_description/share/jetracer_description/config
[25.311s] copying config/my_controllers.yaml -> /home/jetson/ros2_ws/install/jetracer_description/share/jetracer_description/config
[25.313s] copying config/display.rviz -> /home/jetson/ros2_ws/install/jetracer_description/share/jetracer_description/config
[25.315s] creating /home/jetson/ros2_ws/install/jetracer_description/share/jetracer_description/world
[25.316s] copying world/g210.sdf -> /home/jetson/ros2_ws/install/jetracer_description/share/jetracer_description/world
[25.317s] copying world/my_world.sdf -> /home/jetson/ros2_ws/install/jetracer_description/share/jetracer_description/world
[25.319s] running install_egg_info
[25.699s] Copying ../../build/jetracer_description/jetracer_description.egg-info to /home/jetson/ros2_ws/install/jetracer_description/lib/python3.8/site-packages/jetracer_description-0.0.0-py3.8.egg-info
[25.717s] running install_scripts
[27.011s] Installing controller script to /home/jetson/ros2_ws/install/jetracer_description/lib/jetracer_description
[27.013s] Installing wheel_steer script to /home/jetson/ros2_ws/install/jetracer_description/lib/jetracer_description
[27.017s] writing list of installed files to '/home/jetson/ros2_ws/build/jetracer_description/install.log'
[29.710s] Invoked command in '/home/jetson/ros2_ws/src/jetracer_description' returned '0': PYTHONPATH=/home/jetson/ros2_ws/build/jetracer_description/prefix_override:/home/jetson/ros2_ws/install/jetracer_description/lib/python3.8/site-packages:${PYTHONPATH} /usr/bin/python3 setup.py egg_info --egg-base ../../build/jetracer_description build --build-base /home/jetson/ros2_ws/build/jetracer_description/build install --record /home/jetson/ros2_ws/build/jetracer_description/install.log --install-scripts $base/lib/jetracer_description --single-version-externally-managed
