[14.234s] Invoking command in '/home/jetson/ros2_ws/src/jetson': PYTHONPATH=/home/jetson/ros2_ws/build/jetson/prefix_override:/home/jetson/ros2_ws/install/jetson/lib/python3.8/site-packages:${PYTHONPATH} /usr/bin/python3 setup.py egg_info --egg-base ../../build/jetson build --build-base /home/jetson/ros2_ws/build/jetson/build install --record /home/jetson/ros2_ws/build/jetson/install.log --single-version-externally-managed
[17.360s] running egg_info
[17.567s] writing ../../build/jetson/jetson.egg-info/PKG-INFO
[17.572s] writing dependency_links to ../../build/jetson/jetson.egg-info/dependency_links.txt
[17.574s] writing entry points to ../../build/jetson/jetson.egg-info/entry_points.txt
[17.576s] writing requirements to ../../build/jetson/jetson.egg-info/requires.txt
[17.577s] writing top-level names to ../../build/jetson/jetson.egg-info/top_level.txt
[17.866s] reading manifest file '../../build/jetson/jetson.egg-info/SOURCES.txt'
[17.871s] writing manifest file '../../build/jetson/jetson.egg-info/SOURCES.txt'
[17.872s] running build
[17.872s] running build_py
[17.875s] copying jetson/ssubscriber.py -> /home/jetson/ros2_ws/build/jetson/build/lib/jetson
[17.878s] running install
[17.878s] /home/jetson/.local/lib/python3.8/site-packages/setuptools/command/install.py:34: SetuptoolsDeprecationWarning: setup.py install is deprecated. Use build and pip and other standards-based tools.
[17.879s]   warnings.warn(
[17.910s] running install_lib
[18.039s] copying /home/jetson/ros2_ws/build/jetson/build/lib/jetson/ssubscriber.py -> /home/jetson/ros2_ws/install/jetson/lib/python3.8/site-packages/jetson
[18.046s] byte-compiling /home/jetson/ros2_ws/install/jetson/lib/python3.8/site-packages/jetson/ssubscriber.py to ssubscriber.cpython-38.pyc
[18.053s] running install_data
[18.188s] running install_egg_info
[18.329s] removing '/home/jetson/ros2_ws/install/jetson/lib/python3.8/site-packages/jetson-0.0.0-py3.8.egg-info' (and everything under it)
[18.331s] Copying ../../build/jetson/jetson.egg-info to /home/jetson/ros2_ws/install/jetson/lib/python3.8/site-packages/jetson-0.0.0-py3.8.egg-info
[18.345s] running install_scripts
[18.880s] Installing listener script to /home/jetson/ros2_ws/install/jetson/lib/jetson
[18.882s] writing list of installed files to '/home/jetson/ros2_ws/build/jetson/install.log'
[19.640s] Invoked command in '/home/jetson/ros2_ws/src/jetson' returned '0': PYTHONPATH=/home/jetson/ros2_ws/build/jetson/prefix_override:/home/jetson/ros2_ws/install/jetson/lib/python3.8/site-packages:${PYTHONPATH} /usr/bin/python3 setup.py egg_info --egg-base ../../build/jetson build --build-base /home/jetson/ros2_ws/build/jetson/build install --record /home/jetson/ros2_ws/build/jetson/install.log --single-version-externally-managed
