[28.685s] Invoking command in '/home/jetson/ros2_ws/src/jetracer_description': PYTHONPATH=/home/jetson/ros2_ws/build/jetracer_description/prefix_override:/home/jetson/ros2_ws/install/jetracer_description/lib/python3.8/site-packages:${PYTHONPATH} /usr/bin/python3 setup.py egg_info --egg-base ../../build/jetracer_description build --build-base /home/jetson/ros2_ws/build/jetracer_description/build install --record /home/jetson/ros2_ws/build/jetracer_description/install.log --install-scripts $base/lib/jetracer_description --single-version-externally-managed
[33.706s] /home/jetson/.local/lib/python3.8/site-packages/setuptools/dist.py:770: UserWarning: Usage of dash-separated 'script-dir' will not be supported in future versions. Please use the underscore name 'script_dir' instead
[33.707s]   warnings.warn(
[36.352s] running egg_info
[36.788s] writing ../../build/jetracer_description/jetracer_description.egg-info/PKG-INFO
[36.802s] writing dependency_links to ../../build/jetracer_description/jetracer_description.egg-info/dependency_links.txt
[36.804s] writing entry points to ../../build/jetracer_description/jetracer_description.egg-info/entry_points.txt
[36.810s] writing requirements to ../../build/jetracer_description/jetracer_description.egg-info/requires.txt
[36.810s] writing top-level names to ../../build/jetracer_description/jetracer_description.egg-info/top_level.txt
[37.528s] reading manifest file '../../build/jetracer_description/jetracer_description.egg-info/SOURCES.txt'
[37.546s] writing manifest file '../../build/jetracer_description/jetracer_description.egg-info/SOURCES.txt'
[37.547s] running build
[37.549s] running build_py
[37.562s] running install
[37.565s] /home/jetson/.local/lib/python3.8/site-packages/setuptools/command/install.py:34: SetuptoolsDeprecationWarning: setup.py install is deprecated. Use build and pip and other standards-based tools.
[37.566s]   warnings.warn(
[37.629s] running install_lib
[38.008s] running install_data
[38.393s] running install_egg_info
[38.761s] removing '/home/jetson/ros2_ws/install/jetracer_description/lib/python3.8/site-packages/jetracer_description-0.0.0-py3.8.egg-info' (and everything under it)
[38.766s] Copying ../../build/jetracer_description/jetracer_description.egg-info to /home/jetson/ros2_ws/install/jetracer_description/lib/python3.8/site-packages/jetracer_description-0.0.0-py3.8.egg-info
[38.776s] running install_scripts
[40.147s] Installing controller script to /home/jetson/ros2_ws/install/jetracer_description/lib/jetracer_description
[40.151s] Installing wheel_steer script to /home/jetson/ros2_ws/install/jetracer_description/lib/jetracer_description
[40.158s] writing list of installed files to '/home/jetson/ros2_ws/build/jetracer_description/install.log'
[40.682s] Invoked command in '/home/jetson/ros2_ws/src/jetracer_description' returned '0': PYTHONPATH=/home/jetson/ros2_ws/build/jetracer_description/prefix_override:/home/jetson/ros2_ws/install/jetracer_description/lib/python3.8/site-packages:${PYTHONPATH} /usr/bin/python3 setup.py egg_info --egg-base ../../build/jetracer_description build --build-base /home/jetson/ros2_ws/build/jetracer_description/build install --record /home/jetson/ros2_ws/build/jetracer_description/install.log --install-scripts $base/lib/jetracer_description --single-version-externally-managed
