[16.171s] Invoking command in '/home/jetson/ros2_ws/src/jetracer_description': PYTHONPATH=/home/jetson/ros2_ws/build/jetracer_description/prefix_override:/home/jetson/ros2_ws/install/jetracer_description/lib/python3.8/site-packages:${PYTHONPATH} /usr/bin/python3 setup.py egg_info --egg-base ../../build/jetracer_description build --build-base /home/jetson/ros2_ws/build/jetracer_description/build install --record /home/jetson/ros2_ws/build/jetracer_description/install.log --install-scripts $base/lib/jetracer_description --single-version-externally-managed
[18.147s] /home/jetson/.local/lib/python3.8/site-packages/setuptools/dist.py:770: UserWarning: Usage of dash-separated 'script-dir' will not be supported in future versions. Please use the underscore name 'script_dir' instead
[18.148s]   warnings.warn(
[18.997s] running egg_info
[19.183s] writing ../../build/jetracer_description/jetracer_description.egg-info/PKG-INFO
[19.184s] writing dependency_links to ../../build/jetracer_description/jetracer_description.egg-info/dependency_links.txt
[19.185s] writing entry points to ../../build/jetracer_description/jetracer_description.egg-info/entry_points.txt
[19.186s] writing requirements to ../../build/jetracer_description/jetracer_description.egg-info/requires.txt
[19.187s] writing top-level names to ../../build/jetracer_description/jetracer_description.egg-info/top_level.txt
[19.440s] reading manifest file '../../build/jetracer_description/jetracer_description.egg-info/SOURCES.txt'
[19.447s] writing manifest file '../../build/jetracer_description/jetracer_description.egg-info/SOURCES.txt'
[19.448s] running build
[19.449s] running build_py
[19.451s] running install
[19.451s] /home/jetson/.local/lib/python3.8/site-packages/setuptools/command/install.py:34: SetuptoolsDeprecationWarning: setup.py install is deprecated. Use build and pip and other standards-based tools.
[19.452s]   warnings.warn(
[19.484s] running install_lib
[19.607s] running install_data
[19.732s] running install_egg_info
[19.867s] removing '/home/jetson/ros2_ws/install/jetracer_description/lib/python3.8/site-packages/jetracer_description-0.0.0-py3.8.egg-info' (and everything under it)
[19.869s] Copying ../../build/jetracer_description/jetracer_description.egg-info to /home/jetson/ros2_ws/install/jetracer_description/lib/python3.8/site-packages/jetracer_description-0.0.0-py3.8.egg-info
[19.873s] running install_scripts
[20.326s] Installing controller script to /home/jetson/ros2_ws/install/jetracer_description/lib/jetracer_description
[20.327s] Installing wheel_steer script to /home/jetson/ros2_ws/install/jetracer_description/lib/jetracer_description
[20.329s] writing list of installed files to '/home/jetson/ros2_ws/build/jetracer_description/install.log'
[20.573s] Invoked command in '/home/jetson/ros2_ws/src/jetracer_description' returned '0': PYTHONPATH=/home/jetson/ros2_ws/build/jetracer_description/prefix_override:/home/jetson/ros2_ws/install/jetracer_description/lib/python3.8/site-packages:${PYTHONPATH} /usr/bin/python3 setup.py egg_info --egg-base ../../build/jetracer_description build --build-base /home/jetson/ros2_ws/build/jetracer_description/build install --record /home/jetson/ros2_ws/build/jetracer_description/install.log --install-scripts $base/lib/jetracer_description --single-version-externally-managed
