[19.378s] Invoking command in '/home/jetson/ros2_ws/src/jetracer_description': PYTHONPATH=/home/jetson/ros2_ws/build/jetracer_description/prefix_override:/home/jetson/ros2_ws/install/jetracer_description/lib/python3.8/site-packages:${PYTHONPATH} /usr/bin/python3 setup.py egg_info --egg-base ../../build/jetracer_description build --build-base /home/jetson/ros2_ws/build/jetracer_description/build install --record /home/jetson/ros2_ws/build/jetracer_description/install.log --install-scripts $base/lib/jetracer_description --single-version-externally-managed
[21.690s] /home/jetson/.local/lib/python3.8/site-packages/setuptools/dist.py:770: UserWarning: Usage of dash-separated 'script-dir' will not be supported in future versions. Please use the underscore name 'script_dir' instead
[21.690s]   warnings.warn(
[22.499s] running egg_info
[22.684s] writing ../../build/jetracer_description/jetracer_description.egg-info/PKG-INFO
[22.688s] writing dependency_links to ../../build/jetracer_description/jetracer_description.egg-info/dependency_links.txt
[22.689s] writing entry points to ../../build/jetracer_description/jetracer_description.egg-info/entry_points.txt
[22.690s] writing requirements to ../../build/jetracer_description/jetracer_description.egg-info/requires.txt
[22.692s] writing top-level names to ../../build/jetracer_description/jetracer_description.egg-info/top_level.txt
[23.070s] reading manifest file '../../build/jetracer_description/jetracer_description.egg-info/SOURCES.txt'
[23.086s] writing manifest file '../../build/jetracer_description/jetracer_description.egg-info/SOURCES.txt'
[23.086s] running build
[23.087s] running build_py
[23.090s] running install
[23.092s] /home/jetson/.local/lib/python3.8/site-packages/setuptools/command/install.py:34: SetuptoolsDeprecationWarning: setup.py install is deprecated. Use build and pip and other standards-based tools.
[23.092s]   warnings.warn(
[23.154s] running install_lib
[23.330s] running install_data
[23.478s] running install_egg_info
[23.644s] removing '/home/jetson/ros2_ws/install/jetracer_description/lib/python3.8/site-packages/jetracer_description-0.0.0-py3.8.egg-info' (and everything under it)
[23.646s] Copying ../../build/jetracer_description/jetracer_description.egg-info to /home/jetson/ros2_ws/install/jetracer_description/lib/python3.8/site-packages/jetracer_description-0.0.0-py3.8.egg-info
[23.658s] running install_scripts
[24.292s] Installing controller script to /home/jetson/ros2_ws/install/jetracer_description/lib/jetracer_description
[24.295s] Installing wheel_steer script to /home/jetson/ros2_ws/install/jetracer_description/lib/jetracer_description
[24.296s] writing list of installed files to '/home/jetson/ros2_ws/build/jetracer_description/install.log'
[24.534s] Invoked command in '/home/jetson/ros2_ws/src/jetracer_description' returned '0': PYTHONPATH=/home/jetson/ros2_ws/build/jetracer_description/prefix_override:/home/jetson/ros2_ws/install/jetracer_description/lib/python3.8/site-packages:${PYTHONPATH} /usr/bin/python3 setup.py egg_info --egg-base ../../build/jetracer_description build --build-base /home/jetson/ros2_ws/build/jetracer_description/build install --record /home/jetson/ros2_ws/build/jetracer_description/install.log --install-scripts $base/lib/jetracer_description --single-version-externally-managed
