/home/jetson/.local/lib/python3.8/site-packages/setuptools/dist.py:770: UserWarning: Usage of dash-separated 'script-dir' will not be supported in future versions. Please use the underscore name 'script_dir' instead
  warnings.warn(
running egg_info
writing ../../build/jetracer_description/jetracer_description.egg-info/PKG-INFO
writing dependency_links to ../../build/jetracer_description/jetracer_description.egg-info/dependency_links.txt
writing entry points to ../../build/jetracer_description/jetracer_description.egg-info/entry_points.txt
writing requirements to ../../build/jetracer_description/jetracer_description.egg-info/requires.txt
writing top-level names to ../../build/jetracer_description/jetracer_description.egg-info/top_level.txt
reading manifest file '../../build/jetracer_description/jetracer_description.egg-info/SOURCES.txt'
writing manifest file '../../build/jetracer_description/jetracer_description.egg-info/SOURCES.txt'
running build
/home/jetson/.local/lib/python3.8/site-packages/setuptools/command/install.py:34: SetuptoolsDeprecationWarning: setup.py install is deprecated. Use build and pip and other standards-based tools.
  warnings.warn(
running build_py
running install
running install_lib
running install_data
running install_egg_info
removing '/home/jetson/ros2_ws/install/jetracer_description/lib/python3.8/site-packages/jetracer_description-0.0.0-py3.8.egg-info' (and everything under it)
Copying ../../build/jetracer_description/jetracer_description.egg-info to /home/jetson/ros2_ws/install/jetracer_description/lib/python3.8/site-packages/jetracer_description-0.0.0-py3.8.egg-info
running install_scripts
Installing controller script to /home/jetson/ros2_ws/install/jetracer_description/lib/jetracer_description
Installing wheel_steer script to /home/jetson/ros2_ws/install/jetracer_description/lib/jetracer_description
writing list of installed files to '/home/jetson/ros2_ws/build/jetracer_description/install.log'
