[16.510s] Invoking command in '/home/jetson/ros2_ws/src/jetracer_description': PYTHONPATH=/home/jetson/ros2_ws/build/jetracer_description/prefix_override:/home/jetson/ros2_ws/install/jetracer_description/lib/python3.8/site-packages:${PYTHONPATH} /usr/bin/python3 setup.py egg_info --egg-base ../../build/jetracer_description build --build-base /home/jetson/ros2_ws/build/jetracer_description/build install --record /home/jetson/ros2_ws/build/jetracer_description/install.log --install-scripts $base/lib/jetracer_description --single-version-externally-managed
[19.080s] /home/jetson/.local/lib/python3.8/site-packages/setuptools/dist.py:770: UserWarning: Usage of dash-separated 'script-dir' will not be supported in future versions. Please use the underscore name 'script_dir' instead
[19.086s]   warnings.warn(
[19.885s] running egg_info
[20.072s] writing ../../build/jetracer_description/jetracer_description.egg-info/PKG-INFO
[20.076s] writing dependency_links to ../../build/jetracer_description/jetracer_description.egg-info/dependency_links.txt
[20.081s] writing entry points to ../../build/jetracer_description/jetracer_description.egg-info/entry_points.txt
[20.081s] writing requirements to ../../build/jetracer_description/jetracer_description.egg-info/requires.txt
[20.082s] writing top-level names to ../../build/jetracer_description/jetracer_description.egg-info/top_level.txt
[20.423s] reading manifest file '../../build/jetracer_description/jetracer_description.egg-info/SOURCES.txt'
[20.431s] writing manifest file '../../build/jetracer_description/jetracer_description.egg-info/SOURCES.txt'
[20.432s] running build
[20.436s] /home/jetson/.local/lib/python3.8/site-packages/setuptools/command/install.py:34: SetuptoolsDeprecationWarning: setup.py install is deprecated. Use build and pip and other standards-based tools.
[20.437s]   warnings.warn(
[20.439s] running build_py
[20.440s] running install
[20.472s] running install_lib
[20.627s] running install_data
[20.812s] running install_egg_info
[20.951s] removing '/home/jetson/ros2_ws/install/jetracer_description/lib/python3.8/site-packages/jetracer_description-0.0.0-py3.8.egg-info' (and everything under it)
[20.953s] Copying ../../build/jetracer_description/jetracer_description.egg-info to /home/jetson/ros2_ws/install/jetracer_description/lib/python3.8/site-packages/jetracer_description-0.0.0-py3.8.egg-info
[20.958s] running install_scripts
[21.444s] Installing controller script to /home/jetson/ros2_ws/install/jetracer_description/lib/jetracer_description
[21.446s] Installing wheel_steer script to /home/jetson/ros2_ws/install/jetracer_description/lib/jetracer_description
[21.449s] writing list of installed files to '/home/jetson/ros2_ws/build/jetracer_description/install.log'
[21.675s] Invoked command in '/home/jetson/ros2_ws/src/jetracer_description' returned '0': PYTHONPATH=/home/jetson/ros2_ws/build/jetracer_description/prefix_override:/home/jetson/ros2_ws/install/jetracer_description/lib/python3.8/site-packages:${PYTHONPATH} /usr/bin/python3 setup.py egg_info --egg-base ../../build/jetracer_description build --build-base /home/jetson/ros2_ws/build/jetracer_description/build install --record /home/jetson/ros2_ws/build/jetracer_description/install.log --install-scripts $base/lib/jetracer_description --single-version-externally-managed
