[24.774s] Invoking command in '/home/jetson/ros2_ws/src/jetracer_description': PYTHONPATH=/home/jetson/ros2_ws/build/jetracer_description/prefix_override:/home/jetson/ros2_ws/install/jetracer_description/lib/python3.8/site-packages:${PYTHONPATH} /usr/bin/python3 setup.py egg_info --egg-base ../../build/jetracer_description build --build-base /home/jetson/ros2_ws/build/jetracer_description/build install --record /home/jetson/ros2_ws/build/jetracer_description/install.log --install-scripts $base/lib/jetracer_description --single-version-externally-managed
[28.704s] /home/jetson/.local/lib/python3.8/site-packages/setuptools/dist.py:770: UserWarning: Usage of dash-separated 'script-dir' will not be supported in future versions. Please use the underscore name 'script_dir' instead
[28.705s]   warnings.warn(
[30.211s] running egg_info
[30.523s] writing ../../build/jetracer_description/jetracer_description.egg-info/PKG-INFO
[30.526s] writing dependency_links to ../../build/jetracer_description/jetracer_description.egg-info/dependency_links.txt
[30.527s] writing entry points to ../../build/jetracer_description/jetracer_description.egg-info/entry_points.txt
[30.527s] writing requirements to ../../build/jetracer_description/jetracer_description.egg-info/requires.txt
[30.528s] writing top-level names to ../../build/jetracer_description/jetracer_description.egg-info/top_level.txt
[30.805s] reading manifest file '../../build/jetracer_description/jetracer_description.egg-info/SOURCES.txt'
[30.814s] writing manifest file '../../build/jetracer_description/jetracer_description.egg-info/SOURCES.txt'
[30.815s] running build
[30.816s] running build_py
[30.817s] running install
[30.818s] /home/jetson/.local/lib/python3.8/site-packages/setuptools/command/install.py:34: SetuptoolsDeprecationWarning: setup.py install is deprecated. Use build and pip and other standards-based tools.
[30.818s]   warnings.warn(
[30.855s] running install_lib
[30.988s] running install_data
[31.115s] running install_egg_info
[31.250s] removing '/home/jetson/ros2_ws/install/jetracer_description/lib/python3.8/site-packages/jetracer_description-0.0.0-py3.8.egg-info' (and everything under it)
[31.251s] Copying ../../build/jetracer_description/jetracer_description.egg-info to /home/jetson/ros2_ws/install/jetracer_description/lib/python3.8/site-packages/jetracer_description-0.0.0-py3.8.egg-info
[31.258s] running install_scripts
[31.858s] Installing controller script to /home/jetson/ros2_ws/install/jetracer_description/lib/jetracer_description
[31.860s] Installing wheel_steer script to /home/jetson/ros2_ws/install/jetracer_description/lib/jetracer_description
[31.864s] writing list of installed files to '/home/jetson/ros2_ws/build/jetracer_description/install.log'
[32.550s] Invoked command in '/home/jetson/ros2_ws/src/jetracer_description' returned '0': PYTHONPATH=/home/jetson/ros2_ws/build/jetracer_description/prefix_override:/home/jetson/ros2_ws/install/jetracer_description/lib/python3.8/site-packages:${PYTHONPATH} /usr/bin/python3 setup.py egg_info --egg-base ../../build/jetracer_description build --build-base /home/jetson/ros2_ws/build/jetracer_description/build install --record /home/jetson/ros2_ws/build/jetracer_description/install.log --install-scripts $base/lib/jetracer_description --single-version-externally-managed
