[29.629s] Invoking command in '/home/jetson/ros2_ws/src/jetracer_description': PYTHONPATH=/home/jetson/ros2_ws/build/jetracer_description/prefix_override:/home/jetson/ros2_ws/install/jetracer_description/lib/python3.8/site-packages:${PYTHONPATH} /usr/bin/python3 setup.py egg_info --egg-base ../../build/jetracer_description build --build-base /home/jetson/ros2_ws/build/jetracer_description/build install --record /home/jetson/ros2_ws/build/jetracer_description/install.log --install-scripts $base/lib/jetracer_description --single-version-externally-managed
[34.443s] /home/jetson/.local/lib/python3.8/site-packages/setuptools/dist.py:770: UserWarning: Usage of dash-separated 'script-dir' will not be supported in future versions. Please use the underscore name 'script_dir' instead
[34.443s]   warnings.warn(
[36.479s] running egg_info
[36.982s] writing ../../build/jetracer_description/jetracer_description.egg-info/PKG-INFO
[36.990s] writing dependency_links to ../../build/jetracer_description/jetracer_description.egg-info/dependency_links.txt
[36.992s] writing entry points to ../../build/jetracer_description/jetracer_description.egg-info/entry_points.txt
[36.995s] writing requirements to ../../build/jetracer_description/jetracer_description.egg-info/requires.txt
[36.997s] writing top-level names to ../../build/jetracer_description/jetracer_description.egg-info/top_level.txt
[37.725s] reading manifest file '../../build/jetracer_description/jetracer_description.egg-info/SOURCES.txt'
[37.755s] writing manifest file '../../build/jetracer_description/jetracer_description.egg-info/SOURCES.txt'
[37.766s] running build
[37.766s] running build_py
[37.771s] running install
[37.773s] /home/jetson/.local/lib/python3.8/site-packages/setuptools/command/install.py:34: SetuptoolsDeprecationWarning: setup.py install is deprecated. Use build and pip and other standards-based tools.
[37.773s]   warnings.warn(
[37.859s] running install_lib
[38.221s] running install_data
[38.513s] running install_egg_info
[38.821s] removing '/home/jetson/ros2_ws/install/jetracer_description/lib/python3.8/site-packages/jetracer_description-0.0.0-py3.8.egg-info' (and everything under it)
[38.844s] Copying ../../build/jetracer_description/jetracer_description.egg-info to /home/jetson/ros2_ws/install/jetracer_description/lib/python3.8/site-packages/jetracer_description-0.0.0-py3.8.egg-info
[38.860s] running install_scripts
[40.402s] Installing controller script to /home/jetson/ros2_ws/install/jetracer_description/lib/jetracer_description
[40.405s] Installing wheel_steer script to /home/jetson/ros2_ws/install/jetracer_description/lib/jetracer_description
[40.412s] writing list of installed files to '/home/jetson/ros2_ws/build/jetracer_description/install.log'
[40.916s] Invoked command in '/home/jetson/ros2_ws/src/jetracer_description' returned '0': PYTHONPATH=/home/jetson/ros2_ws/build/jetracer_description/prefix_override:/home/jetson/ros2_ws/install/jetracer_description/lib/python3.8/site-packages:${PYTHONPATH} /usr/bin/python3 setup.py egg_info --egg-base ../../build/jetracer_description build --build-base /home/jetson/ros2_ws/build/jetracer_description/build install --record /home/jetson/ros2_ws/build/jetracer_description/install.log --install-scripts $base/lib/jetracer_description --single-version-externally-managed
