[14.787s] Invoking command in '/home/jetson/ros2_ws/src/jetson': PYTHONPATH=/home/jetson/ros2_ws/build/jetson/prefix_override:/home/jetson/ros2_ws/install/jetson/lib/python3.8/site-packages:${PYTHONPATH} /usr/bin/python3 setup.py egg_info --egg-base ../../build/jetson build --build-base /home/jetson/ros2_ws/build/jetson/build install --record /home/jetson/ros2_ws/build/jetson/install.log --single-version-externally-managed
[17.716s] running egg_info
[17.917s] writing ../../build/jetson/jetson.egg-info/PKG-INFO
[17.922s] writing dependency_links to ../../build/jetson/jetson.egg-info/dependency_links.txt
[17.926s] writing entry points to ../../build/jetson/jetson.egg-info/entry_points.txt
[17.927s] writing requirements to ../../build/jetson/jetson.egg-info/requires.txt
[17.928s] writing top-level names to ../../build/jetson/jetson.egg-info/top_level.txt
[18.219s] reading manifest file '../../build/jetson/jetson.egg-info/SOURCES.txt'
[18.228s] writing manifest file '../../build/jetson/jetson.egg-info/SOURCES.txt'
[18.229s] running build
[18.229s] running build_py
[18.233s] copying jetson/subscriberV2.py -> /home/jetson/ros2_ws/build/jetson/build/lib/jetson
[18.236s] running install
[18.238s] /home/jetson/.local/lib/python3.8/site-packages/setuptools/command/install.py:34: SetuptoolsDeprecationWarning: setup.py install is deprecated. Use build and pip and other standards-based tools.
[18.239s]   warnings.warn(
[18.277s] running install_lib
[18.431s] copying /home/jetson/ros2_ws/build/jetson/build/lib/jetson/subscriberV2.py -> /home/jetson/ros2_ws/install/jetson/lib/python3.8/site-packages/jetson
[18.434s] byte-compiling /home/jetson/ros2_ws/install/jetson/lib/python3.8/site-packages/jetson/subscriberV2.py to subscriberV2.cpython-38.pyc
[18.437s] running install_data
[18.572s] copying package.xml -> /home/jetson/ros2_ws/install/jetson/share/jetson
[18.574s] running install_egg_info
[18.713s] removing '/home/jetson/ros2_ws/install/jetson/lib/python3.8/site-packages/jetson-0.0.0-py3.8.egg-info' (and everything under it)
[18.715s] Copying ../../build/jetson/jetson.egg-info to /home/jetson/ros2_ws/install/jetson/lib/python3.8/site-packages/jetson-0.0.0-py3.8.egg-info
[18.721s] running install_scripts
[19.189s] Installing listener script to /home/jetson/ros2_ws/install/jetson/lib/jetson
[19.192s] Installing x_sensv2 script to /home/jetson/ros2_ws/install/jetson/lib/jetson
[19.195s] writing list of installed files to '/home/jetson/ros2_ws/build/jetson/install.log'
[19.886s] Invoked command in '/home/jetson/ros2_ws/src/jetson' returned '0': PYTHONPATH=/home/jetson/ros2_ws/build/jetson/prefix_override:/home/jetson/ros2_ws/install/jetson/lib/python3.8/site-packages:${PYTHONPATH} /usr/bin/python3 setup.py egg_info --egg-base ../../build/jetson build --build-base /home/jetson/ros2_ws/build/jetson/build install --record /home/jetson/ros2_ws/build/jetson/install.log --single-version-externally-managed
