[28.847s] Invoking command in '/home/jetson/ros2_ws/src/jetson': PYTHONPATH=/home/jetson/ros2_ws/build/jetson/prefix_override:/home/jetson/ros2_ws/install/jetson/lib/python3.8/site-packages:${PYTHONPATH} /usr/bin/python3 setup.py egg_info --egg-base ../../build/jetson build --build-base /home/jetson/ros2_ws/build/jetson/build install --record /home/jetson/ros2_ws/build/jetson/install.log --single-version-externally-managed
[35.671s] running egg_info
[36.160s] writing ../../build/jetson/jetson.egg-info/PKG-INFO
[36.161s] writing dependency_links to ../../build/jetson/jetson.egg-info/dependency_links.txt
[36.163s] writing entry points to ../../build/jetson/jetson.egg-info/entry_points.txt
[36.163s] writing requirements to ../../build/jetson/jetson.egg-info/requires.txt
[36.165s] writing top-level names to ../../build/jetson/jetson.egg-info/top_level.txt
[36.805s] reading manifest file '../../build/jetson/jetson.egg-info/SOURCES.txt'
[36.811s] writing manifest file '../../build/jetson/jetson.egg-info/SOURCES.txt'
[36.813s] running build
[36.815s] running build_py
[36.820s] running install
[36.823s] /home/jetson/.local/lib/python3.8/site-packages/setuptools/command/install.py:34: SetuptoolsDeprecationWarning: setup.py install is deprecated. Use build and pip and other standards-based tools.
[36.824s]   warnings.warn(
[36.905s] running install_lib
[37.237s] running install_data
[37.599s] running install_egg_info
[37.919s] removing '/home/jetson/ros2_ws/install/jetson/lib/python3.8/site-packages/jetson-0.0.0-py3.8.egg-info' (and everything under it)
[37.926s] Copying ../../build/jetson/jetson.egg-info to /home/jetson/ros2_ws/install/jetson/lib/python3.8/site-packages/jetson-0.0.0-py3.8.egg-info
[37.945s] running install_scripts
[39.567s] Installing listener script to /home/jetson/ros2_ws/install/jetson/lib/jetson
[39.568s] writing list of installed files to '/home/jetson/ros2_ws/build/jetson/install.log'
[40.761s] Invoked command in '/home/jetson/ros2_ws/src/jetson' returned '0': PYTHONPATH=/home/jetson/ros2_ws/build/jetson/prefix_override:/home/jetson/ros2_ws/install/jetson/lib/python3.8/site-packages:${PYTHONPATH} /usr/bin/python3 setup.py egg_info --egg-base ../../build/jetson build --build-base /home/jetson/ros2_ws/build/jetson/build install --record /home/jetson/ros2_ws/build/jetson/install.log --single-version-externally-managed
