[18.746s] DEBUG:colcon:Command line arguments: ['/usr/bin/colcon', 'build']
[18.746s] DEBUG:colcon:Parsed command line arguments: Namespace(allow_overriding=[], ament_cmake_args=None, base_paths=['.'], build_base='build', catkin_cmake_args=None, catkin_skip_building_tests=False, cmake_args=None, cmake_clean_cache=False, cmake_clean_first=False, cmake_force_configure=False, cmake_target=None, cmake_target_skip_unavailable=False, continue_on_error=False, event_handlers=None, executor='parallel', ignore_user_meta=False, install_base='install', log_base=None, log_level=None, main=<bound method BuildVerb.main of <colcon_core.verb.build.BuildVerb object at 0x7f97b72a30>>, merge_install=False, metas=['./colcon.meta'], packages_above=None, packages_above_and_dependencies=None, packages_above_depth=None, packages_end=None, packages_ignore=None, packages_ignore_regex=None, packages_select=None, packages_select_build_failed=False, packages_select_by_dep=None, packages_select_regex=None, packages_select_test_failures=False, packages_skip=None, packages_skip_build_finished=False, packages_skip_by_dep=None, packages_skip_regex=None, packages_skip_test_passed=False, packages_skip_up_to=None, packages_start=None, packages_up_to=None, packages_up_to_regex=None, parallel_workers=4, paths=None, symlink_install=False, test_result_base=None, verb_extension=<colcon_core.verb.build.BuildVerb object at 0x7f97b72a30>, verb_name='build', verb_parser=<colcon_defaults.argument_parser.defaults.DefaultArgumentsDecorator object at 0x7f974fb2b0>)
[19.523s] Level 1:colcon.colcon_core.package_discovery:discover_packages(colcon_meta) check parameters
[19.524s] Level 1:colcon.colcon_core.package_discovery:discover_packages(recursive) check parameters
[19.524s] Level 1:colcon.colcon_core.package_discovery:discover_packages(ignore) check parameters
[19.524s] Level 1:colcon.colcon_core.package_discovery:discover_packages(path) check parameters
[19.524s] Level 1:colcon.colcon_core.package_discovery:discover_packages(colcon_meta) discover
[19.525s] Level 1:colcon.colcon_core.package_discovery:discover_packages(recursive) discover
[19.525s] INFO:colcon.colcon_core.package_discovery:Crawling recursively for packages in '/home/jetson/ros2_ws'
[19.525s] Level 1:colcon.colcon_core.package_identification:_identify(.) by extensions ['ignore', 'ignore_ament_install']
[19.525s] Level 1:colcon.colcon_core.package_identification:_identify(.) by extension 'ignore'
[19.526s] Level 1:colcon.colcon_core.package_identification:_identify(.) by extension 'ignore_ament_install'
[19.526s] Level 1:colcon.colcon_core.package_identification:_identify(.) by extensions ['colcon_pkg']
[19.526s] Level 1:colcon.colcon_core.package_identification:_identify(.) by extension 'colcon_pkg'
[19.526s] Level 1:colcon.colcon_core.package_identification:_identify(.) by extensions ['colcon_meta']
[19.526s] Level 1:colcon.colcon_core.package_identification:_identify(.) by extension 'colcon_meta'
[19.527s] Level 1:colcon.colcon_core.package_identification:_identify(.) by extensions ['ros']
[19.527s] Level 1:colcon.colcon_core.package_identification:_identify(.) by extension 'ros'
[19.600s] Level 1:colcon.colcon_core.package_identification:_identify(.) by extensions ['cmake', 'python']
[19.600s] Level 1:colcon.colcon_core.package_identification:_identify(.) by extension 'cmake'
[19.600s] Level 1:colcon.colcon_core.package_identification:_identify(.) by extension 'python'
[19.601s] Level 1:colcon.colcon_core.package_identification:_identify(.) by extensions ['python_setup_py']
[19.601s] Level 1:colcon.colcon_core.package_identification:_identify(.) by extension 'python_setup_py'
[19.601s] Level 1:colcon.colcon_core.package_identification:_identify(build) by extensions ['ignore', 'ignore_ament_install']
[19.602s] Level 1:colcon.colcon_core.package_identification:_identify(build) by extension 'ignore'
[19.602s] Level 1:colcon.colcon_core.package_identification:_identify(build) ignored
[19.603s] Level 1:colcon.colcon_core.package_identification:_identify(install) by extensions ['ignore', 'ignore_ament_install']
[19.603s] Level 1:colcon.colcon_core.package_identification:_identify(install) by extension 'ignore'
[19.603s] Level 1:colcon.colcon_core.package_identification:_identify(install) ignored
[19.604s] Level 1:colcon.colcon_core.package_identification:_identify(log) by extensions ['ignore', 'ignore_ament_install']
[19.604s] Level 1:colcon.colcon_core.package_identification:_identify(log) by extension 'ignore'
[19.604s] Level 1:colcon.colcon_core.package_identification:_identify(log) ignored
[19.605s] Level 1:colcon.colcon_core.package_identification:_identify(src) by extensions ['ignore', 'ignore_ament_install']
[19.605s] Level 1:colcon.colcon_core.package_identification:_identify(src) by extension 'ignore'
[19.605s] Level 1:colcon.colcon_core.package_identification:_identify(src) by extension 'ignore_ament_install'
[19.605s] Level 1:colcon.colcon_core.package_identification:_identify(src) by extensions ['colcon_pkg']
[19.606s] Level 1:colcon.colcon_core.package_identification:_identify(src) by extension 'colcon_pkg'
[19.606s] Level 1:colcon.colcon_core.package_identification:_identify(src) by extensions ['colcon_meta']
[19.606s] Level 1:colcon.colcon_core.package_identification:_identify(src) by extension 'colcon_meta'
[19.606s] Level 1:colcon.colcon_core.package_identification:_identify(src) by extensions ['ros']
[19.606s] Level 1:colcon.colcon_core.package_identification:_identify(src) by extension 'ros'
[19.607s] Level 1:colcon.colcon_core.package_identification:_identify(src) by extensions ['cmake', 'python']
[19.607s] Level 1:colcon.colcon_core.package_identification:_identify(src) by extension 'cmake'
[19.607s] Level 1:colcon.colcon_core.package_identification:_identify(src) by extension 'python'
[19.607s] Level 1:colcon.colcon_core.package_identification:_identify(src) by extensions ['python_setup_py']
[19.607s] Level 1:colcon.colcon_core.package_identification:_identify(src) by extension 'python_setup_py'
[19.609s] Level 1:colcon.colcon_core.package_identification:_identify(src/bluespace_ai_xsens_ros_mti_driver) by extensions ['ignore', 'ignore_ament_install']
[19.610s] Level 1:colcon.colcon_core.package_identification:_identify(src/bluespace_ai_xsens_ros_mti_driver) by extension 'ignore'
[19.610s] Level 1:colcon.colcon_core.package_identification:_identify(src/bluespace_ai_xsens_ros_mti_driver) by extension 'ignore_ament_install'
[19.610s] Level 1:colcon.colcon_core.package_identification:_identify(src/bluespace_ai_xsens_ros_mti_driver) by extensions ['colcon_pkg']
[19.611s] Level 1:colcon.colcon_core.package_identification:_identify(src/bluespace_ai_xsens_ros_mti_driver) by extension 'colcon_pkg'
[19.611s] Level 1:colcon.colcon_core.package_identification:_identify(src/bluespace_ai_xsens_ros_mti_driver) by extensions ['colcon_meta']
[19.611s] Level 1:colcon.colcon_core.package_identification:_identify(src/bluespace_ai_xsens_ros_mti_driver) by extension 'colcon_meta'
[19.612s] Level 1:colcon.colcon_core.package_identification:_identify(src/bluespace_ai_xsens_ros_mti_driver) by extensions ['ros']
[19.612s] Level 1:colcon.colcon_core.package_identification:_identify(src/bluespace_ai_xsens_ros_mti_driver) by extension 'ros'
[19.627s] DEBUG:colcon.colcon_core.package_identification:Package 'src/bluespace_ai_xsens_ros_mti_driver' with type 'ros.ament_cmake' and name 'bluespace_ai_xsens_mti_driver'
[19.628s] Level 1:colcon.colcon_core.package_identification:_identify(src/jetracer_description) by extensions ['ignore', 'ignore_ament_install']
[19.629s] Level 1:colcon.colcon_core.package_identification:_identify(src/jetracer_description) by extension 'ignore'
[19.629s] Level 1:colcon.colcon_core.package_identification:_identify(src/jetracer_description) by extension 'ignore_ament_install'
[19.630s] Level 1:colcon.colcon_core.package_identification:_identify(src/jetracer_description) by extensions ['colcon_pkg']
[19.630s] Level 1:colcon.colcon_core.package_identification:_identify(src/jetracer_description) by extension 'colcon_pkg'
[19.631s] Level 1:colcon.colcon_core.package_identification:_identify(src/jetracer_description) by extensions ['colcon_meta']
[19.631s] Level 1:colcon.colcon_core.package_identification:_identify(src/jetracer_description) by extension 'colcon_meta'
[19.631s] Level 1:colcon.colcon_core.package_identification:_identify(src/jetracer_description) by extensions ['ros']
[19.632s] Level 1:colcon.colcon_core.package_identification:_identify(src/jetracer_description) by extension 'ros'
[19.641s] DEBUG:colcon.colcon_core.package_identification:Package 'src/jetracer_description' with type 'ros.ament_python' and name 'jetracer_description'
[19.642s] Level 1:colcon.colcon_core.package_identification:_identify(src/jetson) by extensions ['ignore', 'ignore_ament_install']
[19.642s] Level 1:colcon.colcon_core.package_identification:_identify(src/jetson) by extension 'ignore'
[19.643s] Level 1:colcon.colcon_core.package_identification:_identify(src/jetson) by extension 'ignore_ament_install'
[19.643s] Level 1:colcon.colcon_core.package_identification:_identify(src/jetson) by extensions ['colcon_pkg']
[19.643s] Level 1:colcon.colcon_core.package_identification:_identify(src/jetson) by extension 'colcon_pkg'
[19.643s] Level 1:colcon.colcon_core.package_identification:_identify(src/jetson) by extensions ['colcon_meta']
[19.643s] Level 1:colcon.colcon_core.package_identification:_identify(src/jetson) by extension 'colcon_meta'
[19.644s] Level 1:colcon.colcon_core.package_identification:_identify(src/jetson) by extensions ['ros']
[19.644s] Level 1:colcon.colcon_core.package_identification:_identify(src/jetson) by extension 'ros'
[19.647s] DEBUG:colcon.colcon_core.package_identification:Package 'src/jetson' with type 'ros.ament_python' and name 'jetson'
[19.648s] Level 1:colcon.colcon_core.package_identification:_identify(src/kalman_filter_jetracer) by extensions ['ignore', 'ignore_ament_install']
[19.648s] Level 1:colcon.colcon_core.package_identification:_identify(src/kalman_filter_jetracer) by extension 'ignore'
[19.648s] Level 1:colcon.colcon_core.package_identification:_identify(src/kalman_filter_jetracer) by extension 'ignore_ament_install'
[19.648s] Level 1:colcon.colcon_core.package_identification:_identify(src/kalman_filter_jetracer) by extensions ['colcon_pkg']
[19.649s] Level 1:colcon.colcon_core.package_identification:_identify(src/kalman_filter_jetracer) by extension 'colcon_pkg'
[19.649s] Level 1:colcon.colcon_core.package_identification:_identify(src/kalman_filter_jetracer) by extensions ['colcon_meta']
[19.649s] Level 1:colcon.colcon_core.package_identification:_identify(src/kalman_filter_jetracer) by extension 'colcon_meta'
[19.649s] Level 1:colcon.colcon_core.package_identification:_identify(src/kalman_filter_jetracer) by extensions ['ros']
[19.649s] Level 1:colcon.colcon_core.package_identification:_identify(src/kalman_filter_jetracer) by extension 'ros'
[19.657s] DEBUG:colcon.colcon_core.package_identification:Package 'src/kalman_filter_jetracer' with type 'ros.ament_python' and name 'kalman_filter_jetracer'
[19.658s] Level 1:colcon.colcon_core.package_identification:_identify(src/realsens_speed_sens) by extensions ['ignore', 'ignore_ament_install']
[19.658s] Level 1:colcon.colcon_core.package_identification:_identify(src/realsens_speed_sens) by extension 'ignore'
[19.658s] Level 1:colcon.colcon_core.package_identification:_identify(src/realsens_speed_sens) by extension 'ignore_ament_install'
[19.659s] Level 1:colcon.colcon_core.package_identification:_identify(src/realsens_speed_sens) by extensions ['colcon_pkg']
[19.659s] Level 1:colcon.colcon_core.package_identification:_identify(src/realsens_speed_sens) by extension 'colcon_pkg'
[19.659s] Level 1:colcon.colcon_core.package_identification:_identify(src/realsens_speed_sens) by extensions ['colcon_meta']
[19.659s] Level 1:colcon.colcon_core.package_identification:_identify(src/realsens_speed_sens) by extension 'colcon_meta'
[19.659s] Level 1:colcon.colcon_core.package_identification:_identify(src/realsens_speed_sens) by extensions ['ros']
[19.659s] Level 1:colcon.colcon_core.package_identification:_identify(src/realsens_speed_sens) by extension 'ros'
[19.667s] DEBUG:colcon.colcon_core.package_identification:Package 'src/realsens_speed_sens' with type 'ros.ament_python' and name 'test_jetson'
[19.667s] Level 1:colcon.colcon_core.package_discovery:discover_packages(recursive) using defaults
[19.667s] Level 1:colcon.colcon_core.package_discovery:discover_packages(ignore) discover
[19.668s] Level 1:colcon.colcon_core.package_discovery:discover_packages(ignore) using defaults
[19.668s] Level 1:colcon.colcon_core.package_discovery:discover_packages(path) discover
[19.668s] Level 1:colcon.colcon_core.package_discovery:discover_packages(path) using defaults
[20.199s] Level 1:colcon.colcon_core.package_discovery:discover_packages(prefix_path) check parameters
[20.199s] Level 1:colcon.colcon_core.package_discovery:discover_packages(prefix_path) discover
[20.387s] DEBUG:colcon.colcon_installed_package_information.package_discovery:Found 5 installed packages in /home/jetson/ros2_ws/install
[20.472s] DEBUG:colcon.colcon_installed_package_information.package_discovery:Found 281 installed packages in /opt/ros/galactic
[20.481s] Level 1:colcon.colcon_core.package_discovery:discover_packages(prefix_path) using defaults
[21.526s] Level 5:colcon.colcon_core.verb:set package 'bluespace_ai_xsens_mti_driver' build argument 'cmake_args' from command line to 'None'
[21.527s] Level 5:colcon.colcon_core.verb:set package 'bluespace_ai_xsens_mti_driver' build argument 'cmake_target' from command line to 'None'
[21.527s] Level 5:colcon.colcon_core.verb:set package 'bluespace_ai_xsens_mti_driver' build argument 'cmake_target_skip_unavailable' from command line to 'False'
[21.527s] Level 5:colcon.colcon_core.verb:set package 'bluespace_ai_xsens_mti_driver' build argument 'cmake_clean_cache' from command line to 'False'
[21.527s] Level 5:colcon.colcon_core.verb:set package 'bluespace_ai_xsens_mti_driver' build argument 'cmake_clean_first' from command line to 'False'
[21.527s] Level 5:colcon.colcon_core.verb:set package 'bluespace_ai_xsens_mti_driver' build argument 'cmake_force_configure' from command line to 'False'
[21.527s] Level 5:colcon.colcon_core.verb:set package 'bluespace_ai_xsens_mti_driver' build argument 'ament_cmake_args' from command line to 'None'
[21.527s] Level 5:colcon.colcon_core.verb:set package 'bluespace_ai_xsens_mti_driver' build argument 'catkin_cmake_args' from command line to 'None'
[21.527s] Level 5:colcon.colcon_core.verb:set package 'bluespace_ai_xsens_mti_driver' build argument 'catkin_skip_building_tests' from command line to 'False'
[21.528s] DEBUG:colcon.colcon_core.verb:Building package 'bluespace_ai_xsens_mti_driver' with the following arguments: {'ament_cmake_args': None, 'build_base': '/home/jetson/ros2_ws/build/bluespace_ai_xsens_mti_driver', 'catkin_cmake_args': None, 'catkin_skip_building_tests': False, 'cmake_args': None, 'cmake_clean_cache': False, 'cmake_clean_first': False, 'cmake_force_configure': False, 'cmake_target': None, 'cmake_target_skip_unavailable': False, 'install_base': '/home/jetson/ros2_ws/install/bluespace_ai_xsens_mti_driver', 'merge_install': False, 'path': '/home/jetson/ros2_ws/src/bluespace_ai_xsens_ros_mti_driver', 'symlink_install': False, 'test_result_base': None}
[21.609s] Level 5:colcon.colcon_core.verb:set package 'jetracer_description' build argument 'cmake_args' from command line to 'None'
[21.609s] Level 5:colcon.colcon_core.verb:set package 'jetracer_description' build argument 'cmake_target' from command line to 'None'
[21.609s] Level 5:colcon.colcon_core.verb:set package 'jetracer_description' build argument 'cmake_target_skip_unavailable' from command line to 'False'
[21.609s] Level 5:colcon.colcon_core.verb:set package 'jetracer_description' build argument 'cmake_clean_cache' from command line to 'False'
[21.609s] Level 5:colcon.colcon_core.verb:set package 'jetracer_description' build argument 'cmake_clean_first' from command line to 'False'
[21.609s] Level 5:colcon.colcon_core.verb:set package 'jetracer_description' build argument 'cmake_force_configure' from command line to 'False'
[21.609s] Level 5:colcon.colcon_core.verb:set package 'jetracer_description' build argument 'ament_cmake_args' from command line to 'None'
[21.610s] Level 5:colcon.colcon_core.verb:set package 'jetracer_description' build argument 'catkin_cmake_args' from command line to 'None'
[21.610s] Level 5:colcon.colcon_core.verb:set package 'jetracer_description' build argument 'catkin_skip_building_tests' from command line to 'False'
[21.610s] DEBUG:colcon.colcon_core.verb:Building package 'jetracer_description' with the following arguments: {'ament_cmake_args': None, 'build_base': '/home/jetson/ros2_ws/build/jetracer_description', 'catkin_cmake_args': None, 'catkin_skip_building_tests': False, 'cmake_args': None, 'cmake_clean_cache': False, 'cmake_clean_first': False, 'cmake_force_configure': False, 'cmake_target': None, 'cmake_target_skip_unavailable': False, 'install_base': '/home/jetson/ros2_ws/install/jetracer_description', 'merge_install': False, 'path': '/home/jetson/ros2_ws/src/jetracer_description', 'symlink_install': False, 'test_result_base': None}
[21.690s] Level 5:colcon.colcon_core.verb:set package 'jetson' build argument 'cmake_args' from command line to 'None'
[21.690s] Level 5:colcon.colcon_core.verb:set package 'jetson' build argument 'cmake_target' from command line to 'None'
[21.690s] Level 5:colcon.colcon_core.verb:set package 'jetson' build argument 'cmake_target_skip_unavailable' from command line to 'False'
[21.690s] Level 5:colcon.colcon_core.verb:set package 'jetson' build argument 'cmake_clean_cache' from command line to 'False'
[21.691s] Level 5:colcon.colcon_core.verb:set package 'jetson' build argument 'cmake_clean_first' from command line to 'False'
[21.691s] Level 5:colcon.colcon_core.verb:set package 'jetson' build argument 'cmake_force_configure' from command line to 'False'
[21.691s] Level 5:colcon.colcon_core.verb:set package 'jetson' build argument 'ament_cmake_args' from command line to 'None'
[21.691s] Level 5:colcon.colcon_core.verb:set package 'jetson' build argument 'catkin_cmake_args' from command line to 'None'
[21.691s] Level 5:colcon.colcon_core.verb:set package 'jetson' build argument 'catkin_skip_building_tests' from command line to 'False'
[21.691s] DEBUG:colcon.colcon_core.verb:Building package 'jetson' with the following arguments: {'ament_cmake_args': None, 'build_base': '/home/jetson/ros2_ws/build/jetson', 'catkin_cmake_args': None, 'catkin_skip_building_tests': False, 'cmake_args': None, 'cmake_clean_cache': False, 'cmake_clean_first': False, 'cmake_force_configure': False, 'cmake_target': None, 'cmake_target_skip_unavailable': False, 'install_base': '/home/jetson/ros2_ws/install/jetson', 'merge_install': False, 'path': '/home/jetson/ros2_ws/src/jetson', 'symlink_install': False, 'test_result_base': None}
[21.771s] Level 5:colcon.colcon_core.verb:set package 'kalman_filter_jetracer' build argument 'cmake_args' from command line to 'None'
[21.772s] Level 5:colcon.colcon_core.verb:set package 'kalman_filter_jetracer' build argument 'cmake_target' from command line to 'None'
[21.772s] Level 5:colcon.colcon_core.verb:set package 'kalman_filter_jetracer' build argument 'cmake_target_skip_unavailable' from command line to 'False'
[21.772s] Level 5:colcon.colcon_core.verb:set package 'kalman_filter_jetracer' build argument 'cmake_clean_cache' from command line to 'False'
[21.772s] Level 5:colcon.colcon_core.verb:set package 'kalman_filter_jetracer' build argument 'cmake_clean_first' from command line to 'False'
[21.772s] Level 5:colcon.colcon_core.verb:set package 'kalman_filter_jetracer' build argument 'cmake_force_configure' from command line to 'False'
[21.772s] Level 5:colcon.colcon_core.verb:set package 'kalman_filter_jetracer' build argument 'ament_cmake_args' from command line to 'None'
[21.773s] Level 5:colcon.colcon_core.verb:set package 'kalman_filter_jetracer' build argument 'catkin_cmake_args' from command line to 'None'
[21.773s] Level 5:colcon.colcon_core.verb:set package 'kalman_filter_jetracer' build argument 'catkin_skip_building_tests' from command line to 'False'
[21.773s] DEBUG:colcon.colcon_core.verb:Building package 'kalman_filter_jetracer' with the following arguments: {'ament_cmake_args': None, 'build_base': '/home/jetson/ros2_ws/build/kalman_filter_jetracer', 'catkin_cmake_args': None, 'catkin_skip_building_tests': False, 'cmake_args': None, 'cmake_clean_cache': False, 'cmake_clean_first': False, 'cmake_force_configure': False, 'cmake_target': None, 'cmake_target_skip_unavailable': False, 'install_base': '/home/jetson/ros2_ws/install/kalman_filter_jetracer', 'merge_install': False, 'path': '/home/jetson/ros2_ws/src/kalman_filter_jetracer', 'symlink_install': False, 'test_result_base': None}
[21.854s] Level 5:colcon.colcon_core.verb:set package 'test_jetson' build argument 'cmake_args' from command line to 'None'
[21.854s] Level 5:colcon.colcon_core.verb:set package 'test_jetson' build argument 'cmake_target' from command line to 'None'
[21.854s] Level 5:colcon.colcon_core.verb:set package 'test_jetson' build argument 'cmake_target_skip_unavailable' from command line to 'False'
[21.854s] Level 5:colcon.colcon_core.verb:set package 'test_jetson' build argument 'cmake_clean_cache' from command line to 'False'
[21.855s] Level 5:colcon.colcon_core.verb:set package 'test_jetson' build argument 'cmake_clean_first' from command line to 'False'
[21.855s] Level 5:colcon.colcon_core.verb:set package 'test_jetson' build argument 'cmake_force_configure' from command line to 'False'
[21.855s] Level 5:colcon.colcon_core.verb:set package 'test_jetson' build argument 'ament_cmake_args' from command line to 'None'
[21.855s] Level 5:colcon.colcon_core.verb:set package 'test_jetson' build argument 'catkin_cmake_args' from command line to 'None'
[21.855s] Level 5:colcon.colcon_core.verb:set package 'test_jetson' build argument 'catkin_skip_building_tests' from command line to 'False'
[21.855s] DEBUG:colcon.colcon_core.verb:Building package 'test_jetson' with the following arguments: {'ament_cmake_args': None, 'build_base': '/home/jetson/ros2_ws/build/test_jetson', 'catkin_cmake_args': None, 'catkin_skip_building_tests': False, 'cmake_args': None, 'cmake_clean_cache': False, 'cmake_clean_first': False, 'cmake_force_configure': False, 'cmake_target': None, 'cmake_target_skip_unavailable': False, 'install_base': '/home/jetson/ros2_ws/install/test_jetson', 'merge_install': False, 'path': '/home/jetson/ros2_ws/src/realsens_speed_sens', 'symlink_install': False, 'test_result_base': None}
[21.934s] INFO:colcon.colcon_core.executor:Executing jobs using 'parallel' executor
[22.017s] DEBUG:colcon.colcon_parallel_executor.executor.parallel:run_until_complete
[22.018s] INFO:colcon.colcon_ros.task.ament_cmake.build:Building ROS package in '/home/jetson/ros2_ws/src/bluespace_ai_xsens_ros_mti_driver' with build type 'ament_cmake'
[22.019s] INFO:colcon.colcon_cmake.task.cmake.build:Building CMake package in '/home/jetson/ros2_ws/src/bluespace_ai_xsens_ros_mti_driver'
[22.126s] INFO:colcon.colcon_core.plugin_system:Skipping extension 'colcon_core.shell.bat': Not used on non-Windows systems
[22.127s] INFO:colcon.colcon_core.shell:Skip shell extension 'powershell' for command environment: Not usable outside of PowerShell
[22.127s] DEBUG:colcon.colcon_core.shell:Skip shell extension 'dsv' for command environment
[22.402s] INFO:colcon.colcon_ros.task.ament_python.build:Building ROS package in '/home/jetson/ros2_ws/src/jetracer_description' with build type 'ament_python'
[22.403s] Level 1:colcon.colcon_core.shell:create_environment_hook('jetracer_description', 'ament_prefix_path')
[22.497s] INFO:colcon.colcon_core.shell:Creating environment hook '/home/jetson/ros2_ws/install/jetracer_description/share/jetracer_description/hook/ament_prefix_path.ps1'
[22.503s] INFO:colcon.colcon_core.shell:Creating environment descriptor '/home/jetson/ros2_ws/install/jetracer_description/share/jetracer_description/hook/ament_prefix_path.dsv'
[22.506s] INFO:colcon.colcon_core.shell:Creating environment hook '/home/jetson/ros2_ws/install/jetracer_description/share/jetracer_description/hook/ament_prefix_path.sh'
[22.592s] INFO:colcon.colcon_core.shell:Skip shell extension 'powershell' for command environment: Not usable outside of PowerShell
[22.592s] DEBUG:colcon.colcon_core.shell:Skip shell extension 'dsv' for command environment
[22.890s] INFO:colcon.colcon_ros.task.ament_python.build:Building ROS package in '/home/jetson/ros2_ws/src/jetson' with build type 'ament_python'
[22.891s] Level 1:colcon.colcon_core.shell:create_environment_hook('jetson', 'ament_prefix_path')
[22.997s] INFO:colcon.colcon_core.shell:Creating environment hook '/home/jetson/ros2_ws/install/jetson/share/jetson/hook/ament_prefix_path.ps1'
[23.001s] INFO:colcon.colcon_core.shell:Creating environment descriptor '/home/jetson/ros2_ws/install/jetson/share/jetson/hook/ament_prefix_path.dsv'
[23.002s] INFO:colcon.colcon_core.shell:Creating environment hook '/home/jetson/ros2_ws/install/jetson/share/jetson/hook/ament_prefix_path.sh'
[23.098s] INFO:colcon.colcon_core.shell:Skip shell extension 'powershell' for command environment: Not usable outside of PowerShell
[23.099s] DEBUG:colcon.colcon_core.shell:Skip shell extension 'dsv' for command environment
[23.419s] INFO:colcon.colcon_ros.task.ament_python.build:Building ROS package in '/home/jetson/ros2_ws/src/kalman_filter_jetracer' with build type 'ament_python'
[23.420s] Level 1:colcon.colcon_core.shell:create_environment_hook('kalman_filter_jetracer', 'ament_prefix_path')
[23.519s] INFO:colcon.colcon_core.shell:Creating environment hook '/home/jetson/ros2_ws/install/kalman_filter_jetracer/share/kalman_filter_jetracer/hook/ament_prefix_path.ps1'
[23.523s] INFO:colcon.colcon_core.shell:Creating environment descriptor '/home/jetson/ros2_ws/install/kalman_filter_jetracer/share/kalman_filter_jetracer/hook/ament_prefix_path.dsv'
[23.525s] INFO:colcon.colcon_core.shell:Creating environment hook '/home/jetson/ros2_ws/install/kalman_filter_jetracer/share/kalman_filter_jetracer/hook/ament_prefix_path.sh'
[23.611s] INFO:colcon.colcon_core.shell:Skip shell extension 'powershell' for command environment: Not usable outside of PowerShell
[23.611s] DEBUG:colcon.colcon_core.shell:Skip shell extension 'dsv' for command environment
[23.905s] DEBUG:colcon.colcon_core.event_handler.log_command:Invoking command in '/home/jetson/ros2_ws/build/bluespace_ai_xsens_mti_driver': CMAKE_PREFIX_PATH=${CMAKE_PREFIX_PATH}:/home/jetson/ros2_ws/install/test_jetson:/home/jetson/ros2_ws/install/kalman_filter_jetracer:/home/jetson/ros2_ws/install/jetson:/home/jetson/ros2_ws/install/jetracer_description:/opt/ros/galactic /usr/bin/cmake --build /home/jetson/ros2_ws/build/bluespace_ai_xsens_mti_driver -- -j4 -l4
[26.266s] INFO:colcon.colcon_core.task.python.build:Building Python package in '/home/jetson/ros2_ws/src/jetracer_description'
[26.354s] INFO:colcon.colcon_core.shell:Skip shell extension 'powershell' for command environment: Not usable outside of PowerShell
[26.354s] DEBUG:colcon.colcon_core.shell:Skip shell extension 'dsv' for command environment
[28.816s] INFO:colcon.colcon_core.task.python.build:Building Python package in '/home/jetson/ros2_ws/src/jetson'
[28.902s] INFO:colcon.colcon_core.shell:Skip shell extension 'powershell' for command environment: Not usable outside of PowerShell
[28.902s] DEBUG:colcon.colcon_core.shell:Skip shell extension 'dsv' for command environment
[31.357s] INFO:colcon.colcon_core.task.python.build:Building Python package in '/home/jetson/ros2_ws/src/kalman_filter_jetracer'
[31.441s] INFO:colcon.colcon_core.shell:Skip shell extension 'powershell' for command environment: Not usable outside of PowerShell
[31.442s] DEBUG:colcon.colcon_core.shell:Skip shell extension 'dsv' for command environment
[31.719s] DEBUG:colcon.colcon_core.event_handler.log_command:Invoked command in '/home/jetson/ros2_ws/build/bluespace_ai_xsens_mti_driver' returned '0': CMAKE_PREFIX_PATH=${CMAKE_PREFIX_PATH}:/home/jetson/ros2_ws/install/test_jetson:/home/jetson/ros2_ws/install/kalman_filter_jetracer:/home/jetson/ros2_ws/install/jetson:/home/jetson/ros2_ws/install/jetracer_description:/opt/ros/galactic /usr/bin/cmake --build /home/jetson/ros2_ws/build/bluespace_ai_xsens_mti_driver -- -j4 -l4
[31.917s] DEBUG:colcon.colcon_core.event_handler.log_command:Invoking command in '/home/jetson/ros2_ws/build/bluespace_ai_xsens_mti_driver': CMAKE_PREFIX_PATH=${CMAKE_PREFIX_PATH}:/home/jetson/ros2_ws/install/test_jetson:/home/jetson/ros2_ws/install/kalman_filter_jetracer:/home/jetson/ros2_ws/install/jetson:/home/jetson/ros2_ws/install/jetracer_description:/opt/ros/galactic /usr/bin/cmake --install /home/jetson/ros2_ws/build/bluespace_ai_xsens_mti_driver
[32.028s] Level 1:colcon.colcon_core.environment:create_environment_scripts_only(bluespace_ai_xsens_mti_driver)
[32.039s] DEBUG:colcon.colcon_core.event_handler.log_command:Invoked command in '/home/jetson/ros2_ws/build/bluespace_ai_xsens_mti_driver' returned '0': CMAKE_PREFIX_PATH=${CMAKE_PREFIX_PATH}:/home/jetson/ros2_ws/install/test_jetson:/home/jetson/ros2_ws/install/kalman_filter_jetracer:/home/jetson/ros2_ws/install/jetson:/home/jetson/ros2_ws/install/jetracer_description:/opt/ros/galactic /usr/bin/cmake --install /home/jetson/ros2_ws/build/bluespace_ai_xsens_mti_driver
[32.209s] Level 1:colcon.colcon_core.environment:checking '/home/jetson/ros2_ws/install/bluespace_ai_xsens_mti_driver' for CMake module files
[32.214s] Level 1:colcon.colcon_core.environment:checking '/home/jetson/ros2_ws/install/bluespace_ai_xsens_mti_driver' for CMake config files
[32.217s] Level 1:colcon.colcon_core.shell:create_environment_hook('bluespace_ai_xsens_mti_driver', 'cmake_prefix_path')
[32.361s] INFO:colcon.colcon_core.shell:Creating environment hook '/home/jetson/ros2_ws/install/bluespace_ai_xsens_mti_driver/share/bluespace_ai_xsens_mti_driver/hook/cmake_prefix_path.ps1'
[32.368s] INFO:colcon.colcon_core.shell:Creating environment descriptor '/home/jetson/ros2_ws/install/bluespace_ai_xsens_mti_driver/share/bluespace_ai_xsens_mti_driver/hook/cmake_prefix_path.dsv'
[32.370s] INFO:colcon.colcon_core.shell:Creating environment hook '/home/jetson/ros2_ws/install/bluespace_ai_xsens_mti_driver/share/bluespace_ai_xsens_mti_driver/hook/cmake_prefix_path.sh'
[32.374s] Level 1:colcon.colcon_core.environment:checking '/home/jetson/ros2_ws/install/bluespace_ai_xsens_mti_driver/lib'
[32.374s] Level 1:colcon.colcon_core.environment:checking '/home/jetson/ros2_ws/install/bluespace_ai_xsens_mti_driver/bin'
[32.375s] Level 1:colcon.colcon_core.environment:checking '/home/jetson/ros2_ws/install/bluespace_ai_xsens_mti_driver/lib/pkgconfig/bluespace_ai_xsens_mti_driver.pc'
[32.376s] Level 1:colcon.colcon_core.environment:checking '/home/jetson/ros2_ws/install/bluespace_ai_xsens_mti_driver/lib/python3.8/site-packages'
[32.377s] Level 1:colcon.colcon_core.environment:checking '/home/jetson/ros2_ws/install/bluespace_ai_xsens_mti_driver/bin'
[32.490s] INFO:colcon.colcon_core.shell:Creating package script '/home/jetson/ros2_ws/install/bluespace_ai_xsens_mti_driver/share/bluespace_ai_xsens_mti_driver/package.ps1'
[32.497s] INFO:colcon.colcon_core.shell:Creating package descriptor '/home/jetson/ros2_ws/install/bluespace_ai_xsens_mti_driver/share/bluespace_ai_xsens_mti_driver/package.dsv'
[32.500s] INFO:colcon.colcon_core.shell:Creating package script '/home/jetson/ros2_ws/install/bluespace_ai_xsens_mti_driver/share/bluespace_ai_xsens_mti_driver/package.sh'
[32.505s] INFO:colcon.colcon_core.shell:Creating package script '/home/jetson/ros2_ws/install/bluespace_ai_xsens_mti_driver/share/bluespace_ai_xsens_mti_driver/package.bash'
[32.511s] INFO:colcon.colcon_core.shell:Creating package script '/home/jetson/ros2_ws/install/bluespace_ai_xsens_mti_driver/share/bluespace_ai_xsens_mti_driver/package.zsh'
[32.515s] Level 1:colcon.colcon_core.environment:create_file_with_runtime_dependencies(/home/jetson/ros2_ws/install/bluespace_ai_xsens_mti_driver/share/colcon-core/packages/bluespace_ai_xsens_mti_driver)
[32.785s] Level 1:colcon.colcon_core.environment:create_environment_scripts_only(bluespace_ai_xsens_mti_driver)
[32.888s] Level 1:colcon.colcon_core.environment:checking '/home/jetson/ros2_ws/install/bluespace_ai_xsens_mti_driver' for CMake module files
[32.892s] Level 1:colcon.colcon_core.environment:checking '/home/jetson/ros2_ws/install/bluespace_ai_xsens_mti_driver' for CMake config files
[32.894s] Level 1:colcon.colcon_core.shell:create_environment_hook('bluespace_ai_xsens_mti_driver', 'cmake_prefix_path')
[32.991s] INFO:colcon.colcon_core.shell:Creating environment hook '/home/jetson/ros2_ws/install/bluespace_ai_xsens_mti_driver/share/bluespace_ai_xsens_mti_driver/hook/cmake_prefix_path.ps1'
[32.993s] INFO:colcon.colcon_core.shell:Creating environment descriptor '/home/jetson/ros2_ws/install/bluespace_ai_xsens_mti_driver/share/bluespace_ai_xsens_mti_driver/hook/cmake_prefix_path.dsv'
[32.995s] INFO:colcon.colcon_core.shell:Creating environment hook '/home/jetson/ros2_ws/install/bluespace_ai_xsens_mti_driver/share/bluespace_ai_xsens_mti_driver/hook/cmake_prefix_path.sh'
[32.997s] Level 1:colcon.colcon_core.environment:checking '/home/jetson/ros2_ws/install/bluespace_ai_xsens_mti_driver/lib'
[32.998s] Level 1:colcon.colcon_core.environment:checking '/home/jetson/ros2_ws/install/bluespace_ai_xsens_mti_driver/bin'
[32.998s] Level 1:colcon.colcon_core.environment:checking '/home/jetson/ros2_ws/install/bluespace_ai_xsens_mti_driver/lib/pkgconfig/bluespace_ai_xsens_mti_driver.pc'
[32.999s] Level 1:colcon.colcon_core.environment:checking '/home/jetson/ros2_ws/install/bluespace_ai_xsens_mti_driver/lib/python3.8/site-packages'
[33.000s] Level 1:colcon.colcon_core.environment:checking '/home/jetson/ros2_ws/install/bluespace_ai_xsens_mti_driver/bin'
[33.099s] INFO:colcon.colcon_core.shell:Creating package script '/home/jetson/ros2_ws/install/bluespace_ai_xsens_mti_driver/share/bluespace_ai_xsens_mti_driver/package.ps1'
[33.102s] INFO:colcon.colcon_core.shell:Creating package descriptor '/home/jetson/ros2_ws/install/bluespace_ai_xsens_mti_driver/share/bluespace_ai_xsens_mti_driver/package.dsv'
[33.104s] INFO:colcon.colcon_core.shell:Creating package script '/home/jetson/ros2_ws/install/bluespace_ai_xsens_mti_driver/share/bluespace_ai_xsens_mti_driver/package.sh'
[33.106s] INFO:colcon.colcon_core.shell:Creating package script '/home/jetson/ros2_ws/install/bluespace_ai_xsens_mti_driver/share/bluespace_ai_xsens_mti_driver/package.bash'
[33.108s] INFO:colcon.colcon_core.shell:Creating package script '/home/jetson/ros2_ws/install/bluespace_ai_xsens_mti_driver/share/bluespace_ai_xsens_mti_driver/package.zsh'
[33.110s] Level 1:colcon.colcon_core.environment:create_file_with_runtime_dependencies(/home/jetson/ros2_ws/install/bluespace_ai_xsens_mti_driver/share/colcon-core/packages/bluespace_ai_xsens_mti_driver)
[33.112s] INFO:colcon.colcon_ros.task.ament_python.build:Building ROS package in '/home/jetson/ros2_ws/src/realsens_speed_sens' with build type 'ament_python'
[33.113s] Level 1:colcon.colcon_core.shell:create_environment_hook('test_jetson', 'ament_prefix_path')
[33.278s] INFO:colcon.colcon_core.shell:Creating environment hook '/home/jetson/ros2_ws/install/test_jetson/share/test_jetson/hook/ament_prefix_path.ps1'
[33.283s] INFO:colcon.colcon_core.shell:Creating environment descriptor '/home/jetson/ros2_ws/install/test_jetson/share/test_jetson/hook/ament_prefix_path.dsv'
[33.287s] INFO:colcon.colcon_core.shell:Creating environment hook '/home/jetson/ros2_ws/install/test_jetson/share/test_jetson/hook/ament_prefix_path.sh'
[33.409s] INFO:colcon.colcon_core.shell:Skip shell extension 'powershell' for command environment: Not usable outside of PowerShell
[33.409s] DEBUG:colcon.colcon_core.shell:Skip shell extension 'dsv' for command environment
[36.880s] INFO:colcon.colcon_core.task.python.build:Building Python package in '/home/jetson/ros2_ws/src/realsens_speed_sens'
[36.996s] INFO:colcon.colcon_core.shell:Skip shell extension 'powershell' for command environment: Not usable outside of PowerShell
[36.996s] DEBUG:colcon.colcon_core.shell:Skip shell extension 'dsv' for command environment
[37.649s] DEBUG:colcon.colcon_core.event_handler.log_command:Invoking command in '/home/jetson/ros2_ws/src/jetracer_description': PYTHONPATH=/home/jetson/ros2_ws/build/jetracer_description/prefix_override:/home/jetson/ros2_ws/install/jetracer_description/lib/python3.8/site-packages:${PYTHONPATH} /usr/bin/python3 setup.py egg_info --egg-base ../../build/jetracer_description build --build-base /home/jetson/ros2_ws/build/jetracer_description/build install --record /home/jetson/ros2_ws/build/jetracer_description/install.log --install-scripts $base/lib/jetracer_description --single-version-externally-managed
[37.679s] DEBUG:colcon.colcon_core.event_handler.log_command:Invoking command in '/home/jetson/ros2_ws/src/jetson': PYTHONPATH=/home/jetson/ros2_ws/build/jetson/prefix_override:/home/jetson/ros2_ws/install/jetson/lib/python3.8/site-packages:${PYTHONPATH} /usr/bin/python3 setup.py egg_info --egg-base ../../build/jetson build --build-base /home/jetson/ros2_ws/build/jetson/build install --record /home/jetson/ros2_ws/build/jetson/install.log --single-version-externally-managed
[37.720s] DEBUG:colcon.colcon_core.event_handler.log_command:Invoking command in '/home/jetson/ros2_ws/src/kalman_filter_jetracer': PYTHONPATH=/home/jetson/ros2_ws/build/kalman_filter_jetracer/prefix_override:/home/jetson/ros2_ws/install/kalman_filter_jetracer/lib/python3.8/site-packages:${PYTHONPATH} /usr/bin/python3 setup.py egg_info --egg-base ../../build/kalman_filter_jetracer build --build-base /home/jetson/ros2_ws/build/kalman_filter_jetracer/build install --record /home/jetson/ros2_ws/build/kalman_filter_jetracer/install.log --single-version-externally-managed
[42.327s] DEBUG:colcon.colcon_core.event_handler.log_command:Invoked command in '/home/jetson/ros2_ws/src/kalman_filter_jetracer' returned '0': PYTHONPATH=/home/jetson/ros2_ws/build/kalman_filter_jetracer/prefix_override:/home/jetson/ros2_ws/install/kalman_filter_jetracer/lib/python3.8/site-packages:${PYTHONPATH} /usr/bin/python3 setup.py egg_info --egg-base ../../build/kalman_filter_jetracer build --build-base /home/jetson/ros2_ws/build/kalman_filter_jetracer/build install --record /home/jetson/ros2_ws/build/kalman_filter_jetracer/install.log --single-version-externally-managed
[42.562s] Level 1:colcon.colcon_core.environment:checking '/home/jetson/ros2_ws/install/kalman_filter_jetracer' for CMake module files
[42.566s] Level 1:colcon.colcon_core.environment:checking '/home/jetson/ros2_ws/install/kalman_filter_jetracer' for CMake config files
[42.569s] Level 1:colcon.colcon_core.environment:checking '/home/jetson/ros2_ws/install/kalman_filter_jetracer/lib'
[42.569s] Level 1:colcon.colcon_core.environment:checking '/home/jetson/ros2_ws/install/kalman_filter_jetracer/bin'
[42.569s] Level 1:colcon.colcon_core.environment:checking '/home/jetson/ros2_ws/install/kalman_filter_jetracer/lib/pkgconfig/kalman_filter_jetracer.pc'
[42.570s] Level 1:colcon.colcon_core.environment:checking '/home/jetson/ros2_ws/install/kalman_filter_jetracer/lib/python3.8/site-packages'
[42.571s] Level 1:colcon.colcon_core.shell:create_environment_hook('kalman_filter_jetracer', 'pythonpath')
[42.668s] INFO:colcon.colcon_core.shell:Creating environment hook '/home/jetson/ros2_ws/install/kalman_filter_jetracer/share/kalman_filter_jetracer/hook/pythonpath.ps1'
[42.670s] INFO:colcon.colcon_core.shell:Creating environment descriptor '/home/jetson/ros2_ws/install/kalman_filter_jetracer/share/kalman_filter_jetracer/hook/pythonpath.dsv'
[42.671s] INFO:colcon.colcon_core.shell:Creating environment hook '/home/jetson/ros2_ws/install/kalman_filter_jetracer/share/kalman_filter_jetracer/hook/pythonpath.sh'
[42.673s] Level 1:colcon.colcon_core.environment:checking '/home/jetson/ros2_ws/install/kalman_filter_jetracer/bin'
[42.673s] Level 1:colcon.colcon_core.environment:create_environment_scripts_only(kalman_filter_jetracer)
[42.762s] INFO:colcon.colcon_core.shell:Creating package script '/home/jetson/ros2_ws/install/kalman_filter_jetracer/share/kalman_filter_jetracer/package.ps1'
[42.764s] INFO:colcon.colcon_core.shell:Creating package descriptor '/home/jetson/ros2_ws/install/kalman_filter_jetracer/share/kalman_filter_jetracer/package.dsv'
[42.766s] INFO:colcon.colcon_core.shell:Creating package script '/home/jetson/ros2_ws/install/kalman_filter_jetracer/share/kalman_filter_jetracer/package.sh'
[42.768s] INFO:colcon.colcon_core.shell:Creating package script '/home/jetson/ros2_ws/install/kalman_filter_jetracer/share/kalman_filter_jetracer/package.bash'
[42.769s] INFO:colcon.colcon_core.shell:Creating package script '/home/jetson/ros2_ws/install/kalman_filter_jetracer/share/kalman_filter_jetracer/package.zsh'
[42.770s] Level 1:colcon.colcon_core.environment:create_file_with_runtime_dependencies(/home/jetson/ros2_ws/install/kalman_filter_jetracer/share/colcon-core/packages/kalman_filter_jetracer)
[42.778s] DEBUG:colcon.colcon_core.event_handler.log_command:Invoked command in '/home/jetson/ros2_ws/src/jetson' returned '0': PYTHONPATH=/home/jetson/ros2_ws/build/jetson/prefix_override:/home/jetson/ros2_ws/install/jetson/lib/python3.8/site-packages:${PYTHONPATH} /usr/bin/python3 setup.py egg_info --egg-base ../../build/jetson build --build-base /home/jetson/ros2_ws/build/jetson/build install --record /home/jetson/ros2_ws/build/jetson/install.log --single-version-externally-managed
[42.863s] Level 1:colcon.colcon_core.environment:checking '/home/jetson/ros2_ws/install/jetson' for CMake module files
[42.865s] Level 1:colcon.colcon_core.environment:checking '/home/jetson/ros2_ws/install/jetson' for CMake config files
[42.869s] Level 1:colcon.colcon_core.environment:checking '/home/jetson/ros2_ws/install/jetson/lib'
[42.870s] Level 1:colcon.colcon_core.environment:checking '/home/jetson/ros2_ws/install/jetson/bin'
[42.870s] Level 1:colcon.colcon_core.environment:checking '/home/jetson/ros2_ws/install/jetson/lib/pkgconfig/jetson.pc'
[42.871s] Level 1:colcon.colcon_core.environment:checking '/home/jetson/ros2_ws/install/jetson/lib/python3.8/site-packages'
[42.871s] Level 1:colcon.colcon_core.shell:create_environment_hook('jetson', 'pythonpath')
[42.959s] INFO:colcon.colcon_core.shell:Creating environment hook '/home/jetson/ros2_ws/install/jetson/share/jetson/hook/pythonpath.ps1'
[42.962s] INFO:colcon.colcon_core.shell:Creating environment descriptor '/home/jetson/ros2_ws/install/jetson/share/jetson/hook/pythonpath.dsv'
[42.964s] INFO:colcon.colcon_core.shell:Creating environment hook '/home/jetson/ros2_ws/install/jetson/share/jetson/hook/pythonpath.sh'
[42.966s] Level 1:colcon.colcon_core.environment:checking '/home/jetson/ros2_ws/install/jetson/bin'
[42.966s] Level 1:colcon.colcon_core.environment:create_environment_scripts_only(jetson)
[43.048s] INFO:colcon.colcon_core.shell:Creating package script '/home/jetson/ros2_ws/install/jetson/share/jetson/package.ps1'
[43.051s] INFO:colcon.colcon_core.shell:Creating package descriptor '/home/jetson/ros2_ws/install/jetson/share/jetson/package.dsv'
[43.053s] INFO:colcon.colcon_core.shell:Creating package script '/home/jetson/ros2_ws/install/jetson/share/jetson/package.sh'
[43.055s] INFO:colcon.colcon_core.shell:Creating package script '/home/jetson/ros2_ws/install/jetson/share/jetson/package.bash'
[43.057s] INFO:colcon.colcon_core.shell:Creating package script '/home/jetson/ros2_ws/install/jetson/share/jetson/package.zsh'
[43.058s] Level 1:colcon.colcon_core.environment:create_file_with_runtime_dependencies(/home/jetson/ros2_ws/install/jetson/share/colcon-core/packages/jetson)
[43.063s] DEBUG:colcon.colcon_core.event_handler.log_command:Invoked command in '/home/jetson/ros2_ws/src/jetracer_description' returned '0': PYTHONPATH=/home/jetson/ros2_ws/build/jetracer_description/prefix_override:/home/jetson/ros2_ws/install/jetracer_description/lib/python3.8/site-packages:${PYTHONPATH} /usr/bin/python3 setup.py egg_info --egg-base ../../build/jetracer_description build --build-base /home/jetson/ros2_ws/build/jetracer_description/build install --record /home/jetson/ros2_ws/build/jetracer_description/install.log --install-scripts $base/lib/jetracer_description --single-version-externally-managed
[43.147s] Level 1:colcon.colcon_core.environment:checking '/home/jetson/ros2_ws/install/jetracer_description' for CMake module files
[43.150s] Level 1:colcon.colcon_core.environment:checking '/home/jetson/ros2_ws/install/jetracer_description' for CMake config files
[43.153s] Level 1:colcon.colcon_core.environment:checking '/home/jetson/ros2_ws/install/jetracer_description/lib'
[43.154s] Level 1:colcon.colcon_core.environment:checking '/home/jetson/ros2_ws/install/jetracer_description/bin'
[43.154s] Level 1:colcon.colcon_core.environment:checking '/home/jetson/ros2_ws/install/jetracer_description/lib/pkgconfig/jetracer_description.pc'
[43.155s] Level 1:colcon.colcon_core.environment:checking '/home/jetson/ros2_ws/install/jetracer_description/lib/python3.8/site-packages'
[43.155s] Level 1:colcon.colcon_core.shell:create_environment_hook('jetracer_description', 'pythonpath')
[43.241s] INFO:colcon.colcon_core.shell:Creating environment hook '/home/jetson/ros2_ws/install/jetracer_description/share/jetracer_description/hook/pythonpath.ps1'
[43.243s] INFO:colcon.colcon_core.shell:Creating environment descriptor '/home/jetson/ros2_ws/install/jetracer_description/share/jetracer_description/hook/pythonpath.dsv'
[43.244s] INFO:colcon.colcon_core.shell:Creating environment hook '/home/jetson/ros2_ws/install/jetracer_description/share/jetracer_description/hook/pythonpath.sh'
[43.246s] Level 1:colcon.colcon_core.environment:checking '/home/jetson/ros2_ws/install/jetracer_description/bin'
[43.247s] Level 1:colcon.colcon_core.environment:create_environment_scripts_only(jetracer_description)
[43.331s] INFO:colcon.colcon_core.shell:Creating package script '/home/jetson/ros2_ws/install/jetracer_description/share/jetracer_description/package.ps1'
[43.334s] INFO:colcon.colcon_core.shell:Creating package descriptor '/home/jetson/ros2_ws/install/jetracer_description/share/jetracer_description/package.dsv'
[43.336s] INFO:colcon.colcon_core.shell:Creating package script '/home/jetson/ros2_ws/install/jetracer_description/share/jetracer_description/package.sh'
[43.337s] INFO:colcon.colcon_core.shell:Creating package script '/home/jetson/ros2_ws/install/jetracer_description/share/jetracer_description/package.bash'
[43.338s] INFO:colcon.colcon_core.shell:Creating package script '/home/jetson/ros2_ws/install/jetracer_description/share/jetracer_description/package.zsh'
[43.340s] Level 1:colcon.colcon_core.environment:create_file_with_runtime_dependencies(/home/jetson/ros2_ws/install/jetracer_description/share/colcon-core/packages/jetracer_description)
[43.354s] DEBUG:colcon.colcon_core.event_handler.log_command:Invoking command in '/home/jetson/ros2_ws/src/realsens_speed_sens': PYTHONPATH=/home/jetson/ros2_ws/build/test_jetson/prefix_override:/home/jetson/ros2_ws/install/test_jetson/lib/python3.8/site-packages:${PYTHONPATH} /usr/bin/python3 setup.py egg_info --egg-base ../../build/test_jetson build --build-base /home/jetson/ros2_ws/build/test_jetson/build install --record /home/jetson/ros2_ws/build/test_jetson/install.log --single-version-externally-managed
[47.138s] DEBUG:colcon.colcon_core.event_handler.log_command:Invoked command in '/home/jetson/ros2_ws/src/realsens_speed_sens' returned '0': PYTHONPATH=/home/jetson/ros2_ws/build/test_jetson/prefix_override:/home/jetson/ros2_ws/install/test_jetson/lib/python3.8/site-packages:${PYTHONPATH} /usr/bin/python3 setup.py egg_info --egg-base ../../build/test_jetson build --build-base /home/jetson/ros2_ws/build/test_jetson/build install --record /home/jetson/ros2_ws/build/test_jetson/install.log --single-version-externally-managed
[47.228s] Level 1:colcon.colcon_core.environment:checking '/home/jetson/ros2_ws/install/test_jetson' for CMake module files
[47.230s] Level 1:colcon.colcon_core.environment:checking '/home/jetson/ros2_ws/install/test_jetson' for CMake config files
[47.235s] Level 1:colcon.colcon_core.environment:checking '/home/jetson/ros2_ws/install/test_jetson/lib'
[47.235s] Level 1:colcon.colcon_core.environment:checking '/home/jetson/ros2_ws/install/test_jetson/bin'
[47.236s] Level 1:colcon.colcon_core.environment:checking '/home/jetson/ros2_ws/install/test_jetson/lib/pkgconfig/test_jetson.pc'
[47.237s] Level 1:colcon.colcon_core.environment:checking '/home/jetson/ros2_ws/install/test_jetson/lib/python3.8/site-packages'
[47.237s] Level 1:colcon.colcon_core.shell:create_environment_hook('test_jetson', 'pythonpath')
[47.320s] INFO:colcon.colcon_core.shell:Creating environment hook '/home/jetson/ros2_ws/install/test_jetson/share/test_jetson/hook/pythonpath.ps1'
[47.321s] INFO:colcon.colcon_core.shell:Creating environment descriptor '/home/jetson/ros2_ws/install/test_jetson/share/test_jetson/hook/pythonpath.dsv'
[47.323s] INFO:colcon.colcon_core.shell:Creating environment hook '/home/jetson/ros2_ws/install/test_jetson/share/test_jetson/hook/pythonpath.sh'
[47.325s] Level 1:colcon.colcon_core.environment:checking '/home/jetson/ros2_ws/install/test_jetson/bin'
[47.325s] Level 1:colcon.colcon_core.environment:create_environment_scripts_only(test_jetson)
[47.407s] INFO:colcon.colcon_core.shell:Creating package script '/home/jetson/ros2_ws/install/test_jetson/share/test_jetson/package.ps1'
[47.409s] INFO:colcon.colcon_core.shell:Creating package descriptor '/home/jetson/ros2_ws/install/test_jetson/share/test_jetson/package.dsv'
[47.411s] INFO:colcon.colcon_core.shell:Creating package script '/home/jetson/ros2_ws/install/test_jetson/share/test_jetson/package.sh'
[47.413s] INFO:colcon.colcon_core.shell:Creating package script '/home/jetson/ros2_ws/install/test_jetson/share/test_jetson/package.bash'
[47.414s] INFO:colcon.colcon_core.shell:Creating package script '/home/jetson/ros2_ws/install/test_jetson/share/test_jetson/package.zsh'
[47.415s] Level 1:colcon.colcon_core.environment:create_file_with_runtime_dependencies(/home/jetson/ros2_ws/install/test_jetson/share/colcon-core/packages/test_jetson)
[47.417s] DEBUG:colcon.colcon_parallel_executor.executor.parallel:closing loop
[47.418s] DEBUG:colcon.colcon_parallel_executor.executor.parallel:loop closed
[47.419s] DEBUG:colcon.colcon_parallel_executor.executor.parallel:run_until_complete finished with '0'
[47.419s] DEBUG:colcon.colcon_core.event_reactor:joining thread
[47.549s] INFO:colcon.colcon_core.plugin_system:Skipping extension 'colcon_notification.desktop_notification.terminal_notifier': Not used on non-Darwin systems
[47.550s] INFO:colcon.colcon_core.plugin_system:Skipping extension 'colcon_notification.desktop_notification.win32': Not used on non-Windows systems
[47.550s] INFO:colcon.colcon_notification.desktop_notification:Sending desktop notification using 'notify2'
[47.618s] DEBUG:colcon.colcon_core.event_reactor:joined thread
[47.712s] INFO:colcon.colcon_core.shell:Creating prefix script '/home/jetson/ros2_ws/install/local_setup.ps1'
[47.718s] INFO:colcon.colcon_core.shell:Creating prefix util module '/home/jetson/ros2_ws/install/_local_setup_util_ps1.py'
[47.725s] INFO:colcon.colcon_core.shell:Creating prefix chain script '/home/jetson/ros2_ws/install/setup.ps1'
[47.821s] INFO:colcon.colcon_core.shell:Creating prefix script '/home/jetson/ros2_ws/install/local_setup.sh'
[47.826s] INFO:colcon.colcon_core.shell:Creating prefix util module '/home/jetson/ros2_ws/install/_local_setup_util_sh.py'
[47.828s] INFO:colcon.colcon_core.shell:Creating prefix chain script '/home/jetson/ros2_ws/install/setup.sh'
[47.917s] INFO:colcon.colcon_core.shell:Creating prefix script '/home/jetson/ros2_ws/install/local_setup.bash'
[47.922s] INFO:colcon.colcon_core.shell:Creating prefix chain script '/home/jetson/ros2_ws/install/setup.bash'
[48.014s] INFO:colcon.colcon_core.shell:Creating prefix script '/home/jetson/ros2_ws/install/local_setup.zsh'
[48.020s] INFO:colcon.colcon_core.shell:Creating prefix chain script '/home/jetson/ros2_ws/install/setup.zsh'
