[18.302s] DEBUG:colcon:Command line arguments: ['/usr/bin/colcon', 'build']
[18.302s] DEBUG:colcon:Parsed command line arguments: Namespace(allow_overriding=[], ament_cmake_args=None, base_paths=['.'], build_base='build', catkin_cmake_args=None, catkin_skip_building_tests=False, cmake_args=None, cmake_clean_cache=False, cmake_clean_first=False, cmake_force_configure=False, cmake_target=None, cmake_target_skip_unavailable=False, continue_on_error=False, event_handlers=None, executor='parallel', ignore_user_meta=False, install_base='install', log_base=None, log_level=None, main=<bound method BuildVerb.main of <colcon_core.verb.build.BuildVerb object at 0x7fadce27f0>>, merge_install=False, metas=['./colcon.meta'], packages_above=None, packages_above_and_dependencies=None, packages_above_depth=None, packages_end=None, packages_ignore=None, packages_ignore_regex=None, packages_select=None, packages_select_build_failed=False, packages_select_by_dep=None, packages_select_regex=None, packages_select_test_failures=False, packages_skip=None, packages_skip_build_finished=False, packages_skip_by_dep=None, packages_skip_regex=None, packages_skip_test_passed=False, packages_skip_up_to=None, packages_start=None, packages_up_to=None, packages_up_to_regex=None, parallel_workers=4, paths=None, symlink_install=False, test_result_base=None, verb_extension=<colcon_core.verb.build.BuildVerb object at 0x7fadce27f0>, verb_name='build', verb_parser=<colcon_defaults.argument_parser.defaults.DefaultArgumentsDecorator object at 0x7fadc7df40>)
[18.959s] Level 1:colcon.colcon_core.package_discovery:discover_packages(colcon_meta) check parameters
[18.960s] Level 1:colcon.colcon_core.package_discovery:discover_packages(recursive) check parameters
[18.960s] Level 1:colcon.colcon_core.package_discovery:discover_packages(ignore) check parameters
[18.960s] Level 1:colcon.colcon_core.package_discovery:discover_packages(path) check parameters
[18.960s] Level 1:colcon.colcon_core.package_discovery:discover_packages(colcon_meta) discover
[18.960s] Level 1:colcon.colcon_core.package_discovery:discover_packages(recursive) discover
[18.961s] INFO:colcon.colcon_core.package_discovery:Crawling recursively for packages in '/home/jetson/ros2_ws'
[18.961s] Level 1:colcon.colcon_core.package_identification:_identify(.) by extensions ['ignore', 'ignore_ament_install']
[18.961s] Level 1:colcon.colcon_core.package_identification:_identify(.) by extension 'ignore'
[18.962s] Level 1:colcon.colcon_core.package_identification:_identify(.) by extension 'ignore_ament_install'
[18.962s] Level 1:colcon.colcon_core.package_identification:_identify(.) by extensions ['colcon_pkg']
[18.962s] Level 1:colcon.colcon_core.package_identification:_identify(.) by extension 'colcon_pkg'
[18.962s] Level 1:colcon.colcon_core.package_identification:_identify(.) by extensions ['colcon_meta']
[18.962s] Level 1:colcon.colcon_core.package_identification:_identify(.) by extension 'colcon_meta'
[18.963s] Level 1:colcon.colcon_core.package_identification:_identify(.) by extensions ['ros']
[18.963s] Level 1:colcon.colcon_core.package_identification:_identify(.) by extension 'ros'
[19.025s] Level 1:colcon.colcon_core.package_identification:_identify(.) by extensions ['cmake', 'python']
[19.025s] Level 1:colcon.colcon_core.package_identification:_identify(.) by extension 'cmake'
[19.026s] Level 1:colcon.colcon_core.package_identification:_identify(.) by extension 'python'
[19.026s] Level 1:colcon.colcon_core.package_identification:_identify(.) by extensions ['python_setup_py']
[19.026s] Level 1:colcon.colcon_core.package_identification:_identify(.) by extension 'python_setup_py'
[19.027s] Level 1:colcon.colcon_core.package_identification:_identify(build) by extensions ['ignore', 'ignore_ament_install']
[19.027s] Level 1:colcon.colcon_core.package_identification:_identify(build) by extension 'ignore'
[19.027s] Level 1:colcon.colcon_core.package_identification:_identify(build) ignored
[19.028s] Level 1:colcon.colcon_core.package_identification:_identify(install) by extensions ['ignore', 'ignore_ament_install']
[19.028s] Level 1:colcon.colcon_core.package_identification:_identify(install) by extension 'ignore'
[19.029s] Level 1:colcon.colcon_core.package_identification:_identify(install) ignored
[19.029s] Level 1:colcon.colcon_core.package_identification:_identify(log) by extensions ['ignore', 'ignore_ament_install']
[19.030s] Level 1:colcon.colcon_core.package_identification:_identify(log) by extension 'ignore'
[19.030s] Level 1:colcon.colcon_core.package_identification:_identify(log) ignored
[19.030s] Level 1:colcon.colcon_core.package_identification:_identify(src) by extensions ['ignore', 'ignore_ament_install']
[19.031s] Level 1:colcon.colcon_core.package_identification:_identify(src) by extension 'ignore'
[19.031s] Level 1:colcon.colcon_core.package_identification:_identify(src) by extension 'ignore_ament_install'
[19.031s] Level 1:colcon.colcon_core.package_identification:_identify(src) by extensions ['colcon_pkg']
[19.031s] Level 1:colcon.colcon_core.package_identification:_identify(src) by extension 'colcon_pkg'
[19.031s] Level 1:colcon.colcon_core.package_identification:_identify(src) by extensions ['colcon_meta']
[19.032s] Level 1:colcon.colcon_core.package_identification:_identify(src) by extension 'colcon_meta'
[19.032s] Level 1:colcon.colcon_core.package_identification:_identify(src) by extensions ['ros']
[19.032s] Level 1:colcon.colcon_core.package_identification:_identify(src) by extension 'ros'
[19.032s] Level 1:colcon.colcon_core.package_identification:_identify(src) by extensions ['cmake', 'python']
[19.032s] Level 1:colcon.colcon_core.package_identification:_identify(src) by extension 'cmake'
[19.033s] Level 1:colcon.colcon_core.package_identification:_identify(src) by extension 'python'
[19.033s] Level 1:colcon.colcon_core.package_identification:_identify(src) by extensions ['python_setup_py']
[19.033s] Level 1:colcon.colcon_core.package_identification:_identify(src) by extension 'python_setup_py'
[19.033s] Level 1:colcon.colcon_core.package_identification:_identify(src/bluespace_ai_xsens_ros_mti_driver) by extensions ['ignore', 'ignore_ament_install']
[19.034s] Level 1:colcon.colcon_core.package_identification:_identify(src/bluespace_ai_xsens_ros_mti_driver) by extension 'ignore'
[19.034s] Level 1:colcon.colcon_core.package_identification:_identify(src/bluespace_ai_xsens_ros_mti_driver) by extension 'ignore_ament_install'
[19.034s] Level 1:colcon.colcon_core.package_identification:_identify(src/bluespace_ai_xsens_ros_mti_driver) by extensions ['colcon_pkg']
[19.034s] Level 1:colcon.colcon_core.package_identification:_identify(src/bluespace_ai_xsens_ros_mti_driver) by extension 'colcon_pkg'
[19.034s] Level 1:colcon.colcon_core.package_identification:_identify(src/bluespace_ai_xsens_ros_mti_driver) by extensions ['colcon_meta']
[19.035s] Level 1:colcon.colcon_core.package_identification:_identify(src/bluespace_ai_xsens_ros_mti_driver) by extension 'colcon_meta'
[19.035s] Level 1:colcon.colcon_core.package_identification:_identify(src/bluespace_ai_xsens_ros_mti_driver) by extensions ['ros']
[19.035s] Level 1:colcon.colcon_core.package_identification:_identify(src/bluespace_ai_xsens_ros_mti_driver) by extension 'ros'
[19.046s] DEBUG:colcon.colcon_core.package_identification:Package 'src/bluespace_ai_xsens_ros_mti_driver' with type 'ros.ament_cmake' and name 'bluespace_ai_xsens_mti_driver'
[19.046s] Level 1:colcon.colcon_core.package_identification:_identify(src/jetracer_description) by extensions ['ignore', 'ignore_ament_install']
[19.047s] Level 1:colcon.colcon_core.package_identification:_identify(src/jetracer_description) by extension 'ignore'
[19.047s] Level 1:colcon.colcon_core.package_identification:_identify(src/jetracer_description) by extension 'ignore_ament_install'
[19.047s] Level 1:colcon.colcon_core.package_identification:_identify(src/jetracer_description) by extensions ['colcon_pkg']
[19.047s] Level 1:colcon.colcon_core.package_identification:_identify(src/jetracer_description) by extension 'colcon_pkg'
[19.048s] Level 1:colcon.colcon_core.package_identification:_identify(src/jetracer_description) by extensions ['colcon_meta']
[19.048s] Level 1:colcon.colcon_core.package_identification:_identify(src/jetracer_description) by extension 'colcon_meta'
[19.048s] Level 1:colcon.colcon_core.package_identification:_identify(src/jetracer_description) by extensions ['ros']
[19.048s] Level 1:colcon.colcon_core.package_identification:_identify(src/jetracer_description) by extension 'ros'
[19.052s] DEBUG:colcon.colcon_core.package_identification:Package 'src/jetracer_description' with type 'ros.ament_python' and name 'jetracer_description'
[19.052s] Level 1:colcon.colcon_core.package_identification:_identify(src/jetson) by extensions ['ignore', 'ignore_ament_install']
[19.053s] Level 1:colcon.colcon_core.package_identification:_identify(src/jetson) by extension 'ignore'
[19.053s] Level 1:colcon.colcon_core.package_identification:_identify(src/jetson) by extension 'ignore_ament_install'
[19.053s] Level 1:colcon.colcon_core.package_identification:_identify(src/jetson) by extensions ['colcon_pkg']
[19.053s] Level 1:colcon.colcon_core.package_identification:_identify(src/jetson) by extension 'colcon_pkg'
[19.054s] Level 1:colcon.colcon_core.package_identification:_identify(src/jetson) by extensions ['colcon_meta']
[19.054s] Level 1:colcon.colcon_core.package_identification:_identify(src/jetson) by extension 'colcon_meta'
[19.054s] Level 1:colcon.colcon_core.package_identification:_identify(src/jetson) by extensions ['ros']
[19.054s] Level 1:colcon.colcon_core.package_identification:_identify(src/jetson) by extension 'ros'
[19.057s] DEBUG:colcon.colcon_core.package_identification:Package 'src/jetson' with type 'ros.ament_python' and name 'jetson'
[19.058s] Level 1:colcon.colcon_core.package_identification:_identify(src/kalman_filter_jetracer) by extensions ['ignore', 'ignore_ament_install']
[19.058s] Level 1:colcon.colcon_core.package_identification:_identify(src/kalman_filter_jetracer) by extension 'ignore'
[19.058s] Level 1:colcon.colcon_core.package_identification:_identify(src/kalman_filter_jetracer) by extension 'ignore_ament_install'
[19.058s] Level 1:colcon.colcon_core.package_identification:_identify(src/kalman_filter_jetracer) by extensions ['colcon_pkg']
[19.058s] Level 1:colcon.colcon_core.package_identification:_identify(src/kalman_filter_jetracer) by extension 'colcon_pkg'
[19.059s] Level 1:colcon.colcon_core.package_identification:_identify(src/kalman_filter_jetracer) by extensions ['colcon_meta']
[19.059s] Level 1:colcon.colcon_core.package_identification:_identify(src/kalman_filter_jetracer) by extension 'colcon_meta'
[19.059s] Level 1:colcon.colcon_core.package_identification:_identify(src/kalman_filter_jetracer) by extensions ['ros']
[19.059s] Level 1:colcon.colcon_core.package_identification:_identify(src/kalman_filter_jetracer) by extension 'ros'
[19.063s] DEBUG:colcon.colcon_core.package_identification:Package 'src/kalman_filter_jetracer' with type 'ros.ament_python' and name 'kalman_filter_jetracer'
[19.063s] Level 1:colcon.colcon_core.package_identification:_identify(src/realsens_speed_sens) by extensions ['ignore', 'ignore_ament_install']
[19.064s] Level 1:colcon.colcon_core.package_identification:_identify(src/realsens_speed_sens) by extension 'ignore'
[19.064s] Level 1:colcon.colcon_core.package_identification:_identify(src/realsens_speed_sens) by extension 'ignore_ament_install'
[19.065s] Level 1:colcon.colcon_core.package_identification:_identify(src/realsens_speed_sens) by extensions ['colcon_pkg']
[19.065s] Level 1:colcon.colcon_core.package_identification:_identify(src/realsens_speed_sens) by extension 'colcon_pkg'
[19.065s] Level 1:colcon.colcon_core.package_identification:_identify(src/realsens_speed_sens) by extensions ['colcon_meta']
[19.065s] Level 1:colcon.colcon_core.package_identification:_identify(src/realsens_speed_sens) by extension 'colcon_meta'
[19.065s] Level 1:colcon.colcon_core.package_identification:_identify(src/realsens_speed_sens) by extensions ['ros']
[19.066s] Level 1:colcon.colcon_core.package_identification:_identify(src/realsens_speed_sens) by extension 'ros'
[19.070s] DEBUG:colcon.colcon_core.package_identification:Package 'src/realsens_speed_sens' with type 'ros.ament_python' and name 'test_jetson'
[19.070s] Level 1:colcon.colcon_core.package_discovery:discover_packages(recursive) using defaults
[19.071s] Level 1:colcon.colcon_core.package_discovery:discover_packages(ignore) discover
[19.071s] Level 1:colcon.colcon_core.package_discovery:discover_packages(ignore) using defaults
[19.071s] Level 1:colcon.colcon_core.package_discovery:discover_packages(path) discover
[19.071s] Level 1:colcon.colcon_core.package_discovery:discover_packages(path) using defaults
[19.562s] Level 1:colcon.colcon_core.package_discovery:discover_packages(prefix_path) check parameters
[19.562s] Level 1:colcon.colcon_core.package_discovery:discover_packages(prefix_path) discover
[19.733s] DEBUG:colcon.colcon_installed_package_information.package_discovery:Found 5 installed packages in /home/jetson/ros2_ws/install
[19.821s] DEBUG:colcon.colcon_installed_package_information.package_discovery:Found 281 installed packages in /opt/ros/galactic
[19.830s] Level 1:colcon.colcon_core.package_discovery:discover_packages(prefix_path) using defaults
[20.471s] Level 5:colcon.colcon_core.verb:set package 'bluespace_ai_xsens_mti_driver' build argument 'cmake_args' from command line to 'None'
[20.472s] Level 5:colcon.colcon_core.verb:set package 'bluespace_ai_xsens_mti_driver' build argument 'cmake_target' from command line to 'None'
[20.472s] Level 5:colcon.colcon_core.verb:set package 'bluespace_ai_xsens_mti_driver' build argument 'cmake_target_skip_unavailable' from command line to 'False'
[20.472s] Level 5:colcon.colcon_core.verb:set package 'bluespace_ai_xsens_mti_driver' build argument 'cmake_clean_cache' from command line to 'False'
[20.472s] Level 5:colcon.colcon_core.verb:set package 'bluespace_ai_xsens_mti_driver' build argument 'cmake_clean_first' from command line to 'False'
[20.472s] Level 5:colcon.colcon_core.verb:set package 'bluespace_ai_xsens_mti_driver' build argument 'cmake_force_configure' from command line to 'False'
[20.472s] Level 5:colcon.colcon_core.verb:set package 'bluespace_ai_xsens_mti_driver' build argument 'ament_cmake_args' from command line to 'None'
[20.472s] Level 5:colcon.colcon_core.verb:set package 'bluespace_ai_xsens_mti_driver' build argument 'catkin_cmake_args' from command line to 'None'
[20.472s] Level 5:colcon.colcon_core.verb:set package 'bluespace_ai_xsens_mti_driver' build argument 'catkin_skip_building_tests' from command line to 'False'
[20.473s] DEBUG:colcon.colcon_core.verb:Building package 'bluespace_ai_xsens_mti_driver' with the following arguments: {'ament_cmake_args': None, 'build_base': '/home/jetson/ros2_ws/build/bluespace_ai_xsens_mti_driver', 'catkin_cmake_args': None, 'catkin_skip_building_tests': False, 'cmake_args': None, 'cmake_clean_cache': False, 'cmake_clean_first': False, 'cmake_force_configure': False, 'cmake_target': None, 'cmake_target_skip_unavailable': False, 'install_base': '/home/jetson/ros2_ws/install/bluespace_ai_xsens_mti_driver', 'merge_install': False, 'path': '/home/jetson/ros2_ws/src/bluespace_ai_xsens_ros_mti_driver', 'symlink_install': False, 'test_result_base': None}
[20.557s] Level 5:colcon.colcon_core.verb:set package 'jetracer_description' build argument 'cmake_args' from command line to 'None'
[20.557s] Level 5:colcon.colcon_core.verb:set package 'jetracer_description' build argument 'cmake_target' from command line to 'None'
[20.557s] Level 5:colcon.colcon_core.verb:set package 'jetracer_description' build argument 'cmake_target_skip_unavailable' from command line to 'False'
[20.557s] Level 5:colcon.colcon_core.verb:set package 'jetracer_description' build argument 'cmake_clean_cache' from command line to 'False'
[20.557s] Level 5:colcon.colcon_core.verb:set package 'jetracer_description' build argument 'cmake_clean_first' from command line to 'False'
[20.558s] Level 5:colcon.colcon_core.verb:set package 'jetracer_description' build argument 'cmake_force_configure' from command line to 'False'
[20.558s] Level 5:colcon.colcon_core.verb:set package 'jetracer_description' build argument 'ament_cmake_args' from command line to 'None'
[20.558s] Level 5:colcon.colcon_core.verb:set package 'jetracer_description' build argument 'catkin_cmake_args' from command line to 'None'
[20.558s] Level 5:colcon.colcon_core.verb:set package 'jetracer_description' build argument 'catkin_skip_building_tests' from command line to 'False'
[20.558s] DEBUG:colcon.colcon_core.verb:Building package 'jetracer_description' with the following arguments: {'ament_cmake_args': None, 'build_base': '/home/jetson/ros2_ws/build/jetracer_description', 'catkin_cmake_args': None, 'catkin_skip_building_tests': False, 'cmake_args': None, 'cmake_clean_cache': False, 'cmake_clean_first': False, 'cmake_force_configure': False, 'cmake_target': None, 'cmake_target_skip_unavailable': False, 'install_base': '/home/jetson/ros2_ws/install/jetracer_description', 'merge_install': False, 'path': '/home/jetson/ros2_ws/src/jetracer_description', 'symlink_install': False, 'test_result_base': None}
[20.642s] Level 5:colcon.colcon_core.verb:set package 'jetson' build argument 'cmake_args' from command line to 'None'
[20.642s] Level 5:colcon.colcon_core.verb:set package 'jetson' build argument 'cmake_target' from command line to 'None'
[20.642s] Level 5:colcon.colcon_core.verb:set package 'jetson' build argument 'cmake_target_skip_unavailable' from command line to 'False'
[20.642s] Level 5:colcon.colcon_core.verb:set package 'jetson' build argument 'cmake_clean_cache' from command line to 'False'
[20.642s] Level 5:colcon.colcon_core.verb:set package 'jetson' build argument 'cmake_clean_first' from command line to 'False'
[20.642s] Level 5:colcon.colcon_core.verb:set package 'jetson' build argument 'cmake_force_configure' from command line to 'False'
[20.642s] Level 5:colcon.colcon_core.verb:set package 'jetson' build argument 'ament_cmake_args' from command line to 'None'
[20.643s] Level 5:colcon.colcon_core.verb:set package 'jetson' build argument 'catkin_cmake_args' from command line to 'None'
[20.643s] Level 5:colcon.colcon_core.verb:set package 'jetson' build argument 'catkin_skip_building_tests' from command line to 'False'
[20.643s] DEBUG:colcon.colcon_core.verb:Building package 'jetson' with the following arguments: {'ament_cmake_args': None, 'build_base': '/home/jetson/ros2_ws/build/jetson', 'catkin_cmake_args': None, 'catkin_skip_building_tests': False, 'cmake_args': None, 'cmake_clean_cache': False, 'cmake_clean_first': False, 'cmake_force_configure': False, 'cmake_target': None, 'cmake_target_skip_unavailable': False, 'install_base': '/home/jetson/ros2_ws/install/jetson', 'merge_install': False, 'path': '/home/jetson/ros2_ws/src/jetson', 'symlink_install': False, 'test_result_base': None}
[20.730s] Level 5:colcon.colcon_core.verb:set package 'kalman_filter_jetracer' build argument 'cmake_args' from command line to 'None'
[20.730s] Level 5:colcon.colcon_core.verb:set package 'kalman_filter_jetracer' build argument 'cmake_target' from command line to 'None'
[20.730s] Level 5:colcon.colcon_core.verb:set package 'kalman_filter_jetracer' build argument 'cmake_target_skip_unavailable' from command line to 'False'
[20.730s] Level 5:colcon.colcon_core.verb:set package 'kalman_filter_jetracer' build argument 'cmake_clean_cache' from command line to 'False'
[20.731s] Level 5:colcon.colcon_core.verb:set package 'kalman_filter_jetracer' build argument 'cmake_clean_first' from command line to 'False'
[20.731s] Level 5:colcon.colcon_core.verb:set package 'kalman_filter_jetracer' build argument 'cmake_force_configure' from command line to 'False'
[20.731s] Level 5:colcon.colcon_core.verb:set package 'kalman_filter_jetracer' build argument 'ament_cmake_args' from command line to 'None'
[20.731s] Level 5:colcon.colcon_core.verb:set package 'kalman_filter_jetracer' build argument 'catkin_cmake_args' from command line to 'None'
[20.731s] Level 5:colcon.colcon_core.verb:set package 'kalman_filter_jetracer' build argument 'catkin_skip_building_tests' from command line to 'False'
[20.731s] DEBUG:colcon.colcon_core.verb:Building package 'kalman_filter_jetracer' with the following arguments: {'ament_cmake_args': None, 'build_base': '/home/jetson/ros2_ws/build/kalman_filter_jetracer', 'catkin_cmake_args': None, 'catkin_skip_building_tests': False, 'cmake_args': None, 'cmake_clean_cache': False, 'cmake_clean_first': False, 'cmake_force_configure': False, 'cmake_target': None, 'cmake_target_skip_unavailable': False, 'install_base': '/home/jetson/ros2_ws/install/kalman_filter_jetracer', 'merge_install': False, 'path': '/home/jetson/ros2_ws/src/kalman_filter_jetracer', 'symlink_install': False, 'test_result_base': None}
[20.814s] Level 5:colcon.colcon_core.verb:set package 'test_jetson' build argument 'cmake_args' from command line to 'None'
[20.814s] Level 5:colcon.colcon_core.verb:set package 'test_jetson' build argument 'cmake_target' from command line to 'None'
[20.815s] Level 5:colcon.colcon_core.verb:set package 'test_jetson' build argument 'cmake_target_skip_unavailable' from command line to 'False'
[20.815s] Level 5:colcon.colcon_core.verb:set package 'test_jetson' build argument 'cmake_clean_cache' from command line to 'False'
[20.815s] Level 5:colcon.colcon_core.verb:set package 'test_jetson' build argument 'cmake_clean_first' from command line to 'False'
[20.815s] Level 5:colcon.colcon_core.verb:set package 'test_jetson' build argument 'cmake_force_configure' from command line to 'False'
[20.815s] Level 5:colcon.colcon_core.verb:set package 'test_jetson' build argument 'ament_cmake_args' from command line to 'None'
[20.815s] Level 5:colcon.colcon_core.verb:set package 'test_jetson' build argument 'catkin_cmake_args' from command line to 'None'
[20.815s] Level 5:colcon.colcon_core.verb:set package 'test_jetson' build argument 'catkin_skip_building_tests' from command line to 'False'
[20.816s] DEBUG:colcon.colcon_core.verb:Building package 'test_jetson' with the following arguments: {'ament_cmake_args': None, 'build_base': '/home/jetson/ros2_ws/build/test_jetson', 'catkin_cmake_args': None, 'catkin_skip_building_tests': False, 'cmake_args': None, 'cmake_clean_cache': False, 'cmake_clean_first': False, 'cmake_force_configure': False, 'cmake_target': None, 'cmake_target_skip_unavailable': False, 'install_base': '/home/jetson/ros2_ws/install/test_jetson', 'merge_install': False, 'path': '/home/jetson/ros2_ws/src/realsens_speed_sens', 'symlink_install': False, 'test_result_base': None}
[20.897s] INFO:colcon.colcon_core.executor:Executing jobs using 'parallel' executor
[20.982s] DEBUG:colcon.colcon_parallel_executor.executor.parallel:run_until_complete
[20.983s] INFO:colcon.colcon_ros.task.ament_cmake.build:Building ROS package in '/home/jetson/ros2_ws/src/bluespace_ai_xsens_ros_mti_driver' with build type 'ament_cmake'
[20.984s] INFO:colcon.colcon_cmake.task.cmake.build:Building CMake package in '/home/jetson/ros2_ws/src/bluespace_ai_xsens_ros_mti_driver'
[21.087s] INFO:colcon.colcon_core.plugin_system:Skipping extension 'colcon_core.shell.bat': Not used on non-Windows systems
[21.088s] INFO:colcon.colcon_core.shell:Skip shell extension 'powershell' for command environment: Not usable outside of PowerShell
[21.088s] DEBUG:colcon.colcon_core.shell:Skip shell extension 'dsv' for command environment
[21.378s] INFO:colcon.colcon_ros.task.ament_python.build:Building ROS package in '/home/jetson/ros2_ws/src/jetracer_description' with build type 'ament_python'
[21.380s] Level 1:colcon.colcon_core.shell:create_environment_hook('jetracer_description', 'ament_prefix_path')
[21.494s] INFO:colcon.colcon_core.shell:Creating environment hook '/home/jetson/ros2_ws/install/jetracer_description/share/jetracer_description/hook/ament_prefix_path.ps1'
[21.498s] INFO:colcon.colcon_core.shell:Creating environment descriptor '/home/jetson/ros2_ws/install/jetracer_description/share/jetracer_description/hook/ament_prefix_path.dsv'
[21.500s] INFO:colcon.colcon_core.shell:Creating environment hook '/home/jetson/ros2_ws/install/jetracer_description/share/jetracer_description/hook/ament_prefix_path.sh'
[21.600s] INFO:colcon.colcon_core.shell:Skip shell extension 'powershell' for command environment: Not usable outside of PowerShell
[21.600s] DEBUG:colcon.colcon_core.shell:Skip shell extension 'dsv' for command environment
[21.910s] INFO:colcon.colcon_ros.task.ament_python.build:Building ROS package in '/home/jetson/ros2_ws/src/jetson' with build type 'ament_python'
[21.911s] Level 1:colcon.colcon_core.shell:create_environment_hook('jetson', 'ament_prefix_path')
[22.011s] INFO:colcon.colcon_core.shell:Creating environment hook '/home/jetson/ros2_ws/install/jetson/share/jetson/hook/ament_prefix_path.ps1'
[22.013s] INFO:colcon.colcon_core.shell:Creating environment descriptor '/home/jetson/ros2_ws/install/jetson/share/jetson/hook/ament_prefix_path.dsv'
[22.015s] INFO:colcon.colcon_core.shell:Creating environment hook '/home/jetson/ros2_ws/install/jetson/share/jetson/hook/ament_prefix_path.sh'
[22.130s] INFO:colcon.colcon_core.shell:Skip shell extension 'powershell' for command environment: Not usable outside of PowerShell
[22.130s] DEBUG:colcon.colcon_core.shell:Skip shell extension 'dsv' for command environment
[22.407s] INFO:colcon.colcon_ros.task.ament_python.build:Building ROS package in '/home/jetson/ros2_ws/src/kalman_filter_jetracer' with build type 'ament_python'
[22.408s] Level 1:colcon.colcon_core.shell:create_environment_hook('kalman_filter_jetracer', 'ament_prefix_path')
[22.508s] INFO:colcon.colcon_core.shell:Creating environment hook '/home/jetson/ros2_ws/install/kalman_filter_jetracer/share/kalman_filter_jetracer/hook/ament_prefix_path.ps1'
[22.510s] INFO:colcon.colcon_core.shell:Creating environment descriptor '/home/jetson/ros2_ws/install/kalman_filter_jetracer/share/kalman_filter_jetracer/hook/ament_prefix_path.dsv'
[22.511s] INFO:colcon.colcon_core.shell:Creating environment hook '/home/jetson/ros2_ws/install/kalman_filter_jetracer/share/kalman_filter_jetracer/hook/ament_prefix_path.sh'
[22.603s] INFO:colcon.colcon_core.shell:Skip shell extension 'powershell' for command environment: Not usable outside of PowerShell
[22.603s] DEBUG:colcon.colcon_core.shell:Skip shell extension 'dsv' for command environment
[22.910s] DEBUG:colcon.colcon_core.event_handler.log_command:Invoking command in '/home/jetson/ros2_ws/build/bluespace_ai_xsens_mti_driver': CMAKE_PREFIX_PATH=${CMAKE_PREFIX_PATH}:/home/jetson/ros2_ws/install/test_jetson:/home/jetson/ros2_ws/install/kalman_filter_jetracer:/home/jetson/ros2_ws/install/jetson:/home/jetson/ros2_ws/install/jetracer_description:/opt/ros/galactic /usr/bin/cmake --build /home/jetson/ros2_ws/build/bluespace_ai_xsens_mti_driver -- -j4 -l4
[25.198s] INFO:colcon.colcon_core.task.python.build:Building Python package in '/home/jetson/ros2_ws/src/jetracer_description'
[25.288s] INFO:colcon.colcon_core.shell:Skip shell extension 'powershell' for command environment: Not usable outside of PowerShell
[25.288s] DEBUG:colcon.colcon_core.shell:Skip shell extension 'dsv' for command environment
[27.870s] INFO:colcon.colcon_core.task.python.build:Building Python package in '/home/jetson/ros2_ws/src/jetson'
[27.958s] INFO:colcon.colcon_core.shell:Skip shell extension 'powershell' for command environment: Not usable outside of PowerShell
[27.958s] DEBUG:colcon.colcon_core.shell:Skip shell extension 'dsv' for command environment
[30.455s] INFO:colcon.colcon_core.task.python.build:Building Python package in '/home/jetson/ros2_ws/src/kalman_filter_jetracer'
[30.547s] INFO:colcon.colcon_core.shell:Skip shell extension 'powershell' for command environment: Not usable outside of PowerShell
[30.547s] DEBUG:colcon.colcon_core.shell:Skip shell extension 'dsv' for command environment
[30.843s] DEBUG:colcon.colcon_core.event_handler.log_command:Invoked command in '/home/jetson/ros2_ws/build/bluespace_ai_xsens_mti_driver' returned '0': CMAKE_PREFIX_PATH=${CMAKE_PREFIX_PATH}:/home/jetson/ros2_ws/install/test_jetson:/home/jetson/ros2_ws/install/kalman_filter_jetracer:/home/jetson/ros2_ws/install/jetson:/home/jetson/ros2_ws/install/jetracer_description:/opt/ros/galactic /usr/bin/cmake --build /home/jetson/ros2_ws/build/bluespace_ai_xsens_mti_driver -- -j4 -l4
[31.040s] DEBUG:colcon.colcon_core.event_handler.log_command:Invoking command in '/home/jetson/ros2_ws/build/bluespace_ai_xsens_mti_driver': CMAKE_PREFIX_PATH=${CMAKE_PREFIX_PATH}:/home/jetson/ros2_ws/install/test_jetson:/home/jetson/ros2_ws/install/kalman_filter_jetracer:/home/jetson/ros2_ws/install/jetson:/home/jetson/ros2_ws/install/jetracer_description:/opt/ros/galactic /usr/bin/cmake --install /home/jetson/ros2_ws/build/bluespace_ai_xsens_mti_driver
[31.113s] Level 1:colcon.colcon_core.environment:create_environment_scripts_only(bluespace_ai_xsens_mti_driver)
[31.141s] DEBUG:colcon.colcon_core.event_handler.log_command:Invoked command in '/home/jetson/ros2_ws/build/bluespace_ai_xsens_mti_driver' returned '0': CMAKE_PREFIX_PATH=${CMAKE_PREFIX_PATH}:/home/jetson/ros2_ws/install/test_jetson:/home/jetson/ros2_ws/install/kalman_filter_jetracer:/home/jetson/ros2_ws/install/jetson:/home/jetson/ros2_ws/install/jetracer_description:/opt/ros/galactic /usr/bin/cmake --install /home/jetson/ros2_ws/build/bluespace_ai_xsens_mti_driver
[31.300s] Level 1:colcon.colcon_core.environment:checking '/home/jetson/ros2_ws/install/bluespace_ai_xsens_mti_driver' for CMake module files
[31.303s] Level 1:colcon.colcon_core.environment:checking '/home/jetson/ros2_ws/install/bluespace_ai_xsens_mti_driver' for CMake config files
[31.304s] Level 1:colcon.colcon_core.shell:create_environment_hook('bluespace_ai_xsens_mti_driver', 'cmake_prefix_path')
[31.449s] INFO:colcon.colcon_core.shell:Creating environment hook '/home/jetson/ros2_ws/install/bluespace_ai_xsens_mti_driver/share/bluespace_ai_xsens_mti_driver/hook/cmake_prefix_path.ps1'
[31.452s] INFO:colcon.colcon_core.shell:Creating environment descriptor '/home/jetson/ros2_ws/install/bluespace_ai_xsens_mti_driver/share/bluespace_ai_xsens_mti_driver/hook/cmake_prefix_path.dsv'
[31.454s] INFO:colcon.colcon_core.shell:Creating environment hook '/home/jetson/ros2_ws/install/bluespace_ai_xsens_mti_driver/share/bluespace_ai_xsens_mti_driver/hook/cmake_prefix_path.sh'
[31.457s] Level 1:colcon.colcon_core.environment:checking '/home/jetson/ros2_ws/install/bluespace_ai_xsens_mti_driver/lib'
[31.458s] Level 1:colcon.colcon_core.environment:checking '/home/jetson/ros2_ws/install/bluespace_ai_xsens_mti_driver/bin'
[31.458s] Level 1:colcon.colcon_core.environment:checking '/home/jetson/ros2_ws/install/bluespace_ai_xsens_mti_driver/lib/pkgconfig/bluespace_ai_xsens_mti_driver.pc'
[31.459s] Level 1:colcon.colcon_core.environment:checking '/home/jetson/ros2_ws/install/bluespace_ai_xsens_mti_driver/lib/python3.8/site-packages'
[31.471s] Level 1:colcon.colcon_core.environment:checking '/home/jetson/ros2_ws/install/bluespace_ai_xsens_mti_driver/bin'
[31.605s] INFO:colcon.colcon_core.shell:Creating package script '/home/jetson/ros2_ws/install/bluespace_ai_xsens_mti_driver/share/bluespace_ai_xsens_mti_driver/package.ps1'
[31.610s] INFO:colcon.colcon_core.shell:Creating package descriptor '/home/jetson/ros2_ws/install/bluespace_ai_xsens_mti_driver/share/bluespace_ai_xsens_mti_driver/package.dsv'
[31.612s] INFO:colcon.colcon_core.shell:Creating package script '/home/jetson/ros2_ws/install/bluespace_ai_xsens_mti_driver/share/bluespace_ai_xsens_mti_driver/package.sh'
[31.616s] INFO:colcon.colcon_core.shell:Creating package script '/home/jetson/ros2_ws/install/bluespace_ai_xsens_mti_driver/share/bluespace_ai_xsens_mti_driver/package.bash'
[31.620s] INFO:colcon.colcon_core.shell:Creating package script '/home/jetson/ros2_ws/install/bluespace_ai_xsens_mti_driver/share/bluespace_ai_xsens_mti_driver/package.zsh'
[31.623s] Level 1:colcon.colcon_core.environment:create_file_with_runtime_dependencies(/home/jetson/ros2_ws/install/bluespace_ai_xsens_mti_driver/share/colcon-core/packages/bluespace_ai_xsens_mti_driver)
[32.017s] Level 1:colcon.colcon_core.environment:create_environment_scripts_only(bluespace_ai_xsens_mti_driver)
[32.168s] Level 1:colcon.colcon_core.environment:checking '/home/jetson/ros2_ws/install/bluespace_ai_xsens_mti_driver' for CMake module files
[32.171s] Level 1:colcon.colcon_core.environment:checking '/home/jetson/ros2_ws/install/bluespace_ai_xsens_mti_driver' for CMake config files
[32.173s] Level 1:colcon.colcon_core.shell:create_environment_hook('bluespace_ai_xsens_mti_driver', 'cmake_prefix_path')
[32.297s] INFO:colcon.colcon_core.shell:Creating environment hook '/home/jetson/ros2_ws/install/bluespace_ai_xsens_mti_driver/share/bluespace_ai_xsens_mti_driver/hook/cmake_prefix_path.ps1'
[32.300s] INFO:colcon.colcon_core.shell:Creating environment descriptor '/home/jetson/ros2_ws/install/bluespace_ai_xsens_mti_driver/share/bluespace_ai_xsens_mti_driver/hook/cmake_prefix_path.dsv'
[32.301s] INFO:colcon.colcon_core.shell:Creating environment hook '/home/jetson/ros2_ws/install/bluespace_ai_xsens_mti_driver/share/bluespace_ai_xsens_mti_driver/hook/cmake_prefix_path.sh'
[32.304s] Level 1:colcon.colcon_core.environment:checking '/home/jetson/ros2_ws/install/bluespace_ai_xsens_mti_driver/lib'
[32.304s] Level 1:colcon.colcon_core.environment:checking '/home/jetson/ros2_ws/install/bluespace_ai_xsens_mti_driver/bin'
[32.305s] Level 1:colcon.colcon_core.environment:checking '/home/jetson/ros2_ws/install/bluespace_ai_xsens_mti_driver/lib/pkgconfig/bluespace_ai_xsens_mti_driver.pc'
[32.306s] Level 1:colcon.colcon_core.environment:checking '/home/jetson/ros2_ws/install/bluespace_ai_xsens_mti_driver/lib/python3.8/site-packages'
[32.307s] Level 1:colcon.colcon_core.environment:checking '/home/jetson/ros2_ws/install/bluespace_ai_xsens_mti_driver/bin'
[32.483s] INFO:colcon.colcon_core.shell:Creating package script '/home/jetson/ros2_ws/install/bluespace_ai_xsens_mti_driver/share/bluespace_ai_xsens_mti_driver/package.ps1'
[32.487s] INFO:colcon.colcon_core.shell:Creating package descriptor '/home/jetson/ros2_ws/install/bluespace_ai_xsens_mti_driver/share/bluespace_ai_xsens_mti_driver/package.dsv'
[32.489s] INFO:colcon.colcon_core.shell:Creating package script '/home/jetson/ros2_ws/install/bluespace_ai_xsens_mti_driver/share/bluespace_ai_xsens_mti_driver/package.sh'
[32.491s] INFO:colcon.colcon_core.shell:Creating package script '/home/jetson/ros2_ws/install/bluespace_ai_xsens_mti_driver/share/bluespace_ai_xsens_mti_driver/package.bash'
[32.505s] INFO:colcon.colcon_core.shell:Creating package script '/home/jetson/ros2_ws/install/bluespace_ai_xsens_mti_driver/share/bluespace_ai_xsens_mti_driver/package.zsh'
[32.507s] Level 1:colcon.colcon_core.environment:create_file_with_runtime_dependencies(/home/jetson/ros2_ws/install/bluespace_ai_xsens_mti_driver/share/colcon-core/packages/bluespace_ai_xsens_mti_driver)
[32.511s] INFO:colcon.colcon_ros.task.ament_python.build:Building ROS package in '/home/jetson/ros2_ws/src/realsens_speed_sens' with build type 'ament_python'
[32.512s] Level 1:colcon.colcon_core.shell:create_environment_hook('test_jetson', 'ament_prefix_path')
[32.724s] INFO:colcon.colcon_core.shell:Creating environment hook '/home/jetson/ros2_ws/install/test_jetson/share/test_jetson/hook/ament_prefix_path.ps1'
[32.727s] INFO:colcon.colcon_core.shell:Creating environment descriptor '/home/jetson/ros2_ws/install/test_jetson/share/test_jetson/hook/ament_prefix_path.dsv'
[32.729s] INFO:colcon.colcon_core.shell:Creating environment hook '/home/jetson/ros2_ws/install/test_jetson/share/test_jetson/hook/ament_prefix_path.sh'
[32.985s] INFO:colcon.colcon_core.shell:Skip shell extension 'powershell' for command environment: Not usable outside of PowerShell
[32.985s] DEBUG:colcon.colcon_core.shell:Skip shell extension 'dsv' for command environment
[36.916s] INFO:colcon.colcon_core.task.python.build:Building Python package in '/home/jetson/ros2_ws/src/realsens_speed_sens'
[37.030s] INFO:colcon.colcon_core.shell:Skip shell extension 'powershell' for command environment: Not usable outside of PowerShell
[37.030s] DEBUG:colcon.colcon_core.shell:Skip shell extension 'dsv' for command environment
[37.321s] DEBUG:colcon.colcon_core.event_handler.log_command:Invoking command in '/home/jetson/ros2_ws/src/jetracer_description': PYTHONPATH=/home/jetson/ros2_ws/build/jetracer_description/prefix_override:/home/jetson/ros2_ws/install/jetracer_description/lib/python3.8/site-packages:${PYTHONPATH} /usr/bin/python3 setup.py egg_info --egg-base ../../build/jetracer_description build --build-base /home/jetson/ros2_ws/build/jetracer_description/build install --record /home/jetson/ros2_ws/build/jetracer_description/install.log --install-scripts $base/lib/jetracer_description --single-version-externally-managed
[37.335s] DEBUG:colcon.colcon_core.event_handler.log_command:Invoking command in '/home/jetson/ros2_ws/src/jetson': PYTHONPATH=/home/jetson/ros2_ws/build/jetson/prefix_override:/home/jetson/ros2_ws/install/jetson/lib/python3.8/site-packages:${PYTHONPATH} /usr/bin/python3 setup.py egg_info --egg-base ../../build/jetson build --build-base /home/jetson/ros2_ws/build/jetson/build install --record /home/jetson/ros2_ws/build/jetson/install.log --single-version-externally-managed
[37.349s] DEBUG:colcon.colcon_core.event_handler.log_command:Invoking command in '/home/jetson/ros2_ws/src/kalman_filter_jetracer': PYTHONPATH=/home/jetson/ros2_ws/build/kalman_filter_jetracer/prefix_override:/home/jetson/ros2_ws/install/kalman_filter_jetracer/lib/python3.8/site-packages:${PYTHONPATH} /usr/bin/python3 setup.py egg_info --egg-base ../../build/kalman_filter_jetracer build --build-base /home/jetson/ros2_ws/build/kalman_filter_jetracer/build install --record /home/jetson/ros2_ws/build/kalman_filter_jetracer/install.log --single-version-externally-managed
[42.341s] DEBUG:colcon.colcon_core.event_handler.log_command:Invoked command in '/home/jetson/ros2_ws/src/kalman_filter_jetracer' returned '0': PYTHONPATH=/home/jetson/ros2_ws/build/kalman_filter_jetracer/prefix_override:/home/jetson/ros2_ws/install/kalman_filter_jetracer/lib/python3.8/site-packages:${PYTHONPATH} /usr/bin/python3 setup.py egg_info --egg-base ../../build/kalman_filter_jetracer build --build-base /home/jetson/ros2_ws/build/kalman_filter_jetracer/build install --record /home/jetson/ros2_ws/build/kalman_filter_jetracer/install.log --single-version-externally-managed
[42.497s] Level 1:colcon.colcon_core.environment:checking '/home/jetson/ros2_ws/install/kalman_filter_jetracer' for CMake module files
[42.500s] Level 1:colcon.colcon_core.environment:checking '/home/jetson/ros2_ws/install/kalman_filter_jetracer' for CMake config files
[42.502s] Level 1:colcon.colcon_core.environment:checking '/home/jetson/ros2_ws/install/kalman_filter_jetracer/lib'
[42.503s] Level 1:colcon.colcon_core.environment:checking '/home/jetson/ros2_ws/install/kalman_filter_jetracer/bin'
[42.503s] Level 1:colcon.colcon_core.environment:checking '/home/jetson/ros2_ws/install/kalman_filter_jetracer/lib/pkgconfig/kalman_filter_jetracer.pc'
[42.504s] Level 1:colcon.colcon_core.environment:checking '/home/jetson/ros2_ws/install/kalman_filter_jetracer/lib/python3.8/site-packages'
[42.505s] Level 1:colcon.colcon_core.shell:create_environment_hook('kalman_filter_jetracer', 'pythonpath')
[42.619s] INFO:colcon.colcon_core.shell:Creating environment hook '/home/jetson/ros2_ws/install/kalman_filter_jetracer/share/kalman_filter_jetracer/hook/pythonpath.ps1'
[42.622s] INFO:colcon.colcon_core.shell:Creating environment descriptor '/home/jetson/ros2_ws/install/kalman_filter_jetracer/share/kalman_filter_jetracer/hook/pythonpath.dsv'
[42.624s] INFO:colcon.colcon_core.shell:Creating environment hook '/home/jetson/ros2_ws/install/kalman_filter_jetracer/share/kalman_filter_jetracer/hook/pythonpath.sh'
[42.627s] Level 1:colcon.colcon_core.environment:checking '/home/jetson/ros2_ws/install/kalman_filter_jetracer/bin'
[42.628s] Level 1:colcon.colcon_core.environment:create_environment_scripts_only(kalman_filter_jetracer)
[42.777s] INFO:colcon.colcon_core.shell:Creating package script '/home/jetson/ros2_ws/install/kalman_filter_jetracer/share/kalman_filter_jetracer/package.ps1'
[42.781s] INFO:colcon.colcon_core.shell:Creating package descriptor '/home/jetson/ros2_ws/install/kalman_filter_jetracer/share/kalman_filter_jetracer/package.dsv'
[42.783s] INFO:colcon.colcon_core.shell:Creating package script '/home/jetson/ros2_ws/install/kalman_filter_jetracer/share/kalman_filter_jetracer/package.sh'
[42.786s] INFO:colcon.colcon_core.shell:Creating package script '/home/jetson/ros2_ws/install/kalman_filter_jetracer/share/kalman_filter_jetracer/package.bash'
[42.788s] INFO:colcon.colcon_core.shell:Creating package script '/home/jetson/ros2_ws/install/kalman_filter_jetracer/share/kalman_filter_jetracer/package.zsh'
[42.790s] Level 1:colcon.colcon_core.environment:create_file_with_runtime_dependencies(/home/jetson/ros2_ws/install/kalman_filter_jetracer/share/colcon-core/packages/kalman_filter_jetracer)
[42.800s] DEBUG:colcon.colcon_core.event_handler.log_command:Invoked command in '/home/jetson/ros2_ws/src/jetson' returned '0': PYTHONPATH=/home/jetson/ros2_ws/build/jetson/prefix_override:/home/jetson/ros2_ws/install/jetson/lib/python3.8/site-packages:${PYTHONPATH} /usr/bin/python3 setup.py egg_info --egg-base ../../build/jetson build --build-base /home/jetson/ros2_ws/build/jetson/build install --record /home/jetson/ros2_ws/build/jetson/install.log --single-version-externally-managed
[42.919s] Level 1:colcon.colcon_core.environment:checking '/home/jetson/ros2_ws/install/jetson' for CMake module files
[42.921s] Level 1:colcon.colcon_core.environment:checking '/home/jetson/ros2_ws/install/jetson' for CMake config files
[42.923s] Level 1:colcon.colcon_core.environment:checking '/home/jetson/ros2_ws/install/jetson/lib'
[42.924s] Level 1:colcon.colcon_core.environment:checking '/home/jetson/ros2_ws/install/jetson/bin'
[42.924s] Level 1:colcon.colcon_core.environment:checking '/home/jetson/ros2_ws/install/jetson/lib/pkgconfig/jetson.pc'
[42.925s] Level 1:colcon.colcon_core.environment:checking '/home/jetson/ros2_ws/install/jetson/lib/python3.8/site-packages'
[42.925s] Level 1:colcon.colcon_core.shell:create_environment_hook('jetson', 'pythonpath')
[43.012s] INFO:colcon.colcon_core.shell:Creating environment hook '/home/jetson/ros2_ws/install/jetson/share/jetson/hook/pythonpath.ps1'
[43.013s] INFO:colcon.colcon_core.shell:Creating environment descriptor '/home/jetson/ros2_ws/install/jetson/share/jetson/hook/pythonpath.dsv'
[43.015s] INFO:colcon.colcon_core.shell:Creating environment hook '/home/jetson/ros2_ws/install/jetson/share/jetson/hook/pythonpath.sh'
[43.017s] Level 1:colcon.colcon_core.environment:checking '/home/jetson/ros2_ws/install/jetson/bin'
[43.017s] Level 1:colcon.colcon_core.environment:create_environment_scripts_only(jetson)
[43.107s] INFO:colcon.colcon_core.shell:Creating package script '/home/jetson/ros2_ws/install/jetson/share/jetson/package.ps1'
[43.109s] INFO:colcon.colcon_core.shell:Creating package descriptor '/home/jetson/ros2_ws/install/jetson/share/jetson/package.dsv'
[43.111s] INFO:colcon.colcon_core.shell:Creating package script '/home/jetson/ros2_ws/install/jetson/share/jetson/package.sh'
[43.112s] INFO:colcon.colcon_core.shell:Creating package script '/home/jetson/ros2_ws/install/jetson/share/jetson/package.bash'
[43.114s] INFO:colcon.colcon_core.shell:Creating package script '/home/jetson/ros2_ws/install/jetson/share/jetson/package.zsh'
[43.115s] Level 1:colcon.colcon_core.environment:create_file_with_runtime_dependencies(/home/jetson/ros2_ws/install/jetson/share/colcon-core/packages/jetson)
[43.133s] DEBUG:colcon.colcon_core.event_handler.log_command:Invoking command in '/home/jetson/ros2_ws/src/realsens_speed_sens': PYTHONPATH=/home/jetson/ros2_ws/build/test_jetson/prefix_override:/home/jetson/ros2_ws/install/test_jetson/lib/python3.8/site-packages:${PYTHONPATH} /usr/bin/python3 setup.py egg_info --egg-base ../../build/test_jetson build --build-base /home/jetson/ros2_ws/build/test_jetson/build install --record /home/jetson/ros2_ws/build/test_jetson/install.log --single-version-externally-managed
[43.145s] DEBUG:colcon.colcon_core.event_handler.log_command:Invoked command in '/home/jetson/ros2_ws/src/jetracer_description' returned '0': PYTHONPATH=/home/jetson/ros2_ws/build/jetracer_description/prefix_override:/home/jetson/ros2_ws/install/jetracer_description/lib/python3.8/site-packages:${PYTHONPATH} /usr/bin/python3 setup.py egg_info --egg-base ../../build/jetracer_description build --build-base /home/jetson/ros2_ws/build/jetracer_description/build install --record /home/jetson/ros2_ws/build/jetracer_description/install.log --install-scripts $base/lib/jetracer_description --single-version-externally-managed
[43.257s] Level 1:colcon.colcon_core.environment:checking '/home/jetson/ros2_ws/install/jetracer_description' for CMake module files
[43.260s] Level 1:colcon.colcon_core.environment:checking '/home/jetson/ros2_ws/install/jetracer_description' for CMake config files
[43.263s] Level 1:colcon.colcon_core.environment:checking '/home/jetson/ros2_ws/install/jetracer_description/lib'
[43.264s] Level 1:colcon.colcon_core.environment:checking '/home/jetson/ros2_ws/install/jetracer_description/bin'
[43.264s] Level 1:colcon.colcon_core.environment:checking '/home/jetson/ros2_ws/install/jetracer_description/lib/pkgconfig/jetracer_description.pc'
[43.265s] Level 1:colcon.colcon_core.environment:checking '/home/jetson/ros2_ws/install/jetracer_description/lib/python3.8/site-packages'
[43.266s] Level 1:colcon.colcon_core.shell:create_environment_hook('jetracer_description', 'pythonpath')
[43.375s] INFO:colcon.colcon_core.shell:Creating environment hook '/home/jetson/ros2_ws/install/jetracer_description/share/jetracer_description/hook/pythonpath.ps1'
[43.379s] INFO:colcon.colcon_core.shell:Creating environment descriptor '/home/jetson/ros2_ws/install/jetracer_description/share/jetracer_description/hook/pythonpath.dsv'
[43.381s] INFO:colcon.colcon_core.shell:Creating environment hook '/home/jetson/ros2_ws/install/jetracer_description/share/jetracer_description/hook/pythonpath.sh'
[43.386s] Level 1:colcon.colcon_core.environment:checking '/home/jetson/ros2_ws/install/jetracer_description/bin'
[43.387s] Level 1:colcon.colcon_core.environment:create_environment_scripts_only(jetracer_description)
[43.511s] INFO:colcon.colcon_core.shell:Creating package script '/home/jetson/ros2_ws/install/jetracer_description/share/jetracer_description/package.ps1'
[43.514s] INFO:colcon.colcon_core.shell:Creating package descriptor '/home/jetson/ros2_ws/install/jetracer_description/share/jetracer_description/package.dsv'
[43.516s] INFO:colcon.colcon_core.shell:Creating package script '/home/jetson/ros2_ws/install/jetracer_description/share/jetracer_description/package.sh'
[43.519s] INFO:colcon.colcon_core.shell:Creating package script '/home/jetson/ros2_ws/install/jetracer_description/share/jetracer_description/package.bash'
[43.521s] INFO:colcon.colcon_core.shell:Creating package script '/home/jetson/ros2_ws/install/jetracer_description/share/jetracer_description/package.zsh'
[43.522s] Level 1:colcon.colcon_core.environment:create_file_with_runtime_dependencies(/home/jetson/ros2_ws/install/jetracer_description/share/colcon-core/packages/jetracer_description)
[47.127s] DEBUG:colcon.colcon_core.event_handler.log_command:Invoked command in '/home/jetson/ros2_ws/src/realsens_speed_sens' returned '0': PYTHONPATH=/home/jetson/ros2_ws/build/test_jetson/prefix_override:/home/jetson/ros2_ws/install/test_jetson/lib/python3.8/site-packages:${PYTHONPATH} /usr/bin/python3 setup.py egg_info --egg-base ../../build/test_jetson build --build-base /home/jetson/ros2_ws/build/test_jetson/build install --record /home/jetson/ros2_ws/build/test_jetson/install.log --single-version-externally-managed
[47.218s] Level 1:colcon.colcon_core.environment:checking '/home/jetson/ros2_ws/install/test_jetson' for CMake module files
[47.221s] Level 1:colcon.colcon_core.environment:checking '/home/jetson/ros2_ws/install/test_jetson' for CMake config files
[47.223s] Level 1:colcon.colcon_core.environment:checking '/home/jetson/ros2_ws/install/test_jetson/lib'
[47.224s] Level 1:colcon.colcon_core.environment:checking '/home/jetson/ros2_ws/install/test_jetson/bin'
[47.224s] Level 1:colcon.colcon_core.environment:checking '/home/jetson/ros2_ws/install/test_jetson/lib/pkgconfig/test_jetson.pc'
[47.225s] Level 1:colcon.colcon_core.environment:checking '/home/jetson/ros2_ws/install/test_jetson/lib/python3.8/site-packages'
[47.225s] Level 1:colcon.colcon_core.shell:create_environment_hook('test_jetson', 'pythonpath')
[47.311s] INFO:colcon.colcon_core.shell:Creating environment hook '/home/jetson/ros2_ws/install/test_jetson/share/test_jetson/hook/pythonpath.ps1'
[47.314s] INFO:colcon.colcon_core.shell:Creating environment descriptor '/home/jetson/ros2_ws/install/test_jetson/share/test_jetson/hook/pythonpath.dsv'
[47.315s] INFO:colcon.colcon_core.shell:Creating environment hook '/home/jetson/ros2_ws/install/test_jetson/share/test_jetson/hook/pythonpath.sh'
[47.317s] Level 1:colcon.colcon_core.environment:checking '/home/jetson/ros2_ws/install/test_jetson/bin'
[47.318s] Level 1:colcon.colcon_core.environment:create_environment_scripts_only(test_jetson)
[47.404s] INFO:colcon.colcon_core.shell:Creating package script '/home/jetson/ros2_ws/install/test_jetson/share/test_jetson/package.ps1'
[47.407s] INFO:colcon.colcon_core.shell:Creating package descriptor '/home/jetson/ros2_ws/install/test_jetson/share/test_jetson/package.dsv'
[47.409s] INFO:colcon.colcon_core.shell:Creating package script '/home/jetson/ros2_ws/install/test_jetson/share/test_jetson/package.sh'
[47.411s] INFO:colcon.colcon_core.shell:Creating package script '/home/jetson/ros2_ws/install/test_jetson/share/test_jetson/package.bash'
[47.412s] INFO:colcon.colcon_core.shell:Creating package script '/home/jetson/ros2_ws/install/test_jetson/share/test_jetson/package.zsh'
[47.413s] Level 1:colcon.colcon_core.environment:create_file_with_runtime_dependencies(/home/jetson/ros2_ws/install/test_jetson/share/colcon-core/packages/test_jetson)
[47.414s] DEBUG:colcon.colcon_parallel_executor.executor.parallel:closing loop
[47.417s] DEBUG:colcon.colcon_parallel_executor.executor.parallel:loop closed
[47.418s] DEBUG:colcon.colcon_parallel_executor.executor.parallel:run_until_complete finished with '0'
[47.418s] DEBUG:colcon.colcon_core.event_reactor:joining thread
[47.532s] INFO:colcon.colcon_core.plugin_system:Skipping extension 'colcon_notification.desktop_notification.terminal_notifier': Not used on non-Darwin systems
[47.532s] INFO:colcon.colcon_core.plugin_system:Skipping extension 'colcon_notification.desktop_notification.win32': Not used on non-Windows systems
[47.532s] INFO:colcon.colcon_notification.desktop_notification:Sending desktop notification using 'notify2'
[47.591s] DEBUG:colcon.colcon_core.event_reactor:joined thread
[47.689s] INFO:colcon.colcon_core.shell:Creating prefix script '/home/jetson/ros2_ws/install/local_setup.ps1'
[47.693s] INFO:colcon.colcon_core.shell:Creating prefix util module '/home/jetson/ros2_ws/install/_local_setup_util_ps1.py'
[47.699s] INFO:colcon.colcon_core.shell:Creating prefix chain script '/home/jetson/ros2_ws/install/setup.ps1'
[47.795s] INFO:colcon.colcon_core.shell:Creating prefix script '/home/jetson/ros2_ws/install/local_setup.sh'
[47.797s] INFO:colcon.colcon_core.shell:Creating prefix util module '/home/jetson/ros2_ws/install/_local_setup_util_sh.py'
[47.799s] INFO:colcon.colcon_core.shell:Creating prefix chain script '/home/jetson/ros2_ws/install/setup.sh'
[47.889s] INFO:colcon.colcon_core.shell:Creating prefix script '/home/jetson/ros2_ws/install/local_setup.bash'
[47.891s] INFO:colcon.colcon_core.shell:Creating prefix chain script '/home/jetson/ros2_ws/install/setup.bash'
[47.979s] INFO:colcon.colcon_core.shell:Creating prefix script '/home/jetson/ros2_ws/install/local_setup.zsh'
[47.982s] INFO:colcon.colcon_core.shell:Creating prefix chain script '/home/jetson/ros2_ws/install/setup.zsh'
