[23.996s] Invoking command in '/home/jetson/ros2_ws/src/jetson': PYTHONPATH=/home/jetson/ros2_ws/build/jetson/prefix_override:/home/jetson/ros2_ws/install/jetson/lib/python3.8/site-packages:${PYTHONPATH} /usr/bin/python3 setup.py egg_info --egg-base ../../build/jetson build --build-base /home/jetson/ros2_ws/build/jetson/build install --record /home/jetson/ros2_ws/build/jetson/install.log --single-version-externally-managed
[29.315s] running egg_info
[29.709s] writing ../../build/jetson/jetson.egg-info/PKG-INFO
[29.713s] writing dependency_links to ../../build/jetson/jetson.egg-info/dependency_links.txt
[29.716s] writing entry points to ../../build/jetson/jetson.egg-info/entry_points.txt
[29.718s] writing requirements to ../../build/jetson/jetson.egg-info/requires.txt
[29.720s] writing top-level names to ../../build/jetson/jetson.egg-info/top_level.txt
[30.088s] reading manifest file '../../build/jetson/jetson.egg-info/SOURCES.txt'
[30.102s] writing manifest file '../../build/jetson/jetson.egg-info/SOURCES.txt'
[30.103s] running build
[30.103s] running build_py
[30.104s] copying jetson/subscriberV2.py -> /home/jetson/ros2_ws/build/jetson/build/lib/jetson
[30.105s] running install
[30.108s] /home/jetson/.local/lib/python3.8/site-packages/setuptools/command/install.py:34: SetuptoolsDeprecationWarning: setup.py install is deprecated. Use build and pip and other standards-based tools.
[30.109s]   warnings.warn(
[30.140s] running install_lib
[30.282s] copying /home/jetson/ros2_ws/build/jetson/build/lib/jetson/subscriberV2.py -> /home/jetson/ros2_ws/install/jetson/lib/python3.8/site-packages/jetson
[30.286s] byte-compiling /home/jetson/ros2_ws/install/jetson/lib/python3.8/site-packages/jetson/subscriberV2.py to subscriberV2.cpython-38.pyc
[30.291s] running install_data
[30.415s] running install_egg_info
[30.551s] removing '/home/jetson/ros2_ws/install/jetson/lib/python3.8/site-packages/jetson-0.0.0-py3.8.egg-info' (and everything under it)
[30.553s] Copying ../../build/jetson/jetson.egg-info to /home/jetson/ros2_ws/install/jetson/lib/python3.8/site-packages/jetson-0.0.0-py3.8.egg-info
[30.559s] running install_scripts
[31.137s] Installing listener script to /home/jetson/ros2_ws/install/jetson/lib/jetson
[31.139s] writing list of installed files to '/home/jetson/ros2_ws/build/jetson/install.log'
[31.415s] Invoked command in '/home/jetson/ros2_ws/src/jetson' returned '0': PYTHONPATH=/home/jetson/ros2_ws/build/jetson/prefix_override:/home/jetson/ros2_ws/install/jetson/lib/python3.8/site-packages:${PYTHONPATH} /usr/bin/python3 setup.py egg_info --egg-base ../../build/jetson build --build-base /home/jetson/ros2_ws/build/jetson/build install --record /home/jetson/ros2_ws/build/jetson/install.log --single-version-externally-managed
