[14.174s] Invoking command in '/home/jetson/ros2_ws/src/jetson': PYTHONPATH=/home/jetson/ros2_ws/build/jetson/prefix_override:/home/jetson/ros2_ws/install/jetson/lib/python3.8/site-packages:${PYTHONPATH} /usr/bin/python3 setup.py egg_info --egg-base ../../build/jetson build --build-base /home/jetson/ros2_ws/build/jetson/build install --record /home/jetson/ros2_ws/build/jetson/install.log --single-version-externally-managed
[17.160s] running egg_info
[17.353s] writing ../../build/jetson/jetson.egg-info/PKG-INFO
[17.354s] writing dependency_links to ../../build/jetson/jetson.egg-info/dependency_links.txt
[17.355s] writing entry points to ../../build/jetson/jetson.egg-info/entry_points.txt
[17.356s] writing requirements to ../../build/jetson/jetson.egg-info/requires.txt
[17.356s] writing top-level names to ../../build/jetson/jetson.egg-info/top_level.txt
[17.639s] reading manifest file '../../build/jetson/jetson.egg-info/SOURCES.txt'
[17.645s] writing manifest file '../../build/jetson/jetson.egg-info/SOURCES.txt'
[17.646s] running build
[17.647s] running build_py
[17.648s] copying jetson/subscriberV2.py -> /home/jetson/ros2_ws/build/jetson/build/lib/jetson
[17.649s] running install
[17.650s] /home/jetson/.local/lib/python3.8/site-packages/setuptools/command/install.py:34: SetuptoolsDeprecationWarning: setup.py install is deprecated. Use build and pip and other standards-based tools.
[17.650s]   warnings.warn(
[17.681s] running install_lib
[17.813s] copying /home/jetson/ros2_ws/build/jetson/build/lib/jetson/subscriberV2.py -> /home/jetson/ros2_ws/install/jetson/lib/python3.8/site-packages/jetson
[17.815s] byte-compiling /home/jetson/ros2_ws/install/jetson/lib/python3.8/site-packages/jetson/subscriberV2.py to subscriberV2.cpython-38.pyc
[17.819s] running install_data
[17.954s] running install_egg_info
[18.088s] removing '/home/jetson/ros2_ws/install/jetson/lib/python3.8/site-packages/jetson-0.0.0-py3.8.egg-info' (and everything under it)
[18.090s] Copying ../../build/jetson/jetson.egg-info to /home/jetson/ros2_ws/install/jetson/lib/python3.8/site-packages/jetson-0.0.0-py3.8.egg-info
[18.095s] running install_scripts
[18.556s] Installing listener script to /home/jetson/ros2_ws/install/jetson/lib/jetson
[18.557s] Installing x_sensv2 script to /home/jetson/ros2_ws/install/jetson/lib/jetson
[18.560s] writing list of installed files to '/home/jetson/ros2_ws/build/jetson/install.log'
[18.811s] Invoked command in '/home/jetson/ros2_ws/src/jetson' returned '0': PYTHONPATH=/home/jetson/ros2_ws/build/jetson/prefix_override:/home/jetson/ros2_ws/install/jetson/lib/python3.8/site-packages:${PYTHONPATH} /usr/bin/python3 setup.py egg_info --egg-base ../../build/jetson build --build-base /home/jetson/ros2_ws/build/jetson/build install --record /home/jetson/ros2_ws/build/jetson/install.log --single-version-externally-managed
