[15.599s] Invoking command in '/home/jetson/ros2_ws/src/jetson': PYTHONPATH=/home/jetson/ros2_ws/build/jetson/prefix_override:/home/jetson/ros2_ws/install/jetson/lib/python3.8/site-packages:${PYTHONPATH} /usr/bin/python3 setup.py egg_info --egg-base ../../build/jetson build --build-base /home/jetson/ros2_ws/build/jetson/build install --record /home/jetson/ros2_ws/build/jetson/install.log --single-version-externally-managed
[19.017s] running egg_info
[19.224s] writing ../../build/jetson/jetson.egg-info/PKG-INFO
[19.227s] writing dependency_links to ../../build/jetson/jetson.egg-info/dependency_links.txt
[19.228s] writing entry points to ../../build/jetson/jetson.egg-info/entry_points.txt
[19.230s] writing requirements to ../../build/jetson/jetson.egg-info/requires.txt
[19.232s] writing top-level names to ../../build/jetson/jetson.egg-info/top_level.txt
[19.553s] reading manifest file '../../build/jetson/jetson.egg-info/SOURCES.txt'
[19.561s] writing manifest file '../../build/jetson/jetson.egg-info/SOURCES.txt'
[19.562s] running build
[19.563s] running build_py
[19.565s] copying jetson/subscriberV2.py -> /home/jetson/ros2_ws/build/jetson/build/lib/jetson
[19.568s] running install
[19.568s] /home/jetson/.local/lib/python3.8/site-packages/setuptools/command/install.py:34: SetuptoolsDeprecationWarning: setup.py install is deprecated. Use build and pip and other standards-based tools.
[19.569s]   warnings.warn(
[19.605s] running install_lib
[19.762s] copying /home/jetson/ros2_ws/build/jetson/build/lib/jetson/subscriberV2.py -> /home/jetson/ros2_ws/install/jetson/lib/python3.8/site-packages/jetson
[19.766s] byte-compiling /home/jetson/ros2_ws/install/jetson/lib/python3.8/site-packages/jetson/subscriberV2.py to subscriberV2.cpython-38.pyc
[19.771s] running install_data
[19.974s] running install_egg_info
[20.138s] removing '/home/jetson/ros2_ws/install/jetson/lib/python3.8/site-packages/jetson-0.0.0-py3.8.egg-info' (and everything under it)
[20.140s] Copying ../../build/jetson/jetson.egg-info to /home/jetson/ros2_ws/install/jetson/lib/python3.8/site-packages/jetson-0.0.0-py3.8.egg-info
[20.149s] running install_scripts
[20.774s] Installing listener script to /home/jetson/ros2_ws/install/jetson/lib/jetson
[20.775s] Installing x_sensv2 script to /home/jetson/ros2_ws/install/jetson/lib/jetson
[20.776s] writing list of installed files to '/home/jetson/ros2_ws/build/jetson/install.log'
[21.079s] Invoked command in '/home/jetson/ros2_ws/src/jetson' returned '0': PYTHONPATH=/home/jetson/ros2_ws/build/jetson/prefix_override:/home/jetson/ros2_ws/install/jetson/lib/python3.8/site-packages:${PYTHONPATH} /usr/bin/python3 setup.py egg_info --egg-base ../../build/jetson build --build-base /home/jetson/ros2_ws/build/jetson/build install --record /home/jetson/ros2_ws/build/jetson/install.log --single-version-externally-managed
