[1.758s] Invoking command in '/home/jetson/ros2_ws/build/bluespace_ai_xsens_mti_driver': CMAKE_PREFIX_PATH=${CMAKE_PREFIX_PATH}:/home/jetson/ros2_ws/install/test_jetson:/home/jetson/ros2_ws/install/kalman_filter_jetracer:/home/jetson/ros2_ws/install/jetson:/home/jetson/ros2_ws/install/jetracer_description:/opt/ros/galactic /usr/bin/cmake --build /home/jetson/ros2_ws/build/bluespace_ai_xsens_mti_driver -- -j4 -l4
[6.926s] [100%] Built target xsens_mti_node
[6.930s] Invoked command in '/home/jetson/ros2_ws/build/bluespace_ai_xsens_mti_driver' returned '0': CMAKE_PREFIX_PATH=${CMAKE_PREFIX_PATH}:/home/jetson/ros2_ws/install/test_jetson:/home/jetson/ros2_ws/install/kalman_filter_jetracer:/home/jetson/ros2_ws/install/jetson:/home/jetson/ros2_ws/install/jetracer_description:/opt/ros/galactic /usr/bin/cmake --build /home/jetson/ros2_ws/build/bluespace_ai_xsens_mti_driver -- -j4 -l4
[9.556s] Invoking command in '/home/jetson/ros2_ws/build/bluespace_ai_xsens_mti_driver': CMAKE_PREFIX_PATH=${CMAKE_PREFIX_PATH}:/home/jetson/ros2_ws/install/test_jetson:/home/jetson/ros2_ws/install/kalman_filter_jetracer:/home/jetson/ros2_ws/install/jetson:/home/jetson/ros2_ws/install/jetracer_description:/opt/ros/galactic /usr/bin/cmake --install /home/jetson/ros2_ws/build/bluespace_ai_xsens_mti_driver
[9.592s] -- Install configuration: ""
[9.593s] -- Up-to-date: /home/jetson/ros2_ws/install/bluespace_ai_xsens_mti_driver/lib/bluespace_ai_xsens_mti_driver/xsens_mti_node
[9.594s] -- Up-to-date: /home/jetson/ros2_ws/install/bluespace_ai_xsens_mti_driver/share/bluespace_ai_xsens_mti_driver/launch
[9.594s] -- Up-to-date: /home/jetson/ros2_ws/install/bluespace_ai_xsens_mti_driver/share/bluespace_ai_xsens_mti_driver/launch/display.launch.py
[9.595s] -- Up-to-date: /home/jetson/ros2_ws/install/bluespace_ai_xsens_mti_driver/share/bluespace_ai_xsens_mti_driver/launch/xsens_mti_node.launch.py
[9.596s] -- Up-to-date: /home/jetson/ros2_ws/install/bluespace_ai_xsens_mti_driver/share/bluespace_ai_xsens_mti_driver/param
[9.596s] -- Up-to-date: /home/jetson/ros2_ws/install/bluespace_ai_xsens_mti_driver/share/bluespace_ai_xsens_mti_driver/param/xsens_mti_node.yaml
[9.597s] -- Up-to-date: /home/jetson/ros2_ws/install/bluespace_ai_xsens_mti_driver/share/bluespace_ai_xsens_mti_driver/rviz
[9.597s] -- Up-to-date: /home/jetson/ros2_ws/install/bluespace_ai_xsens_mti_driver/share/bluespace_ai_xsens_mti_driver/rviz/display.rviz
[9.598s] -- Up-to-date: /home/jetson/ros2_ws/install/bluespace_ai_xsens_mti_driver/share/bluespace_ai_xsens_mti_driver/urdf
[9.598s] -- Up-to-date: /home/jetson/ros2_ws/install/bluespace_ai_xsens_mti_driver/share/bluespace_ai_xsens_mti_driver/urdf/MTi_10.stl
[9.599s] -- Up-to-date: /home/jetson/ros2_ws/install/bluespace_ai_xsens_mti_driver/share/bluespace_ai_xsens_mti_driver/urdf/MTi_1.stl
[9.600s] -- Up-to-date: /home/jetson/ros2_ws/install/bluespace_ai_xsens_mti_driver/share/bluespace_ai_xsens_mti_driver/urdf/MTi_10.urdf
[9.600s] -- Up-to-date: /home/jetson/ros2_ws/install/bluespace_ai_xsens_mti_driver/share/bluespace_ai_xsens_mti_driver/urdf/MTi_6xx.stl
[9.601s] -- Up-to-date: /home/jetson/ros2_ws/install/bluespace_ai_xsens_mti_driver/share/bluespace_ai_xsens_mti_driver/urdf/MTi_6xx.urdf
[9.602s] -- Up-to-date: /home/jetson/ros2_ws/install/bluespace_ai_xsens_mti_driver/share/bluespace_ai_xsens_mti_driver/urdf/MTi_1.urdf
[9.603s] -- Up-to-date: /home/jetson/ros2_ws/install/bluespace_ai_xsens_mti_driver/share/ament_index/resource_index/package_run_dependencies/bluespace_ai_xsens_mti_driver
[9.603s] -- Up-to-date: /home/jetson/ros2_ws/install/bluespace_ai_xsens_mti_driver/share/ament_index/resource_index/parent_prefix_path/bluespace_ai_xsens_mti_driver
[9.604s] -- Up-to-date: /home/jetson/ros2_ws/install/bluespace_ai_xsens_mti_driver/share/bluespace_ai_xsens_mti_driver/environment/ament_prefix_path.sh
[9.604s] -- Up-to-date: /home/jetson/ros2_ws/install/bluespace_ai_xsens_mti_driver/share/bluespace_ai_xsens_mti_driver/environment/ament_prefix_path.dsv
[9.604s] -- Up-to-date: /home/jetson/ros2_ws/install/bluespace_ai_xsens_mti_driver/share/bluespace_ai_xsens_mti_driver/environment/path.sh
[9.605s] -- Up-to-date: /home/jetson/ros2_ws/install/bluespace_ai_xsens_mti_driver/share/bluespace_ai_xsens_mti_driver/environment/path.dsv
[9.605s] -- Up-to-date: /home/jetson/ros2_ws/install/bluespace_ai_xsens_mti_driver/share/bluespace_ai_xsens_mti_driver/local_setup.bash
[9.606s] -- Up-to-date: /home/jetson/ros2_ws/install/bluespace_ai_xsens_mti_driver/share/bluespace_ai_xsens_mti_driver/local_setup.sh
[9.609s] -- Up-to-date: /home/jetson/ros2_ws/install/bluespace_ai_xsens_mti_driver/share/bluespace_ai_xsens_mti_driver/local_setup.zsh
[9.610s] -- Up-to-date: /home/jetson/ros2_ws/install/bluespace_ai_xsens_mti_driver/share/bluespace_ai_xsens_mti_driver/local_setup.dsv
[9.610s] -- Installing: /home/jetson/ros2_ws/install/bluespace_ai_xsens_mti_driver/share/bluespace_ai_xsens_mti_driver/package.dsv
[9.611s] -- Up-to-date: /home/jetson/ros2_ws/install/bluespace_ai_xsens_mti_driver/share/ament_index/resource_index/packages/bluespace_ai_xsens_mti_driver
[9.611s] -- Up-to-date: /home/jetson/ros2_ws/install/bluespace_ai_xsens_mti_driver/share/bluespace_ai_xsens_mti_driver/cmake/bluespace_ai_xsens_mti_driverConfig.cmake
[9.612s] -- Up-to-date: /home/jetson/ros2_ws/install/bluespace_ai_xsens_mti_driver/share/bluespace_ai_xsens_mti_driver/cmake/bluespace_ai_xsens_mti_driverConfig-version.cmake
[9.612s] -- Up-to-date: /home/jetson/ros2_ws/install/bluespace_ai_xsens_mti_driver/share/bluespace_ai_xsens_mti_driver/package.xml
[9.626s] Invoked command in '/home/jetson/ros2_ws/build/bluespace_ai_xsens_mti_driver' returned '0': CMAKE_PREFIX_PATH=${CMAKE_PREFIX_PATH}:/home/jetson/ros2_ws/install/test_jetson:/home/jetson/ros2_ws/install/kalman_filter_jetracer:/home/jetson/ros2_ws/install/jetson:/home/jetson/ros2_ws/install/jetracer_description:/opt/ros/galactic /usr/bin/cmake --install /home/jetson/ros2_ws/build/bluespace_ai_xsens_mti_driver
