[21.194s] DEBUG:colcon:Command line arguments: ['/usr/bin/colcon', 'build']
[21.195s] DEBUG:colcon:Parsed command line arguments: Namespace(allow_overriding=[], ament_cmake_args=None, base_paths=['.'], build_base='build', catkin_cmake_args=None, catkin_skip_building_tests=False, cmake_args=None, cmake_clean_cache=False, cmake_clean_first=False, cmake_force_configure=False, cmake_target=None, cmake_target_skip_unavailable=False, continue_on_error=False, event_handlers=None, executor='parallel', ignore_user_meta=False, install_base='install', log_base=None, log_level=None, main=<bound method BuildVerb.main of <colcon_core.verb.build.BuildVerb object at 0x7fb0ed0100>>, merge_install=False, metas=['./colcon.meta'], packages_above=None, packages_above_and_dependencies=None, packages_above_depth=None, packages_end=None, packages_ignore=None, packages_ignore_regex=None, packages_select=None, packages_select_build_failed=False, packages_select_by_dep=None, packages_select_regex=None, packages_select_test_failures=False, packages_skip=None, packages_skip_build_finished=False, packages_skip_by_dep=None, packages_skip_regex=None, packages_skip_test_passed=False, packages_skip_up_to=None, packages_start=None, packages_up_to=None, packages_up_to_regex=None, parallel_workers=4, paths=None, symlink_install=False, test_result_base=None, verb_extension=<colcon_core.verb.build.BuildVerb object at 0x7fb0ed0100>, verb_name='build', verb_parser=<colcon_defaults.argument_parser.defaults.DefaultArgumentsDecorator object at 0x7fb079bbe0>)
[21.998s] Level 1:colcon.colcon_core.package_discovery:discover_packages(colcon_meta) check parameters
[21.999s] Level 1:colcon.colcon_core.package_discovery:discover_packages(recursive) check parameters
[21.999s] Level 1:colcon.colcon_core.package_discovery:discover_packages(ignore) check parameters
[21.999s] Level 1:colcon.colcon_core.package_discovery:discover_packages(path) check parameters
[22.000s] Level 1:colcon.colcon_core.package_discovery:discover_packages(colcon_meta) discover
[22.000s] Level 1:colcon.colcon_core.package_discovery:discover_packages(recursive) discover
[22.000s] INFO:colcon.colcon_core.package_discovery:Crawling recursively for packages in '/home/jetson/ros2_ws'
[22.001s] Level 1:colcon.colcon_core.package_identification:_identify(.) by extensions ['ignore', 'ignore_ament_install']
[22.001s] Level 1:colcon.colcon_core.package_identification:_identify(.) by extension 'ignore'
[22.001s] Level 1:colcon.colcon_core.package_identification:_identify(.) by extension 'ignore_ament_install'
[22.002s] Level 1:colcon.colcon_core.package_identification:_identify(.) by extensions ['colcon_pkg']
[22.002s] Level 1:colcon.colcon_core.package_identification:_identify(.) by extension 'colcon_pkg'
[22.002s] Level 1:colcon.colcon_core.package_identification:_identify(.) by extensions ['colcon_meta']
[22.002s] Level 1:colcon.colcon_core.package_identification:_identify(.) by extension 'colcon_meta'
[22.003s] Level 1:colcon.colcon_core.package_identification:_identify(.) by extensions ['ros']
[22.003s] Level 1:colcon.colcon_core.package_identification:_identify(.) by extension 'ros'
[22.081s] Level 1:colcon.colcon_core.package_identification:_identify(.) by extensions ['cmake', 'python']
[22.081s] Level 1:colcon.colcon_core.package_identification:_identify(.) by extension 'cmake'
[22.081s] Level 1:colcon.colcon_core.package_identification:_identify(.) by extension 'python'
[22.082s] Level 1:colcon.colcon_core.package_identification:_identify(.) by extensions ['python_setup_py']
[22.082s] Level 1:colcon.colcon_core.package_identification:_identify(.) by extension 'python_setup_py'
[22.083s] Level 1:colcon.colcon_core.package_identification:_identify(build) by extensions ['ignore', 'ignore_ament_install']
[22.083s] Level 1:colcon.colcon_core.package_identification:_identify(build) by extension 'ignore'
[22.083s] Level 1:colcon.colcon_core.package_identification:_identify(build) ignored
[22.084s] Level 1:colcon.colcon_core.package_identification:_identify(install) by extensions ['ignore', 'ignore_ament_install']
[22.085s] Level 1:colcon.colcon_core.package_identification:_identify(install) by extension 'ignore'
[22.085s] Level 1:colcon.colcon_core.package_identification:_identify(install) ignored
[22.085s] Level 1:colcon.colcon_core.package_identification:_identify(log) by extensions ['ignore', 'ignore_ament_install']
[22.086s] Level 1:colcon.colcon_core.package_identification:_identify(log) by extension 'ignore'
[22.086s] Level 1:colcon.colcon_core.package_identification:_identify(log) ignored
[22.086s] Level 1:colcon.colcon_core.package_identification:_identify(src) by extensions ['ignore', 'ignore_ament_install']
[22.086s] Level 1:colcon.colcon_core.package_identification:_identify(src) by extension 'ignore'
[22.087s] Level 1:colcon.colcon_core.package_identification:_identify(src) by extension 'ignore_ament_install'
[22.087s] Level 1:colcon.colcon_core.package_identification:_identify(src) by extensions ['colcon_pkg']
[22.087s] Level 1:colcon.colcon_core.package_identification:_identify(src) by extension 'colcon_pkg'
[22.087s] Level 1:colcon.colcon_core.package_identification:_identify(src) by extensions ['colcon_meta']
[22.088s] Level 1:colcon.colcon_core.package_identification:_identify(src) by extension 'colcon_meta'
[22.088s] Level 1:colcon.colcon_core.package_identification:_identify(src) by extensions ['ros']
[22.088s] Level 1:colcon.colcon_core.package_identification:_identify(src) by extension 'ros'
[22.088s] Level 1:colcon.colcon_core.package_identification:_identify(src) by extensions ['cmake', 'python']
[22.089s] Level 1:colcon.colcon_core.package_identification:_identify(src) by extension 'cmake'
[22.089s] Level 1:colcon.colcon_core.package_identification:_identify(src) by extension 'python'
[22.089s] Level 1:colcon.colcon_core.package_identification:_identify(src) by extensions ['python_setup_py']
[22.089s] Level 1:colcon.colcon_core.package_identification:_identify(src) by extension 'python_setup_py'
[22.090s] Level 1:colcon.colcon_core.package_identification:_identify(src/bluespace_ai_xsens_ros_mti_driver) by extensions ['ignore', 'ignore_ament_install']
[22.090s] Level 1:colcon.colcon_core.package_identification:_identify(src/bluespace_ai_xsens_ros_mti_driver) by extension 'ignore'
[22.090s] Level 1:colcon.colcon_core.package_identification:_identify(src/bluespace_ai_xsens_ros_mti_driver) by extension 'ignore_ament_install'
[22.091s] Level 1:colcon.colcon_core.package_identification:_identify(src/bluespace_ai_xsens_ros_mti_driver) by extensions ['colcon_pkg']
[22.091s] Level 1:colcon.colcon_core.package_identification:_identify(src/bluespace_ai_xsens_ros_mti_driver) by extension 'colcon_pkg'
[22.091s] Level 1:colcon.colcon_core.package_identification:_identify(src/bluespace_ai_xsens_ros_mti_driver) by extensions ['colcon_meta']
[22.091s] Level 1:colcon.colcon_core.package_identification:_identify(src/bluespace_ai_xsens_ros_mti_driver) by extension 'colcon_meta'
[22.091s] Level 1:colcon.colcon_core.package_identification:_identify(src/bluespace_ai_xsens_ros_mti_driver) by extensions ['ros']
[22.092s] Level 1:colcon.colcon_core.package_identification:_identify(src/bluespace_ai_xsens_ros_mti_driver) by extension 'ros'
[22.108s] DEBUG:colcon.colcon_core.package_identification:Package 'src/bluespace_ai_xsens_ros_mti_driver' with type 'ros.ament_cmake' and name 'bluespace_ai_xsens_mti_driver'
[22.108s] Level 1:colcon.colcon_core.package_identification:_identify(src/jetracer_description) by extensions ['ignore', 'ignore_ament_install']
[22.109s] Level 1:colcon.colcon_core.package_identification:_identify(src/jetracer_description) by extension 'ignore'
[22.109s] Level 1:colcon.colcon_core.package_identification:_identify(src/jetracer_description) by extension 'ignore_ament_install'
[22.109s] Level 1:colcon.colcon_core.package_identification:_identify(src/jetracer_description) by extensions ['colcon_pkg']
[22.109s] Level 1:colcon.colcon_core.package_identification:_identify(src/jetracer_description) by extension 'colcon_pkg'
[22.110s] Level 1:colcon.colcon_core.package_identification:_identify(src/jetracer_description) by extensions ['colcon_meta']
[22.110s] Level 1:colcon.colcon_core.package_identification:_identify(src/jetracer_description) by extension 'colcon_meta'
[22.110s] Level 1:colcon.colcon_core.package_identification:_identify(src/jetracer_description) by extensions ['ros']
[22.110s] Level 1:colcon.colcon_core.package_identification:_identify(src/jetracer_description) by extension 'ros'
[22.115s] DEBUG:colcon.colcon_core.package_identification:Package 'src/jetracer_description' with type 'ros.ament_python' and name 'jetracer_description'
[22.115s] Level 1:colcon.colcon_core.package_identification:_identify(src/jetson) by extensions ['ignore', 'ignore_ament_install']
[22.116s] Level 1:colcon.colcon_core.package_identification:_identify(src/jetson) by extension 'ignore'
[22.116s] Level 1:colcon.colcon_core.package_identification:_identify(src/jetson) by extension 'ignore_ament_install'
[22.116s] Level 1:colcon.colcon_core.package_identification:_identify(src/jetson) by extensions ['colcon_pkg']
[22.116s] Level 1:colcon.colcon_core.package_identification:_identify(src/jetson) by extension 'colcon_pkg'
[22.117s] Level 1:colcon.colcon_core.package_identification:_identify(src/jetson) by extensions ['colcon_meta']
[22.117s] Level 1:colcon.colcon_core.package_identification:_identify(src/jetson) by extension 'colcon_meta'
[22.117s] Level 1:colcon.colcon_core.package_identification:_identify(src/jetson) by extensions ['ros']
[22.117s] Level 1:colcon.colcon_core.package_identification:_identify(src/jetson) by extension 'ros'
[22.121s] DEBUG:colcon.colcon_core.package_identification:Package 'src/jetson' with type 'ros.ament_python' and name 'jetson'
[22.121s] Level 1:colcon.colcon_core.package_identification:_identify(src/realsens_speed_sens) by extensions ['ignore', 'ignore_ament_install']
[22.122s] Level 1:colcon.colcon_core.package_identification:_identify(src/realsens_speed_sens) by extension 'ignore'
[22.122s] Level 1:colcon.colcon_core.package_identification:_identify(src/realsens_speed_sens) by extension 'ignore_ament_install'
[22.123s] Level 1:colcon.colcon_core.package_identification:_identify(src/realsens_speed_sens) by extensions ['colcon_pkg']
[22.123s] Level 1:colcon.colcon_core.package_identification:_identify(src/realsens_speed_sens) by extension 'colcon_pkg'
[22.123s] Level 1:colcon.colcon_core.package_identification:_identify(src/realsens_speed_sens) by extensions ['colcon_meta']
[22.123s] Level 1:colcon.colcon_core.package_identification:_identify(src/realsens_speed_sens) by extension 'colcon_meta'
[22.124s] Level 1:colcon.colcon_core.package_identification:_identify(src/realsens_speed_sens) by extensions ['ros']
[22.124s] Level 1:colcon.colcon_core.package_identification:_identify(src/realsens_speed_sens) by extension 'ros'
[22.133s] DEBUG:colcon.colcon_core.package_identification:Package 'src/realsens_speed_sens' with type 'ros.ament_python' and name 'test_jetson'
[22.134s] Level 1:colcon.colcon_core.package_discovery:discover_packages(recursive) using defaults
[22.134s] Level 1:colcon.colcon_core.package_discovery:discover_packages(ignore) discover
[22.134s] Level 1:colcon.colcon_core.package_discovery:discover_packages(ignore) using defaults
[22.134s] Level 1:colcon.colcon_core.package_discovery:discover_packages(path) discover
[22.134s] Level 1:colcon.colcon_core.package_discovery:discover_packages(path) using defaults
[22.686s] Level 1:colcon.colcon_core.package_discovery:discover_packages(prefix_path) check parameters
[22.686s] Level 1:colcon.colcon_core.package_discovery:discover_packages(prefix_path) discover
[22.783s] WARNING:colcon.colcon_ros.prefix_path.ament:The path '/home/jetson/ros2_ws/install/realsense2_description' in the environment variable AMENT_PREFIX_PATH doesn't exist
[22.784s] WARNING:colcon.colcon_ros.prefix_path.ament:The path '/home/jetson/ros2_ws/install/jetson' in the environment variable AMENT_PREFIX_PATH doesn't exist
[22.784s] WARNING:colcon.colcon_ros.prefix_path.ament:The path '/home/jetson/ros2_ws/install/jetracer_description' in the environment variable AMENT_PREFIX_PATH doesn't exist
[22.784s] WARNING:colcon.colcon_ros.prefix_path.ament:The path '/home/jetson/ros2_ws/install/bluespace_ai_xsens_mti_driver' in the environment variable AMENT_PREFIX_PATH doesn't exist
[22.785s] WARNING:colcon.colcon_ros.prefix_path.catkin:The path '/home/jetson/ros2_ws/install/realsense2_description' in the environment variable CMAKE_PREFIX_PATH doesn't exist
[22.785s] WARNING:colcon.colcon_ros.prefix_path.catkin:The path '/home/jetson/ros2_ws/install/bluespace_ai_xsens_mti_driver' in the environment variable CMAKE_PREFIX_PATH doesn't exist
[22.885s] DEBUG:colcon.colcon_installed_package_information.package_discovery:Found 0 installed packages in /home/jetson/ros2_ws/install
[22.986s] DEBUG:colcon.colcon_installed_package_information.package_discovery:Found 280 installed packages in /opt/ros/galactic
[22.995s] Level 1:colcon.colcon_core.package_discovery:discover_packages(prefix_path) using defaults
[23.973s] Level 5:colcon.colcon_core.verb:set package 'bluespace_ai_xsens_mti_driver' build argument 'cmake_args' from command line to 'None'
[23.973s] Level 5:colcon.colcon_core.verb:set package 'bluespace_ai_xsens_mti_driver' build argument 'cmake_target' from command line to 'None'
[23.973s] Level 5:colcon.colcon_core.verb:set package 'bluespace_ai_xsens_mti_driver' build argument 'cmake_target_skip_unavailable' from command line to 'False'
[23.974s] Level 5:colcon.colcon_core.verb:set package 'bluespace_ai_xsens_mti_driver' build argument 'cmake_clean_cache' from command line to 'False'
[23.974s] Level 5:colcon.colcon_core.verb:set package 'bluespace_ai_xsens_mti_driver' build argument 'cmake_clean_first' from command line to 'False'
[23.974s] Level 5:colcon.colcon_core.verb:set package 'bluespace_ai_xsens_mti_driver' build argument 'cmake_force_configure' from command line to 'False'
[23.974s] Level 5:colcon.colcon_core.verb:set package 'bluespace_ai_xsens_mti_driver' build argument 'ament_cmake_args' from command line to 'None'
[23.974s] Level 5:colcon.colcon_core.verb:set package 'bluespace_ai_xsens_mti_driver' build argument 'catkin_cmake_args' from command line to 'None'
[23.974s] Level 5:colcon.colcon_core.verb:set package 'bluespace_ai_xsens_mti_driver' build argument 'catkin_skip_building_tests' from command line to 'False'
[23.974s] DEBUG:colcon.colcon_core.verb:Building package 'bluespace_ai_xsens_mti_driver' with the following arguments: {'ament_cmake_args': None, 'build_base': '/home/jetson/ros2_ws/build/bluespace_ai_xsens_mti_driver', 'catkin_cmake_args': None, 'catkin_skip_building_tests': False, 'cmake_args': None, 'cmake_clean_cache': False, 'cmake_clean_first': False, 'cmake_force_configure': False, 'cmake_target': None, 'cmake_target_skip_unavailable': False, 'install_base': '/home/jetson/ros2_ws/install/bluespace_ai_xsens_mti_driver', 'merge_install': False, 'path': '/home/jetson/ros2_ws/src/bluespace_ai_xsens_ros_mti_driver', 'symlink_install': False, 'test_result_base': None}
[24.063s] Level 5:colcon.colcon_core.verb:set package 'jetracer_description' build argument 'cmake_args' from command line to 'None'
[24.064s] Level 5:colcon.colcon_core.verb:set package 'jetracer_description' build argument 'cmake_target' from command line to 'None'
[24.064s] Level 5:colcon.colcon_core.verb:set package 'jetracer_description' build argument 'cmake_target_skip_unavailable' from command line to 'False'
[24.064s] Level 5:colcon.colcon_core.verb:set package 'jetracer_description' build argument 'cmake_clean_cache' from command line to 'False'
[24.064s] Level 5:colcon.colcon_core.verb:set package 'jetracer_description' build argument 'cmake_clean_first' from command line to 'False'
[24.064s] Level 5:colcon.colcon_core.verb:set package 'jetracer_description' build argument 'cmake_force_configure' from command line to 'False'
[24.064s] Level 5:colcon.colcon_core.verb:set package 'jetracer_description' build argument 'ament_cmake_args' from command line to 'None'
[24.065s] Level 5:colcon.colcon_core.verb:set package 'jetracer_description' build argument 'catkin_cmake_args' from command line to 'None'
[24.065s] Level 5:colcon.colcon_core.verb:set package 'jetracer_description' build argument 'catkin_skip_building_tests' from command line to 'False'
[24.065s] DEBUG:colcon.colcon_core.verb:Building package 'jetracer_description' with the following arguments: {'ament_cmake_args': None, 'build_base': '/home/jetson/ros2_ws/build/jetracer_description', 'catkin_cmake_args': None, 'catkin_skip_building_tests': False, 'cmake_args': None, 'cmake_clean_cache': False, 'cmake_clean_first': False, 'cmake_force_configure': False, 'cmake_target': None, 'cmake_target_skip_unavailable': False, 'install_base': '/home/jetson/ros2_ws/install/jetracer_description', 'merge_install': False, 'path': '/home/jetson/ros2_ws/src/jetracer_description', 'symlink_install': False, 'test_result_base': None}
[24.152s] Level 5:colcon.colcon_core.verb:set package 'jetson' build argument 'cmake_args' from command line to 'None'
[24.153s] Level 5:colcon.colcon_core.verb:set package 'jetson' build argument 'cmake_target' from command line to 'None'
[24.153s] Level 5:colcon.colcon_core.verb:set package 'jetson' build argument 'cmake_target_skip_unavailable' from command line to 'False'
[24.153s] Level 5:colcon.colcon_core.verb:set package 'jetson' build argument 'cmake_clean_cache' from command line to 'False'
[24.153s] Level 5:colcon.colcon_core.verb:set package 'jetson' build argument 'cmake_clean_first' from command line to 'False'
[24.153s] Level 5:colcon.colcon_core.verb:set package 'jetson' build argument 'cmake_force_configure' from command line to 'False'
[24.153s] Level 5:colcon.colcon_core.verb:set package 'jetson' build argument 'ament_cmake_args' from command line to 'None'
[24.153s] Level 5:colcon.colcon_core.verb:set package 'jetson' build argument 'catkin_cmake_args' from command line to 'None'
[24.154s] Level 5:colcon.colcon_core.verb:set package 'jetson' build argument 'catkin_skip_building_tests' from command line to 'False'
[24.154s] DEBUG:colcon.colcon_core.verb:Building package 'jetson' with the following arguments: {'ament_cmake_args': None, 'build_base': '/home/jetson/ros2_ws/build/jetson', 'catkin_cmake_args': None, 'catkin_skip_building_tests': False, 'cmake_args': None, 'cmake_clean_cache': False, 'cmake_clean_first': False, 'cmake_force_configure': False, 'cmake_target': None, 'cmake_target_skip_unavailable': False, 'install_base': '/home/jetson/ros2_ws/install/jetson', 'merge_install': False, 'path': '/home/jetson/ros2_ws/src/jetson', 'symlink_install': False, 'test_result_base': None}
[24.241s] Level 5:colcon.colcon_core.verb:set package 'test_jetson' build argument 'cmake_args' from command line to 'None'
[24.241s] Level 5:colcon.colcon_core.verb:set package 'test_jetson' build argument 'cmake_target' from command line to 'None'
[24.241s] Level 5:colcon.colcon_core.verb:set package 'test_jetson' build argument 'cmake_target_skip_unavailable' from command line to 'False'
[24.242s] Level 5:colcon.colcon_core.verb:set package 'test_jetson' build argument 'cmake_clean_cache' from command line to 'False'
[24.242s] Level 5:colcon.colcon_core.verb:set package 'test_jetson' build argument 'cmake_clean_first' from command line to 'False'
[24.242s] Level 5:colcon.colcon_core.verb:set package 'test_jetson' build argument 'cmake_force_configure' from command line to 'False'
[24.242s] Level 5:colcon.colcon_core.verb:set package 'test_jetson' build argument 'ament_cmake_args' from command line to 'None'
[24.242s] Level 5:colcon.colcon_core.verb:set package 'test_jetson' build argument 'catkin_cmake_args' from command line to 'None'
[24.242s] Level 5:colcon.colcon_core.verb:set package 'test_jetson' build argument 'catkin_skip_building_tests' from command line to 'False'
[24.243s] DEBUG:colcon.colcon_core.verb:Building package 'test_jetson' with the following arguments: {'ament_cmake_args': None, 'build_base': '/home/jetson/ros2_ws/build/test_jetson', 'catkin_cmake_args': None, 'catkin_skip_building_tests': False, 'cmake_args': None, 'cmake_clean_cache': False, 'cmake_clean_first': False, 'cmake_force_configure': False, 'cmake_target': None, 'cmake_target_skip_unavailable': False, 'install_base': '/home/jetson/ros2_ws/install/test_jetson', 'merge_install': False, 'path': '/home/jetson/ros2_ws/src/realsens_speed_sens', 'symlink_install': False, 'test_result_base': None}
[24.328s] INFO:colcon.colcon_core.executor:Executing jobs using 'parallel' executor
[24.417s] DEBUG:colcon.colcon_parallel_executor.executor.parallel:run_until_complete
[24.418s] INFO:colcon.colcon_ros.task.ament_cmake.build:Building ROS package in '/home/jetson/ros2_ws/src/bluespace_ai_xsens_ros_mti_driver' with build type 'ament_cmake'
[24.418s] INFO:colcon.colcon_cmake.task.cmake.build:Building CMake package in '/home/jetson/ros2_ws/src/bluespace_ai_xsens_ros_mti_driver'
[24.531s] INFO:colcon.colcon_core.plugin_system:Skipping extension 'colcon_core.shell.bat': Not used on non-Windows systems
[24.532s] INFO:colcon.colcon_core.shell:Skip shell extension 'powershell' for command environment: Not usable outside of PowerShell
[24.532s] DEBUG:colcon.colcon_core.shell:Skip shell extension 'dsv' for command environment
[24.837s] INFO:colcon.colcon_ros.task.ament_python.build:Building ROS package in '/home/jetson/ros2_ws/src/jetracer_description' with build type 'ament_python'
[24.838s] Level 1:colcon.colcon_core.shell:create_environment_hook('jetracer_description', 'ament_prefix_path')
[24.934s] INFO:colcon.colcon_core.shell:Creating environment hook '/home/jetson/ros2_ws/install/jetracer_description/share/jetracer_description/hook/ament_prefix_path.ps1'
[24.941s] INFO:colcon.colcon_core.shell:Creating environment descriptor '/home/jetson/ros2_ws/install/jetracer_description/share/jetracer_description/hook/ament_prefix_path.dsv'
[24.945s] INFO:colcon.colcon_core.shell:Creating environment hook '/home/jetson/ros2_ws/install/jetracer_description/share/jetracer_description/hook/ament_prefix_path.sh'
[25.042s] INFO:colcon.colcon_core.shell:Skip shell extension 'powershell' for command environment: Not usable outside of PowerShell
[25.042s] DEBUG:colcon.colcon_core.shell:Skip shell extension 'dsv' for command environment
[25.325s] INFO:colcon.colcon_ros.task.ament_python.build:Building ROS package in '/home/jetson/ros2_ws/src/jetson' with build type 'ament_python'
[25.326s] Level 1:colcon.colcon_core.shell:create_environment_hook('jetson', 'ament_prefix_path')
[25.423s] INFO:colcon.colcon_core.shell:Creating environment hook '/home/jetson/ros2_ws/install/jetson/share/jetson/hook/ament_prefix_path.ps1'
[25.426s] INFO:colcon.colcon_core.shell:Creating environment descriptor '/home/jetson/ros2_ws/install/jetson/share/jetson/hook/ament_prefix_path.dsv'
[25.427s] INFO:colcon.colcon_core.shell:Creating environment hook '/home/jetson/ros2_ws/install/jetson/share/jetson/hook/ament_prefix_path.sh'
[25.523s] INFO:colcon.colcon_core.shell:Skip shell extension 'powershell' for command environment: Not usable outside of PowerShell
[25.523s] DEBUG:colcon.colcon_core.shell:Skip shell extension 'dsv' for command environment
[25.811s] INFO:colcon.colcon_ros.task.ament_python.build:Building ROS package in '/home/jetson/ros2_ws/src/realsens_speed_sens' with build type 'ament_python'
[25.812s] Level 1:colcon.colcon_core.shell:create_environment_hook('test_jetson', 'ament_prefix_path')
[25.908s] INFO:colcon.colcon_core.shell:Creating environment hook '/home/jetson/ros2_ws/install/test_jetson/share/test_jetson/hook/ament_prefix_path.ps1'
[25.910s] INFO:colcon.colcon_core.shell:Creating environment descriptor '/home/jetson/ros2_ws/install/test_jetson/share/test_jetson/hook/ament_prefix_path.dsv'
[25.911s] INFO:colcon.colcon_core.shell:Creating environment hook '/home/jetson/ros2_ws/install/test_jetson/share/test_jetson/hook/ament_prefix_path.sh'
[26.005s] INFO:colcon.colcon_core.shell:Skip shell extension 'powershell' for command environment: Not usable outside of PowerShell
[26.006s] DEBUG:colcon.colcon_core.shell:Skip shell extension 'dsv' for command environment
[26.305s] DEBUG:colcon.colcon_core.event_handler.log_command:Invoking command in '/home/jetson/ros2_ws/build/bluespace_ai_xsens_mti_driver': CMAKE_PREFIX_PATH=${CMAKE_PREFIX_PATH}:/home/jetson/ros2_ws/install/test_jetson:/home/jetson/ros2_ws/install/jetson:/home/jetson/ros2_ws/install/jetracer_description:/opt/ros/galactic /usr/bin/cmake /home/jetson/ros2_ws/src/bluespace_ai_xsens_ros_mti_driver -DCMAKE_INSTALL_PREFIX=/home/jetson/ros2_ws/install/bluespace_ai_xsens_mti_driver
[29.897s] INFO:colcon.colcon_core.task.python.build:Building Python package in '/home/jetson/ros2_ws/src/jetracer_description'
[30.017s] INFO:colcon.colcon_core.shell:Skip shell extension 'powershell' for command environment: Not usable outside of PowerShell
[30.018s] DEBUG:colcon.colcon_core.shell:Skip shell extension 'dsv' for command environment
[32.836s] INFO:colcon.colcon_core.task.python.build:Building Python package in '/home/jetson/ros2_ws/src/jetson'
[32.946s] INFO:colcon.colcon_core.shell:Skip shell extension 'powershell' for command environment: Not usable outside of PowerShell
[32.946s] DEBUG:colcon.colcon_core.shell:Skip shell extension 'dsv' for command environment
[35.707s] INFO:colcon.colcon_core.task.python.build:Building Python package in '/home/jetson/ros2_ws/src/realsens_speed_sens'
[35.803s] INFO:colcon.colcon_core.shell:Skip shell extension 'powershell' for command environment: Not usable outside of PowerShell
[35.804s] DEBUG:colcon.colcon_core.shell:Skip shell extension 'dsv' for command environment
[41.647s] DEBUG:colcon.colcon_core.event_handler.log_command:Invoked command in '/home/jetson/ros2_ws/build/bluespace_ai_xsens_mti_driver' returned '0': CMAKE_PREFIX_PATH=${CMAKE_PREFIX_PATH}:/home/jetson/ros2_ws/install/test_jetson:/home/jetson/ros2_ws/install/jetson:/home/jetson/ros2_ws/install/jetracer_description:/opt/ros/galactic /usr/bin/cmake /home/jetson/ros2_ws/src/bluespace_ai_xsens_ros_mti_driver -DCMAKE_INSTALL_PREFIX=/home/jetson/ros2_ws/install/bluespace_ai_xsens_mti_driver
[41.652s] DEBUG:colcon.colcon_core.event_handler.log_command:Invoking command in '/home/jetson/ros2_ws/build/bluespace_ai_xsens_mti_driver': CMAKE_PREFIX_PATH=${CMAKE_PREFIX_PATH}:/home/jetson/ros2_ws/install/test_jetson:/home/jetson/ros2_ws/install/jetson:/home/jetson/ros2_ws/install/jetracer_description:/opt/ros/galactic /usr/bin/cmake --build /home/jetson/ros2_ws/build/bluespace_ai_xsens_mti_driver -- -j4 -l4
[42.625s] DEBUG:colcon.colcon_core.event_handler.log_command:Invoking command in '/home/jetson/ros2_ws/src/jetracer_description': PYTHONPATH=/home/jetson/ros2_ws/build/jetracer_description/prefix_override:/home/jetson/ros2_ws/install/jetracer_description/lib/python3.8/site-packages:${PYTHONPATH} /usr/bin/python3 setup.py egg_info --egg-base ../../build/jetracer_description build --build-base /home/jetson/ros2_ws/build/jetracer_description/build install --record /home/jetson/ros2_ws/build/jetracer_description/install.log --install-scripts $base/lib/jetracer_description --single-version-externally-managed
[42.648s] DEBUG:colcon.colcon_core.event_handler.log_command:Invoking command in '/home/jetson/ros2_ws/src/realsens_speed_sens': PYTHONPATH=/home/jetson/ros2_ws/build/test_jetson/prefix_override:/home/jetson/ros2_ws/install/test_jetson/lib/python3.8/site-packages:${PYTHONPATH} /usr/bin/python3 setup.py egg_info --egg-base ../../build/test_jetson build --build-base /home/jetson/ros2_ws/build/test_jetson/build install --record /home/jetson/ros2_ws/build/test_jetson/install.log --single-version-externally-managed
[42.662s] DEBUG:colcon.colcon_core.event_handler.log_command:Invoking command in '/home/jetson/ros2_ws/src/jetson': PYTHONPATH=/home/jetson/ros2_ws/build/jetson/prefix_override:/home/jetson/ros2_ws/install/jetson/lib/python3.8/site-packages:${PYTHONPATH} /usr/bin/python3 setup.py egg_info --egg-base ../../build/jetson build --build-base /home/jetson/ros2_ws/build/jetson/build install --record /home/jetson/ros2_ws/build/jetson/install.log --single-version-externally-managed
[52.121s] DEBUG:colcon.colcon_core.event_handler.log_command:Invoked command in '/home/jetson/ros2_ws/src/realsens_speed_sens' returned '0': PYTHONPATH=/home/jetson/ros2_ws/build/test_jetson/prefix_override:/home/jetson/ros2_ws/install/test_jetson/lib/python3.8/site-packages:${PYTHONPATH} /usr/bin/python3 setup.py egg_info --egg-base ../../build/test_jetson build --build-base /home/jetson/ros2_ws/build/test_jetson/build install --record /home/jetson/ros2_ws/build/test_jetson/install.log --single-version-externally-managed
[52.808s] Level 1:colcon.colcon_core.environment:checking '/home/jetson/ros2_ws/install/test_jetson' for CMake module files
[52.936s] Level 1:colcon.colcon_core.environment:checking '/home/jetson/ros2_ws/install/test_jetson' for CMake config files
[52.992s] Level 1:colcon.colcon_core.environment:checking '/home/jetson/ros2_ws/install/test_jetson/lib'
[52.995s] Level 1:colcon.colcon_core.environment:checking '/home/jetson/ros2_ws/install/test_jetson/bin'
[52.997s] Level 1:colcon.colcon_core.environment:checking '/home/jetson/ros2_ws/install/test_jetson/lib/pkgconfig/test_jetson.pc'
[52.999s] Level 1:colcon.colcon_core.environment:checking '/home/jetson/ros2_ws/install/test_jetson/lib/python3.8/site-packages'
[53.004s] Level 1:colcon.colcon_core.shell:create_environment_hook('test_jetson', 'pythonpath')
[53.092s] INFO:colcon.colcon_core.shell:Creating environment hook '/home/jetson/ros2_ws/install/test_jetson/share/test_jetson/hook/pythonpath.ps1'
[53.112s] INFO:colcon.colcon_core.shell:Creating environment descriptor '/home/jetson/ros2_ws/install/test_jetson/share/test_jetson/hook/pythonpath.dsv'
[53.148s] INFO:colcon.colcon_core.shell:Creating environment hook '/home/jetson/ros2_ws/install/test_jetson/share/test_jetson/hook/pythonpath.sh'
[53.163s] Level 1:colcon.colcon_core.environment:checking '/home/jetson/ros2_ws/install/test_jetson/bin'
[53.163s] Level 1:colcon.colcon_core.environment:create_environment_scripts_only(test_jetson)
[53.261s] INFO:colcon.colcon_core.shell:Creating package script '/home/jetson/ros2_ws/install/test_jetson/share/test_jetson/package.ps1'
[53.442s] INFO:colcon.colcon_core.shell:Creating package descriptor '/home/jetson/ros2_ws/install/test_jetson/share/test_jetson/package.dsv'
[53.457s] INFO:colcon.colcon_core.shell:Creating package script '/home/jetson/ros2_ws/install/test_jetson/share/test_jetson/package.sh'
[53.466s] INFO:colcon.colcon_core.shell:Creating package script '/home/jetson/ros2_ws/install/test_jetson/share/test_jetson/package.bash'
[53.488s] INFO:colcon.colcon_core.shell:Creating package script '/home/jetson/ros2_ws/install/test_jetson/share/test_jetson/package.zsh'
[53.494s] Level 1:colcon.colcon_core.environment:create_file_with_runtime_dependencies(/home/jetson/ros2_ws/install/test_jetson/share/colcon-core/packages/test_jetson)
[53.512s] DEBUG:colcon.colcon_core.event_handler.log_command:Invoked command in '/home/jetson/ros2_ws/src/jetson' returned '0': PYTHONPATH=/home/jetson/ros2_ws/build/jetson/prefix_override:/home/jetson/ros2_ws/install/jetson/lib/python3.8/site-packages:${PYTHONPATH} /usr/bin/python3 setup.py egg_info --egg-base ../../build/jetson build --build-base /home/jetson/ros2_ws/build/jetson/build install --record /home/jetson/ros2_ws/build/jetson/install.log --single-version-externally-managed
[54.113s] Level 1:colcon.colcon_core.environment:checking '/home/jetson/ros2_ws/install/jetson' for CMake module files
[54.116s] Level 1:colcon.colcon_core.environment:checking '/home/jetson/ros2_ws/install/jetson' for CMake config files
[54.120s] Level 1:colcon.colcon_core.environment:checking '/home/jetson/ros2_ws/install/jetson/lib'
[54.127s] Level 1:colcon.colcon_core.environment:checking '/home/jetson/ros2_ws/install/jetson/bin'
[54.128s] Level 1:colcon.colcon_core.environment:checking '/home/jetson/ros2_ws/install/jetson/lib/pkgconfig/jetson.pc'
[54.129s] Level 1:colcon.colcon_core.environment:checking '/home/jetson/ros2_ws/install/jetson/lib/python3.8/site-packages'
[54.129s] Level 1:colcon.colcon_core.shell:create_environment_hook('jetson', 'pythonpath')
[54.330s] INFO:colcon.colcon_core.shell:Creating environment hook '/home/jetson/ros2_ws/install/jetson/share/jetson/hook/pythonpath.ps1'
[54.333s] INFO:colcon.colcon_core.shell:Creating environment descriptor '/home/jetson/ros2_ws/install/jetson/share/jetson/hook/pythonpath.dsv'
[54.339s] INFO:colcon.colcon_core.shell:Creating environment hook '/home/jetson/ros2_ws/install/jetson/share/jetson/hook/pythonpath.sh'
[54.345s] Level 1:colcon.colcon_core.environment:checking '/home/jetson/ros2_ws/install/jetson/bin'
[54.345s] Level 1:colcon.colcon_core.environment:create_environment_scripts_only(jetson)
[54.511s] INFO:colcon.colcon_core.shell:Creating package script '/home/jetson/ros2_ws/install/jetson/share/jetson/package.ps1'
[54.519s] INFO:colcon.colcon_core.shell:Creating package descriptor '/home/jetson/ros2_ws/install/jetson/share/jetson/package.dsv'
[54.525s] INFO:colcon.colcon_core.shell:Creating package script '/home/jetson/ros2_ws/install/jetson/share/jetson/package.sh'
[54.529s] INFO:colcon.colcon_core.shell:Creating package script '/home/jetson/ros2_ws/install/jetson/share/jetson/package.bash'
[54.532s] INFO:colcon.colcon_core.shell:Creating package script '/home/jetson/ros2_ws/install/jetson/share/jetson/package.zsh'
[54.535s] Level 1:colcon.colcon_core.environment:create_file_with_runtime_dependencies(/home/jetson/ros2_ws/install/jetson/share/colcon-core/packages/jetson)
[54.556s] DEBUG:colcon.colcon_core.event_handler.log_command:Invoked command in '/home/jetson/ros2_ws/src/jetracer_description' returned '0': PYTHONPATH=/home/jetson/ros2_ws/build/jetracer_description/prefix_override:/home/jetson/ros2_ws/install/jetracer_description/lib/python3.8/site-packages:${PYTHONPATH} /usr/bin/python3 setup.py egg_info --egg-base ../../build/jetracer_description build --build-base /home/jetson/ros2_ws/build/jetracer_description/build install --record /home/jetson/ros2_ws/build/jetracer_description/install.log --install-scripts $base/lib/jetracer_description --single-version-externally-managed
[54.802s] Level 1:colcon.colcon_core.environment:checking '/home/jetson/ros2_ws/install/jetracer_description' for CMake module files
[54.805s] Level 1:colcon.colcon_core.environment:checking '/home/jetson/ros2_ws/install/jetracer_description' for CMake config files
[54.817s] Level 1:colcon.colcon_core.environment:checking '/home/jetson/ros2_ws/install/jetracer_description/lib'
[54.818s] Level 1:colcon.colcon_core.environment:checking '/home/jetson/ros2_ws/install/jetracer_description/bin'
[54.820s] Level 1:colcon.colcon_core.environment:checking '/home/jetson/ros2_ws/install/jetracer_description/lib/pkgconfig/jetracer_description.pc'
[54.826s] Level 1:colcon.colcon_core.environment:checking '/home/jetson/ros2_ws/install/jetracer_description/lib/python3.8/site-packages'
[54.826s] Level 1:colcon.colcon_core.shell:create_environment_hook('jetracer_description', 'pythonpath')
[55.013s] INFO:colcon.colcon_core.shell:Creating environment hook '/home/jetson/ros2_ws/install/jetracer_description/share/jetracer_description/hook/pythonpath.ps1'
[55.015s] INFO:colcon.colcon_core.shell:Creating environment descriptor '/home/jetson/ros2_ws/install/jetracer_description/share/jetracer_description/hook/pythonpath.dsv'
[55.017s] INFO:colcon.colcon_core.shell:Creating environment hook '/home/jetson/ros2_ws/install/jetracer_description/share/jetracer_description/hook/pythonpath.sh'
[55.019s] Level 1:colcon.colcon_core.environment:checking '/home/jetson/ros2_ws/install/jetracer_description/bin'
[55.020s] Level 1:colcon.colcon_core.environment:create_environment_scripts_only(jetracer_description)
[55.149s] INFO:colcon.colcon_core.shell:Creating package script '/home/jetson/ros2_ws/install/jetracer_description/share/jetracer_description/package.ps1'
[55.151s] INFO:colcon.colcon_core.shell:Creating package descriptor '/home/jetson/ros2_ws/install/jetracer_description/share/jetracer_description/package.dsv'
[55.154s] INFO:colcon.colcon_core.shell:Creating package script '/home/jetson/ros2_ws/install/jetracer_description/share/jetracer_description/package.sh'
[55.156s] INFO:colcon.colcon_core.shell:Creating package script '/home/jetson/ros2_ws/install/jetracer_description/share/jetracer_description/package.bash'
[55.159s] INFO:colcon.colcon_core.shell:Creating package script '/home/jetson/ros2_ws/install/jetracer_description/share/jetracer_description/package.zsh'
[55.161s] Level 1:colcon.colcon_core.environment:create_file_with_runtime_dependencies(/home/jetson/ros2_ws/install/jetracer_description/share/colcon-core/packages/jetracer_description)
[106.956s] DEBUG:colcon.colcon_core.event_handler.log_command:Invoked command in '/home/jetson/ros2_ws/build/bluespace_ai_xsens_mti_driver' returned '0': CMAKE_PREFIX_PATH=${CMAKE_PREFIX_PATH}:/home/jetson/ros2_ws/install/test_jetson:/home/jetson/ros2_ws/install/jetson:/home/jetson/ros2_ws/install/jetracer_description:/opt/ros/galactic /usr/bin/cmake --build /home/jetson/ros2_ws/build/bluespace_ai_xsens_mti_driver -- -j4 -l4
[107.096s] DEBUG:colcon.colcon_core.event_handler.log_command:Invoking command in '/home/jetson/ros2_ws/build/bluespace_ai_xsens_mti_driver': CMAKE_PREFIX_PATH=${CMAKE_PREFIX_PATH}:/home/jetson/ros2_ws/install/test_jetson:/home/jetson/ros2_ws/install/jetson:/home/jetson/ros2_ws/install/jetracer_description:/opt/ros/galactic /usr/bin/cmake --install /home/jetson/ros2_ws/build/bluespace_ai_xsens_mti_driver
[107.383s] Level 1:colcon.colcon_core.environment:create_environment_scripts_only(bluespace_ai_xsens_mti_driver)
[107.386s] DEBUG:colcon.colcon_core.event_handler.log_command:Invoked command in '/home/jetson/ros2_ws/build/bluespace_ai_xsens_mti_driver' returned '0': CMAKE_PREFIX_PATH=${CMAKE_PREFIX_PATH}:/home/jetson/ros2_ws/install/test_jetson:/home/jetson/ros2_ws/install/jetson:/home/jetson/ros2_ws/install/jetracer_description:/opt/ros/galactic /usr/bin/cmake --install /home/jetson/ros2_ws/build/bluespace_ai_xsens_mti_driver
[108.635s] Level 1:colcon.colcon_core.environment:checking '/home/jetson/ros2_ws/install/bluespace_ai_xsens_mti_driver' for CMake module files
[108.639s] Level 1:colcon.colcon_core.environment:checking '/home/jetson/ros2_ws/install/bluespace_ai_xsens_mti_driver' for CMake config files
[108.640s] Level 1:colcon.colcon_core.shell:create_environment_hook('bluespace_ai_xsens_mti_driver', 'cmake_prefix_path')
[108.724s] INFO:colcon.colcon_core.shell:Creating environment hook '/home/jetson/ros2_ws/install/bluespace_ai_xsens_mti_driver/share/bluespace_ai_xsens_mti_driver/hook/cmake_prefix_path.ps1'
[108.729s] INFO:colcon.colcon_core.shell:Creating environment descriptor '/home/jetson/ros2_ws/install/bluespace_ai_xsens_mti_driver/share/bluespace_ai_xsens_mti_driver/hook/cmake_prefix_path.dsv'
[108.733s] INFO:colcon.colcon_core.shell:Creating environment hook '/home/jetson/ros2_ws/install/bluespace_ai_xsens_mti_driver/share/bluespace_ai_xsens_mti_driver/hook/cmake_prefix_path.sh'
[108.735s] Level 1:colcon.colcon_core.environment:checking '/home/jetson/ros2_ws/install/bluespace_ai_xsens_mti_driver/lib'
[108.735s] Level 1:colcon.colcon_core.environment:checking '/home/jetson/ros2_ws/install/bluespace_ai_xsens_mti_driver/bin'
[108.736s] Level 1:colcon.colcon_core.environment:checking '/home/jetson/ros2_ws/install/bluespace_ai_xsens_mti_driver/lib/pkgconfig/bluespace_ai_xsens_mti_driver.pc'
[108.737s] Level 1:colcon.colcon_core.environment:checking '/home/jetson/ros2_ws/install/bluespace_ai_xsens_mti_driver/lib/python3.8/site-packages'
[108.738s] Level 1:colcon.colcon_core.environment:checking '/home/jetson/ros2_ws/install/bluespace_ai_xsens_mti_driver/bin'
[108.822s] INFO:colcon.colcon_core.shell:Creating package script '/home/jetson/ros2_ws/install/bluespace_ai_xsens_mti_driver/share/bluespace_ai_xsens_mti_driver/package.ps1'
[108.826s] INFO:colcon.colcon_core.shell:Creating package descriptor '/home/jetson/ros2_ws/install/bluespace_ai_xsens_mti_driver/share/bluespace_ai_xsens_mti_driver/package.dsv'
[108.829s] INFO:colcon.colcon_core.shell:Creating package script '/home/jetson/ros2_ws/install/bluespace_ai_xsens_mti_driver/share/bluespace_ai_xsens_mti_driver/package.sh'
[108.832s] INFO:colcon.colcon_core.shell:Creating package script '/home/jetson/ros2_ws/install/bluespace_ai_xsens_mti_driver/share/bluespace_ai_xsens_mti_driver/package.bash'
[108.835s] INFO:colcon.colcon_core.shell:Creating package script '/home/jetson/ros2_ws/install/bluespace_ai_xsens_mti_driver/share/bluespace_ai_xsens_mti_driver/package.zsh'
[108.840s] Level 1:colcon.colcon_core.environment:create_file_with_runtime_dependencies(/home/jetson/ros2_ws/install/bluespace_ai_xsens_mti_driver/share/colcon-core/packages/bluespace_ai_xsens_mti_driver)
[109.029s] Level 1:colcon.colcon_core.environment:create_environment_scripts_only(bluespace_ai_xsens_mti_driver)
[109.112s] Level 1:colcon.colcon_core.environment:checking '/home/jetson/ros2_ws/install/bluespace_ai_xsens_mti_driver' for CMake module files
[109.115s] Level 1:colcon.colcon_core.environment:checking '/home/jetson/ros2_ws/install/bluespace_ai_xsens_mti_driver' for CMake config files
[109.117s] Level 1:colcon.colcon_core.shell:create_environment_hook('bluespace_ai_xsens_mti_driver', 'cmake_prefix_path')
[109.200s] INFO:colcon.colcon_core.shell:Creating environment hook '/home/jetson/ros2_ws/install/bluespace_ai_xsens_mti_driver/share/bluespace_ai_xsens_mti_driver/hook/cmake_prefix_path.ps1'
[109.201s] INFO:colcon.colcon_core.shell:Creating environment descriptor '/home/jetson/ros2_ws/install/bluespace_ai_xsens_mti_driver/share/bluespace_ai_xsens_mti_driver/hook/cmake_prefix_path.dsv'
[109.203s] INFO:colcon.colcon_core.shell:Creating environment hook '/home/jetson/ros2_ws/install/bluespace_ai_xsens_mti_driver/share/bluespace_ai_xsens_mti_driver/hook/cmake_prefix_path.sh'
[109.206s] Level 1:colcon.colcon_core.environment:checking '/home/jetson/ros2_ws/install/bluespace_ai_xsens_mti_driver/lib'
[109.206s] Level 1:colcon.colcon_core.environment:checking '/home/jetson/ros2_ws/install/bluespace_ai_xsens_mti_driver/bin'
[109.207s] Level 1:colcon.colcon_core.environment:checking '/home/jetson/ros2_ws/install/bluespace_ai_xsens_mti_driver/lib/pkgconfig/bluespace_ai_xsens_mti_driver.pc'
[109.208s] Level 1:colcon.colcon_core.environment:checking '/home/jetson/ros2_ws/install/bluespace_ai_xsens_mti_driver/lib/python3.8/site-packages'
[109.208s] Level 1:colcon.colcon_core.environment:checking '/home/jetson/ros2_ws/install/bluespace_ai_xsens_mti_driver/bin'
[109.294s] INFO:colcon.colcon_core.shell:Creating package script '/home/jetson/ros2_ws/install/bluespace_ai_xsens_mti_driver/share/bluespace_ai_xsens_mti_driver/package.ps1'
[109.296s] INFO:colcon.colcon_core.shell:Creating package descriptor '/home/jetson/ros2_ws/install/bluespace_ai_xsens_mti_driver/share/bluespace_ai_xsens_mti_driver/package.dsv'
[109.299s] INFO:colcon.colcon_core.shell:Creating package script '/home/jetson/ros2_ws/install/bluespace_ai_xsens_mti_driver/share/bluespace_ai_xsens_mti_driver/package.sh'
[109.301s] INFO:colcon.colcon_core.shell:Creating package script '/home/jetson/ros2_ws/install/bluespace_ai_xsens_mti_driver/share/bluespace_ai_xsens_mti_driver/package.bash'
[109.303s] INFO:colcon.colcon_core.shell:Creating package script '/home/jetson/ros2_ws/install/bluespace_ai_xsens_mti_driver/share/bluespace_ai_xsens_mti_driver/package.zsh'
[109.305s] Level 1:colcon.colcon_core.environment:create_file_with_runtime_dependencies(/home/jetson/ros2_ws/install/bluespace_ai_xsens_mti_driver/share/colcon-core/packages/bluespace_ai_xsens_mti_driver)
[109.306s] DEBUG:colcon.colcon_parallel_executor.executor.parallel:closing loop
[109.307s] DEBUG:colcon.colcon_parallel_executor.executor.parallel:loop closed
[109.307s] DEBUG:colcon.colcon_parallel_executor.executor.parallel:run_until_complete finished with '0'
[109.308s] DEBUG:colcon.colcon_core.event_reactor:joining thread
[109.442s] INFO:colcon.colcon_core.plugin_system:Skipping extension 'colcon_notification.desktop_notification.terminal_notifier': Not used on non-Darwin systems
[109.443s] INFO:colcon.colcon_core.plugin_system:Skipping extension 'colcon_notification.desktop_notification.win32': Not used on non-Windows systems
[109.443s] INFO:colcon.colcon_notification.desktop_notification:Sending desktop notification using 'notify2'
[109.809s] DEBUG:colcon.colcon_core.event_reactor:joined thread
[109.903s] INFO:colcon.colcon_core.shell:Creating prefix script '/home/jetson/ros2_ws/install/local_setup.ps1'
[109.908s] INFO:colcon.colcon_core.shell:Creating prefix util module '/home/jetson/ros2_ws/install/_local_setup_util_ps1.py'
[109.915s] INFO:colcon.colcon_core.shell:Creating prefix chain script '/home/jetson/ros2_ws/install/setup.ps1'
[110.009s] INFO:colcon.colcon_core.shell:Creating prefix script '/home/jetson/ros2_ws/install/local_setup.sh'
[110.012s] INFO:colcon.colcon_core.shell:Creating prefix util module '/home/jetson/ros2_ws/install/_local_setup_util_sh.py'
[110.013s] INFO:colcon.colcon_core.shell:Creating prefix chain script '/home/jetson/ros2_ws/install/setup.sh'
[110.099s] INFO:colcon.colcon_core.shell:Creating prefix script '/home/jetson/ros2_ws/install/local_setup.bash'
[110.103s] INFO:colcon.colcon_core.shell:Creating prefix chain script '/home/jetson/ros2_ws/install/setup.bash'
[110.189s] INFO:colcon.colcon_core.shell:Creating prefix script '/home/jetson/ros2_ws/install/local_setup.zsh'
[110.196s] INFO:colcon.colcon_core.shell:Creating prefix chain script '/home/jetson/ros2_ws/install/setup.zsh'
