[18.196s] Invoking command in '/home/jetson/ros2_ws/src/jetson': PYTHONPATH=/home/jetson/ros2_ws/build/jetson/prefix_override:/home/jetson/ros2_ws/install/jetson/lib/python3.8/site-packages:${PYTHONPATH} /usr/bin/python3 setup.py egg_info --egg-base ../../build/jetson build --build-base /home/jetson/ros2_ws/build/jetson/build install --record /home/jetson/ros2_ws/build/jetson/install.log --single-version-externally-managed
[22.815s] running egg_info
[22.990s] writing ../../build/jetson/jetson.egg-info/PKG-INFO
[22.995s] writing dependency_links to ../../build/jetson/jetson.egg-info/dependency_links.txt
[22.998s] writing entry points to ../../build/jetson/jetson.egg-info/entry_points.txt
[22.999s] writing requirements to ../../build/jetson/jetson.egg-info/requires.txt
[23.001s] writing top-level names to ../../build/jetson/jetson.egg-info/top_level.txt
[23.498s] reading manifest file '../../build/jetson/jetson.egg-info/SOURCES.txt'
[23.507s] writing manifest file '../../build/jetson/jetson.egg-info/SOURCES.txt'
[23.508s] running build
[23.509s] running build_py
[23.521s] running install
[23.523s] /home/jetson/.local/lib/python3.8/site-packages/setuptools/command/install.py:34: SetuptoolsDeprecationWarning: setup.py install is deprecated. Use build and pip and other standards-based tools.
[23.523s]   warnings.warn(
[23.560s] running install_lib
[23.808s] running install_data
[24.067s] copying package.xml -> /home/jetson/ros2_ws/install/jetson/share/jetson
[24.076s] running install_egg_info
[24.324s] removing '/home/jetson/ros2_ws/install/jetson/lib/python3.8/site-packages/jetson-0.0.0-py3.8.egg-info' (and everything under it)
[24.331s] Copying ../../build/jetson/jetson.egg-info to /home/jetson/ros2_ws/install/jetson/lib/python3.8/site-packages/jetson-0.0.0-py3.8.egg-info
[24.341s] running install_scripts
[25.566s] Installing listener script to /home/jetson/ros2_ws/install/jetson/lib/jetson
[25.570s] Installing x_sensv2 script to /home/jetson/ros2_ws/install/jetson/lib/jetson
[25.578s] writing list of installed files to '/home/jetson/ros2_ws/build/jetson/install.log'
[26.660s] Invoked command in '/home/jetson/ros2_ws/src/jetson' returned '0': PYTHONPATH=/home/jetson/ros2_ws/build/jetson/prefix_override:/home/jetson/ros2_ws/install/jetson/lib/python3.8/site-packages:${PYTHONPATH} /usr/bin/python3 setup.py egg_info --egg-base ../../build/jetson build --build-base /home/jetson/ros2_ws/build/jetson/build install --record /home/jetson/ros2_ws/build/jetson/install.log --single-version-externally-managed
