[16.403s] Invoking command in '/home/jetson/ros2_ws/src/jetracer_description': PYTHONPATH=/home/jetson/ros2_ws/build/jetracer_description/prefix_override:/home/jetson/ros2_ws/install/jetracer_description/lib/python3.8/site-packages:${PYTHONPATH} /usr/bin/python3 setup.py egg_info --egg-base ../../build/jetracer_description build --build-base /home/jetson/ros2_ws/build/jetracer_description/build install --record /home/jetson/ros2_ws/build/jetracer_description/install.log --install-scripts $base/lib/jetracer_description --single-version-externally-managed
[18.726s] /home/jetson/.local/lib/python3.8/site-packages/setuptools/dist.py:770: UserWarning: Usage of dash-separated 'script-dir' will not be supported in future versions. Please use the underscore name 'script_dir' instead
[18.727s]   warnings.warn(
[19.652s] running egg_info
[19.886s] writing ../../build/jetracer_description/jetracer_description.egg-info/PKG-INFO
[19.888s] writing dependency_links to ../../build/jetracer_description/jetracer_description.egg-info/dependency_links.txt
[19.889s] writing entry points to ../../build/jetracer_description/jetracer_description.egg-info/entry_points.txt
[19.890s] writing requirements to ../../build/jetracer_description/jetracer_description.egg-info/requires.txt
[19.891s] writing top-level names to ../../build/jetracer_description/jetracer_description.egg-info/top_level.txt
[20.168s] reading manifest file '../../build/jetracer_description/jetracer_description.egg-info/SOURCES.txt'
[20.177s] writing manifest file '../../build/jetracer_description/jetracer_description.egg-info/SOURCES.txt'
[20.178s] running build
[20.179s] running build_py
[20.181s] running install
[20.183s] /home/jetson/.local/lib/python3.8/site-packages/setuptools/command/install.py:34: SetuptoolsDeprecationWarning: setup.py install is deprecated. Use build and pip and other standards-based tools.
[20.184s]   warnings.warn(
[20.216s] running install_lib
[20.381s] running install_data
[20.533s] running install_egg_info
[20.687s] removing '/home/jetson/ros2_ws/install/jetracer_description/lib/python3.8/site-packages/jetracer_description-0.0.0-py3.8.egg-info' (and everything under it)
[20.688s] Copying ../../build/jetracer_description/jetracer_description.egg-info to /home/jetson/ros2_ws/install/jetracer_description/lib/python3.8/site-packages/jetracer_description-0.0.0-py3.8.egg-info
[20.698s] running install_scripts
[21.173s] Installing controller script to /home/jetson/ros2_ws/install/jetracer_description/lib/jetracer_description
[21.175s] Installing wheel_steer script to /home/jetson/ros2_ws/install/jetracer_description/lib/jetracer_description
[21.176s] writing list of installed files to '/home/jetson/ros2_ws/build/jetracer_description/install.log'
[21.438s] Invoked command in '/home/jetson/ros2_ws/src/jetracer_description' returned '0': PYTHONPATH=/home/jetson/ros2_ws/build/jetracer_description/prefix_override:/home/jetson/ros2_ws/install/jetracer_description/lib/python3.8/site-packages:${PYTHONPATH} /usr/bin/python3 setup.py egg_info --egg-base ../../build/jetracer_description build --build-base /home/jetson/ros2_ws/build/jetracer_description/build install --record /home/jetson/ros2_ws/build/jetracer_description/install.log --install-scripts $base/lib/jetracer_description --single-version-externally-managed
