[24.739s] DEBUG:colcon:Command line arguments: ['/usr/bin/colcon', 'build']
[24.740s] DEBUG:colcon:Parsed command line arguments: Namespace(allow_overriding=[], ament_cmake_args=None, base_paths=['.'], build_base='build', catkin_cmake_args=None, catkin_skip_building_tests=False, cmake_args=None, cmake_clean_cache=False, cmake_clean_first=False, cmake_force_configure=False, cmake_target=None, cmake_target_skip_unavailable=False, continue_on_error=False, event_handlers=None, executor='parallel', ignore_user_meta=False, install_base='install', log_base=None, log_level=None, main=<bound method BuildVerb.main of <colcon_core.verb.build.BuildVerb object at 0x7fa23247f0>>, merge_install=False, metas=['./colcon.meta'], packages_above=None, packages_above_and_dependencies=None, packages_above_depth=None, packages_end=None, packages_ignore=None, packages_ignore_regex=None, packages_select=None, packages_select_build_failed=False, packages_select_by_dep=None, packages_select_regex=None, packages_select_test_failures=False, packages_skip=None, packages_skip_build_finished=False, packages_skip_by_dep=None, packages_skip_regex=None, packages_skip_test_passed=False, packages_skip_up_to=None, packages_start=None, packages_up_to=None, packages_up_to_regex=None, parallel_workers=4, paths=None, symlink_install=False, test_result_base=None, verb_extension=<colcon_core.verb.build.BuildVerb object at 0x7fa23247f0>, verb_name='build', verb_parser=<colcon_defaults.argument_parser.defaults.DefaultArgumentsDecorator object at 0x7fa2259370>)
[25.824s] Level 1:colcon.colcon_core.package_discovery:discover_packages(colcon_meta) check parameters
[25.824s] Level 1:colcon.colcon_core.package_discovery:discover_packages(recursive) check parameters
[25.825s] Level 1:colcon.colcon_core.package_discovery:discover_packages(ignore) check parameters
[25.825s] Level 1:colcon.colcon_core.package_discovery:discover_packages(path) check parameters
[25.825s] Level 1:colcon.colcon_core.package_discovery:discover_packages(colcon_meta) discover
[25.825s] Level 1:colcon.colcon_core.package_discovery:discover_packages(recursive) discover
[25.825s] INFO:colcon.colcon_core.package_discovery:Crawling recursively for packages in '/home/jetson/ros2_ws'
[25.826s] Level 1:colcon.colcon_core.package_identification:_identify(.) by extensions ['ignore', 'ignore_ament_install']
[25.826s] Level 1:colcon.colcon_core.package_identification:_identify(.) by extension 'ignore'
[25.827s] Level 1:colcon.colcon_core.package_identification:_identify(.) by extension 'ignore_ament_install'
[25.827s] Level 1:colcon.colcon_core.package_identification:_identify(.) by extensions ['colcon_pkg']
[25.827s] Level 1:colcon.colcon_core.package_identification:_identify(.) by extension 'colcon_pkg'
[25.827s] Level 1:colcon.colcon_core.package_identification:_identify(.) by extensions ['colcon_meta']
[25.827s] Level 1:colcon.colcon_core.package_identification:_identify(.) by extension 'colcon_meta'
[25.828s] Level 1:colcon.colcon_core.package_identification:_identify(.) by extensions ['ros']
[25.828s] Level 1:colcon.colcon_core.package_identification:_identify(.) by extension 'ros'
[25.918s] Level 1:colcon.colcon_core.package_identification:_identify(.) by extensions ['cmake', 'python']
[25.918s] Level 1:colcon.colcon_core.package_identification:_identify(.) by extension 'cmake'
[25.919s] Level 1:colcon.colcon_core.package_identification:_identify(.) by extension 'python'
[25.919s] Level 1:colcon.colcon_core.package_identification:_identify(.) by extensions ['python_setup_py']
[25.919s] Level 1:colcon.colcon_core.package_identification:_identify(.) by extension 'python_setup_py'
[25.920s] Level 1:colcon.colcon_core.package_identification:_identify(build) by extensions ['ignore', 'ignore_ament_install']
[25.920s] Level 1:colcon.colcon_core.package_identification:_identify(build) by extension 'ignore'
[25.921s] Level 1:colcon.colcon_core.package_identification:_identify(build) ignored
[25.921s] Level 1:colcon.colcon_core.package_identification:_identify(install) by extensions ['ignore', 'ignore_ament_install']
[25.922s] Level 1:colcon.colcon_core.package_identification:_identify(install) by extension 'ignore'
[25.923s] Level 1:colcon.colcon_core.package_identification:_identify(install) ignored
[25.923s] Level 1:colcon.colcon_core.package_identification:_identify(log) by extensions ['ignore', 'ignore_ament_install']
[25.924s] Level 1:colcon.colcon_core.package_identification:_identify(log) by extension 'ignore'
[25.924s] Level 1:colcon.colcon_core.package_identification:_identify(log) ignored
[25.924s] Level 1:colcon.colcon_core.package_identification:_identify(src) by extensions ['ignore', 'ignore_ament_install']
[25.925s] Level 1:colcon.colcon_core.package_identification:_identify(src) by extension 'ignore'
[25.925s] Level 1:colcon.colcon_core.package_identification:_identify(src) by extension 'ignore_ament_install'
[25.926s] Level 1:colcon.colcon_core.package_identification:_identify(src) by extensions ['colcon_pkg']
[25.926s] Level 1:colcon.colcon_core.package_identification:_identify(src) by extension 'colcon_pkg'
[25.926s] Level 1:colcon.colcon_core.package_identification:_identify(src) by extensions ['colcon_meta']
[25.927s] Level 1:colcon.colcon_core.package_identification:_identify(src) by extension 'colcon_meta'
[25.927s] Level 1:colcon.colcon_core.package_identification:_identify(src) by extensions ['ros']
[25.927s] Level 1:colcon.colcon_core.package_identification:_identify(src) by extension 'ros'
[25.928s] Level 1:colcon.colcon_core.package_identification:_identify(src) by extensions ['cmake', 'python']
[25.928s] Level 1:colcon.colcon_core.package_identification:_identify(src) by extension 'cmake'
[25.928s] Level 1:colcon.colcon_core.package_identification:_identify(src) by extension 'python'
[25.929s] Level 1:colcon.colcon_core.package_identification:_identify(src) by extensions ['python_setup_py']
[25.929s] Level 1:colcon.colcon_core.package_identification:_identify(src) by extension 'python_setup_py'
[25.930s] Level 1:colcon.colcon_core.package_identification:_identify(src/bluespace_ai_xsens_ros_mti_driver) by extensions ['ignore', 'ignore_ament_install']
[25.930s] Level 1:colcon.colcon_core.package_identification:_identify(src/bluespace_ai_xsens_ros_mti_driver) by extension 'ignore'
[25.931s] Level 1:colcon.colcon_core.package_identification:_identify(src/bluespace_ai_xsens_ros_mti_driver) by extension 'ignore_ament_install'
[25.931s] Level 1:colcon.colcon_core.package_identification:_identify(src/bluespace_ai_xsens_ros_mti_driver) by extensions ['colcon_pkg']
[25.931s] Level 1:colcon.colcon_core.package_identification:_identify(src/bluespace_ai_xsens_ros_mti_driver) by extension 'colcon_pkg'
[25.932s] Level 1:colcon.colcon_core.package_identification:_identify(src/bluespace_ai_xsens_ros_mti_driver) by extensions ['colcon_meta']
[25.932s] Level 1:colcon.colcon_core.package_identification:_identify(src/bluespace_ai_xsens_ros_mti_driver) by extension 'colcon_meta'
[25.932s] Level 1:colcon.colcon_core.package_identification:_identify(src/bluespace_ai_xsens_ros_mti_driver) by extensions ['ros']
[25.932s] Level 1:colcon.colcon_core.package_identification:_identify(src/bluespace_ai_xsens_ros_mti_driver) by extension 'ros'
[25.950s] DEBUG:colcon.colcon_core.package_identification:Package 'src/bluespace_ai_xsens_ros_mti_driver' with type 'ros.ament_cmake' and name 'bluespace_ai_xsens_mti_driver'
[25.951s] Level 1:colcon.colcon_core.package_identification:_identify(src/jetracer_description) by extensions ['ignore', 'ignore_ament_install']
[25.951s] Level 1:colcon.colcon_core.package_identification:_identify(src/jetracer_description) by extension 'ignore'
[25.952s] Level 1:colcon.colcon_core.package_identification:_identify(src/jetracer_description) by extension 'ignore_ament_install'
[25.952s] Level 1:colcon.colcon_core.package_identification:_identify(src/jetracer_description) by extensions ['colcon_pkg']
[25.952s] Level 1:colcon.colcon_core.package_identification:_identify(src/jetracer_description) by extension 'colcon_pkg'
[25.953s] Level 1:colcon.colcon_core.package_identification:_identify(src/jetracer_description) by extensions ['colcon_meta']
[25.953s] Level 1:colcon.colcon_core.package_identification:_identify(src/jetracer_description) by extension 'colcon_meta'
[25.953s] Level 1:colcon.colcon_core.package_identification:_identify(src/jetracer_description) by extensions ['ros']
[25.953s] Level 1:colcon.colcon_core.package_identification:_identify(src/jetracer_description) by extension 'ros'
[25.959s] DEBUG:colcon.colcon_core.package_identification:Package 'src/jetracer_description' with type 'ros.ament_python' and name 'jetracer_description'
[25.959s] Level 1:colcon.colcon_core.package_identification:_identify(src/jetson) by extensions ['ignore', 'ignore_ament_install']
[25.960s] Level 1:colcon.colcon_core.package_identification:_identify(src/jetson) by extension 'ignore'
[25.960s] Level 1:colcon.colcon_core.package_identification:_identify(src/jetson) by extension 'ignore_ament_install'
[25.961s] Level 1:colcon.colcon_core.package_identification:_identify(src/jetson) by extensions ['colcon_pkg']
[25.961s] Level 1:colcon.colcon_core.package_identification:_identify(src/jetson) by extension 'colcon_pkg'
[25.961s] Level 1:colcon.colcon_core.package_identification:_identify(src/jetson) by extensions ['colcon_meta']
[25.961s] Level 1:colcon.colcon_core.package_identification:_identify(src/jetson) by extension 'colcon_meta'
[25.962s] Level 1:colcon.colcon_core.package_identification:_identify(src/jetson) by extensions ['ros']
[25.962s] Level 1:colcon.colcon_core.package_identification:_identify(src/jetson) by extension 'ros'
[25.966s] DEBUG:colcon.colcon_core.package_identification:Package 'src/jetson' with type 'ros.ament_python' and name 'jetson'
[25.967s] Level 1:colcon.colcon_core.package_identification:_identify(src/kalman_filter_jetracer) by extensions ['ignore', 'ignore_ament_install']
[25.967s] Level 1:colcon.colcon_core.package_identification:_identify(src/kalman_filter_jetracer) by extension 'ignore'
[25.968s] Level 1:colcon.colcon_core.package_identification:_identify(src/kalman_filter_jetracer) by extension 'ignore_ament_install'
[25.968s] Level 1:colcon.colcon_core.package_identification:_identify(src/kalman_filter_jetracer) by extensions ['colcon_pkg']
[25.968s] Level 1:colcon.colcon_core.package_identification:_identify(src/kalman_filter_jetracer) by extension 'colcon_pkg'
[25.969s] Level 1:colcon.colcon_core.package_identification:_identify(src/kalman_filter_jetracer) by extensions ['colcon_meta']
[25.969s] Level 1:colcon.colcon_core.package_identification:_identify(src/kalman_filter_jetracer) by extension 'colcon_meta'
[25.969s] Level 1:colcon.colcon_core.package_identification:_identify(src/kalman_filter_jetracer) by extensions ['ros']
[25.969s] Level 1:colcon.colcon_core.package_identification:_identify(src/kalman_filter_jetracer) by extension 'ros'
[25.975s] DEBUG:colcon.colcon_core.package_identification:Package 'src/kalman_filter_jetracer' with type 'ros.ament_python' and name 'kalman_filter_jetracer'
[25.976s] Level 1:colcon.colcon_core.package_identification:_identify(src/realsens_speed_sens) by extensions ['ignore', 'ignore_ament_install']
[25.976s] Level 1:colcon.colcon_core.package_identification:_identify(src/realsens_speed_sens) by extension 'ignore'
[25.977s] Level 1:colcon.colcon_core.package_identification:_identify(src/realsens_speed_sens) by extension 'ignore_ament_install'
[25.977s] Level 1:colcon.colcon_core.package_identification:_identify(src/realsens_speed_sens) by extensions ['colcon_pkg']
[25.977s] Level 1:colcon.colcon_core.package_identification:_identify(src/realsens_speed_sens) by extension 'colcon_pkg'
[25.978s] Level 1:colcon.colcon_core.package_identification:_identify(src/realsens_speed_sens) by extensions ['colcon_meta']
[25.978s] Level 1:colcon.colcon_core.package_identification:_identify(src/realsens_speed_sens) by extension 'colcon_meta'
[25.978s] Level 1:colcon.colcon_core.package_identification:_identify(src/realsens_speed_sens) by extensions ['ros']
[25.978s] Level 1:colcon.colcon_core.package_identification:_identify(src/realsens_speed_sens) by extension 'ros'
[25.984s] DEBUG:colcon.colcon_core.package_identification:Package 'src/realsens_speed_sens' with type 'ros.ament_python' and name 'test_jetson'
[25.985s] Level 1:colcon.colcon_core.package_discovery:discover_packages(recursive) using defaults
[25.985s] Level 1:colcon.colcon_core.package_discovery:discover_packages(ignore) discover
[25.985s] Level 1:colcon.colcon_core.package_discovery:discover_packages(ignore) using defaults
[25.985s] Level 1:colcon.colcon_core.package_discovery:discover_packages(path) discover
[25.985s] Level 1:colcon.colcon_core.package_discovery:discover_packages(path) using defaults
[26.580s] Level 1:colcon.colcon_core.package_discovery:discover_packages(prefix_path) check parameters
[26.581s] Level 1:colcon.colcon_core.package_discovery:discover_packages(prefix_path) discover
[26.793s] DEBUG:colcon.colcon_installed_package_information.package_discovery:Found 5 installed packages in /home/jetson/ros2_ws/install
[26.894s] DEBUG:colcon.colcon_installed_package_information.package_discovery:Found 281 installed packages in /opt/ros/galactic
[26.903s] Level 1:colcon.colcon_core.package_discovery:discover_packages(prefix_path) using defaults
[28.047s] Level 5:colcon.colcon_core.verb:set package 'bluespace_ai_xsens_mti_driver' build argument 'cmake_args' from command line to 'None'
[28.048s] Level 5:colcon.colcon_core.verb:set package 'bluespace_ai_xsens_mti_driver' build argument 'cmake_target' from command line to 'None'
[28.048s] Level 5:colcon.colcon_core.verb:set package 'bluespace_ai_xsens_mti_driver' build argument 'cmake_target_skip_unavailable' from command line to 'False'
[28.048s] Level 5:colcon.colcon_core.verb:set package 'bluespace_ai_xsens_mti_driver' build argument 'cmake_clean_cache' from command line to 'False'
[28.048s] Level 5:colcon.colcon_core.verb:set package 'bluespace_ai_xsens_mti_driver' build argument 'cmake_clean_first' from command line to 'False'
[28.048s] Level 5:colcon.colcon_core.verb:set package 'bluespace_ai_xsens_mti_driver' build argument 'cmake_force_configure' from command line to 'False'
[28.048s] Level 5:colcon.colcon_core.verb:set package 'bluespace_ai_xsens_mti_driver' build argument 'ament_cmake_args' from command line to 'None'
[28.048s] Level 5:colcon.colcon_core.verb:set package 'bluespace_ai_xsens_mti_driver' build argument 'catkin_cmake_args' from command line to 'None'
[28.049s] Level 5:colcon.colcon_core.verb:set package 'bluespace_ai_xsens_mti_driver' build argument 'catkin_skip_building_tests' from command line to 'False'
[28.049s] DEBUG:colcon.colcon_core.verb:Building package 'bluespace_ai_xsens_mti_driver' with the following arguments: {'ament_cmake_args': None, 'build_base': '/home/jetson/ros2_ws/build/bluespace_ai_xsens_mti_driver', 'catkin_cmake_args': None, 'catkin_skip_building_tests': False, 'cmake_args': None, 'cmake_clean_cache': False, 'cmake_clean_first': False, 'cmake_force_configure': False, 'cmake_target': None, 'cmake_target_skip_unavailable': False, 'install_base': '/home/jetson/ros2_ws/install/bluespace_ai_xsens_mti_driver', 'merge_install': False, 'path': '/home/jetson/ros2_ws/src/bluespace_ai_xsens_ros_mti_driver', 'symlink_install': False, 'test_result_base': None}
[28.142s] Level 5:colcon.colcon_core.verb:set package 'jetracer_description' build argument 'cmake_args' from command line to 'None'
[28.142s] Level 5:colcon.colcon_core.verb:set package 'jetracer_description' build argument 'cmake_target' from command line to 'None'
[28.142s] Level 5:colcon.colcon_core.verb:set package 'jetracer_description' build argument 'cmake_target_skip_unavailable' from command line to 'False'
[28.142s] Level 5:colcon.colcon_core.verb:set package 'jetracer_description' build argument 'cmake_clean_cache' from command line to 'False'
[28.143s] Level 5:colcon.colcon_core.verb:set package 'jetracer_description' build argument 'cmake_clean_first' from command line to 'False'
[28.143s] Level 5:colcon.colcon_core.verb:set package 'jetracer_description' build argument 'cmake_force_configure' from command line to 'False'
[28.143s] Level 5:colcon.colcon_core.verb:set package 'jetracer_description' build argument 'ament_cmake_args' from command line to 'None'
[28.143s] Level 5:colcon.colcon_core.verb:set package 'jetracer_description' build argument 'catkin_cmake_args' from command line to 'None'
[28.143s] Level 5:colcon.colcon_core.verb:set package 'jetracer_description' build argument 'catkin_skip_building_tests' from command line to 'False'
[28.143s] DEBUG:colcon.colcon_core.verb:Building package 'jetracer_description' with the following arguments: {'ament_cmake_args': None, 'build_base': '/home/jetson/ros2_ws/build/jetracer_description', 'catkin_cmake_args': None, 'catkin_skip_building_tests': False, 'cmake_args': None, 'cmake_clean_cache': False, 'cmake_clean_first': False, 'cmake_force_configure': False, 'cmake_target': None, 'cmake_target_skip_unavailable': False, 'install_base': '/home/jetson/ros2_ws/install/jetracer_description', 'merge_install': False, 'path': '/home/jetson/ros2_ws/src/jetracer_description', 'symlink_install': False, 'test_result_base': None}
[28.242s] Level 5:colcon.colcon_core.verb:set package 'jetson' build argument 'cmake_args' from command line to 'None'
[28.242s] Level 5:colcon.colcon_core.verb:set package 'jetson' build argument 'cmake_target' from command line to 'None'
[28.243s] Level 5:colcon.colcon_core.verb:set package 'jetson' build argument 'cmake_target_skip_unavailable' from command line to 'False'
[28.243s] Level 5:colcon.colcon_core.verb:set package 'jetson' build argument 'cmake_clean_cache' from command line to 'False'
[28.243s] Level 5:colcon.colcon_core.verb:set package 'jetson' build argument 'cmake_clean_first' from command line to 'False'
[28.243s] Level 5:colcon.colcon_core.verb:set package 'jetson' build argument 'cmake_force_configure' from command line to 'False'
[28.243s] Level 5:colcon.colcon_core.verb:set package 'jetson' build argument 'ament_cmake_args' from command line to 'None'
[28.243s] Level 5:colcon.colcon_core.verb:set package 'jetson' build argument 'catkin_cmake_args' from command line to 'None'
[28.243s] Level 5:colcon.colcon_core.verb:set package 'jetson' build argument 'catkin_skip_building_tests' from command line to 'False'
[28.244s] DEBUG:colcon.colcon_core.verb:Building package 'jetson' with the following arguments: {'ament_cmake_args': None, 'build_base': '/home/jetson/ros2_ws/build/jetson', 'catkin_cmake_args': None, 'catkin_skip_building_tests': False, 'cmake_args': None, 'cmake_clean_cache': False, 'cmake_clean_first': False, 'cmake_force_configure': False, 'cmake_target': None, 'cmake_target_skip_unavailable': False, 'install_base': '/home/jetson/ros2_ws/install/jetson', 'merge_install': False, 'path': '/home/jetson/ros2_ws/src/jetson', 'symlink_install': False, 'test_result_base': None}
[28.347s] Level 5:colcon.colcon_core.verb:set package 'kalman_filter_jetracer' build argument 'cmake_args' from command line to 'None'
[28.347s] Level 5:colcon.colcon_core.verb:set package 'kalman_filter_jetracer' build argument 'cmake_target' from command line to 'None'
[28.347s] Level 5:colcon.colcon_core.verb:set package 'kalman_filter_jetracer' build argument 'cmake_target_skip_unavailable' from command line to 'False'
[28.347s] Level 5:colcon.colcon_core.verb:set package 'kalman_filter_jetracer' build argument 'cmake_clean_cache' from command line to 'False'
[28.348s] Level 5:colcon.colcon_core.verb:set package 'kalman_filter_jetracer' build argument 'cmake_clean_first' from command line to 'False'
[28.348s] Level 5:colcon.colcon_core.verb:set package 'kalman_filter_jetracer' build argument 'cmake_force_configure' from command line to 'False'
[28.348s] Level 5:colcon.colcon_core.verb:set package 'kalman_filter_jetracer' build argument 'ament_cmake_args' from command line to 'None'
[28.348s] Level 5:colcon.colcon_core.verb:set package 'kalman_filter_jetracer' build argument 'catkin_cmake_args' from command line to 'None'
[28.348s] Level 5:colcon.colcon_core.verb:set package 'kalman_filter_jetracer' build argument 'catkin_skip_building_tests' from command line to 'False'
[28.348s] DEBUG:colcon.colcon_core.verb:Building package 'kalman_filter_jetracer' with the following arguments: {'ament_cmake_args': None, 'build_base': '/home/jetson/ros2_ws/build/kalman_filter_jetracer', 'catkin_cmake_args': None, 'catkin_skip_building_tests': False, 'cmake_args': None, 'cmake_clean_cache': False, 'cmake_clean_first': False, 'cmake_force_configure': False, 'cmake_target': None, 'cmake_target_skip_unavailable': False, 'install_base': '/home/jetson/ros2_ws/install/kalman_filter_jetracer', 'merge_install': False, 'path': '/home/jetson/ros2_ws/src/kalman_filter_jetracer', 'symlink_install': False, 'test_result_base': None}
[28.448s] Level 5:colcon.colcon_core.verb:set package 'test_jetson' build argument 'cmake_args' from command line to 'None'
[28.448s] Level 5:colcon.colcon_core.verb:set package 'test_jetson' build argument 'cmake_target' from command line to 'None'
[28.448s] Level 5:colcon.colcon_core.verb:set package 'test_jetson' build argument 'cmake_target_skip_unavailable' from command line to 'False'
[28.449s] Level 5:colcon.colcon_core.verb:set package 'test_jetson' build argument 'cmake_clean_cache' from command line to 'False'
[28.449s] Level 5:colcon.colcon_core.verb:set package 'test_jetson' build argument 'cmake_clean_first' from command line to 'False'
[28.449s] Level 5:colcon.colcon_core.verb:set package 'test_jetson' build argument 'cmake_force_configure' from command line to 'False'
[28.449s] Level 5:colcon.colcon_core.verb:set package 'test_jetson' build argument 'ament_cmake_args' from command line to 'None'
[28.449s] Level 5:colcon.colcon_core.verb:set package 'test_jetson' build argument 'catkin_cmake_args' from command line to 'None'
[28.449s] Level 5:colcon.colcon_core.verb:set package 'test_jetson' build argument 'catkin_skip_building_tests' from command line to 'False'
[28.450s] DEBUG:colcon.colcon_core.verb:Building package 'test_jetson' with the following arguments: {'ament_cmake_args': None, 'build_base': '/home/jetson/ros2_ws/build/test_jetson', 'catkin_cmake_args': None, 'catkin_skip_building_tests': False, 'cmake_args': None, 'cmake_clean_cache': False, 'cmake_clean_first': False, 'cmake_force_configure': False, 'cmake_target': None, 'cmake_target_skip_unavailable': False, 'install_base': '/home/jetson/ros2_ws/install/test_jetson', 'merge_install': False, 'path': '/home/jetson/ros2_ws/src/realsens_speed_sens', 'symlink_install': False, 'test_result_base': None}
[28.547s] INFO:colcon.colcon_core.executor:Executing jobs using 'parallel' executor
[28.655s] DEBUG:colcon.colcon_parallel_executor.executor.parallel:run_until_complete
[28.656s] INFO:colcon.colcon_ros.task.ament_cmake.build:Building ROS package in '/home/jetson/ros2_ws/src/bluespace_ai_xsens_ros_mti_driver' with build type 'ament_cmake'
[28.656s] INFO:colcon.colcon_cmake.task.cmake.build:Building CMake package in '/home/jetson/ros2_ws/src/bluespace_ai_xsens_ros_mti_driver'
[28.793s] INFO:colcon.colcon_core.plugin_system:Skipping extension 'colcon_core.shell.bat': Not used on non-Windows systems
[28.798s] INFO:colcon.colcon_core.shell:Skip shell extension 'powershell' for command environment: Not usable outside of PowerShell
[28.798s] DEBUG:colcon.colcon_core.shell:Skip shell extension 'dsv' for command environment
[29.152s] INFO:colcon.colcon_ros.task.ament_python.build:Building ROS package in '/home/jetson/ros2_ws/src/jetracer_description' with build type 'ament_python'
[29.156s] Level 1:colcon.colcon_core.shell:create_environment_hook('jetracer_description', 'ament_prefix_path')
[29.297s] INFO:colcon.colcon_core.shell:Creating environment hook '/home/jetson/ros2_ws/install/jetracer_description/share/jetracer_description/hook/ament_prefix_path.ps1'
[29.305s] INFO:colcon.colcon_core.shell:Creating environment descriptor '/home/jetson/ros2_ws/install/jetracer_description/share/jetracer_description/hook/ament_prefix_path.dsv'
[29.310s] INFO:colcon.colcon_core.shell:Creating environment hook '/home/jetson/ros2_ws/install/jetracer_description/share/jetracer_description/hook/ament_prefix_path.sh'
[29.410s] INFO:colcon.colcon_core.shell:Skip shell extension 'powershell' for command environment: Not usable outside of PowerShell
[29.410s] DEBUG:colcon.colcon_core.shell:Skip shell extension 'dsv' for command environment
[29.744s] INFO:colcon.colcon_ros.task.ament_python.build:Building ROS package in '/home/jetson/ros2_ws/src/jetson' with build type 'ament_python'
[29.745s] Level 1:colcon.colcon_core.shell:create_environment_hook('jetson', 'ament_prefix_path')
[29.895s] INFO:colcon.colcon_core.shell:Creating environment hook '/home/jetson/ros2_ws/install/jetson/share/jetson/hook/ament_prefix_path.ps1'
[29.897s] INFO:colcon.colcon_core.shell:Creating environment descriptor '/home/jetson/ros2_ws/install/jetson/share/jetson/hook/ament_prefix_path.dsv'
[29.899s] INFO:colcon.colcon_core.shell:Creating environment hook '/home/jetson/ros2_ws/install/jetson/share/jetson/hook/ament_prefix_path.sh'
[30.023s] INFO:colcon.colcon_core.shell:Skip shell extension 'powershell' for command environment: Not usable outside of PowerShell
[30.023s] DEBUG:colcon.colcon_core.shell:Skip shell extension 'dsv' for command environment
[30.351s] INFO:colcon.colcon_ros.task.ament_python.build:Building ROS package in '/home/jetson/ros2_ws/src/kalman_filter_jetracer' with build type 'ament_python'
[30.352s] Level 1:colcon.colcon_core.shell:create_environment_hook('kalman_filter_jetracer', 'ament_prefix_path')
[30.509s] INFO:colcon.colcon_core.shell:Creating environment hook '/home/jetson/ros2_ws/install/kalman_filter_jetracer/share/kalman_filter_jetracer/hook/ament_prefix_path.ps1'
[30.511s] INFO:colcon.colcon_core.shell:Creating environment descriptor '/home/jetson/ros2_ws/install/kalman_filter_jetracer/share/kalman_filter_jetracer/hook/ament_prefix_path.dsv'
[30.513s] INFO:colcon.colcon_core.shell:Creating environment hook '/home/jetson/ros2_ws/install/kalman_filter_jetracer/share/kalman_filter_jetracer/hook/ament_prefix_path.sh'
[30.665s] INFO:colcon.colcon_core.shell:Skip shell extension 'powershell' for command environment: Not usable outside of PowerShell
[30.666s] DEBUG:colcon.colcon_core.shell:Skip shell extension 'dsv' for command environment
[31.028s] DEBUG:colcon.colcon_core.event_handler.log_command:Invoking command in '/home/jetson/ros2_ws/build/bluespace_ai_xsens_mti_driver': CMAKE_PREFIX_PATH=${CMAKE_PREFIX_PATH}:/home/jetson/ros2_ws/install/test_jetson:/home/jetson/ros2_ws/install/kalman_filter_jetracer:/home/jetson/ros2_ws/install/jetson:/home/jetson/ros2_ws/install/jetracer_description:/opt/ros/galactic /usr/bin/cmake --build /home/jetson/ros2_ws/build/bluespace_ai_xsens_mti_driver -- -j4 -l4
[33.737s] INFO:colcon.colcon_core.task.python.build:Building Python package in '/home/jetson/ros2_ws/src/jetracer_description'
[33.847s] INFO:colcon.colcon_core.shell:Skip shell extension 'powershell' for command environment: Not usable outside of PowerShell
[33.847s] DEBUG:colcon.colcon_core.shell:Skip shell extension 'dsv' for command environment
[37.329s] INFO:colcon.colcon_core.task.python.build:Building Python package in '/home/jetson/ros2_ws/src/jetson'
[37.480s] INFO:colcon.colcon_core.shell:Skip shell extension 'powershell' for command environment: Not usable outside of PowerShell
[37.480s] DEBUG:colcon.colcon_core.shell:Skip shell extension 'dsv' for command environment
[40.433s] INFO:colcon.colcon_core.task.python.build:Building Python package in '/home/jetson/ros2_ws/src/kalman_filter_jetracer'
[40.585s] INFO:colcon.colcon_core.shell:Skip shell extension 'powershell' for command environment: Not usable outside of PowerShell
[40.586s] DEBUG:colcon.colcon_core.shell:Skip shell extension 'dsv' for command environment
[40.962s] DEBUG:colcon.colcon_core.event_handler.log_command:Invoked command in '/home/jetson/ros2_ws/build/bluespace_ai_xsens_mti_driver' returned '0': CMAKE_PREFIX_PATH=${CMAKE_PREFIX_PATH}:/home/jetson/ros2_ws/install/test_jetson:/home/jetson/ros2_ws/install/kalman_filter_jetracer:/home/jetson/ros2_ws/install/jetson:/home/jetson/ros2_ws/install/jetracer_description:/opt/ros/galactic /usr/bin/cmake --build /home/jetson/ros2_ws/build/bluespace_ai_xsens_mti_driver -- -j4 -l4
[41.494s] DEBUG:colcon.colcon_core.event_handler.log_command:Invoking command in '/home/jetson/ros2_ws/build/bluespace_ai_xsens_mti_driver': CMAKE_PREFIX_PATH=${CMAKE_PREFIX_PATH}:/home/jetson/ros2_ws/install/test_jetson:/home/jetson/ros2_ws/install/kalman_filter_jetracer:/home/jetson/ros2_ws/install/jetson:/home/jetson/ros2_ws/install/jetracer_description:/opt/ros/galactic /usr/bin/cmake --install /home/jetson/ros2_ws/build/bluespace_ai_xsens_mti_driver
[41.663s] Level 1:colcon.colcon_core.environment:create_environment_scripts_only(bluespace_ai_xsens_mti_driver)
[41.688s] DEBUG:colcon.colcon_core.event_handler.log_command:Invoked command in '/home/jetson/ros2_ws/build/bluespace_ai_xsens_mti_driver' returned '0': CMAKE_PREFIX_PATH=${CMAKE_PREFIX_PATH}:/home/jetson/ros2_ws/install/test_jetson:/home/jetson/ros2_ws/install/kalman_filter_jetracer:/home/jetson/ros2_ws/install/jetson:/home/jetson/ros2_ws/install/jetracer_description:/opt/ros/galactic /usr/bin/cmake --install /home/jetson/ros2_ws/build/bluespace_ai_xsens_mti_driver
[41.899s] Level 1:colcon.colcon_core.environment:checking '/home/jetson/ros2_ws/install/bluespace_ai_xsens_mti_driver' for CMake module files
[41.906s] Level 1:colcon.colcon_core.environment:checking '/home/jetson/ros2_ws/install/bluespace_ai_xsens_mti_driver' for CMake config files
[41.908s] Level 1:colcon.colcon_core.shell:create_environment_hook('bluespace_ai_xsens_mti_driver', 'cmake_prefix_path')
[42.180s] INFO:colcon.colcon_core.shell:Creating environment hook '/home/jetson/ros2_ws/install/bluespace_ai_xsens_mti_driver/share/bluespace_ai_xsens_mti_driver/hook/cmake_prefix_path.ps1'
[42.182s] INFO:colcon.colcon_core.shell:Creating environment descriptor '/home/jetson/ros2_ws/install/bluespace_ai_xsens_mti_driver/share/bluespace_ai_xsens_mti_driver/hook/cmake_prefix_path.dsv'
[42.183s] INFO:colcon.colcon_core.shell:Creating environment hook '/home/jetson/ros2_ws/install/bluespace_ai_xsens_mti_driver/share/bluespace_ai_xsens_mti_driver/hook/cmake_prefix_path.sh'
[42.217s] Level 1:colcon.colcon_core.environment:checking '/home/jetson/ros2_ws/install/bluespace_ai_xsens_mti_driver/lib'
[42.218s] Level 1:colcon.colcon_core.environment:checking '/home/jetson/ros2_ws/install/bluespace_ai_xsens_mti_driver/bin'
[42.218s] Level 1:colcon.colcon_core.environment:checking '/home/jetson/ros2_ws/install/bluespace_ai_xsens_mti_driver/lib/pkgconfig/bluespace_ai_xsens_mti_driver.pc'
[42.219s] Level 1:colcon.colcon_core.environment:checking '/home/jetson/ros2_ws/install/bluespace_ai_xsens_mti_driver/lib/python3.8/site-packages'
[42.227s] Level 1:colcon.colcon_core.environment:checking '/home/jetson/ros2_ws/install/bluespace_ai_xsens_mti_driver/bin'
[42.428s] INFO:colcon.colcon_core.shell:Creating package script '/home/jetson/ros2_ws/install/bluespace_ai_xsens_mti_driver/share/bluespace_ai_xsens_mti_driver/package.ps1'
[42.453s] INFO:colcon.colcon_core.shell:Creating package descriptor '/home/jetson/ros2_ws/install/bluespace_ai_xsens_mti_driver/share/bluespace_ai_xsens_mti_driver/package.dsv'
[42.462s] INFO:colcon.colcon_core.shell:Creating package script '/home/jetson/ros2_ws/install/bluespace_ai_xsens_mti_driver/share/bluespace_ai_xsens_mti_driver/package.sh'
[42.467s] INFO:colcon.colcon_core.shell:Creating package script '/home/jetson/ros2_ws/install/bluespace_ai_xsens_mti_driver/share/bluespace_ai_xsens_mti_driver/package.bash'
[42.476s] INFO:colcon.colcon_core.shell:Creating package script '/home/jetson/ros2_ws/install/bluespace_ai_xsens_mti_driver/share/bluespace_ai_xsens_mti_driver/package.zsh'
[42.480s] Level 1:colcon.colcon_core.environment:create_file_with_runtime_dependencies(/home/jetson/ros2_ws/install/bluespace_ai_xsens_mti_driver/share/colcon-core/packages/bluespace_ai_xsens_mti_driver)
[43.181s] Level 1:colcon.colcon_core.environment:create_environment_scripts_only(bluespace_ai_xsens_mti_driver)
[43.394s] Level 1:colcon.colcon_core.environment:checking '/home/jetson/ros2_ws/install/bluespace_ai_xsens_mti_driver' for CMake module files
[43.398s] Level 1:colcon.colcon_core.environment:checking '/home/jetson/ros2_ws/install/bluespace_ai_xsens_mti_driver' for CMake config files
[43.399s] Level 1:colcon.colcon_core.shell:create_environment_hook('bluespace_ai_xsens_mti_driver', 'cmake_prefix_path')
[43.615s] INFO:colcon.colcon_core.shell:Creating environment hook '/home/jetson/ros2_ws/install/bluespace_ai_xsens_mti_driver/share/bluespace_ai_xsens_mti_driver/hook/cmake_prefix_path.ps1'
[43.618s] INFO:colcon.colcon_core.shell:Creating environment descriptor '/home/jetson/ros2_ws/install/bluespace_ai_xsens_mti_driver/share/bluespace_ai_xsens_mti_driver/hook/cmake_prefix_path.dsv'
[43.620s] INFO:colcon.colcon_core.shell:Creating environment hook '/home/jetson/ros2_ws/install/bluespace_ai_xsens_mti_driver/share/bluespace_ai_xsens_mti_driver/hook/cmake_prefix_path.sh'
[43.623s] Level 1:colcon.colcon_core.environment:checking '/home/jetson/ros2_ws/install/bluespace_ai_xsens_mti_driver/lib'
[43.623s] Level 1:colcon.colcon_core.environment:checking '/home/jetson/ros2_ws/install/bluespace_ai_xsens_mti_driver/bin'
[43.624s] Level 1:colcon.colcon_core.environment:checking '/home/jetson/ros2_ws/install/bluespace_ai_xsens_mti_driver/lib/pkgconfig/bluespace_ai_xsens_mti_driver.pc'
[43.625s] Level 1:colcon.colcon_core.environment:checking '/home/jetson/ros2_ws/install/bluespace_ai_xsens_mti_driver/lib/python3.8/site-packages'
[43.626s] Level 1:colcon.colcon_core.environment:checking '/home/jetson/ros2_ws/install/bluespace_ai_xsens_mti_driver/bin'
[43.808s] INFO:colcon.colcon_core.shell:Creating package script '/home/jetson/ros2_ws/install/bluespace_ai_xsens_mti_driver/share/bluespace_ai_xsens_mti_driver/package.ps1'
[43.815s] INFO:colcon.colcon_core.shell:Creating package descriptor '/home/jetson/ros2_ws/install/bluespace_ai_xsens_mti_driver/share/bluespace_ai_xsens_mti_driver/package.dsv'
[43.821s] INFO:colcon.colcon_core.shell:Creating package script '/home/jetson/ros2_ws/install/bluespace_ai_xsens_mti_driver/share/bluespace_ai_xsens_mti_driver/package.sh'
[43.829s] INFO:colcon.colcon_core.shell:Creating package script '/home/jetson/ros2_ws/install/bluespace_ai_xsens_mti_driver/share/bluespace_ai_xsens_mti_driver/package.bash'
[43.838s] INFO:colcon.colcon_core.shell:Creating package script '/home/jetson/ros2_ws/install/bluespace_ai_xsens_mti_driver/share/bluespace_ai_xsens_mti_driver/package.zsh'
[43.842s] Level 1:colcon.colcon_core.environment:create_file_with_runtime_dependencies(/home/jetson/ros2_ws/install/bluespace_ai_xsens_mti_driver/share/colcon-core/packages/bluespace_ai_xsens_mti_driver)
[43.848s] INFO:colcon.colcon_ros.task.ament_python.build:Building ROS package in '/home/jetson/ros2_ws/src/realsens_speed_sens' with build type 'ament_python'
[43.849s] Level 1:colcon.colcon_core.shell:create_environment_hook('test_jetson', 'ament_prefix_path')
[44.188s] INFO:colcon.colcon_core.shell:Creating environment hook '/home/jetson/ros2_ws/install/test_jetson/share/test_jetson/hook/ament_prefix_path.ps1'
[44.190s] INFO:colcon.colcon_core.shell:Creating environment descriptor '/home/jetson/ros2_ws/install/test_jetson/share/test_jetson/hook/ament_prefix_path.dsv'
[44.192s] INFO:colcon.colcon_core.shell:Creating environment hook '/home/jetson/ros2_ws/install/test_jetson/share/test_jetson/hook/ament_prefix_path.sh'
[44.434s] INFO:colcon.colcon_core.shell:Skip shell extension 'powershell' for command environment: Not usable outside of PowerShell
[44.435s] DEBUG:colcon.colcon_core.shell:Skip shell extension 'dsv' for command environment
[51.003s] INFO:colcon.colcon_core.task.python.build:Building Python package in '/home/jetson/ros2_ws/src/realsens_speed_sens'
[51.336s] INFO:colcon.colcon_core.shell:Skip shell extension 'powershell' for command environment: Not usable outside of PowerShell
[51.337s] DEBUG:colcon.colcon_core.shell:Skip shell extension 'dsv' for command environment
[51.758s] DEBUG:colcon.colcon_core.event_handler.log_command:Invoking command in '/home/jetson/ros2_ws/src/kalman_filter_jetracer': PYTHONPATH=/home/jetson/ros2_ws/build/kalman_filter_jetracer/prefix_override:/home/jetson/ros2_ws/install/kalman_filter_jetracer/lib/python3.8/site-packages:${PYTHONPATH} /usr/bin/python3 setup.py egg_info --egg-base ../../build/kalman_filter_jetracer build --build-base /home/jetson/ros2_ws/build/kalman_filter_jetracer/build install --record /home/jetson/ros2_ws/build/kalman_filter_jetracer/install.log --single-version-externally-managed
[51.793s] DEBUG:colcon.colcon_core.event_handler.log_command:Invoking command in '/home/jetson/ros2_ws/src/jetracer_description': PYTHONPATH=/home/jetson/ros2_ws/build/jetracer_description/prefix_override:/home/jetson/ros2_ws/install/jetracer_description/lib/python3.8/site-packages:${PYTHONPATH} /usr/bin/python3 setup.py egg_info --egg-base ../../build/jetracer_description build --build-base /home/jetson/ros2_ws/build/jetracer_description/build install --record /home/jetson/ros2_ws/build/jetracer_description/install.log --install-scripts $base/lib/jetracer_description --single-version-externally-managed
[51.819s] DEBUG:colcon.colcon_core.event_handler.log_command:Invoking command in '/home/jetson/ros2_ws/src/jetson': PYTHONPATH=/home/jetson/ros2_ws/build/jetson/prefix_override:/home/jetson/ros2_ws/install/jetson/lib/python3.8/site-packages:${PYTHONPATH} /usr/bin/python3 setup.py egg_info --egg-base ../../build/jetson build --build-base /home/jetson/ros2_ws/build/jetson/build install --record /home/jetson/ros2_ws/build/jetson/install.log --single-version-externally-managed
[60.736s] DEBUG:colcon.colcon_core.event_handler.log_command:Invoked command in '/home/jetson/ros2_ws/src/jetracer_description' returned '0': PYTHONPATH=/home/jetson/ros2_ws/build/jetracer_description/prefix_override:/home/jetson/ros2_ws/install/jetracer_description/lib/python3.8/site-packages:${PYTHONPATH} /usr/bin/python3 setup.py egg_info --egg-base ../../build/jetracer_description build --build-base /home/jetson/ros2_ws/build/jetracer_description/build install --record /home/jetson/ros2_ws/build/jetracer_description/install.log --install-scripts $base/lib/jetracer_description --single-version-externally-managed
[61.013s] Level 1:colcon.colcon_core.environment:checking '/home/jetson/ros2_ws/install/jetracer_description' for CMake module files
[61.016s] Level 1:colcon.colcon_core.environment:checking '/home/jetson/ros2_ws/install/jetracer_description' for CMake config files
[61.023s] Level 1:colcon.colcon_core.environment:checking '/home/jetson/ros2_ws/install/jetracer_description/lib'
[61.024s] Level 1:colcon.colcon_core.environment:checking '/home/jetson/ros2_ws/install/jetracer_description/bin'
[61.024s] Level 1:colcon.colcon_core.environment:checking '/home/jetson/ros2_ws/install/jetracer_description/lib/pkgconfig/jetracer_description.pc'
[61.026s] Level 1:colcon.colcon_core.environment:checking '/home/jetson/ros2_ws/install/jetracer_description/lib/python3.8/site-packages'
[61.038s] Level 1:colcon.colcon_core.shell:create_environment_hook('jetracer_description', 'pythonpath')
[61.209s] INFO:colcon.colcon_core.shell:Creating environment hook '/home/jetson/ros2_ws/install/jetracer_description/share/jetracer_description/hook/pythonpath.ps1'
[61.214s] INFO:colcon.colcon_core.shell:Creating environment descriptor '/home/jetson/ros2_ws/install/jetracer_description/share/jetracer_description/hook/pythonpath.dsv'
[61.218s] INFO:colcon.colcon_core.shell:Creating environment hook '/home/jetson/ros2_ws/install/jetracer_description/share/jetracer_description/hook/pythonpath.sh'
[61.222s] Level 1:colcon.colcon_core.environment:checking '/home/jetson/ros2_ws/install/jetracer_description/bin'
[61.222s] Level 1:colcon.colcon_core.environment:create_environment_scripts_only(jetracer_description)
[61.335s] INFO:colcon.colcon_core.shell:Creating package script '/home/jetson/ros2_ws/install/jetracer_description/share/jetracer_description/package.ps1'
[61.337s] INFO:colcon.colcon_core.shell:Creating package descriptor '/home/jetson/ros2_ws/install/jetracer_description/share/jetracer_description/package.dsv'
[61.339s] INFO:colcon.colcon_core.shell:Creating package script '/home/jetson/ros2_ws/install/jetracer_description/share/jetracer_description/package.sh'
[61.342s] INFO:colcon.colcon_core.shell:Creating package script '/home/jetson/ros2_ws/install/jetracer_description/share/jetracer_description/package.bash'
[61.343s] INFO:colcon.colcon_core.shell:Creating package script '/home/jetson/ros2_ws/install/jetracer_description/share/jetracer_description/package.zsh'
[61.345s] Level 1:colcon.colcon_core.environment:create_file_with_runtime_dependencies(/home/jetson/ros2_ws/install/jetracer_description/share/colcon-core/packages/jetracer_description)
[61.362s] DEBUG:colcon.colcon_core.event_handler.log_command:Invoked command in '/home/jetson/ros2_ws/src/jetson' returned '0': PYTHONPATH=/home/jetson/ros2_ws/build/jetson/prefix_override:/home/jetson/ros2_ws/install/jetson/lib/python3.8/site-packages:${PYTHONPATH} /usr/bin/python3 setup.py egg_info --egg-base ../../build/jetson build --build-base /home/jetson/ros2_ws/build/jetson/build install --record /home/jetson/ros2_ws/build/jetson/install.log --single-version-externally-managed
[61.500s] Level 1:colcon.colcon_core.environment:checking '/home/jetson/ros2_ws/install/jetson' for CMake module files
[61.504s] Level 1:colcon.colcon_core.environment:checking '/home/jetson/ros2_ws/install/jetson' for CMake config files
[61.507s] Level 1:colcon.colcon_core.environment:checking '/home/jetson/ros2_ws/install/jetson/lib'
[61.508s] Level 1:colcon.colcon_core.environment:checking '/home/jetson/ros2_ws/install/jetson/bin'
[61.508s] Level 1:colcon.colcon_core.environment:checking '/home/jetson/ros2_ws/install/jetson/lib/pkgconfig/jetson.pc'
[61.509s] Level 1:colcon.colcon_core.environment:checking '/home/jetson/ros2_ws/install/jetson/lib/python3.8/site-packages'
[61.509s] Level 1:colcon.colcon_core.shell:create_environment_hook('jetson', 'pythonpath')
[61.664s] INFO:colcon.colcon_core.shell:Creating environment hook '/home/jetson/ros2_ws/install/jetson/share/jetson/hook/pythonpath.ps1'
[61.668s] INFO:colcon.colcon_core.shell:Creating environment descriptor '/home/jetson/ros2_ws/install/jetson/share/jetson/hook/pythonpath.dsv'
[61.670s] INFO:colcon.colcon_core.shell:Creating environment hook '/home/jetson/ros2_ws/install/jetson/share/jetson/hook/pythonpath.sh'
[61.673s] Level 1:colcon.colcon_core.environment:checking '/home/jetson/ros2_ws/install/jetson/bin'
[61.673s] Level 1:colcon.colcon_core.environment:create_environment_scripts_only(jetson)
[61.803s] INFO:colcon.colcon_core.shell:Creating package script '/home/jetson/ros2_ws/install/jetson/share/jetson/package.ps1'
[61.806s] INFO:colcon.colcon_core.shell:Creating package descriptor '/home/jetson/ros2_ws/install/jetson/share/jetson/package.dsv'
[61.808s] INFO:colcon.colcon_core.shell:Creating package script '/home/jetson/ros2_ws/install/jetson/share/jetson/package.sh'
[61.810s] INFO:colcon.colcon_core.shell:Creating package script '/home/jetson/ros2_ws/install/jetson/share/jetson/package.bash'
[61.812s] INFO:colcon.colcon_core.shell:Creating package script '/home/jetson/ros2_ws/install/jetson/share/jetson/package.zsh'
[61.814s] Level 1:colcon.colcon_core.environment:create_file_with_runtime_dependencies(/home/jetson/ros2_ws/install/jetson/share/colcon-core/packages/jetson)
[61.821s] DEBUG:colcon.colcon_core.event_handler.log_command:Invoked command in '/home/jetson/ros2_ws/src/kalman_filter_jetracer' returned '0': PYTHONPATH=/home/jetson/ros2_ws/build/kalman_filter_jetracer/prefix_override:/home/jetson/ros2_ws/install/kalman_filter_jetracer/lib/python3.8/site-packages:${PYTHONPATH} /usr/bin/python3 setup.py egg_info --egg-base ../../build/kalman_filter_jetracer build --build-base /home/jetson/ros2_ws/build/kalman_filter_jetracer/build install --record /home/jetson/ros2_ws/build/kalman_filter_jetracer/install.log --single-version-externally-managed
[62.001s] Level 1:colcon.colcon_core.environment:checking '/home/jetson/ros2_ws/install/kalman_filter_jetracer' for CMake module files
[62.004s] Level 1:colcon.colcon_core.environment:checking '/home/jetson/ros2_ws/install/kalman_filter_jetracer' for CMake config files
[62.007s] Level 1:colcon.colcon_core.environment:checking '/home/jetson/ros2_ws/install/kalman_filter_jetracer/lib'
[62.007s] Level 1:colcon.colcon_core.environment:checking '/home/jetson/ros2_ws/install/kalman_filter_jetracer/bin'
[62.008s] Level 1:colcon.colcon_core.environment:checking '/home/jetson/ros2_ws/install/kalman_filter_jetracer/lib/pkgconfig/kalman_filter_jetracer.pc'
[62.009s] Level 1:colcon.colcon_core.environment:checking '/home/jetson/ros2_ws/install/kalman_filter_jetracer/lib/python3.8/site-packages'
[62.010s] Level 1:colcon.colcon_core.shell:create_environment_hook('kalman_filter_jetracer', 'pythonpath')
[62.117s] INFO:colcon.colcon_core.shell:Creating environment hook '/home/jetson/ros2_ws/install/kalman_filter_jetracer/share/kalman_filter_jetracer/hook/pythonpath.ps1'
[62.119s] INFO:colcon.colcon_core.shell:Creating environment descriptor '/home/jetson/ros2_ws/install/kalman_filter_jetracer/share/kalman_filter_jetracer/hook/pythonpath.dsv'
[62.120s] INFO:colcon.colcon_core.shell:Creating environment hook '/home/jetson/ros2_ws/install/kalman_filter_jetracer/share/kalman_filter_jetracer/hook/pythonpath.sh'
[62.122s] Level 1:colcon.colcon_core.environment:checking '/home/jetson/ros2_ws/install/kalman_filter_jetracer/bin'
[62.123s] Level 1:colcon.colcon_core.environment:create_environment_scripts_only(kalman_filter_jetracer)
[62.223s] INFO:colcon.colcon_core.shell:Creating package script '/home/jetson/ros2_ws/install/kalman_filter_jetracer/share/kalman_filter_jetracer/package.ps1'
[62.226s] INFO:colcon.colcon_core.shell:Creating package descriptor '/home/jetson/ros2_ws/install/kalman_filter_jetracer/share/kalman_filter_jetracer/package.dsv'
[62.233s] INFO:colcon.colcon_core.shell:Creating package script '/home/jetson/ros2_ws/install/kalman_filter_jetracer/share/kalman_filter_jetracer/package.sh'
[62.235s] INFO:colcon.colcon_core.shell:Creating package script '/home/jetson/ros2_ws/install/kalman_filter_jetracer/share/kalman_filter_jetracer/package.bash'
[62.237s] INFO:colcon.colcon_core.shell:Creating package script '/home/jetson/ros2_ws/install/kalman_filter_jetracer/share/kalman_filter_jetracer/package.zsh'
[62.238s] Level 1:colcon.colcon_core.environment:create_file_with_runtime_dependencies(/home/jetson/ros2_ws/install/kalman_filter_jetracer/share/colcon-core/packages/kalman_filter_jetracer)
[62.248s] DEBUG:colcon.colcon_core.event_handler.log_command:Invoking command in '/home/jetson/ros2_ws/src/realsens_speed_sens': PYTHONPATH=/home/jetson/ros2_ws/build/test_jetson/prefix_override:/home/jetson/ros2_ws/install/test_jetson/lib/python3.8/site-packages:${PYTHONPATH} /usr/bin/python3 setup.py egg_info --egg-base ../../build/test_jetson build --build-base /home/jetson/ros2_ws/build/test_jetson/build install --record /home/jetson/ros2_ws/build/test_jetson/install.log --single-version-externally-managed
[68.370s] DEBUG:colcon.colcon_core.event_handler.log_command:Invoked command in '/home/jetson/ros2_ws/src/realsens_speed_sens' returned '0': PYTHONPATH=/home/jetson/ros2_ws/build/test_jetson/prefix_override:/home/jetson/ros2_ws/install/test_jetson/lib/python3.8/site-packages:${PYTHONPATH} /usr/bin/python3 setup.py egg_info --egg-base ../../build/test_jetson build --build-base /home/jetson/ros2_ws/build/test_jetson/build install --record /home/jetson/ros2_ws/build/test_jetson/install.log --single-version-externally-managed
[68.515s] Level 1:colcon.colcon_core.environment:checking '/home/jetson/ros2_ws/install/test_jetson' for CMake module files
[68.519s] Level 1:colcon.colcon_core.environment:checking '/home/jetson/ros2_ws/install/test_jetson' for CMake config files
[68.523s] Level 1:colcon.colcon_core.environment:checking '/home/jetson/ros2_ws/install/test_jetson/lib'
[68.523s] Level 1:colcon.colcon_core.environment:checking '/home/jetson/ros2_ws/install/test_jetson/bin'
[68.524s] Level 1:colcon.colcon_core.environment:checking '/home/jetson/ros2_ws/install/test_jetson/lib/pkgconfig/test_jetson.pc'
[68.525s] Level 1:colcon.colcon_core.environment:checking '/home/jetson/ros2_ws/install/test_jetson/lib/python3.8/site-packages'
[68.525s] Level 1:colcon.colcon_core.shell:create_environment_hook('test_jetson', 'pythonpath')
[68.647s] INFO:colcon.colcon_core.shell:Creating environment hook '/home/jetson/ros2_ws/install/test_jetson/share/test_jetson/hook/pythonpath.ps1'
[68.649s] INFO:colcon.colcon_core.shell:Creating environment descriptor '/home/jetson/ros2_ws/install/test_jetson/share/test_jetson/hook/pythonpath.dsv'
[68.651s] INFO:colcon.colcon_core.shell:Creating environment hook '/home/jetson/ros2_ws/install/test_jetson/share/test_jetson/hook/pythonpath.sh'
[68.653s] Level 1:colcon.colcon_core.environment:checking '/home/jetson/ros2_ws/install/test_jetson/bin'
[68.654s] Level 1:colcon.colcon_core.environment:create_environment_scripts_only(test_jetson)
[68.767s] INFO:colcon.colcon_core.shell:Creating package script '/home/jetson/ros2_ws/install/test_jetson/share/test_jetson/package.ps1'
[68.769s] INFO:colcon.colcon_core.shell:Creating package descriptor '/home/jetson/ros2_ws/install/test_jetson/share/test_jetson/package.dsv'
[68.772s] INFO:colcon.colcon_core.shell:Creating package script '/home/jetson/ros2_ws/install/test_jetson/share/test_jetson/package.sh'
[68.774s] INFO:colcon.colcon_core.shell:Creating package script '/home/jetson/ros2_ws/install/test_jetson/share/test_jetson/package.bash'
[68.776s] INFO:colcon.colcon_core.shell:Creating package script '/home/jetson/ros2_ws/install/test_jetson/share/test_jetson/package.zsh'
[68.779s] Level 1:colcon.colcon_core.environment:create_file_with_runtime_dependencies(/home/jetson/ros2_ws/install/test_jetson/share/colcon-core/packages/test_jetson)
[68.780s] DEBUG:colcon.colcon_parallel_executor.executor.parallel:closing loop
[68.781s] DEBUG:colcon.colcon_parallel_executor.executor.parallel:loop closed
[68.781s] DEBUG:colcon.colcon_parallel_executor.executor.parallel:run_until_complete finished with '0'
[68.781s] DEBUG:colcon.colcon_core.event_reactor:joining thread
[69.142s] INFO:colcon.colcon_core.plugin_system:Skipping extension 'colcon_notification.desktop_notification.terminal_notifier': Not used on non-Darwin systems
[69.143s] INFO:colcon.colcon_core.plugin_system:Skipping extension 'colcon_notification.desktop_notification.win32': Not used on non-Windows systems
[69.143s] INFO:colcon.colcon_notification.desktop_notification:Sending desktop notification using 'notify2'
[69.350s] DEBUG:colcon.colcon_core.event_reactor:joined thread
[69.760s] INFO:colcon.colcon_core.shell:Creating prefix script '/home/jetson/ros2_ws/install/local_setup.ps1'
[69.792s] INFO:colcon.colcon_core.shell:Creating prefix util module '/home/jetson/ros2_ws/install/_local_setup_util_ps1.py'
[69.813s] INFO:colcon.colcon_core.shell:Creating prefix chain script '/home/jetson/ros2_ws/install/setup.ps1'
[70.137s] INFO:colcon.colcon_core.shell:Creating prefix script '/home/jetson/ros2_ws/install/local_setup.sh'
[70.141s] INFO:colcon.colcon_core.shell:Creating prefix util module '/home/jetson/ros2_ws/install/_local_setup_util_sh.py'
[70.144s] INFO:colcon.colcon_core.shell:Creating prefix chain script '/home/jetson/ros2_ws/install/setup.sh'
[70.281s] INFO:colcon.colcon_core.shell:Creating prefix script '/home/jetson/ros2_ws/install/local_setup.bash'
[70.285s] INFO:colcon.colcon_core.shell:Creating prefix chain script '/home/jetson/ros2_ws/install/setup.bash'
[70.417s] INFO:colcon.colcon_core.shell:Creating prefix script '/home/jetson/ros2_ws/install/local_setup.zsh'
[70.421s] INFO:colcon.colcon_core.shell:Creating prefix chain script '/home/jetson/ros2_ws/install/setup.zsh'
