[16.041s] Invoking command in '/home/jetson/ros2_ws/src/jetson': PYTHONPATH=/home/jetson/ros2_ws/build/jetson/prefix_override:/home/jetson/ros2_ws/install/jetson/lib/python3.8/site-packages:${PYTHONPATH} /usr/bin/python3 setup.py egg_info --egg-base ../../build/jetson build --build-base /home/jetson/ros2_ws/build/jetson/build install --record /home/jetson/ros2_ws/build/jetson/install.log --single-version-externally-managed
[19.585s] running egg_info
[19.769s] writing ../../build/jetson/jetson.egg-info/PKG-INFO
[19.782s] writing dependency_links to ../../build/jetson/jetson.egg-info/dependency_links.txt
[19.784s] writing entry points to ../../build/jetson/jetson.egg-info/entry_points.txt
[19.784s] writing requirements to ../../build/jetson/jetson.egg-info/requires.txt
[19.785s] writing top-level names to ../../build/jetson/jetson.egg-info/top_level.txt
[20.219s] reading manifest file '../../build/jetson/jetson.egg-info/SOURCES.txt'
[20.224s] writing manifest file '../../build/jetson/jetson.egg-info/SOURCES.txt'
[20.224s] running build
[20.225s] running build_py
[20.226s] running install
[20.227s] /home/jetson/.local/lib/python3.8/site-packages/setuptools/command/install.py:34: SetuptoolsDeprecationWarning: setup.py install is deprecated. Use build and pip and other standards-based tools.
[20.227s]   warnings.warn(
[20.258s] running install_lib
[20.414s] running install_data
[20.555s] running install_egg_info
[20.796s] removing '/home/jetson/ros2_ws/install/jetson/lib/python3.8/site-packages/jetson-0.0.0-py3.8.egg-info' (and everything under it)
[20.797s] Copying ../../build/jetson/jetson.egg-info to /home/jetson/ros2_ws/install/jetson/lib/python3.8/site-packages/jetson-0.0.0-py3.8.egg-info
[20.835s] running install_scripts
[21.485s] Installing listener script to /home/jetson/ros2_ws/install/jetson/lib/jetson
[21.492s] Installing x_sensv2 script to /home/jetson/ros2_ws/install/jetson/lib/jetson
[21.492s] writing list of installed files to '/home/jetson/ros2_ws/build/jetson/install.log'
[21.709s] Invoked command in '/home/jetson/ros2_ws/src/jetson' returned '0': PYTHONPATH=/home/jetson/ros2_ws/build/jetson/prefix_override:/home/jetson/ros2_ws/install/jetson/lib/python3.8/site-packages:${PYTHONPATH} /usr/bin/python3 setup.py egg_info --egg-base ../../build/jetson build --build-base /home/jetson/ros2_ws/build/jetson/build install --record /home/jetson/ros2_ws/build/jetson/install.log --single-version-externally-managed
