[15.190s] Invoking command in '/home/jetson/ros2_ws/src/jetson': PYTHONPATH=/home/jetson/ros2_ws/build/jetson/prefix_override:/home/jetson/ros2_ws/install/jetson/lib/python3.8/site-packages:${PYTHONPATH} /usr/bin/python3 setup.py egg_info --egg-base ../../build/jetson build --build-base /home/jetson/ros2_ws/build/jetson/build install --record /home/jetson/ros2_ws/build/jetson/install.log --single-version-externally-managed
[18.151s] running egg_info
[18.335s] writing ../../build/jetson/jetson.egg-info/PKG-INFO
[18.338s] writing dependency_links to ../../build/jetson/jetson.egg-info/dependency_links.txt
[18.339s] writing entry points to ../../build/jetson/jetson.egg-info/entry_points.txt
[18.340s] writing requirements to ../../build/jetson/jetson.egg-info/requires.txt
[18.341s] writing top-level names to ../../build/jetson/jetson.egg-info/top_level.txt
[18.676s] reading manifest file '../../build/jetson/jetson.egg-info/SOURCES.txt'
[18.684s] writing manifest file '../../build/jetson/jetson.egg-info/SOURCES.txt'
[18.686s] running build
[18.688s] running build_py
[18.693s] running install
[18.695s] /home/jetson/.local/lib/python3.8/site-packages/setuptools/command/install.py:34: SetuptoolsDeprecationWarning: setup.py install is deprecated. Use build and pip and other standards-based tools.
[18.696s]   warnings.warn(
[18.728s] running install_lib
[18.863s] running install_data
[18.993s] running install_egg_info
[19.152s] removing '/home/jetson/ros2_ws/install/jetson/lib/python3.8/site-packages/jetson-0.0.0-py3.8.egg-info' (and everything under it)
[19.154s] Copying ../../build/jetson/jetson.egg-info to /home/jetson/ros2_ws/install/jetson/lib/python3.8/site-packages/jetson-0.0.0-py3.8.egg-info
[19.160s] running install_scripts
[19.626s] Installing listener script to /home/jetson/ros2_ws/install/jetson/lib/jetson
[19.630s] Installing x_sensv2 script to /home/jetson/ros2_ws/install/jetson/lib/jetson
[19.632s] writing list of installed files to '/home/jetson/ros2_ws/build/jetson/install.log'
[19.859s] Invoked command in '/home/jetson/ros2_ws/src/jetson' returned '0': PYTHONPATH=/home/jetson/ros2_ws/build/jetson/prefix_override:/home/jetson/ros2_ws/install/jetson/lib/python3.8/site-packages:${PYTHONPATH} /usr/bin/python3 setup.py egg_info --egg-base ../../build/jetson build --build-base /home/jetson/ros2_ws/build/jetson/build install --record /home/jetson/ros2_ws/build/jetson/install.log --single-version-externally-managed
