[14.830s] Invoking command in '/home/jetson/ros2_ws/src/jetson': PYTHONPATH=/home/jetson/ros2_ws/build/jetson/prefix_override:/home/jetson/ros2_ws/install/jetson/lib/python3.8/site-packages:${PYTHONPATH} /usr/bin/python3 setup.py egg_info --egg-base ../../build/jetson build --build-base /home/jetson/ros2_ws/build/jetson/build install --record /home/jetson/ros2_ws/build/jetson/install.log --single-version-externally-managed
[18.119s] running egg_info
[18.306s] writing ../../build/jetson/jetson.egg-info/PKG-INFO
[18.308s] writing dependency_links to ../../build/jetson/jetson.egg-info/dependency_links.txt
[18.309s] writing entry points to ../../build/jetson/jetson.egg-info/entry_points.txt
[18.310s] writing requirements to ../../build/jetson/jetson.egg-info/requires.txt
[18.311s] writing top-level names to ../../build/jetson/jetson.egg-info/top_level.txt
[18.614s] reading manifest file '../../build/jetson/jetson.egg-info/SOURCES.txt'
[18.619s] writing manifest file '../../build/jetson/jetson.egg-info/SOURCES.txt'
[18.620s] running build
[18.621s] running build_py
[18.621s] copying jetson/subscriberV2.py -> /home/jetson/ros2_ws/build/jetson/build/lib/jetson
[18.622s] running install
[18.623s] /home/jetson/.local/lib/python3.8/site-packages/setuptools/command/install.py:34: SetuptoolsDeprecationWarning: setup.py install is deprecated. Use build and pip and other standards-based tools.
[18.623s]   warnings.warn(
[18.660s] running install_lib
[18.807s] copying /home/jetson/ros2_ws/build/jetson/build/lib/jetson/subscriberV2.py -> /home/jetson/ros2_ws/install/jetson/lib/python3.8/site-packages/jetson
[18.810s] byte-compiling /home/jetson/ros2_ws/install/jetson/lib/python3.8/site-packages/jetson/subscriberV2.py to subscriberV2.cpython-38.pyc
[18.815s] running install_data
[18.960s] running install_egg_info
[19.106s] removing '/home/jetson/ros2_ws/install/jetson/lib/python3.8/site-packages/jetson-0.0.0-py3.8.egg-info' (and everything under it)
[19.108s] Copying ../../build/jetson/jetson.egg-info to /home/jetson/ros2_ws/install/jetson/lib/python3.8/site-packages/jetson-0.0.0-py3.8.egg-info
[19.113s] running install_scripts
[19.609s] Installing listener script to /home/jetson/ros2_ws/install/jetson/lib/jetson
[19.612s] Installing x_sensv2 script to /home/jetson/ros2_ws/install/jetson/lib/jetson
[19.613s] writing list of installed files to '/home/jetson/ros2_ws/build/jetson/install.log'
[19.847s] Invoked command in '/home/jetson/ros2_ws/src/jetson' returned '0': PYTHONPATH=/home/jetson/ros2_ws/build/jetson/prefix_override:/home/jetson/ros2_ws/install/jetson/lib/python3.8/site-packages:${PYTHONPATH} /usr/bin/python3 setup.py egg_info --egg-base ../../build/jetson build --build-base /home/jetson/ros2_ws/build/jetson/build install --record /home/jetson/ros2_ws/build/jetson/install.log --single-version-externally-managed
