[32.205s] DEBUG:colcon:Command line arguments: ['/usr/bin/colcon', 'build', '--packages-select', 'kalman_filter_jetracer']
[32.206s] DEBUG:colcon:Parsed command line arguments: Namespace(allow_overriding=[], ament_cmake_args=None, base_paths=['.'], build_base='build', catkin_cmake_args=None, catkin_skip_building_tests=False, cmake_args=None, cmake_clean_cache=False, cmake_clean_first=False, cmake_force_configure=False, cmake_target=None, cmake_target_skip_unavailable=False, continue_on_error=False, event_handlers=None, executor='parallel', ignore_user_meta=False, install_base='install', log_base=None, log_level=None, main=<bound method BuildVerb.main of <colcon_core.verb.build.BuildVerb object at 0x7f829de9d0>>, merge_install=False, metas=['./colcon.meta'], packages_above=None, packages_above_and_dependencies=None, packages_above_depth=None, packages_end=None, packages_ignore=None, packages_ignore_regex=None, packages_select=['kalman_filter_jetracer'], packages_select_build_failed=False, packages_select_by_dep=None, packages_select_regex=None, packages_select_test_failures=False, packages_skip=None, packages_skip_build_finished=False, packages_skip_by_dep=None, packages_skip_regex=None, packages_skip_test_passed=False, packages_skip_up_to=None, packages_start=None, packages_up_to=None, packages_up_to_regex=None, parallel_workers=4, paths=None, symlink_install=False, test_result_base=None, verb_extension=<colcon_core.verb.build.BuildVerb object at 0x7f829de9d0>, verb_name='build', verb_parser=<colcon_defaults.argument_parser.defaults.DefaultArgumentsDecorator object at 0x7f8235a1c0>)
[33.688s] Level 1:colcon.colcon_core.package_discovery:discover_packages(colcon_meta) check parameters
[33.689s] Level 1:colcon.colcon_core.package_discovery:discover_packages(recursive) check parameters
[33.689s] Level 1:colcon.colcon_core.package_discovery:discover_packages(ignore) check parameters
[33.689s] Level 1:colcon.colcon_core.package_discovery:discover_packages(path) check parameters
[33.689s] Level 1:colcon.colcon_core.package_discovery:discover_packages(colcon_meta) discover
[33.690s] Level 1:colcon.colcon_core.package_discovery:discover_packages(recursive) discover
[33.690s] INFO:colcon.colcon_core.package_discovery:Crawling recursively for packages in '/home/jetson/ros2_ws'
[33.690s] Level 1:colcon.colcon_core.package_identification:_identify(.) by extensions ['ignore', 'ignore_ament_install']
[33.691s] Level 1:colcon.colcon_core.package_identification:_identify(.) by extension 'ignore'
[33.691s] Level 1:colcon.colcon_core.package_identification:_identify(.) by extension 'ignore_ament_install'
[33.691s] Level 1:colcon.colcon_core.package_identification:_identify(.) by extensions ['colcon_pkg']
[33.692s] Level 1:colcon.colcon_core.package_identification:_identify(.) by extension 'colcon_pkg'
[33.692s] Level 1:colcon.colcon_core.package_identification:_identify(.) by extensions ['colcon_meta']
[33.692s] Level 1:colcon.colcon_core.package_identification:_identify(.) by extension 'colcon_meta'
[33.692s] Level 1:colcon.colcon_core.package_identification:_identify(.) by extensions ['ros']
[33.692s] Level 1:colcon.colcon_core.package_identification:_identify(.) by extension 'ros'
[33.819s] Level 1:colcon.colcon_core.package_identification:_identify(.) by extensions ['cmake', 'python']
[33.820s] Level 1:colcon.colcon_core.package_identification:_identify(.) by extension 'cmake'
[33.820s] Level 1:colcon.colcon_core.package_identification:_identify(.) by extension 'python'
[33.820s] Level 1:colcon.colcon_core.package_identification:_identify(.) by extensions ['python_setup_py']
[33.820s] Level 1:colcon.colcon_core.package_identification:_identify(.) by extension 'python_setup_py'
[33.821s] Level 1:colcon.colcon_core.package_identification:_identify(build) by extensions ['ignore', 'ignore_ament_install']
[33.821s] Level 1:colcon.colcon_core.package_identification:_identify(build) by extension 'ignore'
[33.822s] Level 1:colcon.colcon_core.package_identification:_identify(build) ignored
[33.822s] Level 1:colcon.colcon_core.package_identification:_identify(install) by extensions ['ignore', 'ignore_ament_install']
[33.833s] Level 1:colcon.colcon_core.package_identification:_identify(install) by extension 'ignore'
[33.834s] Level 1:colcon.colcon_core.package_identification:_identify(install) ignored
[33.835s] Level 1:colcon.colcon_core.package_identification:_identify(log) by extensions ['ignore', 'ignore_ament_install']
[33.835s] Level 1:colcon.colcon_core.package_identification:_identify(log) by extension 'ignore'
[33.836s] Level 1:colcon.colcon_core.package_identification:_identify(log) ignored
[33.836s] Level 1:colcon.colcon_core.package_identification:_identify(src) by extensions ['ignore', 'ignore_ament_install']
[33.837s] Level 1:colcon.colcon_core.package_identification:_identify(src) by extension 'ignore'
[33.837s] Level 1:colcon.colcon_core.package_identification:_identify(src) by extension 'ignore_ament_install'
[33.837s] Level 1:colcon.colcon_core.package_identification:_identify(src) by extensions ['colcon_pkg']
[33.838s] Level 1:colcon.colcon_core.package_identification:_identify(src) by extension 'colcon_pkg'
[33.838s] Level 1:colcon.colcon_core.package_identification:_identify(src) by extensions ['colcon_meta']
[33.838s] Level 1:colcon.colcon_core.package_identification:_identify(src) by extension 'colcon_meta'
[33.838s] Level 1:colcon.colcon_core.package_identification:_identify(src) by extensions ['ros']
[33.839s] Level 1:colcon.colcon_core.package_identification:_identify(src) by extension 'ros'
[33.839s] Level 1:colcon.colcon_core.package_identification:_identify(src) by extensions ['cmake', 'python']
[33.839s] Level 1:colcon.colcon_core.package_identification:_identify(src) by extension 'cmake'
[33.840s] Level 1:colcon.colcon_core.package_identification:_identify(src) by extension 'python'
[33.840s] Level 1:colcon.colcon_core.package_identification:_identify(src) by extensions ['python_setup_py']
[33.840s] Level 1:colcon.colcon_core.package_identification:_identify(src) by extension 'python_setup_py'
[33.848s] Level 1:colcon.colcon_core.package_identification:_identify(src/bluespace_ai_xsens_ros_mti_driver) by extensions ['ignore', 'ignore_ament_install']
[33.849s] Level 1:colcon.colcon_core.package_identification:_identify(src/bluespace_ai_xsens_ros_mti_driver) by extension 'ignore'
[33.849s] Level 1:colcon.colcon_core.package_identification:_identify(src/bluespace_ai_xsens_ros_mti_driver) by extension 'ignore_ament_install'
[33.849s] Level 1:colcon.colcon_core.package_identification:_identify(src/bluespace_ai_xsens_ros_mti_driver) by extensions ['colcon_pkg']
[33.850s] Level 1:colcon.colcon_core.package_identification:_identify(src/bluespace_ai_xsens_ros_mti_driver) by extension 'colcon_pkg'
[33.850s] Level 1:colcon.colcon_core.package_identification:_identify(src/bluespace_ai_xsens_ros_mti_driver) by extensions ['colcon_meta']
[33.850s] Level 1:colcon.colcon_core.package_identification:_identify(src/bluespace_ai_xsens_ros_mti_driver) by extension 'colcon_meta'
[33.851s] Level 1:colcon.colcon_core.package_identification:_identify(src/bluespace_ai_xsens_ros_mti_driver) by extensions ['ros']
[33.851s] Level 1:colcon.colcon_core.package_identification:_identify(src/bluespace_ai_xsens_ros_mti_driver) by extension 'ros'
[33.878s] DEBUG:colcon.colcon_core.package_identification:Package 'src/bluespace_ai_xsens_ros_mti_driver' with type 'ros.ament_cmake' and name 'bluespace_ai_xsens_mti_driver'
[33.880s] Level 1:colcon.colcon_core.package_identification:_identify(src/jetracer_description) by extensions ['ignore', 'ignore_ament_install']
[33.881s] Level 1:colcon.colcon_core.package_identification:_identify(src/jetracer_description) by extension 'ignore'
[33.881s] Level 1:colcon.colcon_core.package_identification:_identify(src/jetracer_description) by extension 'ignore_ament_install'
[33.882s] Level 1:colcon.colcon_core.package_identification:_identify(src/jetracer_description) by extensions ['colcon_pkg']
[33.882s] Level 1:colcon.colcon_core.package_identification:_identify(src/jetracer_description) by extension 'colcon_pkg'
[33.882s] Level 1:colcon.colcon_core.package_identification:_identify(src/jetracer_description) by extensions ['colcon_meta']
[33.882s] Level 1:colcon.colcon_core.package_identification:_identify(src/jetracer_description) by extension 'colcon_meta'
[33.888s] Level 1:colcon.colcon_core.package_identification:_identify(src/jetracer_description) by extensions ['ros']
[33.888s] Level 1:colcon.colcon_core.package_identification:_identify(src/jetracer_description) by extension 'ros'
[33.895s] DEBUG:colcon.colcon_core.package_identification:Package 'src/jetracer_description' with type 'ros.ament_python' and name 'jetracer_description'
[33.895s] Level 1:colcon.colcon_core.package_identification:_identify(src/jetson) by extensions ['ignore', 'ignore_ament_install']
[33.896s] Level 1:colcon.colcon_core.package_identification:_identify(src/jetson) by extension 'ignore'
[33.899s] Level 1:colcon.colcon_core.package_identification:_identify(src/jetson) by extension 'ignore_ament_install'
[33.899s] Level 1:colcon.colcon_core.package_identification:_identify(src/jetson) by extensions ['colcon_pkg']
[33.899s] Level 1:colcon.colcon_core.package_identification:_identify(src/jetson) by extension 'colcon_pkg'
[33.899s] Level 1:colcon.colcon_core.package_identification:_identify(src/jetson) by extensions ['colcon_meta']
[33.900s] Level 1:colcon.colcon_core.package_identification:_identify(src/jetson) by extension 'colcon_meta'
[33.900s] Level 1:colcon.colcon_core.package_identification:_identify(src/jetson) by extensions ['ros']
[33.900s] Level 1:colcon.colcon_core.package_identification:_identify(src/jetson) by extension 'ros'
[33.907s] DEBUG:colcon.colcon_core.package_identification:Package 'src/jetson' with type 'ros.ament_python' and name 'jetson'
[33.908s] Level 1:colcon.colcon_core.package_identification:_identify(src/kalman_filter_jetracer) by extensions ['ignore', 'ignore_ament_install']
[33.908s] Level 1:colcon.colcon_core.package_identification:_identify(src/kalman_filter_jetracer) by extension 'ignore'
[33.908s] Level 1:colcon.colcon_core.package_identification:_identify(src/kalman_filter_jetracer) by extension 'ignore_ament_install'
[33.909s] Level 1:colcon.colcon_core.package_identification:_identify(src/kalman_filter_jetracer) by extensions ['colcon_pkg']
[33.909s] Level 1:colcon.colcon_core.package_identification:_identify(src/kalman_filter_jetracer) by extension 'colcon_pkg'
[33.909s] Level 1:colcon.colcon_core.package_identification:_identify(src/kalman_filter_jetracer) by extensions ['colcon_meta']
[33.909s] Level 1:colcon.colcon_core.package_identification:_identify(src/kalman_filter_jetracer) by extension 'colcon_meta'
[33.910s] Level 1:colcon.colcon_core.package_identification:_identify(src/kalman_filter_jetracer) by extensions ['ros']
[33.910s] Level 1:colcon.colcon_core.package_identification:_identify(src/kalman_filter_jetracer) by extension 'ros'
[33.924s] DEBUG:colcon.colcon_core.package_identification:Package 'src/kalman_filter_jetracer' with type 'ros.ament_python' and name 'kalman_filter_jetracer'
[33.924s] Level 1:colcon.colcon_core.package_identification:_identify(src/realsens_speed_sens) by extensions ['ignore', 'ignore_ament_install']
[33.925s] Level 1:colcon.colcon_core.package_identification:_identify(src/realsens_speed_sens) by extension 'ignore'
[33.926s] Level 1:colcon.colcon_core.package_identification:_identify(src/realsens_speed_sens) by extension 'ignore_ament_install'
[33.926s] Level 1:colcon.colcon_core.package_identification:_identify(src/realsens_speed_sens) by extensions ['colcon_pkg']
[33.926s] Level 1:colcon.colcon_core.package_identification:_identify(src/realsens_speed_sens) by extension 'colcon_pkg'
[33.926s] Level 1:colcon.colcon_core.package_identification:_identify(src/realsens_speed_sens) by extensions ['colcon_meta']
[33.927s] Level 1:colcon.colcon_core.package_identification:_identify(src/realsens_speed_sens) by extension 'colcon_meta'
[33.927s] Level 1:colcon.colcon_core.package_identification:_identify(src/realsens_speed_sens) by extensions ['ros']
[33.927s] Level 1:colcon.colcon_core.package_identification:_identify(src/realsens_speed_sens) by extension 'ros'
[33.938s] DEBUG:colcon.colcon_core.package_identification:Package 'src/realsens_speed_sens' with type 'ros.ament_python' and name 'test_jetson'
[33.938s] Level 1:colcon.colcon_core.package_discovery:discover_packages(recursive) using defaults
[33.939s] Level 1:colcon.colcon_core.package_discovery:discover_packages(ignore) discover
[33.939s] Level 1:colcon.colcon_core.package_discovery:discover_packages(ignore) using defaults
[33.939s] Level 1:colcon.colcon_core.package_discovery:discover_packages(path) discover
[33.939s] Level 1:colcon.colcon_core.package_discovery:discover_packages(path) using defaults
[34.699s] INFO:colcon.colcon_core.package_selection:Skipping not selected package 'bluespace_ai_xsens_mti_driver' in 'src/bluespace_ai_xsens_ros_mti_driver'
[34.699s] INFO:colcon.colcon_core.package_selection:Skipping not selected package 'jetracer_description' in 'src/jetracer_description'
[34.699s] INFO:colcon.colcon_core.package_selection:Skipping not selected package 'jetson' in 'src/jetson'
[34.699s] INFO:colcon.colcon_core.package_selection:Skipping not selected package 'test_jetson' in 'src/realsens_speed_sens'
[34.945s] Level 1:colcon.colcon_core.package_discovery:discover_packages(prefix_path) check parameters
[34.945s] Level 1:colcon.colcon_core.package_discovery:discover_packages(prefix_path) discover
[35.230s] DEBUG:colcon.colcon_installed_package_information.package_discovery:Found 5 installed packages in /home/jetson/ros2_ws/install
[35.408s] DEBUG:colcon.colcon_installed_package_information.package_discovery:Found 280 installed packages in /opt/ros/galactic
[35.419s] Level 1:colcon.colcon_core.package_discovery:discover_packages(prefix_path) using defaults
[36.840s] Level 5:colcon.colcon_core.verb:set package 'kalman_filter_jetracer' build argument 'cmake_args' from command line to 'None'
[36.840s] Level 5:colcon.colcon_core.verb:set package 'kalman_filter_jetracer' build argument 'cmake_target' from command line to 'None'
[36.840s] Level 5:colcon.colcon_core.verb:set package 'kalman_filter_jetracer' build argument 'cmake_target_skip_unavailable' from command line to 'False'
[36.841s] Level 5:colcon.colcon_core.verb:set package 'kalman_filter_jetracer' build argument 'cmake_clean_cache' from command line to 'False'
[36.841s] Level 5:colcon.colcon_core.verb:set package 'kalman_filter_jetracer' build argument 'cmake_clean_first' from command line to 'False'
[36.841s] Level 5:colcon.colcon_core.verb:set package 'kalman_filter_jetracer' build argument 'cmake_force_configure' from command line to 'False'
[36.841s] Level 5:colcon.colcon_core.verb:set package 'kalman_filter_jetracer' build argument 'ament_cmake_args' from command line to 'None'
[36.841s] Level 5:colcon.colcon_core.verb:set package 'kalman_filter_jetracer' build argument 'catkin_cmake_args' from command line to 'None'
[36.841s] Level 5:colcon.colcon_core.verb:set package 'kalman_filter_jetracer' build argument 'catkin_skip_building_tests' from command line to 'False'
[36.841s] DEBUG:colcon.colcon_core.verb:Building package 'kalman_filter_jetracer' with the following arguments: {'ament_cmake_args': None, 'build_base': '/home/jetson/ros2_ws/build/kalman_filter_jetracer', 'catkin_cmake_args': None, 'catkin_skip_building_tests': False, 'cmake_args': None, 'cmake_clean_cache': False, 'cmake_clean_first': False, 'cmake_force_configure': False, 'cmake_target': None, 'cmake_target_skip_unavailable': False, 'install_base': '/home/jetson/ros2_ws/install/kalman_filter_jetracer', 'merge_install': False, 'path': '/home/jetson/ros2_ws/src/kalman_filter_jetracer', 'symlink_install': False, 'test_result_base': None}
[36.936s] INFO:colcon.colcon_core.executor:Executing jobs using 'parallel' executor
[37.108s] DEBUG:colcon.colcon_parallel_executor.executor.parallel:run_until_complete
[37.109s] INFO:colcon.colcon_ros.task.ament_python.build:Building ROS package in '/home/jetson/ros2_ws/src/kalman_filter_jetracer' with build type 'ament_python'
[37.109s] Level 1:colcon.colcon_core.shell:create_environment_hook('kalman_filter_jetracer', 'ament_prefix_path')
[37.341s] INFO:colcon.colcon_core.plugin_system:Skipping extension 'colcon_core.shell.bat': Not used on non-Windows systems
[37.342s] INFO:colcon.colcon_core.shell:Creating environment hook '/home/jetson/ros2_ws/install/kalman_filter_jetracer/share/kalman_filter_jetracer/hook/ament_prefix_path.ps1'
[37.346s] INFO:colcon.colcon_core.shell:Creating environment descriptor '/home/jetson/ros2_ws/install/kalman_filter_jetracer/share/kalman_filter_jetracer/hook/ament_prefix_path.dsv'
[37.349s] INFO:colcon.colcon_core.shell:Creating environment hook '/home/jetson/ros2_ws/install/kalman_filter_jetracer/share/kalman_filter_jetracer/hook/ament_prefix_path.sh'
[37.570s] INFO:colcon.colcon_core.shell:Skip shell extension 'powershell' for command environment: Not usable outside of PowerShell
[37.570s] DEBUG:colcon.colcon_core.shell:Skip shell extension 'dsv' for command environment
[42.150s] INFO:colcon.colcon_core.task.python.build:Building Python package in '/home/jetson/ros2_ws/src/kalman_filter_jetracer'
[42.362s] INFO:colcon.colcon_core.shell:Skip shell extension 'powershell' for command environment: Not usable outside of PowerShell
[42.363s] DEBUG:colcon.colcon_core.shell:Skip shell extension 'dsv' for command environment
[51.117s] DEBUG:colcon.colcon_core.event_handler.log_command:Invoking command in '/home/jetson/ros2_ws/src/kalman_filter_jetracer': PYTHONPATH=/home/jetson/ros2_ws/build/kalman_filter_jetracer/prefix_override:/home/jetson/ros2_ws/install/kalman_filter_jetracer/lib/python3.8/site-packages:${PYTHONPATH} /usr/bin/python3 setup.py egg_info --egg-base ../../build/kalman_filter_jetracer build --build-base /home/jetson/ros2_ws/build/kalman_filter_jetracer/build install --record /home/jetson/ros2_ws/build/kalman_filter_jetracer/install.log --single-version-externally-managed
[58.042s] DEBUG:colcon.colcon_core.event_handler.log_command:Invoked command in '/home/jetson/ros2_ws/src/kalman_filter_jetracer' returned '0': PYTHONPATH=/home/jetson/ros2_ws/build/kalman_filter_jetracer/prefix_override:/home/jetson/ros2_ws/install/kalman_filter_jetracer/lib/python3.8/site-packages:${PYTHONPATH} /usr/bin/python3 setup.py egg_info --egg-base ../../build/kalman_filter_jetracer build --build-base /home/jetson/ros2_ws/build/kalman_filter_jetracer/build install --record /home/jetson/ros2_ws/build/kalman_filter_jetracer/install.log --single-version-externally-managed
[58.334s] Level 1:colcon.colcon_core.environment:checking '/home/jetson/ros2_ws/install/kalman_filter_jetracer' for CMake module files
[58.337s] Level 1:colcon.colcon_core.environment:checking '/home/jetson/ros2_ws/install/kalman_filter_jetracer' for CMake config files
[58.346s] Level 1:colcon.colcon_core.environment:checking '/home/jetson/ros2_ws/install/kalman_filter_jetracer/lib'
[58.347s] Level 1:colcon.colcon_core.environment:checking '/home/jetson/ros2_ws/install/kalman_filter_jetracer/bin'
[58.348s] Level 1:colcon.colcon_core.environment:checking '/home/jetson/ros2_ws/install/kalman_filter_jetracer/lib/pkgconfig/kalman_filter_jetracer.pc'
[58.354s] Level 1:colcon.colcon_core.environment:checking '/home/jetson/ros2_ws/install/kalman_filter_jetracer/lib/python3.8/site-packages'
[58.355s] Level 1:colcon.colcon_core.shell:create_environment_hook('kalman_filter_jetracer', 'pythonpath')
[58.586s] INFO:colcon.colcon_core.shell:Creating environment hook '/home/jetson/ros2_ws/install/kalman_filter_jetracer/share/kalman_filter_jetracer/hook/pythonpath.ps1'
[58.588s] INFO:colcon.colcon_core.shell:Creating environment descriptor '/home/jetson/ros2_ws/install/kalman_filter_jetracer/share/kalman_filter_jetracer/hook/pythonpath.dsv'
[58.589s] INFO:colcon.colcon_core.shell:Creating environment hook '/home/jetson/ros2_ws/install/kalman_filter_jetracer/share/kalman_filter_jetracer/hook/pythonpath.sh'
[58.601s] Level 1:colcon.colcon_core.environment:checking '/home/jetson/ros2_ws/install/kalman_filter_jetracer/bin'
[58.601s] Level 1:colcon.colcon_core.environment:create_environment_scripts_only(kalman_filter_jetracer)
[58.798s] INFO:colcon.colcon_core.shell:Creating package script '/home/jetson/ros2_ws/install/kalman_filter_jetracer/share/kalman_filter_jetracer/package.ps1'
[58.808s] INFO:colcon.colcon_core.shell:Creating package descriptor '/home/jetson/ros2_ws/install/kalman_filter_jetracer/share/kalman_filter_jetracer/package.dsv'
[58.819s] INFO:colcon.colcon_core.shell:Creating package script '/home/jetson/ros2_ws/install/kalman_filter_jetracer/share/kalman_filter_jetracer/package.sh'
[58.824s] INFO:colcon.colcon_core.shell:Creating package script '/home/jetson/ros2_ws/install/kalman_filter_jetracer/share/kalman_filter_jetracer/package.bash'
[58.834s] INFO:colcon.colcon_core.shell:Creating package script '/home/jetson/ros2_ws/install/kalman_filter_jetracer/share/kalman_filter_jetracer/package.zsh'
[58.843s] Level 1:colcon.colcon_core.environment:create_file_with_runtime_dependencies(/home/jetson/ros2_ws/install/kalman_filter_jetracer/share/colcon-core/packages/kalman_filter_jetracer)
[58.844s] DEBUG:colcon.colcon_parallel_executor.executor.parallel:closing loop
[58.847s] DEBUG:colcon.colcon_parallel_executor.executor.parallel:loop closed
[58.848s] DEBUG:colcon.colcon_parallel_executor.executor.parallel:run_until_complete finished with '0'
[58.848s] DEBUG:colcon.colcon_core.event_reactor:joining thread
[59.035s] INFO:colcon.colcon_core.plugin_system:Skipping extension 'colcon_notification.desktop_notification.terminal_notifier': Not used on non-Darwin systems
[59.036s] INFO:colcon.colcon_core.plugin_system:Skipping extension 'colcon_notification.desktop_notification.win32': Not used on non-Windows systems
[59.036s] INFO:colcon.colcon_notification.desktop_notification:Sending desktop notification using 'notify2'
[59.136s] DEBUG:colcon.colcon_core.event_reactor:joined thread
[59.295s] INFO:colcon.colcon_core.shell:Creating prefix script '/home/jetson/ros2_ws/install/local_setup.ps1'
[59.301s] INFO:colcon.colcon_core.shell:Creating prefix util module '/home/jetson/ros2_ws/install/_local_setup_util_ps1.py'
[59.309s] INFO:colcon.colcon_core.shell:Creating prefix chain script '/home/jetson/ros2_ws/install/setup.ps1'
[59.549s] INFO:colcon.colcon_core.shell:Creating prefix script '/home/jetson/ros2_ws/install/local_setup.sh'
[59.556s] INFO:colcon.colcon_core.shell:Creating prefix util module '/home/jetson/ros2_ws/install/_local_setup_util_sh.py'
[59.558s] INFO:colcon.colcon_core.shell:Creating prefix chain script '/home/jetson/ros2_ws/install/setup.sh'
[59.858s] INFO:colcon.colcon_core.shell:Creating prefix script '/home/jetson/ros2_ws/install/local_setup.bash'
[59.862s] INFO:colcon.colcon_core.shell:Creating prefix chain script '/home/jetson/ros2_ws/install/setup.bash'
[60.097s] INFO:colcon.colcon_core.shell:Creating prefix script '/home/jetson/ros2_ws/install/local_setup.zsh'
[60.105s] INFO:colcon.colcon_core.shell:Creating prefix chain script '/home/jetson/ros2_ws/install/setup.zsh'
