[16.433s] Invoking command in '/home/jetson/ros2_ws/src/jetracer_description': PYTHONPATH=/home/jetson/ros2_ws/build/jetracer_description/prefix_override:/home/jetson/ros2_ws/install/jetracer_description/lib/python3.8/site-packages:${PYTHONPATH} /usr/bin/python3 setup.py egg_info --egg-base ../../build/jetracer_description build --build-base /home/jetson/ros2_ws/build/jetracer_description/build install --record /home/jetson/ros2_ws/build/jetracer_description/install.log --install-scripts $base/lib/jetracer_description --single-version-externally-managed
[18.784s] /home/jetson/.local/lib/python3.8/site-packages/setuptools/dist.py:770: UserWarning: Usage of dash-separated 'script-dir' will not be supported in future versions. Please use the underscore name 'script_dir' instead
[18.785s]   warnings.warn(
[19.725s] running egg_info
[19.965s] writing ../../build/jetracer_description/jetracer_description.egg-info/PKG-INFO
[19.988s] writing dependency_links to ../../build/jetracer_description/jetracer_description.egg-info/dependency_links.txt
[20.003s] writing entry points to ../../build/jetracer_description/jetracer_description.egg-info/entry_points.txt
[20.006s] writing requirements to ../../build/jetracer_description/jetracer_description.egg-info/requires.txt
[20.007s] writing top-level names to ../../build/jetracer_description/jetracer_description.egg-info/top_level.txt
[20.528s] reading manifest file '../../build/jetracer_description/jetracer_description.egg-info/SOURCES.txt'
[20.544s] writing manifest file '../../build/jetracer_description/jetracer_description.egg-info/SOURCES.txt'
[20.545s] running build
[20.546s] running build_py
[20.548s] running install
[20.548s] /home/jetson/.local/lib/python3.8/site-packages/setuptools/command/install.py:34: SetuptoolsDeprecationWarning: setup.py install is deprecated. Use build and pip and other standards-based tools.
[20.549s]   warnings.warn(
[20.615s] running install_lib
[20.902s] running install_data
[21.163s] running install_egg_info
[21.356s] removing '/home/jetson/ros2_ws/install/jetracer_description/lib/python3.8/site-packages/jetracer_description-0.0.0-py3.8.egg-info' (and everything under it)
[21.358s] Copying ../../build/jetracer_description/jetracer_description.egg-info to /home/jetson/ros2_ws/install/jetracer_description/lib/python3.8/site-packages/jetracer_description-0.0.0-py3.8.egg-info
[21.367s] running install_scripts
[22.128s] Installing controller script to /home/jetson/ros2_ws/install/jetracer_description/lib/jetracer_description
[22.132s] Installing wheel_steer script to /home/jetson/ros2_ws/install/jetracer_description/lib/jetracer_description
[22.134s] writing list of installed files to '/home/jetson/ros2_ws/build/jetracer_description/install.log'
[22.379s] Invoked command in '/home/jetson/ros2_ws/src/jetracer_description' returned '0': PYTHONPATH=/home/jetson/ros2_ws/build/jetracer_description/prefix_override:/home/jetson/ros2_ws/install/jetracer_description/lib/python3.8/site-packages:${PYTHONPATH} /usr/bin/python3 setup.py egg_info --egg-base ../../build/jetracer_description build --build-base /home/jetson/ros2_ws/build/jetracer_description/build install --record /home/jetson/ros2_ws/build/jetracer_description/install.log --install-scripts $base/lib/jetracer_description --single-version-externally-managed
