[13.832s] Invoking command in '/home/jetson/ros2_ws/src/jetson': PYTHONPATH=/home/jetson/ros2_ws/build/jetson/prefix_override:/home/jetson/ros2_ws/install/jetson/lib/python3.8/site-packages:${PYTHONPATH} /usr/bin/python3 setup.py egg_info --egg-base ../../build/jetson build --build-base /home/jetson/ros2_ws/build/jetson/build install --record /home/jetson/ros2_ws/build/jetson/install.log --single-version-externally-managed
[16.879s] running egg_info
[17.073s] writing ../../build/jetson/jetson.egg-info/PKG-INFO
[17.076s] writing dependency_links to ../../build/jetson/jetson.egg-info/dependency_links.txt
[17.077s] writing entry points to ../../build/jetson/jetson.egg-info/entry_points.txt
[17.078s] writing requirements to ../../build/jetson/jetson.egg-info/requires.txt
[17.079s] writing top-level names to ../../build/jetson/jetson.egg-info/top_level.txt
[17.340s] reading manifest file '../../build/jetson/jetson.egg-info/SOURCES.txt'
[17.350s] writing manifest file '../../build/jetson/jetson.egg-info/SOURCES.txt'
[17.351s] running build
[17.352s] running build_py
[17.355s] copying jetson/subscriberV2.py -> /home/jetson/ros2_ws/build/jetson/build/lib/jetson
[17.361s] running install
[17.362s] /home/jetson/.local/lib/python3.8/site-packages/setuptools/command/install.py:34: SetuptoolsDeprecationWarning: setup.py install is deprecated. Use build and pip and other standards-based tools.
[17.363s]   warnings.warn(
[17.394s] running install_lib
[17.526s] copying /home/jetson/ros2_ws/build/jetson/build/lib/jetson/subscriberV2.py -> /home/jetson/ros2_ws/install/jetson/lib/python3.8/site-packages/jetson
[17.530s] byte-compiling /home/jetson/ros2_ws/install/jetson/lib/python3.8/site-packages/jetson/subscriberV2.py to subscriberV2.cpython-38.pyc
[17.536s] running install_data
[17.680s] running install_egg_info
[17.810s] removing '/home/jetson/ros2_ws/install/jetson/lib/python3.8/site-packages/jetson-0.0.0-py3.8.egg-info' (and everything under it)
[17.811s] Copying ../../build/jetson/jetson.egg-info to /home/jetson/ros2_ws/install/jetson/lib/python3.8/site-packages/jetson-0.0.0-py3.8.egg-info
[17.821s] running install_scripts
[18.294s] Installing listener script to /home/jetson/ros2_ws/install/jetson/lib/jetson
[18.296s] Installing x_sensv2 script to /home/jetson/ros2_ws/install/jetson/lib/jetson
[18.298s] writing list of installed files to '/home/jetson/ros2_ws/build/jetson/install.log'
[18.853s] Invoked command in '/home/jetson/ros2_ws/src/jetson' returned '0': PYTHONPATH=/home/jetson/ros2_ws/build/jetson/prefix_override:/home/jetson/ros2_ws/install/jetson/lib/python3.8/site-packages:${PYTHONPATH} /usr/bin/python3 setup.py egg_info --egg-base ../../build/jetson build --build-base /home/jetson/ros2_ws/build/jetson/build install --record /home/jetson/ros2_ws/build/jetson/install.log --single-version-externally-managed
