[28.272s] Invoking command in '/home/jetson/ros2_ws/src/kalman_filter_jetracer': PYTHONPATH=/home/jetson/ros2_ws/build/kalman_filter_jetracer/prefix_override:/home/jetson/ros2_ws/install/kalman_filter_jetracer/lib/python3.8/site-packages:${PYTHONPATH} /usr/bin/python3 setup.py egg_info --egg-base ../../build/kalman_filter_jetracer build --build-base /home/jetson/ros2_ws/build/kalman_filter_jetracer/build install --record /home/jetson/ros2_ws/build/kalman_filter_jetracer/install.log --single-version-externally-managed
[36.745s] running egg_info
[37.388s] writing ../../build/kalman_filter_jetracer/kalman_filter_jetracer.egg-info/PKG-INFO
[37.389s] writing dependency_links to ../../build/kalman_filter_jetracer/kalman_filter_jetracer.egg-info/dependency_links.txt
[37.390s] writing entry points to ../../build/kalman_filter_jetracer/kalman_filter_jetracer.egg-info/entry_points.txt
[37.391s] writing requirements to ../../build/kalman_filter_jetracer/kalman_filter_jetracer.egg-info/requires.txt
[37.392s] writing top-level names to ../../build/kalman_filter_jetracer/kalman_filter_jetracer.egg-info/top_level.txt
[38.312s] reading manifest file '../../build/kalman_filter_jetracer/kalman_filter_jetracer.egg-info/SOURCES.txt'
[38.318s] writing manifest file '../../build/kalman_filter_jetracer/kalman_filter_jetracer.egg-info/SOURCES.txt'
[38.320s] running build
[38.321s] running build_py
[38.323s] copying kalman_filter_jetracer/kalman_filter.py -> /home/jetson/ros2_ws/build/kalman_filter_jetracer/build/lib/kalman_filter_jetracer
[38.326s] running install
[38.328s] /home/jetson/.local/lib/python3.8/site-packages/setuptools/command/install.py:34: SetuptoolsDeprecationWarning: setup.py install is deprecated. Use build and pip and other standards-based tools.
[38.328s]   warnings.warn(
[38.393s] running install_lib
[38.800s] copying /home/jetson/ros2_ws/build/kalman_filter_jetracer/build/lib/kalman_filter_jetracer/kalman_filter.py -> /home/jetson/ros2_ws/install/kalman_filter_jetracer/lib/python3.8/site-packages/kalman_filter_jetracer
[38.818s] byte-compiling /home/jetson/ros2_ws/install/kalman_filter_jetracer/lib/python3.8/site-packages/kalman_filter_jetracer/kalman_filter.py to kalman_filter.cpython-38.pyc
[38.824s] running install_data
[39.473s] running install_egg_info
[40.053s] removing '/home/jetson/ros2_ws/install/kalman_filter_jetracer/lib/python3.8/site-packages/kalman_filter_jetracer-0.0.0-py3.8.egg-info' (and everything under it)
[40.058s] Copying ../../build/kalman_filter_jetracer/kalman_filter_jetracer.egg-info to /home/jetson/ros2_ws/install/kalman_filter_jetracer/lib/python3.8/site-packages/kalman_filter_jetracer-0.0.0-py3.8.egg-info
[40.072s] running install_scripts
[41.526s] Installing kalman script to /home/jetson/ros2_ws/install/kalman_filter_jetracer/lib/kalman_filter_jetracer
[41.527s] writing list of installed files to '/home/jetson/ros2_ws/build/kalman_filter_jetracer/install.log'
[43.426s] Invoked command in '/home/jetson/ros2_ws/src/kalman_filter_jetracer' returned '0': PYTHONPATH=/home/jetson/ros2_ws/build/kalman_filter_jetracer/prefix_override:/home/jetson/ros2_ws/install/kalman_filter_jetracer/lib/python3.8/site-packages:${PYTHONPATH} /usr/bin/python3 setup.py egg_info --egg-base ../../build/kalman_filter_jetracer build --build-base /home/jetson/ros2_ws/build/kalman_filter_jetracer/build install --record /home/jetson/ros2_ws/build/kalman_filter_jetracer/install.log --single-version-externally-managed
