[20.719s] Invoking command in '/home/jetson/ros2_ws/src/jetracer_description': PYTHONPATH=/home/jetson/ros2_ws/build/jetracer_description/prefix_override:/home/jetson/ros2_ws/install/jetracer_description/lib/python3.8/site-packages:${PYTHONPATH} /usr/bin/python3 setup.py egg_info --egg-base ../../build/jetracer_description build --build-base /home/jetson/ros2_ws/build/jetracer_description/build install --record /home/jetson/ros2_ws/build/jetracer_description/install.log --install-scripts $base/lib/jetracer_description --single-version-externally-managed
[22.777s] /home/jetson/.local/lib/python3.8/site-packages/setuptools/dist.py:770: UserWarning: Usage of dash-separated 'script-dir' will not be supported in future versions. Please use the underscore name 'script_dir' instead
[22.778s]   warnings.warn(
[23.708s] running egg_info
[23.908s] writing ../../build/jetracer_description/jetracer_description.egg-info/PKG-INFO
[23.912s] writing dependency_links to ../../build/jetracer_description/jetracer_description.egg-info/dependency_links.txt
[23.914s] writing entry points to ../../build/jetracer_description/jetracer_description.egg-info/entry_points.txt
[23.916s] writing requirements to ../../build/jetracer_description/jetracer_description.egg-info/requires.txt
[23.917s] writing top-level names to ../../build/jetracer_description/jetracer_description.egg-info/top_level.txt
[24.202s] reading manifest file '../../build/jetracer_description/jetracer_description.egg-info/SOURCES.txt'
[24.209s] writing manifest file '../../build/jetracer_description/jetracer_description.egg-info/SOURCES.txt'
[24.210s] running build
[24.211s] running build_py
[24.214s] running install
[24.215s] /home/jetson/.local/lib/python3.8/site-packages/setuptools/command/install.py:34: SetuptoolsDeprecationWarning: setup.py install is deprecated. Use build and pip and other standards-based tools.
[24.215s]   warnings.warn(
[24.246s] running install_lib
[24.384s] running install_data
[24.539s] running install_egg_info
[24.704s] removing '/home/jetson/ros2_ws/install/jetracer_description/lib/python3.8/site-packages/jetracer_description-0.0.0-py3.8.egg-info' (and everything under it)
[24.707s] Copying ../../build/jetracer_description/jetracer_description.egg-info to /home/jetson/ros2_ws/install/jetracer_description/lib/python3.8/site-packages/jetracer_description-0.0.0-py3.8.egg-info
[24.716s] running install_scripts
[25.268s] Installing controller script to /home/jetson/ros2_ws/install/jetracer_description/lib/jetracer_description
[25.269s] Installing wheel_steer script to /home/jetson/ros2_ws/install/jetracer_description/lib/jetracer_description
[25.271s] writing list of installed files to '/home/jetson/ros2_ws/build/jetracer_description/install.log'
[25.822s] Invoked command in '/home/jetson/ros2_ws/src/jetracer_description' returned '0': PYTHONPATH=/home/jetson/ros2_ws/build/jetracer_description/prefix_override:/home/jetson/ros2_ws/install/jetracer_description/lib/python3.8/site-packages:${PYTHONPATH} /usr/bin/python3 setup.py egg_info --egg-base ../../build/jetracer_description build --build-base /home/jetson/ros2_ws/build/jetracer_description/build install --record /home/jetson/ros2_ws/build/jetracer_description/install.log --install-scripts $base/lib/jetracer_description --single-version-externally-managed
