[22.072s] Invoking command in '/home/jetson/ros2_ws/src/jetson': PYTHONPATH=/home/jetson/ros2_ws/build/jetson/prefix_override:/home/jetson/ros2_ws/install/jetson/lib/python3.8/site-packages:${PYTHONPATH} /usr/bin/python3 setup.py egg_info --egg-base ../../build/jetson build --build-base /home/jetson/ros2_ws/build/jetson/build install --record /home/jetson/ros2_ws/build/jetson/install.log --single-version-externally-managed
[28.048s] running egg_info
[28.368s] writing ../../build/jetson/jetson.egg-info/PKG-INFO
[28.370s] writing dependency_links to ../../build/jetson/jetson.egg-info/dependency_links.txt
[28.372s] writing entry points to ../../build/jetson/jetson.egg-info/entry_points.txt
[28.374s] writing requirements to ../../build/jetson/jetson.egg-info/requires.txt
[28.375s] writing top-level names to ../../build/jetson/jetson.egg-info/top_level.txt
[29.097s] reading manifest file '../../build/jetson/jetson.egg-info/SOURCES.txt'
[29.103s] writing manifest file '../../build/jetson/jetson.egg-info/SOURCES.txt'
[29.104s] running build
[29.105s] running build_py
[29.112s] running install
[29.113s] /home/jetson/.local/lib/python3.8/site-packages/setuptools/command/install.py:34: SetuptoolsDeprecationWarning: setup.py install is deprecated. Use build and pip and other standards-based tools.
[29.113s]   warnings.warn(
[29.171s] running install_lib
[29.446s] running install_data
[29.609s] running install_egg_info
[29.968s] removing '/home/jetson/ros2_ws/install/jetson/lib/python3.8/site-packages/jetson-0.0.0-py3.8.egg-info' (and everything under it)
[29.969s] Copying ../../build/jetson/jetson.egg-info to /home/jetson/ros2_ws/install/jetson/lib/python3.8/site-packages/jetson-0.0.0-py3.8.egg-info
[29.989s] running install_scripts
[30.993s] Installing listener script to /home/jetson/ros2_ws/install/jetson/lib/jetson
[30.997s] Installing x_sensv2 script to /home/jetson/ros2_ws/install/jetson/lib/jetson
[30.998s] writing list of installed files to '/home/jetson/ros2_ws/build/jetson/install.log'
[31.617s] Invoked command in '/home/jetson/ros2_ws/src/jetson' returned '0': PYTHONPATH=/home/jetson/ros2_ws/build/jetson/prefix_override:/home/jetson/ros2_ws/install/jetson/lib/python3.8/site-packages:${PYTHONPATH} /usr/bin/python3 setup.py egg_info --egg-base ../../build/jetson build --build-base /home/jetson/ros2_ws/build/jetson/build install --record /home/jetson/ros2_ws/build/jetson/install.log --single-version-externally-managed
