[13.889s] Invoking command in '/home/jetson/ros2_ws/src/jetson': PYTHONPATH=/home/jetson/ros2_ws/build/jetson/prefix_override:/home/jetson/ros2_ws/install/jetson/lib/python3.8/site-packages:${PYTHONPATH} /usr/bin/python3 setup.py egg_info --egg-base ../../build/jetson build --build-base /home/jetson/ros2_ws/build/jetson/build install --record /home/jetson/ros2_ws/build/jetson/install.log --single-version-externally-managed
[16.476s] running egg_info
[16.666s] writing ../../build/jetson/jetson.egg-info/PKG-INFO
[16.670s] writing dependency_links to ../../build/jetson/jetson.egg-info/dependency_links.txt
[16.672s] writing entry points to ../../build/jetson/jetson.egg-info/entry_points.txt
[16.674s] writing requirements to ../../build/jetson/jetson.egg-info/requires.txt
[16.676s] writing top-level names to ../../build/jetson/jetson.egg-info/top_level.txt
[16.979s] reading manifest file '../../build/jetson/jetson.egg-info/SOURCES.txt'
[16.986s] writing manifest file '../../build/jetson/jetson.egg-info/SOURCES.txt'
[16.987s] running build
[16.988s] running build_py
[16.993s] running install
[16.999s] /home/jetson/.local/lib/python3.8/site-packages/setuptools/command/install.py:34: SetuptoolsDeprecationWarning: setup.py install is deprecated. Use build and pip and other standards-based tools.
[17.000s]   warnings.warn(
[17.033s] running install_lib
[17.173s] running install_data
[17.314s] running install_egg_info
[17.443s] removing '/home/jetson/ros2_ws/install/jetson/lib/python3.8/site-packages/jetson-0.0.0-py3.8.egg-info' (and everything under it)
[17.444s] Copying ../../build/jetson/jetson.egg-info to /home/jetson/ros2_ws/install/jetson/lib/python3.8/site-packages/jetson-0.0.0-py3.8.egg-info
[17.450s] running install_scripts
[17.907s] Installing listener script to /home/jetson/ros2_ws/install/jetson/lib/jetson
[17.909s] Installing x_sensv2 script to /home/jetson/ros2_ws/install/jetson/lib/jetson
[17.912s] writing list of installed files to '/home/jetson/ros2_ws/build/jetson/install.log'
[18.172s] Invoked command in '/home/jetson/ros2_ws/src/jetson' returned '0': PYTHONPATH=/home/jetson/ros2_ws/build/jetson/prefix_override:/home/jetson/ros2_ws/install/jetson/lib/python3.8/site-packages:${PYTHONPATH} /usr/bin/python3 setup.py egg_info --egg-base ../../build/jetson build --build-base /home/jetson/ros2_ws/build/jetson/build install --record /home/jetson/ros2_ws/build/jetson/install.log --single-version-externally-managed
