[18.098s] Invoking command in '/home/jetson/ros2_ws/src/jetson': PYTHONPATH=/home/jetson/ros2_ws/build/jetson/prefix_override:/home/jetson/ros2_ws/install/jetson/lib/python3.8/site-packages:${PYTHONPATH} /usr/bin/python3 setup.py egg_info --egg-base ../../build/jetson build --build-base /home/jetson/ros2_ws/build/jetson/build install --record /home/jetson/ros2_ws/build/jetson/install.log --single-version-externally-managed
[21.031s] running egg_info
[21.261s] writing ../../build/jetson/jetson.egg-info/PKG-INFO
[21.264s] writing dependency_links to ../../build/jetson/jetson.egg-info/dependency_links.txt
[21.267s] writing entry points to ../../build/jetson/jetson.egg-info/entry_points.txt
[21.269s] writing requirements to ../../build/jetson/jetson.egg-info/requires.txt
[21.270s] writing top-level names to ../../build/jetson/jetson.egg-info/top_level.txt
[21.588s] reading manifest file '../../build/jetson/jetson.egg-info/SOURCES.txt'
[21.593s] writing manifest file '../../build/jetson/jetson.egg-info/SOURCES.txt'
[21.594s] running build
[21.595s] running build_py
[21.596s] copying jetson/subscriberV2.py -> /home/jetson/ros2_ws/build/jetson/build/lib/jetson
[21.598s] running install
[21.600s] /home/jetson/.local/lib/python3.8/site-packages/setuptools/command/install.py:34: SetuptoolsDeprecationWarning: setup.py install is deprecated. Use build and pip and other standards-based tools.
[21.600s]   warnings.warn(
[21.638s] running install_lib
[21.794s] copying /home/jetson/ros2_ws/build/jetson/build/lib/jetson/subscriberV2.py -> /home/jetson/ros2_ws/install/jetson/lib/python3.8/site-packages/jetson
[21.797s] byte-compiling /home/jetson/ros2_ws/install/jetson/lib/python3.8/site-packages/jetson/subscriberV2.py to subscriberV2.cpython-38.pyc
[21.805s] running install_data
[21.953s] running install_egg_info
[22.131s] removing '/home/jetson/ros2_ws/install/jetson/lib/python3.8/site-packages/jetson-0.0.0-py3.8.egg-info' (and everything under it)
[22.132s] Copying ../../build/jetson/jetson.egg-info to /home/jetson/ros2_ws/install/jetson/lib/python3.8/site-packages/jetson-0.0.0-py3.8.egg-info
[22.140s] running install_scripts
[22.709s] Installing listener script to /home/jetson/ros2_ws/install/jetson/lib/jetson
[22.710s] Installing x_sensv2 script to /home/jetson/ros2_ws/install/jetson/lib/jetson
[22.711s] writing list of installed files to '/home/jetson/ros2_ws/build/jetson/install.log'
[23.694s] Invoked command in '/home/jetson/ros2_ws/src/jetson' returned '0': PYTHONPATH=/home/jetson/ros2_ws/build/jetson/prefix_override:/home/jetson/ros2_ws/install/jetson/lib/python3.8/site-packages:${PYTHONPATH} /usr/bin/python3 setup.py egg_info --egg-base ../../build/jetson build --build-base /home/jetson/ros2_ws/build/jetson/build install --record /home/jetson/ros2_ws/build/jetson/install.log --single-version-externally-managed
