[18.627s] Invoking command in '/home/jetson/ros2_ws/src/jetracer_description': PYTHONPATH=/home/jetson/ros2_ws/build/jetracer_description/prefix_override:/home/jetson/ros2_ws/install/jetracer_description/lib/python3.8/site-packages:${PYTHONPATH} /usr/bin/python3 setup.py egg_info --egg-base ../../build/jetracer_description build --build-base /home/jetson/ros2_ws/build/jetracer_description/build install --record /home/jetson/ros2_ws/build/jetracer_description/install.log --install-scripts $base/lib/jetracer_description --single-version-externally-managed
[22.423s] /home/jetson/.local/lib/python3.8/site-packages/setuptools/dist.py:770: UserWarning: Usage of dash-separated 'script-dir' will not be supported in future versions. Please use the underscore name 'script_dir' instead
[22.424s]   warnings.warn(
[23.423s] running egg_info
[23.618s] writing ../../build/jetracer_description/jetracer_description.egg-info/PKG-INFO
[23.625s] writing dependency_links to ../../build/jetracer_description/jetracer_description.egg-info/dependency_links.txt
[23.626s] writing entry points to ../../build/jetracer_description/jetracer_description.egg-info/entry_points.txt
[23.627s] writing requirements to ../../build/jetracer_description/jetracer_description.egg-info/requires.txt
[23.628s] writing top-level names to ../../build/jetracer_description/jetracer_description.egg-info/top_level.txt
[24.178s] reading manifest file '../../build/jetracer_description/jetracer_description.egg-info/SOURCES.txt'
[24.186s] writing manifest file '../../build/jetracer_description/jetracer_description.egg-info/SOURCES.txt'
[24.187s] running build
[24.188s] running build_py
[24.190s] running install
[24.191s] /home/jetson/.local/lib/python3.8/site-packages/setuptools/command/install.py:34: SetuptoolsDeprecationWarning: setup.py install is deprecated. Use build and pip and other standards-based tools.
[24.191s]   warnings.warn(
[24.232s] running install_lib
[24.565s] running install_data
[24.881s] running install_egg_info
[25.301s] removing '/home/jetson/ros2_ws/install/jetracer_description/lib/python3.8/site-packages/jetracer_description-0.0.0-py3.8.egg-info' (and everything under it)
[25.303s] Copying ../../build/jetracer_description/jetracer_description.egg-info to /home/jetson/ros2_ws/install/jetracer_description/lib/python3.8/site-packages/jetracer_description-0.0.0-py3.8.egg-info
[25.310s] running install_scripts
[26.124s] Installing controller script to /home/jetson/ros2_ws/install/jetracer_description/lib/jetracer_description
[26.125s] Installing wheel_steer script to /home/jetson/ros2_ws/install/jetracer_description/lib/jetracer_description
[26.127s] writing list of installed files to '/home/jetson/ros2_ws/build/jetracer_description/install.log'
[27.510s] Invoked command in '/home/jetson/ros2_ws/src/jetracer_description' returned '0': PYTHONPATH=/home/jetson/ros2_ws/build/jetracer_description/prefix_override:/home/jetson/ros2_ws/install/jetracer_description/lib/python3.8/site-packages:${PYTHONPATH} /usr/bin/python3 setup.py egg_info --egg-base ../../build/jetracer_description build --build-base /home/jetson/ros2_ws/build/jetracer_description/build install --record /home/jetson/ros2_ws/build/jetracer_description/install.log --install-scripts $base/lib/jetracer_description --single-version-externally-managed
