[22.636s] Invoking command in '/home/jetson/ros2_ws/src/jetracer_description': PYTHONPATH=/home/jetson/ros2_ws/build/jetracer_description/prefix_override:/home/jetson/ros2_ws/install/jetracer_description/lib/python3.8/site-packages:${PYTHONPATH} /usr/bin/python3 setup.py egg_info --egg-base ../../build/jetracer_description build --build-base /home/jetson/ros2_ws/build/jetracer_description/build install --record /home/jetson/ros2_ws/build/jetracer_description/install.log --install-scripts $base/lib/jetracer_description --single-version-externally-managed
[26.446s] /home/jetson/.local/lib/python3.8/site-packages/setuptools/dist.py:770: UserWarning: Usage of dash-separated 'script-dir' will not be supported in future versions. Please use the underscore name 'script_dir' instead
[26.447s]   warnings.warn(
[27.996s] running egg_info
[28.487s] writing ../../build/jetracer_description/jetracer_description.egg-info/PKG-INFO
[28.491s] writing dependency_links to ../../build/jetracer_description/jetracer_description.egg-info/dependency_links.txt
[28.492s] writing entry points to ../../build/jetracer_description/jetracer_description.egg-info/entry_points.txt
[28.500s] writing requirements to ../../build/jetracer_description/jetracer_description.egg-info/requires.txt
[28.501s] writing top-level names to ../../build/jetracer_description/jetracer_description.egg-info/top_level.txt
[29.277s] reading manifest file '../../build/jetracer_description/jetracer_description.egg-info/SOURCES.txt'
[29.288s] writing manifest file '../../build/jetracer_description/jetracer_description.egg-info/SOURCES.txt'
[29.292s] running build
[29.293s] running build_py
[29.304s] running install
[29.306s] /home/jetson/.local/lib/python3.8/site-packages/setuptools/command/install.py:34: SetuptoolsDeprecationWarning: setup.py install is deprecated. Use build and pip and other standards-based tools.
[29.307s]   warnings.warn(
[29.386s] running install_lib
[29.712s] running install_data
[29.970s] running install_egg_info
[30.258s] removing '/home/jetson/ros2_ws/install/jetracer_description/lib/python3.8/site-packages/jetracer_description-0.0.0-py3.8.egg-info' (and everything under it)
[30.267s] Copying ../../build/jetracer_description/jetracer_description.egg-info to /home/jetson/ros2_ws/install/jetracer_description/lib/python3.8/site-packages/jetracer_description-0.0.0-py3.8.egg-info
[30.296s] running install_scripts
[31.234s] Installing controller script to /home/jetson/ros2_ws/install/jetracer_description/lib/jetracer_description
[31.235s] Installing wheel_steer script to /home/jetson/ros2_ws/install/jetracer_description/lib/jetracer_description
[31.238s] writing list of installed files to '/home/jetson/ros2_ws/build/jetracer_description/install.log'
[31.579s] Invoked command in '/home/jetson/ros2_ws/src/jetracer_description' returned '0': PYTHONPATH=/home/jetson/ros2_ws/build/jetracer_description/prefix_override:/home/jetson/ros2_ws/install/jetracer_description/lib/python3.8/site-packages:${PYTHONPATH} /usr/bin/python3 setup.py egg_info --egg-base ../../build/jetracer_description build --build-base /home/jetson/ros2_ws/build/jetracer_description/build install --record /home/jetson/ros2_ws/build/jetracer_description/install.log --install-scripts $base/lib/jetracer_description --single-version-externally-managed
