[28.855s] Invoking command in '/home/jetson/ros2_ws/src/jetson': PYTHONPATH=/home/jetson/ros2_ws/build/jetson/prefix_override:/home/jetson/ros2_ws/install/jetson/lib/python3.8/site-packages:${PYTHONPATH} /usr/bin/python3 setup.py egg_info --egg-base ../../build/jetson build --build-base /home/jetson/ros2_ws/build/jetson/build install --record /home/jetson/ros2_ws/build/jetson/install.log --single-version-externally-managed
[37.494s] running egg_info
[38.002s] writing ../../build/jetson/jetson.egg-info/PKG-INFO
[38.004s] writing dependency_links to ../../build/jetson/jetson.egg-info/dependency_links.txt
[38.004s] writing entry points to ../../build/jetson/jetson.egg-info/entry_points.txt
[38.006s] writing requirements to ../../build/jetson/jetson.egg-info/requires.txt
[38.011s] writing top-level names to ../../build/jetson/jetson.egg-info/top_level.txt
[38.921s] reading manifest file '../../build/jetson/jetson.egg-info/SOURCES.txt'
[38.948s] writing manifest file '../../build/jetson/jetson.egg-info/SOURCES.txt'
[38.949s] running build
[38.949s] running build_py
[38.957s] running install
[38.958s] /home/jetson/.local/lib/python3.8/site-packages/setuptools/command/install.py:34: SetuptoolsDeprecationWarning: setup.py install is deprecated. Use build and pip and other standards-based tools.
[38.958s]   warnings.warn(
[39.058s] running install_lib
[39.444s] running install_data
[39.855s] running install_egg_info
[40.182s] removing '/home/jetson/ros2_ws/install/jetson/lib/python3.8/site-packages/jetson-0.0.0-py3.8.egg-info' (and everything under it)
[40.211s] Copying ../../build/jetson/jetson.egg-info to /home/jetson/ros2_ws/install/jetson/lib/python3.8/site-packages/jetson-0.0.0-py3.8.egg-info
[40.235s] running install_scripts
[41.804s] Installing listener script to /home/jetson/ros2_ws/install/jetson/lib/jetson
[41.820s] Installing x_sensv2 script to /home/jetson/ros2_ws/install/jetson/lib/jetson
[41.822s] writing list of installed files to '/home/jetson/ros2_ws/build/jetson/install.log'
[43.764s] Invoked command in '/home/jetson/ros2_ws/src/jetson' returned '0': PYTHONPATH=/home/jetson/ros2_ws/build/jetson/prefix_override:/home/jetson/ros2_ws/install/jetson/lib/python3.8/site-packages:${PYTHONPATH} /usr/bin/python3 setup.py egg_info --egg-base ../../build/jetson build --build-base /home/jetson/ros2_ws/build/jetson/build install --record /home/jetson/ros2_ws/build/jetson/install.log --single-version-externally-managed
