/home/jetson/ros2_ws/install/jetracer_description/lib/python3.8/site-packages/jetracer_description/__init__.py
/home/jetson/ros2_ws/install/jetracer_description/lib/python3.8/site-packages/jetracer_description/controller.py
/home/jetson/ros2_ws/install/jetracer_description/lib/python3.8/site-packages/jetracer_description/wheel_steer.py
/home/jetson/ros2_ws/install/jetracer_description/lib/python3.8/site-packages/jetracer_description/__pycache__/__init__.cpython-38.pyc
/home/jetson/ros2_ws/install/jetracer_description/lib/python3.8/site-packages/jetracer_description/__pycache__/controller.cpython-38.pyc
/home/jetson/ros2_ws/install/jetracer_description/lib/python3.8/site-packages/jetracer_description/__pycache__/wheel_steer.cpython-38.pyc
/home/jetson/ros2_ws/install/jetracer_description/share/ament_index/resource_index/packages/jetracer_description
/home/jetson/ros2_ws/install/jetracer_description/share/jetracer_description/package.xml
/home/jetson/ros2_ws/install/jetracer_description/share/jetracer_description/launch/steering.launch.py
/home/jetson/ros2_ws/install/jetracer_description/share/jetracer_description/launch/display.launch.py
/home/jetson/ros2_ws/install/jetracer_description/share/jetracer_description/launch/gazebo.launch.py
/home/jetson/ros2_ws/install/jetracer_description/share/jetracer_description/urdf/jetracer.xacro
/home/jetson/ros2_ws/install/jetracer_description/share/jetracer_description/urdf/jetracer.gazebo
/home/jetson/ros2_ws/install/jetracer_description/share/jetracer_description/urdf/car.urdf
/home/jetson/ros2_ws/install/jetracer_description/share/jetracer_description/urdf/jetracer.trans
/home/jetson/ros2_ws/install/jetracer_description/share/jetracer_description/urdf/truck_xacro_ackermann.xacro
/home/jetson/ros2_ws/install/jetracer_description/share/jetracer_description/urdf/jetracer_control.xacro
/home/jetson/ros2_ws/install/jetracer_description/share/jetracer_description/urdf/materials.xacro
/home/jetson/ros2_ws/install/jetracer_description/share/jetracer_description/meshes/camera_1.stl
/home/jetson/ros2_ws/install/jetracer_description/share/jetracer_description/meshes/steering_left_1.stl
/home/jetson/ros2_ws/install/jetracer_description/share/jetracer_description/meshes/base_link.stl
/home/jetson/ros2_ws/install/jetracer_description/share/jetracer_description/meshes/right_front_1.stl
/home/jetson/ros2_ws/install/jetracer_description/share/jetracer_description/meshes/steering_right_1.stl
/home/jetson/ros2_ws/install/jetracer_description/share/jetracer_description/meshes/right_back_1.stl
/home/jetson/ros2_ws/install/jetracer_description/share/jetracer_description/meshes/Xsens_1.stl
/home/jetson/ros2_ws/install/jetracer_description/share/jetracer_description/meshes/left_back_1.stl
/home/jetson/ros2_ws/install/jetracer_description/share/jetracer_description/meshes/left_front_1.stl
/home/jetson/ros2_ws/install/jetracer_description/share/jetracer_description/config/my_controllers.yaml
/home/jetson/ros2_ws/install/jetracer_description/share/jetracer_description/config/display.rviz
/home/jetson/ros2_ws/install/jetracer_description/share/jetracer_description/world/g210.sdf
/home/jetson/ros2_ws/install/jetracer_description/share/jetracer_description/world/my_world.sdf
/home/jetson/ros2_ws/install/jetracer_description/lib/python3.8/site-packages/jetracer_description-0.0.0-py3.8.egg-info/PKG-INFO
/home/jetson/ros2_ws/install/jetracer_description/lib/python3.8/site-packages/jetracer_description-0.0.0-py3.8.egg-info/top_level.txt
/home/jetson/ros2_ws/install/jetracer_description/lib/python3.8/site-packages/jetracer_description-0.0.0-py3.8.egg-info/SOURCES.txt
/home/jetson/ros2_ws/install/jetracer_description/lib/python3.8/site-packages/jetracer_description-0.0.0-py3.8.egg-info/zip-safe
/home/jetson/ros2_ws/install/jetracer_description/lib/python3.8/site-packages/jetracer_description-0.0.0-py3.8.egg-info/requires.txt
/home/jetson/ros2_ws/install/jetracer_description/lib/python3.8/site-packages/jetracer_description-0.0.0-py3.8.egg-info/entry_points.txt
/home/jetson/ros2_ws/install/jetracer_description/lib/python3.8/site-packages/jetracer_description-0.0.0-py3.8.egg-info/dependency_links.txt
/home/jetson/ros2_ws/install/jetracer_description/lib/jetracer_description/controller
/home/jetson/ros2_ws/install/jetracer_description/lib/jetracer_description/wheel_steer
