[18.574s] Invoking command in '/home/jetson/ros2_ws/src/jetracer_description': PYTHONPATH=/home/jetson/ros2_ws/build/jetracer_description/prefix_override:/home/jetson/ros2_ws/install/jetracer_description/lib/python3.8/site-packages:${PYTHONPATH} /usr/bin/python3 setup.py egg_info --egg-base ../../build/jetracer_description build --build-base /home/jetson/ros2_ws/build/jetracer_description/build install --record /home/jetson/ros2_ws/build/jetracer_description/install.log --install-scripts $base/lib/jetracer_description --single-version-externally-managed
[20.692s] /home/jetson/.local/lib/python3.8/site-packages/setuptools/dist.py:770: UserWarning: Usage of dash-separated 'script-dir' will not be supported in future versions. Please use the underscore name 'script_dir' instead
[20.692s]   warnings.warn(
[21.517s] running egg_info
[21.701s] writing ../../build/jetracer_description/jetracer_description.egg-info/PKG-INFO
[21.704s] writing dependency_links to ../../build/jetracer_description/jetracer_description.egg-info/dependency_links.txt
[21.705s] writing entry points to ../../build/jetracer_description/jetracer_description.egg-info/entry_points.txt
[21.706s] writing requirements to ../../build/jetracer_description/jetracer_description.egg-info/requires.txt
[21.707s] writing top-level names to ../../build/jetracer_description/jetracer_description.egg-info/top_level.txt
[22.036s] reading manifest file '../../build/jetracer_description/jetracer_description.egg-info/SOURCES.txt'
[22.043s] writing manifest file '../../build/jetracer_description/jetracer_description.egg-info/SOURCES.txt'
[22.043s] running build
[22.044s] running build_py
[22.047s] running install
[22.048s] /home/jetson/.local/lib/python3.8/site-packages/setuptools/command/install.py:34: SetuptoolsDeprecationWarning: setup.py install is deprecated. Use build and pip and other standards-based tools.
[22.049s]   warnings.warn(
[22.081s] running install_lib
[22.226s] running install_data
[22.366s] running install_egg_info
[22.524s] removing '/home/jetson/ros2_ws/install/jetracer_description/lib/python3.8/site-packages/jetracer_description-0.0.0-py3.8.egg-info' (and everything under it)
[22.526s] Copying ../../build/jetracer_description/jetracer_description.egg-info to /home/jetson/ros2_ws/install/jetracer_description/lib/python3.8/site-packages/jetracer_description-0.0.0-py3.8.egg-info
[22.533s] running install_scripts
[23.088s] Installing controller script to /home/jetson/ros2_ws/install/jetracer_description/lib/jetracer_description
[23.089s] Installing wheel_steer script to /home/jetson/ros2_ws/install/jetracer_description/lib/jetracer_description
[23.090s] writing list of installed files to '/home/jetson/ros2_ws/build/jetracer_description/install.log'
[23.501s] Invoked command in '/home/jetson/ros2_ws/src/jetracer_description' returned '0': PYTHONPATH=/home/jetson/ros2_ws/build/jetracer_description/prefix_override:/home/jetson/ros2_ws/install/jetracer_description/lib/python3.8/site-packages:${PYTHONPATH} /usr/bin/python3 setup.py egg_info --egg-base ../../build/jetracer_description build --build-base /home/jetson/ros2_ws/build/jetracer_description/build install --record /home/jetson/ros2_ws/build/jetracer_description/install.log --install-scripts $base/lib/jetracer_description --single-version-externally-managed
