[15.106s] Invoking command in '/home/jetson/ros2_ws/src/jetson': PYTHONPATH=/home/jetson/ros2_ws/build/jetson/prefix_override:/home/jetson/ros2_ws/install/jetson/lib/python3.8/site-packages:${PYTHONPATH} /usr/bin/python3 setup.py egg_info --egg-base ../../build/jetson build --build-base /home/jetson/ros2_ws/build/jetson/build install --record /home/jetson/ros2_ws/build/jetson/install.log --single-version-externally-managed
[18.712s] running egg_info
[18.910s] writing ../../build/jetson/jetson.egg-info/PKG-INFO
[18.914s] writing dependency_links to ../../build/jetson/jetson.egg-info/dependency_links.txt
[18.915s] writing entry points to ../../build/jetson/jetson.egg-info/entry_points.txt
[18.915s] writing requirements to ../../build/jetson/jetson.egg-info/requires.txt
[18.916s] writing top-level names to ../../build/jetson/jetson.egg-info/top_level.txt
[19.304s] reading manifest file '../../build/jetson/jetson.egg-info/SOURCES.txt'
[19.321s] writing manifest file '../../build/jetson/jetson.egg-info/SOURCES.txt'
[19.321s] running build
[19.322s] running build_py
[19.329s] running install
[19.329s] /home/jetson/.local/lib/python3.8/site-packages/setuptools/command/install.py:34: SetuptoolsDeprecationWarning: setup.py install is deprecated. Use build and pip and other standards-based tools.
[19.330s]   warnings.warn(
[19.399s] running install_lib
[19.550s] running install_data
[19.671s] copying launch/launch.py -> /home/jetson/ros2_ws/install/jetson/share/jetson
[19.672s] running install_egg_info
[19.844s] removing '/home/jetson/ros2_ws/install/jetson/lib/python3.8/site-packages/jetson-0.0.0-py3.8.egg-info' (and everything under it)
[19.845s] Copying ../../build/jetson/jetson.egg-info to /home/jetson/ros2_ws/install/jetson/lib/python3.8/site-packages/jetson-0.0.0-py3.8.egg-info
[19.853s] running install_scripts
[20.535s] Installing listener script to /home/jetson/ros2_ws/install/jetson/lib/jetson
[20.536s] Installing x_sensv2 script to /home/jetson/ros2_ws/install/jetson/lib/jetson
[20.543s] writing list of installed files to '/home/jetson/ros2_ws/build/jetson/install.log'
[21.132s] Invoked command in '/home/jetson/ros2_ws/src/jetson' returned '0': PYTHONPATH=/home/jetson/ros2_ws/build/jetson/prefix_override:/home/jetson/ros2_ws/install/jetson/lib/python3.8/site-packages:${PYTHONPATH} /usr/bin/python3 setup.py egg_info --egg-base ../../build/jetson build --build-base /home/jetson/ros2_ws/build/jetson/build install --record /home/jetson/ros2_ws/build/jetson/install.log --single-version-externally-managed
