[13.852s] Invoking command in '/home/jetson/ros2_ws/src/jetson': PYTHONPATH=/home/jetson/ros2_ws/build/jetson/prefix_override:/home/jetson/ros2_ws/install/jetson/lib/python3.8/site-packages:${PYTHONPATH} /usr/bin/python3 setup.py egg_info --egg-base ../../build/jetson build --build-base /home/jetson/ros2_ws/build/jetson/build install --record /home/jetson/ros2_ws/build/jetson/install.log --single-version-externally-managed
[16.526s] running egg_info
[16.717s] writing ../../build/jetson/jetson.egg-info/PKG-INFO
[16.719s] writing dependency_links to ../../build/jetson/jetson.egg-info/dependency_links.txt
[16.720s] writing entry points to ../../build/jetson/jetson.egg-info/entry_points.txt
[16.722s] writing requirements to ../../build/jetson/jetson.egg-info/requires.txt
[16.723s] writing top-level names to ../../build/jetson/jetson.egg-info/top_level.txt
[17.000s] reading manifest file '../../build/jetson/jetson.egg-info/SOURCES.txt'
[17.005s] writing manifest file '../../build/jetson/jetson.egg-info/SOURCES.txt'
[17.006s] running build
[17.006s] running build_py
[17.010s] running install
[17.011s] /home/jetson/.local/lib/python3.8/site-packages/setuptools/command/install.py:34: SetuptoolsDeprecationWarning: setup.py install is deprecated. Use build and pip and other standards-based tools.
[17.011s]   warnings.warn(
[17.044s] running install_lib
[17.174s] running install_data
[17.301s] copying launch/x_launch.py -> /home/jetson/ros2_ws/install/jetson/share/jetson
[17.302s] running install_egg_info
[17.431s] removing '/home/jetson/ros2_ws/install/jetson/lib/python3.8/site-packages/jetson-0.0.0-py3.8.egg-info' (and everything under it)
[17.436s] Copying ../../build/jetson/jetson.egg-info to /home/jetson/ros2_ws/install/jetson/lib/python3.8/site-packages/jetson-0.0.0-py3.8.egg-info
[17.455s] running install_scripts
[17.942s] Installing listener script to /home/jetson/ros2_ws/install/jetson/lib/jetson
[17.944s] Installing x_sensv2 script to /home/jetson/ros2_ws/install/jetson/lib/jetson
[17.947s] writing list of installed files to '/home/jetson/ros2_ws/build/jetson/install.log'
[18.483s] Invoked command in '/home/jetson/ros2_ws/src/jetson' returned '0': PYTHONPATH=/home/jetson/ros2_ws/build/jetson/prefix_override:/home/jetson/ros2_ws/install/jetson/lib/python3.8/site-packages:${PYTHONPATH} /usr/bin/python3 setup.py egg_info --egg-base ../../build/jetson build --build-base /home/jetson/ros2_ws/build/jetson/build install --record /home/jetson/ros2_ws/build/jetson/install.log --single-version-externally-managed
