[23.064s] Invoking command in '/home/jetson/ros2_ws/src/jetracer_description': PYTHONPATH=/home/jetson/ros2_ws/build/jetracer_description/prefix_override:/home/jetson/ros2_ws/install/jetracer_description/lib/python3.8/site-packages:${PYTHONPATH} /usr/bin/python3 setup.py egg_info --egg-base ../../build/jetracer_description build --build-base /home/jetson/ros2_ws/build/jetracer_description/build install --record /home/jetson/ros2_ws/build/jetracer_description/install.log --install-scripts $base/lib/jetracer_description --single-version-externally-managed
[26.972s] /home/jetson/.local/lib/python3.8/site-packages/setuptools/dist.py:770: UserWarning: Usage of dash-separated 'script-dir' will not be supported in future versions. Please use the underscore name 'script_dir' instead
[26.972s]   warnings.warn(
[28.512s] running egg_info
[28.875s] writing ../../build/jetracer_description/jetracer_description.egg-info/PKG-INFO
[28.881s] writing dependency_links to ../../build/jetracer_description/jetracer_description.egg-info/dependency_links.txt
[28.882s] writing entry points to ../../build/jetracer_description/jetracer_description.egg-info/entry_points.txt
[28.883s] writing requirements to ../../build/jetracer_description/jetracer_description.egg-info/requires.txt
[28.884s] writing top-level names to ../../build/jetracer_description/jetracer_description.egg-info/top_level.txt
[29.489s] reading manifest file '../../build/jetracer_description/jetracer_description.egg-info/SOURCES.txt'
[29.498s] writing manifest file '../../build/jetracer_description/jetracer_description.egg-info/SOURCES.txt'
[29.499s] running build
[29.499s] running build_py
[29.511s] running install
[29.512s] /home/jetson/.local/lib/python3.8/site-packages/setuptools/command/install.py:34: SetuptoolsDeprecationWarning: setup.py install is deprecated. Use build and pip and other standards-based tools.
[29.513s]   warnings.warn(
[29.573s] running install_lib
[29.840s] running install_data
[30.148s] running install_egg_info
[30.470s] removing '/home/jetson/ros2_ws/install/jetracer_description/lib/python3.8/site-packages/jetracer_description-0.0.0-py3.8.egg-info' (and everything under it)
[30.476s] Copying ../../build/jetracer_description/jetracer_description.egg-info to /home/jetson/ros2_ws/install/jetracer_description/lib/python3.8/site-packages/jetracer_description-0.0.0-py3.8.egg-info
[30.486s] running install_scripts
[31.428s] Installing controller script to /home/jetson/ros2_ws/install/jetracer_description/lib/jetracer_description
[31.430s] Installing wheel_steer script to /home/jetson/ros2_ws/install/jetracer_description/lib/jetracer_description
[31.432s] writing list of installed files to '/home/jetson/ros2_ws/build/jetracer_description/install.log'
[31.868s] Invoked command in '/home/jetson/ros2_ws/src/jetracer_description' returned '0': PYTHONPATH=/home/jetson/ros2_ws/build/jetracer_description/prefix_override:/home/jetson/ros2_ws/install/jetracer_description/lib/python3.8/site-packages:${PYTHONPATH} /usr/bin/python3 setup.py egg_info --egg-base ../../build/jetracer_description build --build-base /home/jetson/ros2_ws/build/jetracer_description/build install --record /home/jetson/ros2_ws/build/jetracer_description/install.log --install-scripts $base/lib/jetracer_description --single-version-externally-managed
