[14.301s] Invoking command in '/home/jetson/ros2_ws/src/jetracer_description': PYTHONPATH=/home/jetson/ros2_ws/build/jetracer_description/prefix_override:/home/jetson/ros2_ws/install/jetracer_description/lib/python3.8/site-packages:${PYTHONPATH} /usr/bin/python3 setup.py egg_info --egg-base ../../build/jetracer_description build --build-base /home/jetson/ros2_ws/build/jetracer_description/build install --record /home/jetson/ros2_ws/build/jetracer_description/install.log --install-scripts $base/lib/jetracer_description --single-version-externally-managed
[16.157s] /home/jetson/.local/lib/python3.8/site-packages/setuptools/dist.py:770: UserWarning: Usage of dash-separated 'script-dir' will not be supported in future versions. Please use the underscore name 'script_dir' instead
[16.157s]   warnings.warn(
[16.968s] running egg_info
[17.178s] writing ../../build/jetracer_description/jetracer_description.egg-info/PKG-INFO
[17.180s] writing dependency_links to ../../build/jetracer_description/jetracer_description.egg-info/dependency_links.txt
[17.181s] writing entry points to ../../build/jetracer_description/jetracer_description.egg-info/entry_points.txt
[17.182s] writing requirements to ../../build/jetracer_description/jetracer_description.egg-info/requires.txt
[17.183s] writing top-level names to ../../build/jetracer_description/jetracer_description.egg-info/top_level.txt
[17.455s] reading manifest file '../../build/jetracer_description/jetracer_description.egg-info/SOURCES.txt'
[17.463s] writing manifest file '../../build/jetracer_description/jetracer_description.egg-info/SOURCES.txt'
[17.464s] running build
[17.465s] running build_py
[17.470s] running install
[17.471s] /home/jetson/.local/lib/python3.8/site-packages/setuptools/command/install.py:34: SetuptoolsDeprecationWarning: setup.py install is deprecated. Use build and pip and other standards-based tools.
[17.472s]   warnings.warn(
[17.503s] running install_lib
[17.645s] running install_data
[17.779s] copying launch/display.launch.py -> /home/jetson/ros2_ws/install/jetracer_description/share/jetracer_description/launch
[17.786s] running install_egg_info
[17.922s] removing '/home/jetson/ros2_ws/install/jetracer_description/lib/python3.8/site-packages/jetracer_description-0.0.0-py3.8.egg-info' (and everything under it)
[17.924s] Copying ../../build/jetracer_description/jetracer_description.egg-info to /home/jetson/ros2_ws/install/jetracer_description/lib/python3.8/site-packages/jetracer_description-0.0.0-py3.8.egg-info
[17.930s] running install_scripts
[18.423s] Installing controller script to /home/jetson/ros2_ws/install/jetracer_description/lib/jetracer_description
[18.424s] Installing wheel_steer script to /home/jetson/ros2_ws/install/jetracer_description/lib/jetracer_description
[18.426s] writing list of installed files to '/home/jetson/ros2_ws/build/jetracer_description/install.log'
[19.256s] Invoked command in '/home/jetson/ros2_ws/src/jetracer_description' returned '0': PYTHONPATH=/home/jetson/ros2_ws/build/jetracer_description/prefix_override:/home/jetson/ros2_ws/install/jetracer_description/lib/python3.8/site-packages:${PYTHONPATH} /usr/bin/python3 setup.py egg_info --egg-base ../../build/jetracer_description build --build-base /home/jetson/ros2_ws/build/jetracer_description/build install --record /home/jetson/ros2_ws/build/jetracer_description/install.log --install-scripts $base/lib/jetracer_description --single-version-externally-managed
