[23.997s] Invoking command in '/home/jetson/ros2_ws/src/jetson': PYTHONPATH=/home/jetson/ros2_ws/build/jetson/prefix_override:/home/jetson/ros2_ws/install/jetson/lib/python3.8/site-packages:${PYTHONPATH} /usr/bin/python3 setup.py egg_info --egg-base ../../build/jetson build --build-base /home/jetson/ros2_ws/build/jetson/build install --record /home/jetson/ros2_ws/build/jetson/install.log --single-version-externally-managed
[29.520s] running egg_info
[29.814s] writing ../../build/jetson/jetson.egg-info/PKG-INFO
[29.816s] writing dependency_links to ../../build/jetson/jetson.egg-info/dependency_links.txt
[29.817s] writing entry points to ../../build/jetson/jetson.egg-info/entry_points.txt
[29.819s] writing requirements to ../../build/jetson/jetson.egg-info/requires.txt
[29.820s] writing top-level names to ../../build/jetson/jetson.egg-info/top_level.txt
[30.542s] reading manifest file '../../build/jetson/jetson.egg-info/SOURCES.txt'
[30.563s] writing manifest file '../../build/jetson/jetson.egg-info/SOURCES.txt'
[30.564s] running build
[30.565s] running build_py
[30.593s] running install
[30.600s] /home/jetson/.local/lib/python3.8/site-packages/setuptools/command/install.py:34: SetuptoolsDeprecationWarning: setup.py install is deprecated. Use build and pip and other standards-based tools.
[30.601s]   warnings.warn(
[30.716s] running install_lib
[31.074s] running install_data
[31.392s] running install_egg_info
[31.888s] removing '/home/jetson/ros2_ws/install/jetson/lib/python3.8/site-packages/jetson-0.0.0-py3.8.egg-info' (and everything under it)
[31.889s] Copying ../../build/jetson/jetson.egg-info to /home/jetson/ros2_ws/install/jetson/lib/python3.8/site-packages/jetson-0.0.0-py3.8.egg-info
[31.895s] running install_scripts
[32.504s] Installing listener script to /home/jetson/ros2_ws/install/jetson/lib/jetson
[32.505s] writing list of installed files to '/home/jetson/ros2_ws/build/jetson/install.log'
[32.891s] Invoked command in '/home/jetson/ros2_ws/src/jetson' returned '0': PYTHONPATH=/home/jetson/ros2_ws/build/jetson/prefix_override:/home/jetson/ros2_ws/install/jetson/lib/python3.8/site-packages:${PYTHONPATH} /usr/bin/python3 setup.py egg_info --egg-base ../../build/jetson build --build-base /home/jetson/ros2_ws/build/jetson/build install --record /home/jetson/ros2_ws/build/jetson/install.log --single-version-externally-managed
