[29.480s] Invoking command in '/home/jetson/ros2_ws/src/jetracer_description': PYTHONPATH=/home/jetson/ros2_ws/build/jetracer_description/prefix_override:/home/jetson/ros2_ws/install/jetracer_description/lib/python3.8/site-packages:${PYTHONPATH} /usr/bin/python3 setup.py egg_info --egg-base ../../build/jetracer_description build --build-base /home/jetson/ros2_ws/build/jetracer_description/build install --record /home/jetson/ros2_ws/build/jetracer_description/install.log --install-scripts $base/lib/jetracer_description --single-version-externally-managed
[34.962s] /home/jetson/.local/lib/python3.8/site-packages/setuptools/dist.py:770: UserWarning: Usage of dash-separated 'script-dir' will not be supported in future versions. Please use the underscore name 'script_dir' instead
[34.963s]   warnings.warn(
[37.263s] running egg_info
[37.782s] writing ../../build/jetracer_description/jetracer_description.egg-info/PKG-INFO
[37.783s] writing dependency_links to ../../build/jetracer_description/jetracer_description.egg-info/dependency_links.txt
[37.790s] writing entry points to ../../build/jetracer_description/jetracer_description.egg-info/entry_points.txt
[37.796s] writing requirements to ../../build/jetracer_description/jetracer_description.egg-info/requires.txt
[37.800s] writing top-level names to ../../build/jetracer_description/jetracer_description.egg-info/top_level.txt
[38.656s] reading manifest file '../../build/jetracer_description/jetracer_description.egg-info/SOURCES.txt'
[38.698s] writing manifest file '../../build/jetracer_description/jetracer_description.egg-info/SOURCES.txt'
[38.699s] running build
[38.699s] running build_py
[38.702s] running install
[38.705s] /home/jetson/.local/lib/python3.8/site-packages/setuptools/command/install.py:34: SetuptoolsDeprecationWarning: setup.py install is deprecated. Use build and pip and other standards-based tools.
[38.705s]   warnings.warn(
[38.796s] running install_lib
[39.255s] running install_data
[39.702s] running install_egg_info
[40.133s] removing '/home/jetson/ros2_ws/install/jetracer_description/lib/python3.8/site-packages/jetracer_description-0.0.0-py3.8.egg-info' (and everything under it)
[40.170s] Copying ../../build/jetracer_description/jetracer_description.egg-info to /home/jetson/ros2_ws/install/jetracer_description/lib/python3.8/site-packages/jetracer_description-0.0.0-py3.8.egg-info
[40.191s] running install_scripts
[41.651s] Installing controller script to /home/jetson/ros2_ws/install/jetracer_description/lib/jetracer_description
[41.652s] Installing wheel_steer script to /home/jetson/ros2_ws/install/jetracer_description/lib/jetracer_description
[41.655s] writing list of installed files to '/home/jetson/ros2_ws/build/jetracer_description/install.log'
[42.258s] Invoked command in '/home/jetson/ros2_ws/src/jetracer_description' returned '0': PYTHONPATH=/home/jetson/ros2_ws/build/jetracer_description/prefix_override:/home/jetson/ros2_ws/install/jetracer_description/lib/python3.8/site-packages:${PYTHONPATH} /usr/bin/python3 setup.py egg_info --egg-base ../../build/jetracer_description build --build-base /home/jetson/ros2_ws/build/jetracer_description/build install --record /home/jetson/ros2_ws/build/jetracer_description/install.log --install-scripts $base/lib/jetracer_description --single-version-externally-managed
