[21.013s] Invoking command in '/home/jetson/ros2_ws/src/jetson': PYTHONPATH=/home/jetson/ros2_ws/build/jetson/prefix_override:/home/jetson/ros2_ws/install/jetson/lib/python3.8/site-packages:${PYTHONPATH} /usr/bin/python3 setup.py egg_info --egg-base ../../build/jetson build --build-base /home/jetson/ros2_ws/build/jetson/build install --record /home/jetson/ros2_ws/build/jetson/install.log --single-version-externally-managed
[25.917s] running egg_info
[26.443s] writing ../../build/jetson/jetson.egg-info/PKG-INFO
[26.443s] writing dependency_links to ../../build/jetson/jetson.egg-info/dependency_links.txt
[26.444s] writing entry points to ../../build/jetson/jetson.egg-info/entry_points.txt
[26.445s] writing requirements to ../../build/jetson/jetson.egg-info/requires.txt
[26.455s] writing top-level names to ../../build/jetson/jetson.egg-info/top_level.txt
[27.325s] reading manifest file '../../build/jetson/jetson.egg-info/SOURCES.txt'
[27.339s] writing manifest file '../../build/jetson/jetson.egg-info/SOURCES.txt'
[27.340s] running build
[27.341s] running build_py
[27.342s] running install
[27.344s] /home/jetson/.local/lib/python3.8/site-packages/setuptools/command/install.py:34: SetuptoolsDeprecationWarning: setup.py install is deprecated. Use build and pip and other standards-based tools.
[27.344s]   warnings.warn(
[27.411s] running install_lib
[27.667s] running install_data
[27.920s] running install_egg_info
[28.184s] removing '/home/jetson/ros2_ws/install/jetson/lib/python3.8/site-packages/jetson-0.0.0-py3.8.egg-info' (and everything under it)
[28.193s] Copying ../../build/jetson/jetson.egg-info to /home/jetson/ros2_ws/install/jetson/lib/python3.8/site-packages/jetson-0.0.0-py3.8.egg-info
[28.215s] running install_scripts
[29.333s] Installing listener script to /home/jetson/ros2_ws/install/jetson/lib/jetson
[29.335s] writing list of installed files to '/home/jetson/ros2_ws/build/jetson/install.log'
[30.399s] Invoked command in '/home/jetson/ros2_ws/src/jetson' returned '0': PYTHONPATH=/home/jetson/ros2_ws/build/jetson/prefix_override:/home/jetson/ros2_ws/install/jetson/lib/python3.8/site-packages:${PYTHONPATH} /usr/bin/python3 setup.py egg_info --egg-base ../../build/jetson build --build-base /home/jetson/ros2_ws/build/jetson/build install --record /home/jetson/ros2_ws/build/jetson/install.log --single-version-externally-managed
