[15.742s] Invoking command in '/home/jetson/ros2_ws/src/jetracer_description': PYTHONPATH=/home/jetson/ros2_ws/build/jetracer_description/prefix_override:/home/jetson/ros2_ws/install/jetracer_description/lib/python3.8/site-packages:${PYTHONPATH} /usr/bin/python3 setup.py egg_info --egg-base ../../build/jetracer_description build --build-base /home/jetson/ros2_ws/build/jetracer_description/build install --record /home/jetson/ros2_ws/build/jetracer_description/install.log --install-scripts $base/lib/jetracer_description --single-version-externally-managed
[17.839s] /home/jetson/.local/lib/python3.8/site-packages/setuptools/dist.py:770: UserWarning: Usage of dash-separated 'script-dir' will not be supported in future versions. Please use the underscore name 'script_dir' instead
[17.840s]   warnings.warn(
[18.806s] running egg_info
[19.018s] writing ../../build/jetracer_description/jetracer_description.egg-info/PKG-INFO
[19.019s] writing dependency_links to ../../build/jetracer_description/jetracer_description.egg-info/dependency_links.txt
[19.020s] writing entry points to ../../build/jetracer_description/jetracer_description.egg-info/entry_points.txt
[19.022s] writing requirements to ../../build/jetracer_description/jetracer_description.egg-info/requires.txt
[19.022s] writing top-level names to ../../build/jetracer_description/jetracer_description.egg-info/top_level.txt
[19.315s] reading manifest file '../../build/jetracer_description/jetracer_description.egg-info/SOURCES.txt'
[19.327s] writing manifest file '../../build/jetracer_description/jetracer_description.egg-info/SOURCES.txt'
[19.328s] running build
[19.329s] running build_py
[19.330s] running install
[19.331s] /home/jetson/.local/lib/python3.8/site-packages/setuptools/command/install.py:34: SetuptoolsDeprecationWarning: setup.py install is deprecated. Use build and pip and other standards-based tools.
[19.331s]   warnings.warn(
[19.364s] running install_lib
[19.524s] running install_data
[19.710s] running install_egg_info
[19.890s] removing '/home/jetson/ros2_ws/install/jetracer_description/lib/python3.8/site-packages/jetracer_description-0.0.0-py3.8.egg-info' (and everything under it)
[19.892s] Copying ../../build/jetracer_description/jetracer_description.egg-info to /home/jetson/ros2_ws/install/jetracer_description/lib/python3.8/site-packages/jetracer_description-0.0.0-py3.8.egg-info
[19.907s] running install_scripts
[20.662s] Installing controller script to /home/jetson/ros2_ws/install/jetracer_description/lib/jetracer_description
[20.663s] Installing wheel_steer script to /home/jetson/ros2_ws/install/jetracer_description/lib/jetracer_description
[20.669s] writing list of installed files to '/home/jetson/ros2_ws/build/jetracer_description/install.log'
[20.966s] Invoked command in '/home/jetson/ros2_ws/src/jetracer_description' returned '0': PYTHONPATH=/home/jetson/ros2_ws/build/jetracer_description/prefix_override:/home/jetson/ros2_ws/install/jetracer_description/lib/python3.8/site-packages:${PYTHONPATH} /usr/bin/python3 setup.py egg_info --egg-base ../../build/jetracer_description build --build-base /home/jetson/ros2_ws/build/jetracer_description/build install --record /home/jetson/ros2_ws/build/jetracer_description/install.log --install-scripts $base/lib/jetracer_description --single-version-externally-managed
