[13.924s] Invoking command in '/home/jetson/ros2_ws/src/jetson': PYTHONPATH=/home/jetson/ros2_ws/build/jetson/prefix_override:/home/jetson/ros2_ws/install/jetson/lib/python3.8/site-packages:${PYTHONPATH} /usr/bin/python3 setup.py egg_info --egg-base ../../build/jetson build --build-base /home/jetson/ros2_ws/build/jetson/build install --record /home/jetson/ros2_ws/build/jetson/install.log --single-version-externally-managed
[16.618s] running egg_info
[16.801s] writing ../../build/jetson/jetson.egg-info/PKG-INFO
[16.803s] writing dependency_links to ../../build/jetson/jetson.egg-info/dependency_links.txt
[16.806s] writing entry points to ../../build/jetson/jetson.egg-info/entry_points.txt
[16.808s] writing requirements to ../../build/jetson/jetson.egg-info/requires.txt
[16.809s] writing top-level names to ../../build/jetson/jetson.egg-info/top_level.txt
[17.171s] reading manifest file '../../build/jetson/jetson.egg-info/SOURCES.txt'
[17.177s] writing manifest file '../../build/jetson/jetson.egg-info/SOURCES.txt'
[17.177s] running build
[17.178s] running build_py
[17.178s] copying jetson/subscriberV2.py -> /home/jetson/ros2_ws/build/jetson/build/lib/jetson
[17.181s] running install
[17.182s] /home/jetson/.local/lib/python3.8/site-packages/setuptools/command/install.py:34: SetuptoolsDeprecationWarning: setup.py install is deprecated. Use build and pip and other standards-based tools.
[17.182s]   warnings.warn(
[17.213s] running install_lib
[17.342s] copying /home/jetson/ros2_ws/build/jetson/build/lib/jetson/subscriberV2.py -> /home/jetson/ros2_ws/install/jetson/lib/python3.8/site-packages/jetson
[17.347s] byte-compiling /home/jetson/ros2_ws/install/jetson/lib/python3.8/site-packages/jetson/subscriberV2.py to subscriberV2.cpython-38.pyc
[17.353s] running install_data
[17.484s] running install_egg_info
[17.620s] removing '/home/jetson/ros2_ws/install/jetson/lib/python3.8/site-packages/jetson-0.0.0-py3.8.egg-info' (and everything under it)
[17.623s] Copying ../../build/jetson/jetson.egg-info to /home/jetson/ros2_ws/install/jetson/lib/python3.8/site-packages/jetson-0.0.0-py3.8.egg-info
[17.630s] running install_scripts
[18.127s] Installing listener script to /home/jetson/ros2_ws/install/jetson/lib/jetson
[18.127s] Installing x_sensv2 script to /home/jetson/ros2_ws/install/jetson/lib/jetson
[18.128s] writing list of installed files to '/home/jetson/ros2_ws/build/jetson/install.log'
[18.827s] Invoked command in '/home/jetson/ros2_ws/src/jetson' returned '0': PYTHONPATH=/home/jetson/ros2_ws/build/jetson/prefix_override:/home/jetson/ros2_ws/install/jetson/lib/python3.8/site-packages:${PYTHONPATH} /usr/bin/python3 setup.py egg_info --egg-base ../../build/jetson build --build-base /home/jetson/ros2_ws/build/jetson/build install --record /home/jetson/ros2_ws/build/jetson/install.log --single-version-externally-managed
