[14.335s] Invoking command in '/home/jetson/ros2_ws/src/jetracer_description': PYTHONPATH=/home/jetson/ros2_ws/build/jetracer_description/prefix_override:/home/jetson/ros2_ws/install/jetracer_description/lib/python3.8/site-packages:${PYTHONPATH} /usr/bin/python3 setup.py egg_info --egg-base ../../build/jetracer_description build --build-base /home/jetson/ros2_ws/build/jetracer_description/build install --record /home/jetson/ros2_ws/build/jetracer_description/install.log --install-scripts $base/lib/jetracer_description --single-version-externally-managed
[16.158s] /home/jetson/.local/lib/python3.8/site-packages/setuptools/dist.py:770: UserWarning: Usage of dash-separated 'script-dir' will not be supported in future versions. Please use the underscore name 'script_dir' instead
[16.159s]   warnings.warn(
[16.929s] running egg_info
[17.126s] writing ../../build/jetracer_description/jetracer_description.egg-info/PKG-INFO
[17.129s] writing dependency_links to ../../build/jetracer_description/jetracer_description.egg-info/dependency_links.txt
[17.130s] writing entry points to ../../build/jetracer_description/jetracer_description.egg-info/entry_points.txt
[17.131s] writing requirements to ../../build/jetracer_description/jetracer_description.egg-info/requires.txt
[17.132s] writing top-level names to ../../build/jetracer_description/jetracer_description.egg-info/top_level.txt
[17.416s] reading manifest file '../../build/jetracer_description/jetracer_description.egg-info/SOURCES.txt'
[17.424s] writing manifest file '../../build/jetracer_description/jetracer_description.egg-info/SOURCES.txt'
[17.425s] running build
[17.425s] running build_py
[17.433s] running install
[17.434s] /home/jetson/.local/lib/python3.8/site-packages/setuptools/command/install.py:34: SetuptoolsDeprecationWarning: setup.py install is deprecated. Use build and pip and other standards-based tools.
[17.435s]   warnings.warn(
[17.473s] running install_lib
[17.613s] running install_data
[17.752s] running install_egg_info
[17.889s] removing '/home/jetson/ros2_ws/install/jetracer_description/lib/python3.8/site-packages/jetracer_description-0.0.0-py3.8.egg-info' (and everything under it)
[17.891s] Copying ../../build/jetracer_description/jetracer_description.egg-info to /home/jetson/ros2_ws/install/jetracer_description/lib/python3.8/site-packages/jetracer_description-0.0.0-py3.8.egg-info
[17.902s] running install_scripts
[18.504s] Installing controller script to /home/jetson/ros2_ws/install/jetracer_description/lib/jetracer_description
[18.507s] Installing wheel_steer script to /home/jetson/ros2_ws/install/jetracer_description/lib/jetracer_description
[18.509s] writing list of installed files to '/home/jetson/ros2_ws/build/jetracer_description/install.log'
[19.283s] Invoked command in '/home/jetson/ros2_ws/src/jetracer_description' returned '0': PYTHONPATH=/home/jetson/ros2_ws/build/jetracer_description/prefix_override:/home/jetson/ros2_ws/install/jetracer_description/lib/python3.8/site-packages:${PYTHONPATH} /usr/bin/python3 setup.py egg_info --egg-base ../../build/jetracer_description build --build-base /home/jetson/ros2_ws/build/jetracer_description/build install --record /home/jetson/ros2_ws/build/jetracer_description/install.log --install-scripts $base/lib/jetracer_description --single-version-externally-managed
