[15.423s] Invoking command in '/home/jetson/ros2_ws/src/jetson': PYTHONPATH=/home/jetson/ros2_ws/build/jetson/prefix_override:/home/jetson/ros2_ws/install/jetson/lib/python3.8/site-packages:${PYTHONPATH} /usr/bin/python3 setup.py egg_info --egg-base ../../build/jetson build --build-base /home/jetson/ros2_ws/build/jetson/build install --record /home/jetson/ros2_ws/build/jetson/install.log --single-version-externally-managed
[18.654s] running egg_info
[18.926s] writing ../../build/jetson/jetson.egg-info/PKG-INFO
[18.928s] writing dependency_links to ../../build/jetson/jetson.egg-info/dependency_links.txt
[18.931s] writing entry points to ../../build/jetson/jetson.egg-info/entry_points.txt
[18.931s] writing requirements to ../../build/jetson/jetson.egg-info/requires.txt
[18.933s] writing top-level names to ../../build/jetson/jetson.egg-info/top_level.txt
[19.264s] reading manifest file '../../build/jetson/jetson.egg-info/SOURCES.txt'
[19.269s] writing manifest file '../../build/jetson/jetson.egg-info/SOURCES.txt'
[19.271s] running build
[19.272s] running build_py
[19.274s] copying jetson/subscriberV2.py -> /home/jetson/ros2_ws/build/jetson/build/lib/jetson
[19.277s] running install
[19.278s] /home/jetson/.local/lib/python3.8/site-packages/setuptools/command/install.py:34: SetuptoolsDeprecationWarning: setup.py install is deprecated. Use build and pip and other standards-based tools.
[19.279s]   warnings.warn(
[19.312s] running install_lib
[19.452s] copying /home/jetson/ros2_ws/build/jetson/build/lib/jetson/subscriberV2.py -> /home/jetson/ros2_ws/install/jetson/lib/python3.8/site-packages/jetson
[19.459s] byte-compiling /home/jetson/ros2_ws/install/jetson/lib/python3.8/site-packages/jetson/subscriberV2.py to subscriberV2.cpython-38.pyc
[19.463s] running install_data
[19.599s] running install_egg_info
[19.744s] removing '/home/jetson/ros2_ws/install/jetson/lib/python3.8/site-packages/jetson-0.0.0-py3.8.egg-info' (and everything under it)
[19.745s] Copying ../../build/jetson/jetson.egg-info to /home/jetson/ros2_ws/install/jetson/lib/python3.8/site-packages/jetson-0.0.0-py3.8.egg-info
[19.750s] running install_scripts
[20.289s] Installing listener script to /home/jetson/ros2_ws/install/jetson/lib/jetson
[20.290s] Installing x_sensv2 script to /home/jetson/ros2_ws/install/jetson/lib/jetson
[20.292s] writing list of installed files to '/home/jetson/ros2_ws/build/jetson/install.log'
[20.888s] Invoked command in '/home/jetson/ros2_ws/src/jetson' returned '0': PYTHONPATH=/home/jetson/ros2_ws/build/jetson/prefix_override:/home/jetson/ros2_ws/install/jetson/lib/python3.8/site-packages:${PYTHONPATH} /usr/bin/python3 setup.py egg_info --egg-base ../../build/jetson build --build-base /home/jetson/ros2_ws/build/jetson/build install --record /home/jetson/ros2_ws/build/jetson/install.log --single-version-externally-managed
