[16.982s] Invoking command in '/home/jetson/ros2_ws/src/jetracer_description': PYTHONPATH=/home/jetson/ros2_ws/build/jetracer_description/prefix_override:/home/jetson/ros2_ws/install/jetracer_description/lib/python3.8/site-packages:${PYTHONPATH} /usr/bin/python3 setup.py egg_info --egg-base ../../build/jetracer_description build --build-base /home/jetson/ros2_ws/build/jetracer_description/build install --record /home/jetson/ros2_ws/build/jetracer_description/install.log --install-scripts $base/lib/jetracer_description --single-version-externally-managed
[19.401s] /home/jetson/.local/lib/python3.8/site-packages/setuptools/dist.py:770: UserWarning: Usage of dash-separated 'script-dir' will not be supported in future versions. Please use the underscore name 'script_dir' instead
[19.401s]   warnings.warn(
[20.261s] running egg_info
[20.460s] writing ../../build/jetracer_description/jetracer_description.egg-info/PKG-INFO
[20.462s] writing dependency_links to ../../build/jetracer_description/jetracer_description.egg-info/dependency_links.txt
[20.464s] writing entry points to ../../build/jetracer_description/jetracer_description.egg-info/entry_points.txt
[20.468s] writing requirements to ../../build/jetracer_description/jetracer_description.egg-info/requires.txt
[20.469s] writing top-level names to ../../build/jetracer_description/jetracer_description.egg-info/top_level.txt
[20.782s] reading manifest file '../../build/jetracer_description/jetracer_description.egg-info/SOURCES.txt'
[20.792s] writing manifest file '../../build/jetracer_description/jetracer_description.egg-info/SOURCES.txt'
[20.792s] running build
[20.793s] running build_py
[20.795s] running install
[20.795s] /home/jetson/.local/lib/python3.8/site-packages/setuptools/command/install.py:34: SetuptoolsDeprecationWarning: setup.py install is deprecated. Use build and pip and other standards-based tools.
[20.796s]   warnings.warn(
[20.829s] running install_lib
[20.983s] running install_data
[21.130s] running install_egg_info
[21.282s] removing '/home/jetson/ros2_ws/install/jetracer_description/lib/python3.8/site-packages/jetracer_description-0.0.0-py3.8.egg-info' (and everything under it)
[21.284s] Copying ../../build/jetracer_description/jetracer_description.egg-info to /home/jetson/ros2_ws/install/jetracer_description/lib/python3.8/site-packages/jetracer_description-0.0.0-py3.8.egg-info
[21.294s] running install_scripts
[21.926s] Installing controller script to /home/jetson/ros2_ws/install/jetracer_description/lib/jetracer_description
[21.928s] Installing wheel_steer script to /home/jetson/ros2_ws/install/jetracer_description/lib/jetracer_description
[21.941s] writing list of installed files to '/home/jetson/ros2_ws/build/jetracer_description/install.log'
[22.751s] Invoked command in '/home/jetson/ros2_ws/src/jetracer_description' returned '0': PYTHONPATH=/home/jetson/ros2_ws/build/jetracer_description/prefix_override:/home/jetson/ros2_ws/install/jetracer_description/lib/python3.8/site-packages:${PYTHONPATH} /usr/bin/python3 setup.py egg_info --egg-base ../../build/jetracer_description build --build-base /home/jetson/ros2_ws/build/jetracer_description/build install --record /home/jetson/ros2_ws/build/jetracer_description/install.log --install-scripts $base/lib/jetracer_description --single-version-externally-managed
