[15.774s] Invoking command in '/home/jetson/ros2_ws/src/jetracer_description': PYTHONPATH=/home/jetson/ros2_ws/build/jetracer_description/prefix_override:/home/jetson/ros2_ws/install/jetracer_description/lib/python3.8/site-packages:${PYTHONPATH} /usr/bin/python3 setup.py egg_info --egg-base ../../build/jetracer_description build --build-base /home/jetson/ros2_ws/build/jetracer_description/build install --record /home/jetson/ros2_ws/build/jetracer_description/install.log --install-scripts $base/lib/jetracer_description --single-version-externally-managed
[18.189s] /home/jetson/.local/lib/python3.8/site-packages/setuptools/dist.py:770: UserWarning: Usage of dash-separated 'script-dir' will not be supported in future versions. Please use the underscore name 'script_dir' instead
[18.190s]   warnings.warn(
[19.201s] running egg_info
[19.414s] writing ../../build/jetracer_description/jetracer_description.egg-info/PKG-INFO
[19.415s] writing dependency_links to ../../build/jetracer_description/jetracer_description.egg-info/dependency_links.txt
[19.416s] writing entry points to ../../build/jetracer_description/jetracer_description.egg-info/entry_points.txt
[19.417s] writing requirements to ../../build/jetracer_description/jetracer_description.egg-info/requires.txt
[19.418s] writing top-level names to ../../build/jetracer_description/jetracer_description.egg-info/top_level.txt
[19.782s] reading manifest file '../../build/jetracer_description/jetracer_description.egg-info/SOURCES.txt'
[19.789s] writing manifest file '../../build/jetracer_description/jetracer_description.egg-info/SOURCES.txt'
[19.790s] running build
[19.790s] running build_py
[19.792s] running install
[19.792s] /home/jetson/.local/lib/python3.8/site-packages/setuptools/command/install.py:34: SetuptoolsDeprecationWarning: setup.py install is deprecated. Use build and pip and other standards-based tools.
[19.793s]   warnings.warn(
[19.835s] running install_lib
[20.012s] running install_data
[20.186s] running install_egg_info
[20.352s] removing '/home/jetson/ros2_ws/install/jetracer_description/lib/python3.8/site-packages/jetracer_description-0.0.0-py3.8.egg-info' (and everything under it)
[20.353s] Copying ../../build/jetracer_description/jetracer_description.egg-info to /home/jetson/ros2_ws/install/jetracer_description/lib/python3.8/site-packages/jetracer_description-0.0.0-py3.8.egg-info
[20.358s] running install_scripts
[20.967s] Installing controller script to /home/jetson/ros2_ws/install/jetracer_description/lib/jetracer_description
[20.969s] Installing wheel_steer script to /home/jetson/ros2_ws/install/jetracer_description/lib/jetracer_description
[20.971s] writing list of installed files to '/home/jetson/ros2_ws/build/jetracer_description/install.log'
[21.595s] Invoked command in '/home/jetson/ros2_ws/src/jetracer_description' returned '0': PYTHONPATH=/home/jetson/ros2_ws/build/jetracer_description/prefix_override:/home/jetson/ros2_ws/install/jetracer_description/lib/python3.8/site-packages:${PYTHONPATH} /usr/bin/python3 setup.py egg_info --egg-base ../../build/jetracer_description build --build-base /home/jetson/ros2_ws/build/jetracer_description/build install --record /home/jetson/ros2_ws/build/jetracer_description/install.log --install-scripts $base/lib/jetracer_description --single-version-externally-managed
