[13.748s] Invoking command in '/home/jetson/ros2_ws/src/kalman_filter_jetracer': PYTHONPATH=/home/jetson/ros2_ws/build/kalman_filter_jetracer/prefix_override:/home/jetson/ros2_ws/install/kalman_filter_jetracer/lib/python3.8/site-packages:${PYTHONPATH} /usr/bin/python3 setup.py egg_info --egg-base ../../build/kalman_filter_jetracer build --build-base /home/jetson/ros2_ws/build/kalman_filter_jetracer/build install --record /home/jetson/ros2_ws/build/kalman_filter_jetracer/install.log --single-version-externally-managed
[16.717s] running egg_info
[16.918s] writing ../../build/kalman_filter_jetracer/kalman_filter_jetracer.egg-info/PKG-INFO
[16.922s] writing dependency_links to ../../build/kalman_filter_jetracer/kalman_filter_jetracer.egg-info/dependency_links.txt
[16.923s] writing entry points to ../../build/kalman_filter_jetracer/kalman_filter_jetracer.egg-info/entry_points.txt
[16.924s] writing requirements to ../../build/kalman_filter_jetracer/kalman_filter_jetracer.egg-info/requires.txt
[16.925s] writing top-level names to ../../build/kalman_filter_jetracer/kalman_filter_jetracer.egg-info/top_level.txt
[17.218s] reading manifest file '../../build/kalman_filter_jetracer/kalman_filter_jetracer.egg-info/SOURCES.txt'
[17.224s] writing manifest file '../../build/kalman_filter_jetracer/kalman_filter_jetracer.egg-info/SOURCES.txt'
[17.225s] running build
[17.226s] running build_py
[17.229s] copying kalman_filter_jetracer/kalman_filter.py -> /home/jetson/ros2_ws/build/kalman_filter_jetracer/build/lib/kalman_filter_jetracer
[17.230s] running install
[17.232s] /home/jetson/.local/lib/python3.8/site-packages/setuptools/command/install.py:34: SetuptoolsDeprecationWarning: setup.py install is deprecated. Use build and pip and other standards-based tools.
[17.232s]   warnings.warn(
[17.267s] running install_lib
[17.404s] copying /home/jetson/ros2_ws/build/kalman_filter_jetracer/build/lib/kalman_filter_jetracer/kalman_filter.py -> /home/jetson/ros2_ws/install/kalman_filter_jetracer/lib/python3.8/site-packages/kalman_filter_jetracer
[17.410s] byte-compiling /home/jetson/ros2_ws/install/kalman_filter_jetracer/lib/python3.8/site-packages/kalman_filter_jetracer/kalman_filter.py to kalman_filter.cpython-38.pyc
[17.416s] running install_data
[17.550s] copying package.xml -> /home/jetson/ros2_ws/install/kalman_filter_jetracer/share/kalman_filter_jetracer
[17.551s] running install_egg_info
[17.687s] removing '/home/jetson/ros2_ws/install/kalman_filter_jetracer/lib/python3.8/site-packages/kalman_filter_jetracer-0.0.0-py3.8.egg-info' (and everything under it)
[17.690s] Copying ../../build/kalman_filter_jetracer/kalman_filter_jetracer.egg-info to /home/jetson/ros2_ws/install/kalman_filter_jetracer/lib/python3.8/site-packages/kalman_filter_jetracer-0.0.0-py3.8.egg-info
[17.698s] running install_scripts
[18.199s] Installing kalman script to /home/jetson/ros2_ws/install/kalman_filter_jetracer/lib/kalman_filter_jetracer
[18.200s] writing list of installed files to '/home/jetson/ros2_ws/build/kalman_filter_jetracer/install.log'
[18.458s] Invoked command in '/home/jetson/ros2_ws/src/kalman_filter_jetracer' returned '0': PYTHONPATH=/home/jetson/ros2_ws/build/kalman_filter_jetracer/prefix_override:/home/jetson/ros2_ws/install/kalman_filter_jetracer/lib/python3.8/site-packages:${PYTHONPATH} /usr/bin/python3 setup.py egg_info --egg-base ../../build/kalman_filter_jetracer build --build-base /home/jetson/ros2_ws/build/kalman_filter_jetracer/build install --record /home/jetson/ros2_ws/build/kalman_filter_jetracer/install.log --single-version-externally-managed
