[21.485s] Invoking command in '/home/jetson/ros2_ws/src/jetracer_description': PYTHONPATH=/home/jetson/ros2_ws/build/jetracer_description/prefix_override:/home/jetson/ros2_ws/install/jetracer_description/lib/python3.8/site-packages:${PYTHONPATH} /usr/bin/python3 setup.py egg_info --egg-base ../../build/jetracer_description build --build-base /home/jetson/ros2_ws/build/jetracer_description/build install --record /home/jetson/ros2_ws/build/jetracer_description/install.log --install-scripts $base/lib/jetracer_description --single-version-externally-managed
[25.066s] /home/jetson/.local/lib/python3.8/site-packages/setuptools/dist.py:770: UserWarning: Usage of dash-separated 'script-dir' will not be supported in future versions. Please use the underscore name 'script_dir' instead
[25.067s]   warnings.warn(
[26.737s] running egg_info
[27.179s] writing ../../build/jetracer_description/jetracer_description.egg-info/PKG-INFO
[27.192s] writing dependency_links to ../../build/jetracer_description/jetracer_description.egg-info/dependency_links.txt
[27.195s] writing entry points to ../../build/jetracer_description/jetracer_description.egg-info/entry_points.txt
[27.197s] writing requirements to ../../build/jetracer_description/jetracer_description.egg-info/requires.txt
[27.199s] writing top-level names to ../../build/jetracer_description/jetracer_description.egg-info/top_level.txt
[27.872s] reading manifest file '../../build/jetracer_description/jetracer_description.egg-info/SOURCES.txt'
[27.889s] writing manifest file '../../build/jetracer_description/jetracer_description.egg-info/SOURCES.txt'
[27.890s] running build
[27.891s] running build_py
[27.895s] running install
[27.896s] /home/jetson/.local/lib/python3.8/site-packages/setuptools/command/install.py:34: SetuptoolsDeprecationWarning: setup.py install is deprecated. Use build and pip and other standards-based tools.
[27.896s]   warnings.warn(
[27.960s] running install_lib
[28.238s] running install_data
[28.511s] running install_egg_info
[28.778s] removing '/home/jetson/ros2_ws/install/jetracer_description/lib/python3.8/site-packages/jetracer_description-0.0.0-py3.8.egg-info' (and everything under it)
[28.785s] Copying ../../build/jetracer_description/jetracer_description.egg-info to /home/jetson/ros2_ws/install/jetracer_description/lib/python3.8/site-packages/jetracer_description-0.0.0-py3.8.egg-info
[28.809s] running install_scripts
[29.737s] Installing controller script to /home/jetson/ros2_ws/install/jetracer_description/lib/jetracer_description
[29.748s] Installing wheel_steer script to /home/jetson/ros2_ws/install/jetracer_description/lib/jetracer_description
[29.749s] writing list of installed files to '/home/jetson/ros2_ws/build/jetracer_description/install.log'
[30.180s] Invoked command in '/home/jetson/ros2_ws/src/jetracer_description' returned '0': PYTHONPATH=/home/jetson/ros2_ws/build/jetracer_description/prefix_override:/home/jetson/ros2_ws/install/jetracer_description/lib/python3.8/site-packages:${PYTHONPATH} /usr/bin/python3 setup.py egg_info --egg-base ../../build/jetracer_description build --build-base /home/jetson/ros2_ws/build/jetracer_description/build install --record /home/jetson/ros2_ws/build/jetracer_description/install.log --install-scripts $base/lib/jetracer_description --single-version-externally-managed
