[35.179s] DEBUG:colcon:Command line arguments: ['/usr/bin/colcon', 'build', '--packages-select', 'kalman_filter_jetracer[A']
[35.179s] DEBUG:colcon:Parsed command line arguments: Namespace(allow_overriding=[], ament_cmake_args=None, base_paths=['.'], build_base='build', catkin_cmake_args=None, catkin_skip_building_tests=False, cmake_args=None, cmake_clean_cache=False, cmake_clean_first=False, cmake_force_configure=False, cmake_target=None, cmake_target_skip_unavailable=False, continue_on_error=False, event_handlers=None, executor='parallel', ignore_user_meta=False, install_base='install', log_base=None, log_level=None, main=<bound method BuildVerb.main of <colcon_core.verb.build.BuildVerb object at 0x7f9e8079d0>>, merge_install=False, metas=['./colcon.meta'], packages_above=None, packages_above_and_dependencies=None, packages_above_depth=None, packages_end=None, packages_ignore=None, packages_ignore_regex=None, packages_select=['kalman_filter_jetracer[A'], packages_select_build_failed=False, packages_select_by_dep=None, packages_select_regex=None, packages_select_test_failures=False, packages_skip=None, packages_skip_build_finished=False, packages_skip_by_dep=None, packages_skip_regex=None, packages_skip_test_passed=False, packages_skip_up_to=None, packages_start=None, packages_up_to=None, packages_up_to_regex=None, parallel_workers=4, paths=None, symlink_install=False, test_result_base=None, verb_extension=<colcon_core.verb.build.BuildVerb object at 0x7f9e8079d0>, verb_name='build', verb_parser=<colcon_defaults.argument_parser.defaults.DefaultArgumentsDecorator object at 0x7f9e201a30>)
[36.075s] Level 1:colcon.colcon_core.package_discovery:discover_packages(colcon_meta) check parameters
[36.075s] Level 1:colcon.colcon_core.package_discovery:discover_packages(recursive) check parameters
[36.075s] Level 1:colcon.colcon_core.package_discovery:discover_packages(ignore) check parameters
[36.076s] Level 1:colcon.colcon_core.package_discovery:discover_packages(path) check parameters
[36.076s] Level 1:colcon.colcon_core.package_discovery:discover_packages(colcon_meta) discover
[36.076s] Level 1:colcon.colcon_core.package_discovery:discover_packages(recursive) discover
[36.076s] INFO:colcon.colcon_core.package_discovery:Crawling recursively for packages in '/home/jetson/ros2_ws'
[36.077s] Level 1:colcon.colcon_core.package_identification:_identify(.) by extensions ['ignore', 'ignore_ament_install']
[36.077s] Level 1:colcon.colcon_core.package_identification:_identify(.) by extension 'ignore'
[36.077s] Level 1:colcon.colcon_core.package_identification:_identify(.) by extension 'ignore_ament_install'
[36.078s] Level 1:colcon.colcon_core.package_identification:_identify(.) by extensions ['colcon_pkg']
[36.078s] Level 1:colcon.colcon_core.package_identification:_identify(.) by extension 'colcon_pkg'
[36.078s] Level 1:colcon.colcon_core.package_identification:_identify(.) by extensions ['colcon_meta']
[36.078s] Level 1:colcon.colcon_core.package_identification:_identify(.) by extension 'colcon_meta'
[36.079s] Level 1:colcon.colcon_core.package_identification:_identify(.) by extensions ['ros']
[36.079s] Level 1:colcon.colcon_core.package_identification:_identify(.) by extension 'ros'
[36.145s] Level 1:colcon.colcon_core.package_identification:_identify(.) by extensions ['cmake', 'python']
[36.145s] Level 1:colcon.colcon_core.package_identification:_identify(.) by extension 'cmake'
[36.145s] Level 1:colcon.colcon_core.package_identification:_identify(.) by extension 'python'
[36.146s] Level 1:colcon.colcon_core.package_identification:_identify(.) by extensions ['python_setup_py']
[36.146s] Level 1:colcon.colcon_core.package_identification:_identify(.) by extension 'python_setup_py'
[36.146s] Level 1:colcon.colcon_core.package_identification:_identify(build) by extensions ['ignore', 'ignore_ament_install']
[36.147s] Level 1:colcon.colcon_core.package_identification:_identify(build) by extension 'ignore'
[36.147s] Level 1:colcon.colcon_core.package_identification:_identify(build) ignored
[36.147s] Level 1:colcon.colcon_core.package_identification:_identify(install) by extensions ['ignore', 'ignore_ament_install']
[36.148s] Level 1:colcon.colcon_core.package_identification:_identify(install) by extension 'ignore'
[36.148s] Level 1:colcon.colcon_core.package_identification:_identify(install) ignored
[36.149s] Level 1:colcon.colcon_core.package_identification:_identify(log) by extensions ['ignore', 'ignore_ament_install']
[36.150s] Level 1:colcon.colcon_core.package_identification:_identify(log) by extension 'ignore'
[36.150s] Level 1:colcon.colcon_core.package_identification:_identify(log) ignored
[36.155s] Level 1:colcon.colcon_core.package_identification:_identify(src) by extensions ['ignore', 'ignore_ament_install']
[36.155s] Level 1:colcon.colcon_core.package_identification:_identify(src) by extension 'ignore'
[36.155s] Level 1:colcon.colcon_core.package_identification:_identify(src) by extension 'ignore_ament_install'
[36.156s] Level 1:colcon.colcon_core.package_identification:_identify(src) by extensions ['colcon_pkg']
[36.156s] Level 1:colcon.colcon_core.package_identification:_identify(src) by extension 'colcon_pkg'
[36.156s] Level 1:colcon.colcon_core.package_identification:_identify(src) by extensions ['colcon_meta']
[36.156s] Level 1:colcon.colcon_core.package_identification:_identify(src) by extension 'colcon_meta'
[36.157s] Level 1:colcon.colcon_core.package_identification:_identify(src) by extensions ['ros']
[36.157s] Level 1:colcon.colcon_core.package_identification:_identify(src) by extension 'ros'
[36.157s] Level 1:colcon.colcon_core.package_identification:_identify(src) by extensions ['cmake', 'python']
[36.157s] Level 1:colcon.colcon_core.package_identification:_identify(src) by extension 'cmake'
[36.157s] Level 1:colcon.colcon_core.package_identification:_identify(src) by extension 'python'
[36.158s] Level 1:colcon.colcon_core.package_identification:_identify(src) by extensions ['python_setup_py']
[36.158s] Level 1:colcon.colcon_core.package_identification:_identify(src) by extension 'python_setup_py'
[36.158s] Level 1:colcon.colcon_core.package_identification:_identify(src/bluespace_ai_xsens_ros_mti_driver) by extensions ['ignore', 'ignore_ament_install']
[36.159s] Level 1:colcon.colcon_core.package_identification:_identify(src/bluespace_ai_xsens_ros_mti_driver) by extension 'ignore'
[36.159s] Level 1:colcon.colcon_core.package_identification:_identify(src/bluespace_ai_xsens_ros_mti_driver) by extension 'ignore_ament_install'
[36.159s] Level 1:colcon.colcon_core.package_identification:_identify(src/bluespace_ai_xsens_ros_mti_driver) by extensions ['colcon_pkg']
[36.159s] Level 1:colcon.colcon_core.package_identification:_identify(src/bluespace_ai_xsens_ros_mti_driver) by extension 'colcon_pkg'
[36.159s] Level 1:colcon.colcon_core.package_identification:_identify(src/bluespace_ai_xsens_ros_mti_driver) by extensions ['colcon_meta']
[36.160s] Level 1:colcon.colcon_core.package_identification:_identify(src/bluespace_ai_xsens_ros_mti_driver) by extension 'colcon_meta'
[36.160s] Level 1:colcon.colcon_core.package_identification:_identify(src/bluespace_ai_xsens_ros_mti_driver) by extensions ['ros']
[36.160s] Level 1:colcon.colcon_core.package_identification:_identify(src/bluespace_ai_xsens_ros_mti_driver) by extension 'ros'
[36.188s] DEBUG:colcon.colcon_core.package_identification:Package 'src/bluespace_ai_xsens_ros_mti_driver' with type 'ros.ament_cmake' and name 'bluespace_ai_xsens_mti_driver'
[36.188s] Level 1:colcon.colcon_core.package_identification:_identify(src/jetracer_description) by extensions ['ignore', 'ignore_ament_install']
[36.189s] Level 1:colcon.colcon_core.package_identification:_identify(src/jetracer_description) by extension 'ignore'
[36.189s] Level 1:colcon.colcon_core.package_identification:_identify(src/jetracer_description) by extension 'ignore_ament_install'
[36.190s] Level 1:colcon.colcon_core.package_identification:_identify(src/jetracer_description) by extensions ['colcon_pkg']
[36.190s] Level 1:colcon.colcon_core.package_identification:_identify(src/jetracer_description) by extension 'colcon_pkg'
[36.190s] Level 1:colcon.colcon_core.package_identification:_identify(src/jetracer_description) by extensions ['colcon_meta']
[36.190s] Level 1:colcon.colcon_core.package_identification:_identify(src/jetracer_description) by extension 'colcon_meta'
[36.190s] Level 1:colcon.colcon_core.package_identification:_identify(src/jetracer_description) by extensions ['ros']
[36.190s] Level 1:colcon.colcon_core.package_identification:_identify(src/jetracer_description) by extension 'ros'
[36.207s] DEBUG:colcon.colcon_core.package_identification:Package 'src/jetracer_description' with type 'ros.ament_python' and name 'jetracer_description'
[36.207s] Level 1:colcon.colcon_core.package_identification:_identify(src/jetson) by extensions ['ignore', 'ignore_ament_install']
[36.208s] Level 1:colcon.colcon_core.package_identification:_identify(src/jetson) by extension 'ignore'
[36.208s] Level 1:colcon.colcon_core.package_identification:_identify(src/jetson) by extension 'ignore_ament_install'
[36.209s] Level 1:colcon.colcon_core.package_identification:_identify(src/jetson) by extensions ['colcon_pkg']
[36.209s] Level 1:colcon.colcon_core.package_identification:_identify(src/jetson) by extension 'colcon_pkg'
[36.209s] Level 1:colcon.colcon_core.package_identification:_identify(src/jetson) by extensions ['colcon_meta']
[36.209s] Level 1:colcon.colcon_core.package_identification:_identify(src/jetson) by extension 'colcon_meta'
[36.210s] Level 1:colcon.colcon_core.package_identification:_identify(src/jetson) by extensions ['ros']
[36.210s] Level 1:colcon.colcon_core.package_identification:_identify(src/jetson) by extension 'ros'
[36.213s] DEBUG:colcon.colcon_core.package_identification:Package 'src/jetson' with type 'ros.ament_python' and name 'jetson'
[36.213s] Level 1:colcon.colcon_core.package_identification:_identify(src/kalman_filter_jetracer) by extensions ['ignore', 'ignore_ament_install']
[36.214s] Level 1:colcon.colcon_core.package_identification:_identify(src/kalman_filter_jetracer) by extension 'ignore'
[36.214s] Level 1:colcon.colcon_core.package_identification:_identify(src/kalman_filter_jetracer) by extension 'ignore_ament_install'
[36.214s] Level 1:colcon.colcon_core.package_identification:_identify(src/kalman_filter_jetracer) by extensions ['colcon_pkg']
[36.214s] Level 1:colcon.colcon_core.package_identification:_identify(src/kalman_filter_jetracer) by extension 'colcon_pkg'
[36.214s] Level 1:colcon.colcon_core.package_identification:_identify(src/kalman_filter_jetracer) by extensions ['colcon_meta']
[36.215s] Level 1:colcon.colcon_core.package_identification:_identify(src/kalman_filter_jetracer) by extension 'colcon_meta'
[36.215s] Level 1:colcon.colcon_core.package_identification:_identify(src/kalman_filter_jetracer) by extensions ['ros']
[36.215s] Level 1:colcon.colcon_core.package_identification:_identify(src/kalman_filter_jetracer) by extension 'ros'
[36.221s] DEBUG:colcon.colcon_core.package_identification:Package 'src/kalman_filter_jetracer' with type 'ros.ament_python' and name 'kalman_filter_jetracer'
[36.222s] Level 1:colcon.colcon_core.package_identification:_identify(src/realsens_speed_sens) by extensions ['ignore', 'ignore_ament_install']
[36.223s] Level 1:colcon.colcon_core.package_identification:_identify(src/realsens_speed_sens) by extension 'ignore'
[36.223s] Level 1:colcon.colcon_core.package_identification:_identify(src/realsens_speed_sens) by extension 'ignore_ament_install'
[36.223s] Level 1:colcon.colcon_core.package_identification:_identify(src/realsens_speed_sens) by extensions ['colcon_pkg']
[36.224s] Level 1:colcon.colcon_core.package_identification:_identify(src/realsens_speed_sens) by extension 'colcon_pkg'
[36.224s] Level 1:colcon.colcon_core.package_identification:_identify(src/realsens_speed_sens) by extensions ['colcon_meta']
[36.224s] Level 1:colcon.colcon_core.package_identification:_identify(src/realsens_speed_sens) by extension 'colcon_meta'
[36.224s] Level 1:colcon.colcon_core.package_identification:_identify(src/realsens_speed_sens) by extensions ['ros']
[36.225s] Level 1:colcon.colcon_core.package_identification:_identify(src/realsens_speed_sens) by extension 'ros'
[36.239s] DEBUG:colcon.colcon_core.package_identification:Package 'src/realsens_speed_sens' with type 'ros.ament_python' and name 'test_jetson'
[36.239s] Level 1:colcon.colcon_core.package_discovery:discover_packages(recursive) using defaults
[36.240s] Level 1:colcon.colcon_core.package_discovery:discover_packages(ignore) discover
[36.240s] Level 1:colcon.colcon_core.package_discovery:discover_packages(ignore) using defaults
[36.240s] Level 1:colcon.colcon_core.package_discovery:discover_packages(path) discover
[36.240s] Level 1:colcon.colcon_core.package_discovery:discover_packages(path) using defaults
[36.422s] WARNING:colcon.colcon_core.package_selection:ignoring unknown package 'kalman_filter_jetracer[A' in --packages-select
[36.889s] INFO:colcon.colcon_core.package_selection:Skipping not selected package 'bluespace_ai_xsens_mti_driver' in 'src/bluespace_ai_xsens_ros_mti_driver'
[36.889s] INFO:colcon.colcon_core.package_selection:Skipping not selected package 'jetracer_description' in 'src/jetracer_description'
[36.889s] INFO:colcon.colcon_core.package_selection:Skipping not selected package 'jetson' in 'src/jetson'
[36.889s] INFO:colcon.colcon_core.package_selection:Skipping not selected package 'kalman_filter_jetracer' in 'src/kalman_filter_jetracer'
[36.889s] INFO:colcon.colcon_core.package_selection:Skipping not selected package 'test_jetson' in 'src/realsens_speed_sens'
[37.147s] Level 1:colcon.colcon_core.package_discovery:discover_packages(prefix_path) check parameters
[37.147s] Level 1:colcon.colcon_core.package_discovery:discover_packages(prefix_path) discover
[37.511s] DEBUG:colcon.colcon_installed_package_information.package_discovery:Found 5 installed packages in /home/jetson/ros2_ws/install
[37.737s] DEBUG:colcon.colcon_installed_package_information.package_discovery:Found 280 installed packages in /opt/ros/galactic
[37.747s] Level 1:colcon.colcon_core.package_discovery:discover_packages(prefix_path) using defaults
[39.069s] INFO:colcon.colcon_core.executor:Executing jobs using 'parallel' executor
[39.257s] DEBUG:colcon.colcon_parallel_executor.executor.parallel:run_until_complete
[39.258s] DEBUG:colcon.colcon_parallel_executor.executor.parallel:closing loop
[39.258s] DEBUG:colcon.colcon_parallel_executor.executor.parallel:loop closed
[39.258s] DEBUG:colcon.colcon_parallel_executor.executor.parallel:run_until_complete finished with '0'
[39.258s] DEBUG:colcon.colcon_core.event_reactor:joining thread
[39.450s] INFO:colcon.colcon_core.plugin_system:Skipping extension 'colcon_notification.desktop_notification.terminal_notifier': Not used on non-Darwin systems
[39.451s] INFO:colcon.colcon_core.plugin_system:Skipping extension 'colcon_notification.desktop_notification.win32': Not used on non-Windows systems
[39.451s] INFO:colcon.colcon_notification.desktop_notification:Sending desktop notification using 'notify2'
[39.555s] DEBUG:colcon.colcon_core.event_reactor:joined thread
[39.801s] INFO:colcon.colcon_core.plugin_system:Skipping extension 'colcon_core.shell.bat': Not used on non-Windows systems
[39.802s] INFO:colcon.colcon_core.shell:Creating prefix script '/home/jetson/ros2_ws/install/local_setup.ps1'
[39.806s] INFO:colcon.colcon_core.shell:Creating prefix util module '/home/jetson/ros2_ws/install/_local_setup_util_ps1.py'
[39.815s] INFO:colcon.colcon_core.shell:Creating prefix chain script '/home/jetson/ros2_ws/install/setup.ps1'
[39.940s] INFO:colcon.colcon_core.shell:Creating prefix script '/home/jetson/ros2_ws/install/local_setup.sh'
[39.943s] INFO:colcon.colcon_core.shell:Creating prefix util module '/home/jetson/ros2_ws/install/_local_setup_util_sh.py'
[39.945s] INFO:colcon.colcon_core.shell:Creating prefix chain script '/home/jetson/ros2_ws/install/setup.sh'
[40.102s] INFO:colcon.colcon_core.shell:Creating prefix script '/home/jetson/ros2_ws/install/local_setup.bash'
[40.104s] INFO:colcon.colcon_core.shell:Creating prefix chain script '/home/jetson/ros2_ws/install/setup.bash'
[40.307s] INFO:colcon.colcon_core.shell:Creating prefix script '/home/jetson/ros2_ws/install/local_setup.zsh'
[40.325s] INFO:colcon.colcon_core.shell:Creating prefix chain script '/home/jetson/ros2_ws/install/setup.zsh'
