running egg_info
creating ../../build/jetson/jetson.egg-info
writing ../../build/jetson/jetson.egg-info/PKG-INFO
writing dependency_links to ../../build/jetson/jetson.egg-info/dependency_links.txt
writing entry points to ../../build/jetson/jetson.egg-info/entry_points.txt
writing requirements to ../../build/jetson/jetson.egg-info/requires.txt
writing top-level names to ../../build/jetson/jetson.egg-info/top_level.txt
writing manifest file '../../build/jetson/jetson.egg-info/SOURCES.txt'
reading manifest file '../../build/jetson/jetson.egg-info/SOURCES.txt'
writing manifest file '../../build/jetson/jetson.egg-info/SOURCES.txt'
running build
running build_py
creating /home/jetson/ros2_ws/build/jetson/build
creating /home/jetson/ros2_ws/build/jetson/build/lib
creating /home/jetson/ros2_ws/build/jetson/build/lib/jetson
copying jetson/__init__.py -> /home/jetson/ros2_ws/build/jetson/build/lib/jetson
copying jetson/ssubscriber.py -> /home/jetson/ros2_ws/build/jetson/build/lib/jetson
running install
/home/jetson/.local/lib/python3.8/site-packages/setuptools/command/install.py:34: SetuptoolsDeprecationWarning: setup.py install is deprecated. Use build and pip and other standards-based tools.
  warnings.warn(
running install_lib
creating /home/jetson/ros2_ws/install/jetson/lib/python3.8/site-packages/jetson
copying /home/jetson/ros2_ws/build/jetson/build/lib/jetson/__init__.py -> /home/jetson/ros2_ws/install/jetson/lib/python3.8/site-packages/jetson
copying /home/jetson/ros2_ws/build/jetson/build/lib/jetson/ssubscriber.py -> /home/jetson/ros2_ws/install/jetson/lib/python3.8/site-packages/jetson
byte-compiling /home/jetson/ros2_ws/install/jetson/lib/python3.8/site-packages/jetson/__init__.py to __init__.cpython-38.pyc
byte-compiling /home/jetson/ros2_ws/install/jetson/lib/python3.8/site-packages/jetson/ssubscriber.py to ssubscriber.cpython-38.pyc
running install_data
creating /home/jetson/ros2_ws/install/jetson/share/ament_index
creating /home/jetson/ros2_ws/install/jetson/share/ament_index/resource_index
creating /home/jetson/ros2_ws/install/jetson/share/ament_index/resource_index/packages
copying resource/jetson -> /home/jetson/ros2_ws/install/jetson/share/ament_index/resource_index/packages
copying package.xml -> /home/jetson/ros2_ws/install/jetson/share/jetson
copying launch/x_launch.py -> /home/jetson/ros2_ws/install/jetson/share/jetson
copying launch/launch.py -> /home/jetson/ros2_ws/install/jetson/share/jetson
running install_egg_info
Copying ../../build/jetson/jetson.egg-info to /home/jetson/ros2_ws/install/jetson/lib/python3.8/site-packages/jetson-0.0.0-py3.8.egg-info
running install_scripts
Installing listener script to /home/jetson/ros2_ws/install/jetson/lib/jetson
writing list of installed files to '/home/jetson/ros2_ws/build/jetson/install.log'
