[15.581s] Invoking command in '/home/jetson/ros2_ws/src/kalman_filter_jetracer': PYTHONPATH=/home/jetson/ros2_ws/build/kalman_filter_jetracer/prefix_override:/home/jetson/ros2_ws/install/kalman_filter_jetracer/lib/python3.8/site-packages:${PYTHONPATH} /usr/bin/python3 setup.py egg_info --egg-base ../../build/kalman_filter_jetracer build --build-base /home/jetson/ros2_ws/build/kalman_filter_jetracer/build install --record /home/jetson/ros2_ws/build/kalman_filter_jetracer/install.log --single-version-externally-managed
[18.921s] running egg_info
[19.408s] writing ../../build/kalman_filter_jetracer/kalman_filter_jetracer.egg-info/PKG-INFO
[19.410s] writing dependency_links to ../../build/kalman_filter_jetracer/kalman_filter_jetracer.egg-info/dependency_links.txt
[19.412s] writing entry points to ../../build/kalman_filter_jetracer/kalman_filter_jetracer.egg-info/entry_points.txt
[19.414s] writing requirements to ../../build/kalman_filter_jetracer/kalman_filter_jetracer.egg-info/requires.txt
[19.416s] writing top-level names to ../../build/kalman_filter_jetracer/kalman_filter_jetracer.egg-info/top_level.txt
[19.751s] reading manifest file '../../build/kalman_filter_jetracer/kalman_filter_jetracer.egg-info/SOURCES.txt'
[19.759s] writing manifest file '../../build/kalman_filter_jetracer/kalman_filter_jetracer.egg-info/SOURCES.txt'
[19.772s] running build
[19.773s] running build_py
[19.774s] copying kalman_filter_jetracer/kalman_filter.py -> /home/jetson/ros2_ws/build/kalman_filter_jetracer/build/lib/kalman_filter_jetracer
[19.774s] running install
[19.775s] /home/jetson/.local/lib/python3.8/site-packages/setuptools/command/install.py:34: SetuptoolsDeprecationWarning: setup.py install is deprecated. Use build and pip and other standards-based tools.
[19.776s]   warnings.warn(
[19.805s] running install_lib
[20.043s] copying /home/jetson/ros2_ws/build/kalman_filter_jetracer/build/lib/kalman_filter_jetracer/kalman_filter.py -> /home/jetson/ros2_ws/install/kalman_filter_jetracer/lib/python3.8/site-packages/kalman_filter_jetracer
[20.046s] byte-compiling /home/jetson/ros2_ws/install/kalman_filter_jetracer/lib/python3.8/site-packages/kalman_filter_jetracer/kalman_filter.py to kalman_filter.cpython-38.pyc
[20.049s] running install_data
[20.196s] running install_egg_info
[20.326s] removing '/home/jetson/ros2_ws/install/kalman_filter_jetracer/lib/python3.8/site-packages/kalman_filter_jetracer-0.0.0-py3.8.egg-info' (and everything under it)
[20.328s] Copying ../../build/kalman_filter_jetracer/kalman_filter_jetracer.egg-info to /home/jetson/ros2_ws/install/kalman_filter_jetracer/lib/python3.8/site-packages/kalman_filter_jetracer-0.0.0-py3.8.egg-info
[20.341s] running install_scripts
[21.103s] Installing kalman script to /home/jetson/ros2_ws/install/kalman_filter_jetracer/lib/kalman_filter_jetracer
[21.104s] writing list of installed files to '/home/jetson/ros2_ws/build/kalman_filter_jetracer/install.log'
[21.579s] Invoked command in '/home/jetson/ros2_ws/src/kalman_filter_jetracer' returned '0': PYTHONPATH=/home/jetson/ros2_ws/build/kalman_filter_jetracer/prefix_override:/home/jetson/ros2_ws/install/kalman_filter_jetracer/lib/python3.8/site-packages:${PYTHONPATH} /usr/bin/python3 setup.py egg_info --egg-base ../../build/kalman_filter_jetracer build --build-base /home/jetson/ros2_ws/build/kalman_filter_jetracer/build install --record /home/jetson/ros2_ws/build/kalman_filter_jetracer/install.log --single-version-externally-managed
