[1.727s] Invoking command in '/home/jetson/ros2_ws/build/bluespace_ai_xsens_mti_driver': CMAKE_PREFIX_PATH=${CMAKE_PREFIX_PATH}:/home/jetson/ros2_ws/install/test_jetson:/home/jetson/ros2_ws/install/kalman_filter_jetracer:/home/jetson/ros2_ws/install/jetson:/home/jetson/ros2_ws/install/jetracer_description:/opt/ros/galactic /usr/bin/cmake --build /home/jetson/ros2_ws/build/bluespace_ai_xsens_mti_driver -- -j4 -l4
[9.275s] [100%] Built target xsens_mti_node
[9.279s] Invoked command in '/home/jetson/ros2_ws/build/bluespace_ai_xsens_mti_driver' returned '0': CMAKE_PREFIX_PATH=${CMAKE_PREFIX_PATH}:/home/jetson/ros2_ws/install/test_jetson:/home/jetson/ros2_ws/install/kalman_filter_jetracer:/home/jetson/ros2_ws/install/jetson:/home/jetson/ros2_ws/install/jetracer_description:/opt/ros/galactic /usr/bin/cmake --build /home/jetson/ros2_ws/build/bluespace_ai_xsens_mti_driver -- -j4 -l4
[9.596s] Invoking command in '/home/jetson/ros2_ws/build/bluespace_ai_xsens_mti_driver': CMAKE_PREFIX_PATH=${CMAKE_PREFIX_PATH}:/home/jetson/ros2_ws/install/test_jetson:/home/jetson/ros2_ws/install/kalman_filter_jetracer:/home/jetson/ros2_ws/install/jetson:/home/jetson/ros2_ws/install/jetracer_description:/opt/ros/galactic /usr/bin/cmake --install /home/jetson/ros2_ws/build/bluespace_ai_xsens_mti_driver
[9.702s] -- Install configuration: ""
[9.708s] -- Up-to-date: /home/jetson/ros2_ws/install/bluespace_ai_xsens_mti_driver/lib/bluespace_ai_xsens_mti_driver/xsens_mti_node
[9.710s] -- Up-to-date: /home/jetson/ros2_ws/install/bluespace_ai_xsens_mti_driver/share/bluespace_ai_xsens_mti_driver/launch
[9.712s] -- Up-to-date: /home/jetson/ros2_ws/install/bluespace_ai_xsens_mti_driver/share/bluespace_ai_xsens_mti_driver/launch/display.launch.py
[9.713s] -- Up-to-date: /home/jetson/ros2_ws/install/bluespace_ai_xsens_mti_driver/share/bluespace_ai_xsens_mti_driver/launch/xsens_mti_node.launch.py
[9.713s] -- Up-to-date: /home/jetson/ros2_ws/install/bluespace_ai_xsens_mti_driver/share/bluespace_ai_xsens_mti_driver/param
[9.714s] -- Up-to-date: /home/jetson/ros2_ws/install/bluespace_ai_xsens_mti_driver/share/bluespace_ai_xsens_mti_driver/param/xsens_mti_node.yaml
[9.714s] -- Up-to-date: /home/jetson/ros2_ws/install/bluespace_ai_xsens_mti_driver/share/bluespace_ai_xsens_mti_driver/rviz
[9.719s] -- Up-to-date: /home/jetson/ros2_ws/install/bluespace_ai_xsens_mti_driver/share/bluespace_ai_xsens_mti_driver/rviz/display.rviz
[9.722s] -- Up-to-date: /home/jetson/ros2_ws/install/bluespace_ai_xsens_mti_driver/share/bluespace_ai_xsens_mti_driver/urdf
[9.722s] -- Up-to-date: /home/jetson/ros2_ws/install/bluespace_ai_xsens_mti_driver/share/bluespace_ai_xsens_mti_driver/urdf/MTi_10.stl
[9.723s] -- Up-to-date: /home/jetson/ros2_ws/install/bluespace_ai_xsens_mti_driver/share/bluespace_ai_xsens_mti_driver/urdf/MTi_1.stl
[9.724s] -- Up-to-date: /home/jetson/ros2_ws/install/bluespace_ai_xsens_mti_driver/share/bluespace_ai_xsens_mti_driver/urdf/MTi_10.urdf
[9.725s] -- Up-to-date: /home/jetson/ros2_ws/install/bluespace_ai_xsens_mti_driver/share/bluespace_ai_xsens_mti_driver/urdf/MTi_6xx.stl
[9.725s] -- Up-to-date: /home/jetson/ros2_ws/install/bluespace_ai_xsens_mti_driver/share/bluespace_ai_xsens_mti_driver/urdf/MTi_6xx.urdf
[9.726s] -- Up-to-date: /home/jetson/ros2_ws/install/bluespace_ai_xsens_mti_driver/share/bluespace_ai_xsens_mti_driver/urdf/MTi_1.urdf
[9.727s] -- Up-to-date: /home/jetson/ros2_ws/install/bluespace_ai_xsens_mti_driver/share/ament_index/resource_index/package_run_dependencies/bluespace_ai_xsens_mti_driver
[9.727s] -- Up-to-date: /home/jetson/ros2_ws/install/bluespace_ai_xsens_mti_driver/share/ament_index/resource_index/parent_prefix_path/bluespace_ai_xsens_mti_driver
[9.728s] -- Up-to-date: /home/jetson/ros2_ws/install/bluespace_ai_xsens_mti_driver/share/bluespace_ai_xsens_mti_driver/environment/ament_prefix_path.sh
[9.742s] -- Up-to-date: /home/jetson/ros2_ws/install/bluespace_ai_xsens_mti_driver/share/bluespace_ai_xsens_mti_driver/environment/ament_prefix_path.dsv
[9.744s] -- Up-to-date: /home/jetson/ros2_ws/install/bluespace_ai_xsens_mti_driver/share/bluespace_ai_xsens_mti_driver/environment/path.sh
[9.746s] -- Up-to-date: /home/jetson/ros2_ws/install/bluespace_ai_xsens_mti_driver/share/bluespace_ai_xsens_mti_driver/environment/path.dsv
[9.747s] -- Up-to-date: /home/jetson/ros2_ws/install/bluespace_ai_xsens_mti_driver/share/bluespace_ai_xsens_mti_driver/local_setup.bash
[9.748s] -- Up-to-date: /home/jetson/ros2_ws/install/bluespace_ai_xsens_mti_driver/share/bluespace_ai_xsens_mti_driver/local_setup.sh
[9.749s] -- Up-to-date: /home/jetson/ros2_ws/install/bluespace_ai_xsens_mti_driver/share/bluespace_ai_xsens_mti_driver/local_setup.zsh
[9.750s] -- Up-to-date: /home/jetson/ros2_ws/install/bluespace_ai_xsens_mti_driver/share/bluespace_ai_xsens_mti_driver/local_setup.dsv
[9.752s] -- Installing: /home/jetson/ros2_ws/install/bluespace_ai_xsens_mti_driver/share/bluespace_ai_xsens_mti_driver/package.dsv
[9.753s] -- Up-to-date: /home/jetson/ros2_ws/install/bluespace_ai_xsens_mti_driver/share/ament_index/resource_index/packages/bluespace_ai_xsens_mti_driver
[9.754s] -- Up-to-date: /home/jetson/ros2_ws/install/bluespace_ai_xsens_mti_driver/share/bluespace_ai_xsens_mti_driver/cmake/bluespace_ai_xsens_mti_driverConfig.cmake
[9.755s] -- Up-to-date: /home/jetson/ros2_ws/install/bluespace_ai_xsens_mti_driver/share/bluespace_ai_xsens_mti_driver/cmake/bluespace_ai_xsens_mti_driverConfig-version.cmake
[9.756s] -- Up-to-date: /home/jetson/ros2_ws/install/bluespace_ai_xsens_mti_driver/share/bluespace_ai_xsens_mti_driver/package.xml
[9.758s] Invoked command in '/home/jetson/ros2_ws/build/bluespace_ai_xsens_mti_driver' returned '0': CMAKE_PREFIX_PATH=${CMAKE_PREFIX_PATH}:/home/jetson/ros2_ws/install/test_jetson:/home/jetson/ros2_ws/install/kalman_filter_jetracer:/home/jetson/ros2_ws/install/jetson:/home/jetson/ros2_ws/install/jetracer_description:/opt/ros/galactic /usr/bin/cmake --install /home/jetson/ros2_ws/build/bluespace_ai_xsens_mti_driver
