[14.015s] Invoking command in '/home/jetson/ros2_ws/src/kalman_filter_jetracer': PYTHONPATH=/home/jetson/ros2_ws/build/kalman_filter_jetracer/prefix_override:/home/jetson/ros2_ws/install/kalman_filter_jetracer/lib/python3.8/site-packages:${PYTHONPATH} /usr/bin/python3 setup.py egg_info --egg-base ../../build/kalman_filter_jetracer build --build-base /home/jetson/ros2_ws/build/kalman_filter_jetracer/build install --record /home/jetson/ros2_ws/build/kalman_filter_jetracer/install.log --single-version-externally-managed
[17.971s] running egg_info
[18.251s] writing ../../build/kalman_filter_jetracer/kalman_filter_jetracer.egg-info/PKG-INFO
[18.253s] writing dependency_links to ../../build/kalman_filter_jetracer/kalman_filter_jetracer.egg-info/dependency_links.txt
[18.253s] writing entry points to ../../build/kalman_filter_jetracer/kalman_filter_jetracer.egg-info/entry_points.txt
[18.254s] writing requirements to ../../build/kalman_filter_jetracer/kalman_filter_jetracer.egg-info/requires.txt
[18.254s] writing top-level names to ../../build/kalman_filter_jetracer/kalman_filter_jetracer.egg-info/top_level.txt
[18.695s] reading manifest file '../../build/kalman_filter_jetracer/kalman_filter_jetracer.egg-info/SOURCES.txt'
[18.716s] writing manifest file '../../build/kalman_filter_jetracer/kalman_filter_jetracer.egg-info/SOURCES.txt'
[18.717s] running build
[18.717s] running build_py
[18.719s] copying kalman_filter_jetracer/kalman_filter.py -> /home/jetson/ros2_ws/build/kalman_filter_jetracer/build/lib/kalman_filter_jetracer
[18.719s] running install
[18.720s] /home/jetson/.local/lib/python3.8/site-packages/setuptools/command/install.py:34: SetuptoolsDeprecationWarning: setup.py install is deprecated. Use build and pip and other standards-based tools.
[18.721s]   warnings.warn(
[18.768s] running install_lib
[19.026s] copying /home/jetson/ros2_ws/build/kalman_filter_jetracer/build/lib/kalman_filter_jetracer/kalman_filter.py -> /home/jetson/ros2_ws/install/kalman_filter_jetracer/lib/python3.8/site-packages/kalman_filter_jetracer
[19.028s] byte-compiling /home/jetson/ros2_ws/install/kalman_filter_jetracer/lib/python3.8/site-packages/kalman_filter_jetracer/kalman_filter.py to kalman_filter.cpython-38.pyc
[19.040s] running install_data
[19.260s] running install_egg_info
[19.466s] removing '/home/jetson/ros2_ws/install/kalman_filter_jetracer/lib/python3.8/site-packages/kalman_filter_jetracer-0.0.0-py3.8.egg-info' (and everything under it)
[19.467s] Copying ../../build/kalman_filter_jetracer/kalman_filter_jetracer.egg-info to /home/jetson/ros2_ws/install/kalman_filter_jetracer/lib/python3.8/site-packages/kalman_filter_jetracer-0.0.0-py3.8.egg-info
[19.473s] running install_scripts
[20.249s] Installing kalman script to /home/jetson/ros2_ws/install/kalman_filter_jetracer/lib/kalman_filter_jetracer
[20.252s] writing list of installed files to '/home/jetson/ros2_ws/build/kalman_filter_jetracer/install.log'
[20.505s] Invoked command in '/home/jetson/ros2_ws/src/kalman_filter_jetracer' returned '0': PYTHONPATH=/home/jetson/ros2_ws/build/kalman_filter_jetracer/prefix_override:/home/jetson/ros2_ws/install/kalman_filter_jetracer/lib/python3.8/site-packages:${PYTHONPATH} /usr/bin/python3 setup.py egg_info --egg-base ../../build/kalman_filter_jetracer build --build-base /home/jetson/ros2_ws/build/kalman_filter_jetracer/build install --record /home/jetson/ros2_ws/build/kalman_filter_jetracer/install.log --single-version-externally-managed
