[21.380s] Invoking command in '/home/jetson/ros2_ws/src/jetson': PYTHONPATH=/home/jetson/ros2_ws/build/jetson/prefix_override:/home/jetson/ros2_ws/install/jetson/lib/python3.8/site-packages:${PYTHONPATH} /usr/bin/python3 setup.py egg_info --egg-base ../../build/jetson build --build-base /home/jetson/ros2_ws/build/jetson/build install --record /home/jetson/ros2_ws/build/jetson/install.log --single-version-externally-managed
[27.020s] running egg_info
[27.508s] writing ../../build/jetson/jetson.egg-info/PKG-INFO
[27.537s] writing dependency_links to ../../build/jetson/jetson.egg-info/dependency_links.txt
[27.538s] writing entry points to ../../build/jetson/jetson.egg-info/entry_points.txt
[27.539s] writing requirements to ../../build/jetson/jetson.egg-info/requires.txt
[27.540s] writing top-level names to ../../build/jetson/jetson.egg-info/top_level.txt
[28.117s] reading manifest file '../../build/jetson/jetson.egg-info/SOURCES.txt'
[28.128s] writing manifest file '../../build/jetson/jetson.egg-info/SOURCES.txt'
[28.129s] running build
[28.131s] running build_py
[28.134s] running install
[28.136s] /home/jetson/.local/lib/python3.8/site-packages/setuptools/command/install.py:34: SetuptoolsDeprecationWarning: setup.py install is deprecated. Use build and pip and other standards-based tools.
[28.136s]   warnings.warn(
[28.172s] running install_lib
[28.359s] running install_data
[28.682s] running install_egg_info
[28.897s] removing '/home/jetson/ros2_ws/install/jetson/lib/python3.8/site-packages/jetson-0.0.0-py3.8.egg-info' (and everything under it)
[28.900s] Copying ../../build/jetson/jetson.egg-info to /home/jetson/ros2_ws/install/jetson/lib/python3.8/site-packages/jetson-0.0.0-py3.8.egg-info
[28.909s] running install_scripts
[29.825s] Installing listener script to /home/jetson/ros2_ws/install/jetson/lib/jetson
[29.827s] Installing x_sensv2 script to /home/jetson/ros2_ws/install/jetson/lib/jetson
[29.830s] writing list of installed files to '/home/jetson/ros2_ws/build/jetson/install.log'
[31.244s] Invoked command in '/home/jetson/ros2_ws/src/jetson' returned '0': PYTHONPATH=/home/jetson/ros2_ws/build/jetson/prefix_override:/home/jetson/ros2_ws/install/jetson/lib/python3.8/site-packages:${PYTHONPATH} /usr/bin/python3 setup.py egg_info --egg-base ../../build/jetson build --build-base /home/jetson/ros2_ws/build/jetson/build install --record /home/jetson/ros2_ws/build/jetson/install.log --single-version-externally-managed
